[GPU 1] Chunk 0/7 — 100 images (0→99)
[GPU 1] Chargement SD3-medium sur cuda:0 (visible=1) …
Loading pipeline components...:   0%|          | 0/9 [00:00<?, ?it/s]`torch_dtype` is deprecated! Use `dtype` instead!
Loading pipeline components...:  11%|█         | 1/9 [00:00<00:01,  4.03it/s]
Loading checkpoint shards:   0%|          | 0/2 [00:00<?, ?it/s][A
Loading checkpoint shards:  50%|█████     | 1/2 [00:00<00:00,  4.89it/s][A
Loading checkpoint shards: 100%|██████████| 2/2 [00:00<00:00,  5.57it/s][ALoading checkpoint shards: 100%|██████████| 2/2 [00:00<00:00,  5.45it/s]
Loading pipeline components...:  22%|██▏       | 2/9 [00:00<00:02,  3.00it/s]Loading pipeline components...:  44%|████▍     | 4/9 [00:00<00:00,  5.24it/s]You set `add_prefix_space`. The tokenizer needs to be converted from the slow tokenizers
Loading pipeline components...:  56%|█████▌    | 5/9 [00:01<00:00,  5.51it/s]Loading pipeline components...: 100%|██████████| 9/9 [00:01<00:00, 11.76it/s]Loading pipeline components...: 100%|██████████| 9/9 [00:01<00:00,  7.92it/s]
/shared/ssd_14T/home/ahmadou/miniconda3/envs/pytorch_env/lib/python3.10/site-packages/torchvision/models/_utils.py:208: UserWarning: The parameter 'pretrained' is deprecated since 0.13 and may be removed in the future, please use 'weights' instead.
  warnings.warn(
/shared/ssd_14T/home/ahmadou/miniconda3/envs/pytorch_env/lib/python3.10/site-packages/torchvision/models/_utils.py:223: UserWarning: Arguments other than a weight enum or `None` for 'weights' are deprecated since 0.13 and may be removed in the future. The current behavior is equivalent to passing `weights=VGG16_Weights.IMAGENET1K_V1`. You can also use `weights=VGG16_Weights.DEFAULT` to get the most up-to-date weights.
  warnings.warn(msg)
Setting up [LPIPS] perceptual loss: trunk [vgg], v[0.1], spatial [off]
Loading model from: /shared/ssd_14T/home/ahmadou/miniconda3/envs/pytorch_env/lib/python3.10/site-packages/lpips/weights/v0.1/vgg.pth

[GPU 1] [1/100]  000000000000  (0_random_140)
  Strategy               |     λ | CLIP-W | CLIP-I |  PSNR |  SSIM |  LPIPS |    MSE |     SD
  -----------------------+--------+--------+--------+--------+--------+--------+--------+--------+-
  Baseline               |  13.5 |  31.67 |  0.871 | 21.61 | 88.54 |  149.6 |   69.0 |  213.1
  Exp_Forward_Gate       |  12.5 |  32.41 |  0.895 | 22.92 | 90.90 |  125.5 |   51.0 |  191.9
  Exp_Forward            |  13.8 |  31.06 |  0.884 | 22.47 | 90.71 |  130.3 |   56.6 |  191.6
  Exp_Reverse_Gate       |  15.5 |  30.39 |  0.850 | 20.47 | 84.69 |  184.0 |   89.8 |  246.3
  Exp_Boost              |  12.3 |  32.00 |  0.902 | 23.91 | 92.70 |  109.9 |   40.6 |  175.9
  TwoPhase               |  12.6 |  31.91 |  0.897 | 22.64 | 91.07 |  123.1 |   54.4 |  183.1
  Entropy                |  12.5 |  32.32 |  0.880 | 23.11 | 92.04 |  111.7 |   48.9 |  177.4
  Locality               |  12.5 |  31.35 |  0.900 | 23.21 | 91.99 |  108.6 |   47.7 |  175.6
  Dual                   |   3.1 |  23.35 |  0.992 | 32.44 | 98.26 |   36.5 |    5.7 |   97.8
  Quantile               |  11.8 |  29.98 |  0.930 | 23.88 | 92.14 |  134.3 |   40.9 |  196.3
  Budget_Matched         |  12.9 |  32.02 |  0.885 | 22.80 | 90.66 |  122.4 |   52.5 |  188.3
  → image traitée en 150s (14s/stratégie)

[GPU 1] [2/100]  000000000001  (0_random_140)
  Strategy               |     λ | CLIP-W | CLIP-I |  PSNR |  SSIM |  LPIPS |    MSE |     SD
  -----------------------+--------+--------+--------+--------+--------+--------+--------+--------+-
  Baseline               |  13.5 |  26.93 |  0.956 | 24.05 | 88.10 |  219.1 |   39.3 |  208.5
  Exp_Forward_Gate       |  12.7 |  25.86 |  0.960 | 24.86 | 89.53 |  204.2 |   32.6 |  197.3
  Exp_Forward            |  13.9 |  25.71 |  0.960 | 24.67 | 88.80 |  217.8 |   34.1 |  208.3
  Exp_Reverse_Gate       |  15.1 |  25.98 |  0.957 | 23.24 | 86.43 |  235.1 |   47.4 |  226.8
  Exp_Boost              |  12.6 |  25.93 |  0.969 | 25.42 | 89.80 |  200.2 |   28.7 |  195.8
  TwoPhase               |  12.9 |  25.28 |  0.971 | 25.14 | 89.87 |  197.4 |   30.6 |  197.8
  Entropy                |  12.7 |  26.28 |  0.962 | 25.02 | 89.58 |  201.4 |   31.5 |  201.0
  Locality               |  12.7 |  26.60 |  0.959 | 24.91 | 89.47 |  205.2 |   32.3 |  202.6
  Dual                   |   3.1 |  24.11 |  0.990 | 32.38 | 97.29 |   70.9 |    5.8 |  107.3
  Quantile               |  12.8 |  25.13 |  0.975 | 26.21 | 90.48 |  210.5 |   24.0 |  205.1
  Budget_Matched         |  13.0 |  26.31 |  0.962 | 24.44 | 88.72 |  210.8 |   36.0 |  206.9
  → image traitée en 155s (14s/stratégie)

[GPU 1] [3/100]  000000000002  (0_random_140)
  Strategy               |     λ | CLIP-W | CLIP-I |  PSNR |  SSIM |  LPIPS |    MSE |     SD
  -----------------------+--------+--------+--------+--------+--------+--------+--------+--------+-
  Baseline               |  13.5 |  26.09 |  0.867 | 19.84 | 79.53 |  297.3 |  103.8 |  305.7
  Exp_Forward_Gate       |  12.3 |  25.51 |  0.871 | 20.88 | 81.37 |  280.2 |   81.7 |  292.7
  Exp_Forward            |  14.0 |  25.09 |  0.881 | 20.03 | 80.37 |  294.0 |   99.2 |  301.9
  Exp_Reverse_Gate       |  16.8 |  27.32 |  0.854 | 18.22 | 73.28 |  355.6 |  150.8 |  353.9
  Exp_Boost              |  12.1 |  26.96 |  0.874 | 21.46 | 84.31 |  251.7 |   71.4 |  274.5
  TwoPhase               |  12.5 |  25.27 |  0.860 | 21.14 | 83.22 |  264.0 |   76.9 |  283.5
  Entropy                |  12.3 |  26.81 |  0.879 | 21.09 | 83.12 |  264.5 |   77.8 |  281.6
  Locality               |  12.3 |  26.05 |  0.880 | 20.76 | 81.80 |  272.6 |   84.0 |  283.2
  Dual                   |   3.4 |  25.02 |  0.895 | 27.26 | 94.22 |  122.1 |   18.8 |  174.0
  Quantile               |  12.4 |  26.33 |  0.862 | 19.75 | 81.14 |  297.6 |  105.9 |  303.2
  Budget_Matched         |  12.7 |  26.04 |  0.859 | 20.10 | 79.47 |  301.6 |   97.7 |  304.8
  → image traitée en 156s (14s/stratégie)

[GPU 1] [4/100]  000000000003  (0_random_140)
  Strategy               |     λ | CLIP-W | CLIP-I |  PSNR |  SSIM |  LPIPS |    MSE |     SD
  -----------------------+--------+--------+--------+--------+--------+--------+--------+--------+-
  Baseline               |  13.5 |  29.91 |  0.870 | 19.11 | 75.68 |  275.5 |  122.7 |  258.7
  Exp_Forward_Gate       |  12.3 |  28.25 |  0.876 | 20.99 | 80.18 |  253.4 |   79.6 |  239.8
  Exp_Forward            |  13.9 |  28.51 |  0.882 | 19.90 | 78.14 |  265.4 |  102.3 |  250.4
  Exp_Reverse_Gate       |  16.7 |  28.85 |  0.875 | 18.57 | 71.13 |  327.3 |  139.0 |  294.2
  Exp_Boost              |  11.9 |  27.93 |  0.871 | 21.26 | 81.38 |  240.8 |   74.8 |  231.1
  TwoPhase               |  12.4 |  28.02 |  0.866 | 20.77 | 80.07 |  253.1 |   83.8 |  240.1
  Entropy                |  12.1 |  27.54 |  0.869 | 20.39 | 79.44 |  254.4 |   91.5 |  247.4
  Locality               |  12.1 |  29.47 |  0.869 | 20.03 | 78.54 |  267.5 |   99.3 |  244.0
  Dual                   |   3.2 |  30.43 |  0.922 | 29.23 | 95.24 |   91.2 |   11.9 |  124.1
  Quantile               |  11.8 |  29.15 |  0.851 | 19.99 | 78.46 |  284.3 |  100.3 |  259.1
  Budget_Matched         |  12.6 |  28.29 |  0.859 | 20.22 | 78.51 |  265.1 |   95.2 |  248.0
  → image traitée en 156s (14s/stratégie)

[GPU 1] [5/100]  000000000004  (0_random_140)
  Strategy               |     λ | CLIP-W | CLIP-I |  PSNR |  SSIM |  LPIPS |    MSE |     SD
  -----------------------+--------+--------+--------+--------+--------+--------+--------+--------+-
  Baseline               |  13.5 |  33.45 |  0.675 | 18.81 | 73.91 |  347.2 |  131.6 |  281.2
  Exp_Forward_Gate       |  12.4 |  30.34 |  0.668 | 20.16 | 77.51 |  313.6 |   96.3 |  266.0
  Exp_Forward            |  14.2 |  31.66 |  0.632 | 19.99 | 75.29 |  361.6 |  100.3 |  287.0
  Exp_Reverse_Gate       |  17.3 |  30.90 |  0.649 | 17.13 | 63.63 |  451.8 |  193.7 |  343.5
  Exp_Boost              |  12.5 |  32.78 |  0.683 | 20.08 | 76.57 |  341.0 |   98.3 |  281.9
  TwoPhase               |  12.6 |  31.22 |  0.661 | 20.41 | 77.31 |  325.5 |   90.9 |  276.8
  Entropy                |  12.3 |  32.24 |  0.696 | 19.77 | 76.19 |  335.4 |  105.5 |  276.7
  Locality               |  12.4 |  30.58 |  0.651 | 19.65 | 75.98 |  332.9 |  108.5 |  276.4
  Dual                   |   3.2 |  24.85 |  0.984 | 30.62 | 96.72 |   70.0 |    8.7 |  114.6
  Quantile               |  12.6 |  31.13 |  0.789 | 22.10 | 84.57 |  268.2 |   61.6 |  242.9
  Budget_Matched         |  12.6 |  30.53 |  0.660 | 18.57 | 73.18 |  344.0 |  139.1 |  286.2
  → image traitée en 156s (14s/stratégie)

[GPU 1] [6/100]  000000000005  (0_random_140)
  Strategy               |     λ | CLIP-W | CLIP-I |  PSNR |  SSIM |  LPIPS |    MSE |     SD
  -----------------------+--------+--------+--------+--------+--------+--------+--------+--------+-
  Baseline               |  13.5 |  19.44 |  0.860 | 20.31 | 83.84 |  227.9 |   93.1 |  237.9
  Exp_Forward_Gate       |  12.3 |  19.74 |  0.887 | 21.66 | 87.61 |  195.1 |   68.3 |  208.7
  Exp_Forward            |  13.9 |  18.90 |  0.865 | 20.77 | 85.27 |  216.1 |   83.7 |  228.1
  Exp_Reverse_Gate       |  16.8 |  21.92 |  0.866 | 18.78 | 80.36 |  260.1 |  132.4 |  265.1
  Exp_Boost              |  12.2 |  19.77 |  0.880 | 22.64 | 88.42 |  194.7 |   54.4 |  205.4
  TwoPhase               |  12.6 |  20.14 |  0.882 | 22.17 | 87.44 |  200.7 |   60.6 |  215.9
  Entropy                |  12.3 |  19.41 |  0.892 | 22.30 | 87.47 |  204.4 |   58.9 |  212.0
  Locality               |  12.4 |  19.62 |  0.890 | 22.45 | 88.04 |  193.0 |   56.9 |  209.9
  Dual                   |   3.2 |  18.23 |  0.987 | 31.39 | 96.74 |   79.8 |    7.3 |  125.5
  Quantile               |  12.8 |  21.12 |  0.902 | 21.45 | 88.20 |  205.0 |   71.7 |  217.1
  Budget_Matched         |  12.8 |  19.69 |  0.891 | 21.54 | 86.76 |  204.9 |   70.2 |  219.0
  → image traitée en 156s (14s/stratégie)

[GPU 1] [7/100]  000000000006  (0_random_140)
  Strategy               |     λ | CLIP-W | CLIP-I |  PSNR |  SSIM |  LPIPS |    MSE |     SD
  -----------------------+--------+--------+--------+--------+--------+--------+--------+--------+-
  Baseline               |  13.5 |  30.75 |  0.896 | 24.59 | 85.61 |  194.0 |   34.8 |  248.1
  Exp_Forward_Gate       |  12.9 |  24.86 |  0.873 | 25.76 | 88.01 |  181.0 |   26.6 |  238.8
  Exp_Forward            |  14.0 |  32.96 |  0.792 | 23.44 | 85.05 |  205.2 |   45.2 |  257.7
  Exp_Reverse_Gate       |  15.1 |  32.12 |  0.833 | 21.88 | 81.75 |  236.8 |   64.8 |  280.7
  Exp_Boost              |  12.8 |  32.59 |  0.798 | 24.33 | 87.53 |  188.7 |   36.9 |  241.4
  TwoPhase               |  13.1 |  31.29 |  0.813 | 24.60 | 87.06 |  188.2 |   34.7 |  243.4
  Entropy                |  13.0 |  32.87 |  0.785 | 24.72 | 87.27 |  190.2 |   33.8 |  241.0
  Locality               |  12.9 |  32.18 |  0.814 | 24.09 | 86.47 |  193.8 |   39.0 |  245.5
  Dual                   |   3.1 |  21.14 |  0.995 | 35.07 | 96.96 |   56.5 |    3.1 |  124.7
  Quantile               |  12.7 |  22.36 |  0.970 | 27.91 | 89.41 |  232.5 |   16.2 |  258.9
  Budget_Matched         |  13.1 |  32.73 |  0.834 | 24.28 | 87.04 |  194.8 |   37.3 |  246.0
  → image traitée en 156s (14s/stratégie)

[GPU 1] [8/100]  000000000007  (0_random_140)
  Strategy               |     λ | CLIP-W | CLIP-I |  PSNR |  SSIM |  LPIPS |    MSE |     SD
  -----------------------+--------+--------+--------+--------+--------+--------+--------+--------+-
  Baseline               |  13.5 |  28.15 |  0.931 | 22.07 | 86.42 |  163.0 |   62.1 |  165.8
  Exp_Forward_Gate       |  12.7 |  28.60 |  0.943 | 23.36 | 88.61 |  146.9 |   46.2 |  156.2
  Exp_Forward            |  13.8 |  28.40 |  0.935 | 22.20 | 86.74 |  160.7 |   60.3 |  167.3
  Exp_Reverse_Gate       |  15.3 |  28.25 |  0.929 | 21.32 | 84.75 |  179.8 |   73.7 |  185.2
  Exp_Boost              |  12.4 |  27.49 |  0.951 | 22.90 | 88.27 |  151.2 |   51.3 |  156.1
  TwoPhase               |  12.7 |  28.28 |  0.939 | 22.69 | 87.40 |  155.8 |   53.9 |  162.3
  Entropy                |  12.7 |  28.23 |  0.945 | 23.10 | 88.20 |  148.0 |   49.0 |  157.6
  Locality               |  12.6 |  28.13 |  0.943 | 22.60 | 87.21 |  161.1 |   55.0 |  163.9
  Dual                   |   3.1 |  26.65 |  0.983 | 30.71 | 95.62 |   74.2 |    8.5 |   98.5
  Quantile               |  12.2 |  27.65 |  0.964 | 24.42 | 89.03 |  161.1 |   36.2 |  171.9
  Budget_Matched         |  13.0 |  27.91 |  0.945 | 22.63 | 87.37 |  156.3 |   54.6 |  163.3
  → image traitée en 156s (14s/stratégie)

[GPU 1] [9/100]  000000000008  (0_random_140)
  Strategy               |     λ | CLIP-W | CLIP-I |  PSNR |  SSIM |  LPIPS |    MSE |     SD
  -----------------------+--------+--------+--------+--------+--------+--------+--------+--------+-
  Baseline               |  13.5 |  27.31 |  0.899 | 21.65 | 80.89 |  266.5 |   68.4 |  262.7
  Exp_Forward_Gate       |  12.5 |  26.68 |  0.911 | 22.21 | 83.13 |  243.4 |   60.1 |  247.3
  Exp_Forward            |  14.0 |  27.27 |  0.901 | 21.50 | 80.65 |  266.2 |   70.8 |  265.8
  Exp_Reverse_Gate       |  15.8 |  29.99 |  0.897 | 20.52 | 74.99 |  327.6 |   88.7 |  297.1
  Exp_Boost              |  12.4 |  27.48 |  0.910 | 22.69 | 83.99 |  243.1 |   53.8 |  243.0
  TwoPhase               |  12.7 |  27.44 |  0.903 | 22.24 | 82.68 |  258.9 |   59.7 |  254.6
Traceback (most recent call last):
  File "/shared/ssd_14T/home/ahmadou/FlowEdit/benchmark_parallel.py", line 535, in <module>
    main()
  File "/shared/ssd_14T/home/ahmadou/FlowEdit/benchmark_parallel.py", line 482, in main
    gen_img, lam_mean = pipe.edit(
  File "/shared/ssd_14T/home/ahmadou/miniconda3/envs/pytorch_env/lib/python3.10/site-packages/torch/utils/_contextlib.py", line 116, in decorate_context
    return func(*args, **kwargs)
  File "/shared/ssd_14T/home/ahmadou/FlowEdit/benchmark_parallel.py", line 406, in edit
    lam = get_lambda(
  File "/shared/ssd_14T/home/ahmadou/FlowEdit/benchmark_parallel.py", line 226, in get_lambda
    u_k   = 1.0 / (1.0 + math.exp(-((ent - med_e) / mad_e)))
OverflowError: math range error
