[GPU 2] Chunk 1/7 — 100 images (100→199)
[GPU 2] Chargement SD3-medium sur cuda:0 (visible=2) …
Loading pipeline components...:   0%|          | 0/9 [00:00<?, ?it/s]Loading pipeline components...:  11%|█         | 1/9 [00:00<00:01,  6.78it/s]You set `add_prefix_space`. The tokenizer needs to be converted from the slow tokenizers
Loading pipeline components...:  22%|██▏       | 2/9 [00:00<00:01,  6.39it/s]`torch_dtype` is deprecated! Use `dtype` instead!
Loading pipeline components...:  44%|████▍     | 4/9 [00:00<00:00,  8.51it/s]Loading pipeline components...:  56%|█████▌    | 5/9 [00:00<00:00,  6.10it/s]
Loading checkpoint shards:   0%|          | 0/2 [00:00<?, ?it/s][A
Loading checkpoint shards: 100%|██████████| 2/2 [00:00<00:00, 11.12it/s][ALoading checkpoint shards: 100%|██████████| 2/2 [00:00<00:00, 11.10it/s]
Loading pipeline components...:  89%|████████▉ | 8/9 [00:01<00:00,  8.09it/s]Loading pipeline components...: 100%|██████████| 9/9 [00:01<00:00,  8.59it/s]
/shared/ssd_14T/home/ahmadou/miniconda3/envs/pytorch_env/lib/python3.10/site-packages/torchvision/models/_utils.py:208: UserWarning: The parameter 'pretrained' is deprecated since 0.13 and may be removed in the future, please use 'weights' instead.
  warnings.warn(
/shared/ssd_14T/home/ahmadou/miniconda3/envs/pytorch_env/lib/python3.10/site-packages/torchvision/models/_utils.py:223: UserWarning: Arguments other than a weight enum or `None` for 'weights' are deprecated since 0.13 and may be removed in the future. The current behavior is equivalent to passing `weights=VGG16_Weights.IMAGENET1K_V1`. You can also use `weights=VGG16_Weights.DEFAULT` to get the most up-to-date weights.
  warnings.warn(msg)
Setting up [LPIPS] perceptual loss: trunk [vgg], v[0.1], spatial [off]
Loading model from: /shared/ssd_14T/home/ahmadou/miniconda3/envs/pytorch_env/lib/python3.10/site-packages/lpips/weights/v0.1/vgg.pth

[GPU 2] [1/100]  000000000100  (0_random_140)
  Strategy               |     λ | CLIP-W | CLIP-I |  PSNR |  SSIM |  LPIPS |    MSE |     SD
  -----------------------+--------+--------+--------+--------+--------+--------+--------+--------+-
  Baseline               |  13.5 |  29.01 |  0.944 | 24.91 | 93.40 |  155.9 |   32.3 |  250.3
  Exp_Forward_Gate       |  13.0 |  29.72 |  0.956 | 26.03 | 94.03 |  159.2 |   24.9 |  257.0
  Exp_Forward            |  13.9 |  29.08 |  0.951 | 25.13 | 93.25 |  169.9 |   30.7 |  258.9
  Exp_Reverse_Gate       |  14.6 |  28.89 |  0.944 | 24.66 | 92.47 |  161.9 |   34.2 |  253.7
  Exp_Boost              |  13.0 |  29.02 |  0.950 | 26.48 | 94.40 |  157.9 |   22.5 |  258.1
  TwoPhase               |  13.1 |  30.36 |  0.946 | 25.77 | 93.92 |  158.7 |   26.5 |  257.2
  Entropy                |  13.1 |  29.20 |  0.955 | 26.40 | 93.96 |  153.5 |   22.9 |  251.2
  Locality               |  13.0 |  28.88 |  0.938 | 25.98 | 93.84 |  158.1 |   25.2 |  254.6
  Dual                   |   3.2 |  27.98 |  0.986 | 36.61 | 98.50 |   60.6 |    2.2 |  185.5
  Quantile               |  12.4 |  29.52 |  0.920 | 26.83 | 93.57 |  192.6 |   20.7 |  290.8
  Budget_Matched         |  13.1 |  29.03 |  0.951 | 24.88 | 93.06 |  156.3 |   32.5 |  255.5
  → image traitée en 166s (15s/stratégie)

[GPU 2] [2/100]  000000000101  (0_random_140)
  Strategy               |     λ | CLIP-W | CLIP-I |  PSNR |  SSIM |  LPIPS |    MSE |     SD
  -----------------------+--------+--------+--------+--------+--------+--------+--------+--------+-
  Baseline               |  13.5 |  21.35 |  0.947 | 19.64 | 83.73 |  234.5 |  108.7 |  245.6
  Exp_Forward_Gate       |  12.1 |  21.34 |  0.965 | 20.51 | 85.49 |  228.3 |   89.0 |  238.5
  Exp_Forward            |  13.9 |  21.50 |  0.952 | 19.58 | 83.20 |  255.8 |  110.1 |  257.4
  Exp_Reverse_Gate       |  16.9 |  21.78 |  0.929 | 18.32 | 79.79 |  276.4 |  147.3 |  279.7
  Exp_Boost              |  11.8 |  21.08 |  0.964 | 21.21 | 86.93 |  220.8 |   75.7 |  236.2
  TwoPhase               |  12.4 |  21.42 |  0.963 | 20.83 | 86.15 |  227.4 |   82.6 |  237.8
  Entropy                |  12.2 |  20.91 |  0.959 | 20.51 | 85.60 |  229.2 |   89.0 |  240.7
  Locality               |  12.1 |  21.52 |  0.955 | 20.68 | 85.67 |  233.0 |   85.6 |  240.7
  Dual                   |   3.2 |  18.28 |  0.987 | 30.99 | 96.55 |   74.4 |    8.0 |  125.8
  Quantile               |  10.9 |  19.09 |  0.977 | 21.74 | 87.14 |  233.1 |   67.0 |  246.3
  Budget_Matched         |  12.6 |  21.26 |  0.957 | 20.06 | 84.28 |  233.4 |   98.6 |  242.7
  → image traitée en 175s (16s/stratégie)

[GPU 2] [3/100]  000000000102  (0_random_140)
  Strategy               |     λ | CLIP-W | CLIP-I |  PSNR |  SSIM |  LPIPS |    MSE |     SD
  -----------------------+--------+--------+--------+--------+--------+--------+--------+--------+-
  Baseline               |  13.5 |  22.64 |  0.938 | 24.08 | 89.64 |  188.6 |   39.1 |  245.5
  Exp_Forward_Gate       |  12.7 |  23.55 |  0.954 | 24.92 | 91.15 |  173.7 |   32.2 |  238.9
  Exp_Forward            |  13.9 |  24.94 |  0.934 | 24.52 | 90.59 |  181.7 |   35.3 |  242.0
  Exp_Reverse_Gate       |  15.4 |  25.24 |  0.888 | 22.96 | 87.88 |  210.8 |   50.5 |  261.1
  Exp_Boost              |  12.5 |  24.77 |  0.946 | 25.37 | 91.63 |  173.8 |   29.0 |  240.1
  TwoPhase               |  12.9 |  24.46 |  0.928 | 25.01 | 91.34 |  176.7 |   31.6 |  233.9
  Entropy                |  12.7 |  23.28 |  0.935 | 24.79 | 91.11 |  176.9 |   33.2 |  236.8
  Locality               |  12.6 |  24.06 |  0.930 | 24.33 | 90.22 |  186.8 |   36.9 |  246.6
  Dual                   |   3.1 |  20.03 |  0.983 | 34.72 | 98.56 |   47.0 |    3.4 |  131.6
  Quantile               |  12.8 |  24.32 |  0.918 | 24.13 | 90.07 |  208.3 |   38.6 |  284.6
  Budget_Matched         |  12.9 |  23.36 |  0.947 | 24.50 | 90.57 |  179.3 |   35.5 |  242.6
  → image traitée en 176s (16s/stratégie)

[GPU 2] [4/100]  000000000103  (0_random_140)
  Strategy               |     λ | CLIP-W | CLIP-I |  PSNR |  SSIM |  LPIPS |    MSE |     SD
  -----------------------+--------+--------+--------+--------+--------+--------+--------+--------+-
  Baseline               |  13.5 |  28.01 |  0.886 | 23.43 | 83.67 |  241.1 |   45.4 |  229.4
  Exp_Forward_Gate       |  12.7 |  27.18 |  0.893 | 24.78 | 87.79 |  192.2 |   33.2 |  192.4
  Exp_Forward            |  14.0 |  27.16 |  0.881 | 23.34 | 84.16 |  245.1 |   46.3 |  218.6
  Exp_Reverse_Gate       |  15.6 |  28.67 |  0.873 | 22.26 | 81.82 |  273.3 |   59.4 |  235.5
  Exp_Boost              |  12.6 |  28.44 |  0.903 | 25.11 | 87.66 |  190.2 |   30.9 |  193.8
  TwoPhase               |  12.9 |  27.39 |  0.881 | 25.00 | 87.46 |  206.3 |   31.6 |  200.3
  Entropy                |  12.7 |  27.20 |  0.909 | 25.11 | 87.90 |  201.1 |   30.8 |  192.9
  Locality               |  12.8 |  27.57 |  0.886 | 25.03 | 87.22 |  202.8 |   31.4 |  202.3
  Dual                   |   3.1 |  21.88 |  0.981 | 34.04 | 95.49 |   65.3 |    3.9 |   88.1
  Quantile               |  12.7 |  25.57 |  0.966 | 26.22 | 89.28 |  195.3 |   23.9 |  193.5
  Budget_Matched         |  13.0 |  28.15 |  0.904 | 24.19 | 86.88 |  206.0 |   38.1 |  198.7
  → image traitée en 176s (16s/stratégie)

[GPU 2] [5/100]  000000000104  (0_random_140)
  Strategy               |     λ | CLIP-W | CLIP-I |  PSNR |  SSIM |  LPIPS |    MSE |     SD
  -----------------------+--------+--------+--------+--------+--------+--------+--------+--------+-
  Baseline               |  13.5 |  30.18 |  0.834 | 20.94 | 84.17 |  246.1 |   80.6 |  236.2
  Exp_Forward_Gate       |  12.6 |  28.73 |  0.861 | 21.17 | 85.11 |  257.5 |   76.4 |  241.5
  Exp_Forward            |  14.1 |  29.65 |  0.828 | 20.75 | 83.24 |  263.1 |   84.1 |  246.4
  Exp_Reverse_Gate       |  16.3 |  31.28 |  0.783 | 18.33 | 76.05 |  335.9 |  147.0 |  281.8
  Exp_Boost              |  12.5 |  29.04 |  0.863 | 22.07 | 87.63 |  215.1 |   62.1 |  225.7
  TwoPhase               |  12.8 |  30.12 |  0.850 | 21.75 | 86.29 |  234.6 |   66.8 |  227.9
  Entropy                |  12.6 |  28.41 |  0.861 | 21.79 | 87.04 |  219.2 |   66.2 |  226.5
  Locality               |  12.5 |  29.82 |  0.849 | 20.73 | 84.29 |  246.9 |   84.5 |  235.9
  Dual                   |   3.1 |  17.57 |  0.992 | 32.70 | 98.33 |   56.0 |    5.4 |  106.7
  Quantile               |  12.1 |  23.54 |  0.949 | 24.96 | 92.01 |  203.6 |   31.9 |  214.3
  Budget_Matched         |  12.9 |  29.34 |  0.831 | 20.93 | 84.53 |  266.7 |   80.7 |  249.2
  → image traitée en 176s (16s/stratégie)

[GPU 2] [6/100]  000000000105  (0_random_140)
  Strategy               |     λ | CLIP-W | CLIP-I |  PSNR |  SSIM |  LPIPS |    MSE |     SD
  -----------------------+--------+--------+--------+--------+--------+--------+--------+--------+-
  Baseline               |  13.5 |  30.97 |  0.903 | 18.15 | 79.67 |  285.4 |  153.3 |  245.6
  Exp_Forward_Gate       |  12.6 |  30.26 |  0.930 | 19.37 | 83.60 |  254.6 |  115.7 |  226.0
  Exp_Forward            |  14.0 |  30.86 |  0.907 | 18.75 | 80.16 |  290.7 |  133.5 |  256.4
  Exp_Reverse_Gate       |  15.9 |  30.45 |  0.889 | 16.93 | 74.21 |  331.2 |  202.5 |  276.3
  Exp_Boost              |  12.7 |  28.19 |  0.893 | 19.98 | 83.81 |  262.8 |  100.5 |  238.3
  TwoPhase               |  12.8 |  30.63 |  0.911 | 19.29 | 83.16 |  257.9 |  117.8 |  233.2
  Entropy                |  12.6 |  30.26 |  0.920 | 19.26 | 82.61 |  268.0 |  118.5 |  241.3
  Locality               |  12.7 |  29.16 |  0.889 | 19.30 | 83.07 |  263.4 |  117.6 |  232.7
  Dual                   |   3.2 |  23.92 |  0.955 | 27.19 | 96.78 |  102.6 |   19.1 |  115.6
  Quantile               |  12.4 |  28.98 |  0.945 | 20.74 | 85.03 |  272.5 |   84.3 |  236.3
  Budget_Matched         |  12.9 |  30.26 |  0.919 | 19.26 | 82.35 |  271.4 |  118.7 |  243.3
  → image traitée en 176s (16s/stratégie)

[GPU 2] [7/100]  000000000106  (0_random_140)
  Strategy               |     λ | CLIP-W | CLIP-I |  PSNR |  SSIM |  LPIPS |    MSE |     SD
  -----------------------+--------+--------+--------+--------+--------+--------+--------+--------+-
  Baseline               |  13.5 |  22.07 |  0.980 | 21.84 | 87.46 |  233.7 |   65.5 |  252.9
  Exp_Forward_Gate       |  12.8 |  21.34 |  0.980 | 22.73 | 88.55 |  237.4 |   53.4 |  256.7
  Exp_Forward            |  14.2 |  21.09 |  0.977 | 21.46 | 85.70 |  282.6 |   71.5 |  279.9
  Exp_Reverse_Gate       |  15.7 |  22.74 |  0.953 | 19.96 | 83.08 |  299.2 |  101.0 |  282.9
  Exp_Boost              |  12.8 |  21.27 |  0.979 | 23.35 | 89.14 |  234.8 |   46.3 |  258.2
  TwoPhase               |  13.1 |  20.97 |  0.976 | 23.10 | 88.62 |  237.0 |   49.0 |  253.8
  Entropy                |  12.9 |  20.33 |  0.978 | 22.83 | 88.41 |  242.2 |   52.1 |  257.1
  Locality               |  12.8 |  21.65 |  0.984 | 22.32 | 88.04 |  244.3 |   58.6 |  260.2
  Dual                   |   3.3 |  22.43 |  0.993 | 31.20 | 97.72 |   61.2 |    7.6 |  135.5
  Quantile               |  12.0 |  21.35 |  0.936 | 25.56 | 90.55 |  240.7 |   27.8 |  269.7
  Budget_Matched         |  13.0 |  21.46 |  0.981 | 22.50 | 88.43 |  231.8 |   56.2 |  251.4
  → image traitée en 176s (16s/stratégie)

[GPU 2] [8/100]  000000000107  (0_random_140)
  Strategy               |     λ | CLIP-W | CLIP-I |  PSNR |  SSIM |  LPIPS |    MSE |     SD
  -----------------------+--------+--------+--------+--------+--------+--------+--------+--------+-
  Baseline               |  13.5 |  22.19 |  0.937 | 20.28 | 85.95 |  197.7 |   93.7 |  335.1
  Exp_Forward_Gate       |  12.6 |  22.13 |  0.935 | 21.41 | 88.11 |  184.9 |   72.3 |  328.3
  Exp_Forward            |  14.1 |  23.20 |  0.939 | 20.47 | 85.75 |  216.6 |   89.8 |  352.5
  Exp_Reverse_Gate       |  16.1 |  23.06 |  0.930 | 18.87 | 81.23 |  250.3 |  129.6 |  371.0
  Exp_Boost              |  12.7 |  22.73 |  0.953 | 22.56 | 89.42 |  188.2 |   55.5 |  331.9
  TwoPhase               |  12.9 |  21.90 |  0.950 | 21.42 | 88.12 |  190.2 |   72.1 |  335.4
  Entropy                |  12.6 |  22.96 |  0.956 | 22.27 | 89.36 |  164.0 |   59.3 |  316.8
  Locality               |  12.7 |  21.94 |  0.944 | 21.61 | 88.82 |  175.6 |   69.0 |  320.8
  Dual                   |   3.2 |  22.57 |  0.992 | 32.78 | 97.98 |   49.1 |    5.3 |  197.7
  Quantile               |  11.7 |  22.31 |  0.971 | 22.80 | 89.48 |  197.0 |   52.4 |  343.9
  Budget_Matched         |  12.9 |  22.30 |  0.946 | 20.76 | 86.82 |  196.8 |   83.9 |  334.1
  → image traitée en 176s (16s/stratégie)

[GPU 2] [9/100]  000000000108  (0_random_140)
  Strategy               |     λ | CLIP-W | CLIP-I |  PSNR |  SSIM |  LPIPS |    MSE |     SD
  -----------------------+--------+--------+--------+--------+--------+--------+--------+--------+-
  Baseline               |  13.5 |  29.15 |  0.693 | 21.29 | 80.96 |  328.3 |   74.2 |  342.3
  Exp_Forward_Gate       |  12.4 |  29.65 |  0.632 | 22.75 | 84.02 |  303.5 |   53.1 |  326.8
  Exp_Forward            |  14.1 |  29.82 |  0.637 | 21.78 | 80.78 |  341.6 |   66.4 |  346.6
  Exp_Reverse_Gate       |  16.7 |  28.56 |  0.585 | 19.61 | 75.30 |  383.6 |  109.3 |  372.7
  Exp_Boost              |  12.4 |  26.27 |  0.714 | 23.19 | 84.32 |  304.5 |   48.0 |  328.8
  TwoPhase               |  12.6 |  28.80 |  0.647 | 22.51 | 83.03 |  312.0 |   56.0 |  334.4
  Entropy                |  12.4 |  27.94 |  0.710 | 22.85 | 84.22 |  301.9 |   51.9 |  324.1
  Locality               |  12.4 |  27.44 |  0.729 | 23.09 | 84.67 |  294.5 |   49.0 |  323.7
  Dual                   |   3.2 |  15.86 |  0.981 | 34.70 | 97.75 |   83.0 |    3.4 |  168.7
  Quantile               |  11.9 |  23.79 |  0.751 | 24.78 | 87.66 |  281.4 |   33.2 |  309.3
  Budget_Matched         |  12.7 |  30.35 |  0.630 | 21.84 | 82.22 |  323.4 |   65.4 |  330.0
  → image traitée en 175s (16s/stratégie)

[GPU 2] [10/100]  000000000109  (0_random_140)
  Strategy               |     λ | CLIP-W | CLIP-I |  PSNR |  SSIM |  LPIPS |    MSE |     SD
  -----------------------+--------+--------+--------+--------+--------+--------+--------+--------+-
  Baseline               |  13.5 |  24.56 |  0.941 | 26.89 | 94.46 |  150.8 |   20.5 |  135.5
  Exp_Forward_Gate       |  13.1 |  24.40 |  0.944 | 27.76 | 95.19 |  135.2 |   16.7 |  125.3
  Exp_Forward            |  13.8 |  23.79 |  0.934 | 27.68 | 94.80 |  149.0 |   17.1 |  135.4
  Exp_Reverse_Gate       |  14.2 |  25.01 |  0.952 | 26.93 | 94.62 |  142.7 |   20.3 |  126.6
  Exp_Boost              |  13.0 |  25.08 |  0.944 | 27.25 | 94.47 |  159.6 |   18.8 |  139.2
  TwoPhase               |  13.1 |  23.69 |  0.938 | 26.82 | 94.50 |  152.3 |   20.8 |  136.6
  Entropy                |  13.1 |  25.86 |  0.941 | 27.45 | 94.45 |  156.6 |   18.0 |  138.7
  Locality               |  13.1 |  24.66 |  0.966 | 27.96 | 95.29 |  135.5 |   16.0 |  127.8
  Dual                   |   3.0 |  18.31 |  0.938 | 32.67 | 97.62 |   83.7 |    5.4 |   93.4
  Quantile               |  13.3 |  24.98 |  0.904 | 23.50 | 88.94 |  236.2 |   44.6 |  192.3
  Budget_Matched         |  13.2 |  25.11 |  0.943 | 27.02 | 94.89 |  143.6 |   19.9 |  128.1
  → image traitée en 176s (16s/stratégie)

[GPU 2] [11/100]  000000000110  (0_random_140)
  Strategy               |     λ | CLIP-W | CLIP-I |  PSNR |  SSIM |  LPIPS |    MSE |     SD
  -----------------------+--------+--------+--------+--------+--------+--------+--------+--------+-
  Baseline               |  13.5 |  29.38 |  0.701 | 20.66 | 78.98 |  257.0 |   85.8 |  350.2
  Exp_Forward_Gate       |  12.6 |  28.34 |  0.718 | 21.99 | 82.47 |  239.3 |   63.3 |  369.2
  Exp_Forward            |  14.2 |  26.79 |  0.704 | 20.78 | 79.49 |  266.1 |   83.6 |  381.8
  Exp_Reverse_Gate       |  16.4 |  28.24 |  0.688 | 18.60 | 72.85 |  298.1 |  138.1 |  371.9
  Exp_Boost              |  12.8 |  27.60 |  0.714 | 22.75 | 84.82 |  234.0 |   53.1 |  382.8
  TwoPhase               |  12.8 |  29.50 |  0.709 | 21.99 | 83.06 |  255.2 |   63.2 |  372.1
  Entropy                |  12.6 |  28.71 |  0.715 | 22.06 | 83.59 |  233.4 |   62.2 |  365.5
  Locality               |  12.7 |  27.81 |  0.708 | 22.17 | 83.31 |  239.2 |   60.6 |  365.9
  Dual                   |   3.5 |  19.49 |  0.975 | 28.55 | 95.58 |   79.0 |   14.0 |  237.1
  Quantile               |  11.9 |  29.06 |  0.744 | 23.54 | 88.08 |  225.7 |   44.2 |  394.3
  Budget_Matched         |  12.9 |  28.81 |  0.715 | 21.63 | 81.78 |  236.8 |   68.6 |  359.7
  → image traitée en 177s (16s/stratégie)

[GPU 2] [12/100]  000000000111  (0_random_140)
  Strategy               |     λ | CLIP-W | CLIP-I |  PSNR |  SSIM |  LPIPS |    MSE |     SD
  -----------------------+--------+--------+--------+--------+--------+--------+--------+--------+-
  Baseline               |  13.5 |  24.92 |  0.801 | 16.51 | 68.80 |  389.2 |  223.6 |  289.1
  Exp_Forward_Gate       |  11.8 |  22.81 |  0.807 | 17.71 | 73.04 |  355.1 |  169.6 |  270.8
  Exp_Forward            |  14.1 |  21.67 |  0.716 | 16.67 | 67.26 |  409.0 |  215.1 |  302.3
  Exp_Reverse_Gate       |  18.8 |  24.09 |  0.760 | 14.46 | 57.79 |  479.1 |  358.4 |  348.7
  Exp_Boost              |  11.8 |  23.58 |  0.820 | 17.91 | 74.55 |  332.7 |  161.6 |  258.9
  TwoPhase               |  12.1 |  20.43 |  0.712 | 18.14 | 73.17 |  364.0 |  153.6 |  271.9
  Entropy                |  11.9 |  20.94 |  0.786 | 18.43 | 73.86 |  357.7 |  143.7 |  274.0
  Locality               |  11.9 |  22.30 |  0.807 | 17.61 | 73.95 |  330.8 |  173.4 |  262.2
  Dual                   |   3.3 |  14.27 |  0.943 | 27.86 | 96.05 |  102.5 |   16.4 |  120.6
  Quantile               |  12.0 |  19.06 |  0.765 | 17.47 | 73.87 |  356.8 |  179.0 |  279.8
  Budget_Matched         |  12.4 |  22.27 |  0.797 | 17.30 | 70.55 |  384.7 |  186.0 |  279.5
  → image traitée en 177s (16s/stratégie)

[GPU 2] [13/100]  000000000112  (0_random_140)
  Strategy               |     λ | CLIP-W | CLIP-I |  PSNR |  SSIM |  LPIPS |    MSE |     SD
  -----------------------+--------+--------+--------+--------+--------+--------+--------+--------+-
  Baseline               |  13.5 |  26.54 |  0.949 | 18.67 | 84.16 |  227.0 |  135.9 |  191.6
  Exp_Forward_Gate       |  12.6 |  28.48 |  0.952 | 20.50 | 86.62 |  215.0 |   89.1 |  177.5
  Exp_Forward            |  14.1 |  28.07 |  0.936 | 19.58 | 85.27 |  251.9 |  110.2 |  189.0
  Exp_Reverse_Gate       |  16.4 |  27.69 |  0.932 | 17.61 | 77.52 |  309.2 |  173.2 |  238.3
  Exp_Boost              |  12.5 |  25.97 |  0.943 | 20.96 | 87.63 |  213.3 |   80.1 |  172.0
  TwoPhase               |  12.7 |  26.48 |  0.935 | 20.17 | 86.83 |  216.6 |   96.3 |  173.5
  Entropy                |  12.4 |  27.51 |  0.941 | 19.92 | 85.48 |  231.8 |  101.8 |  186.5
  Locality               |  12.3 |  26.73 |  0.936 | 19.51 | 85.74 |  227.7 |  111.9 |  183.2
  Dual                   |   3.3 |  29.91 |  0.967 | 26.94 | 95.54 |   91.2 |   20.2 |   99.0
  Quantile               |  11.6 |  30.03 |  0.960 | 22.99 | 89.65 |  215.6 |   50.2 |  167.6
  Budget_Matched         |  12.8 |  27.57 |  0.956 | 19.90 | 86.82 |  216.9 |  102.3 |  173.4
  → image traitée en 177s (16s/stratégie)

[GPU 2] [14/100]  000000000113  (0_random_140)
  Strategy               |     λ | CLIP-W | CLIP-I |  PSNR |  SSIM |  LPIPS |    MSE |     SD
  -----------------------+--------+--------+--------+--------+--------+--------+--------+--------+-
  Baseline               |  13.5 |  27.89 |  0.807 | 21.26 | 87.82 |  175.7 |   74.8 |  148.0
  Exp_Forward_Gate       |  12.7 |  27.10 |  0.810 | 22.42 | 89.40 |  166.9 |   57.2 |  146.4
  Exp_Forward            |  14.0 |  26.89 |  0.826 | 21.65 | 88.24 |  178.4 |   68.3 |  157.2
  Exp_Reverse_Gate       |  15.6 |  28.31 |  0.807 | 20.25 | 86.66 |  183.3 |   94.5 |  154.5
  Exp_Boost              |  12.7 |  28.08 |  0.816 | 22.35 | 89.23 |  170.4 |   58.2 |  155.0
  TwoPhase               |  12.9 |  27.32 |  0.809 | 22.29 | 89.51 |  166.4 |   59.0 |  145.7
  Entropy                |  12.7 |  28.25 |  0.809 | 21.70 | 88.55 |  164.8 |   67.6 |  152.7
  Locality               |  12.5 |  27.94 |  0.822 | 21.24 | 88.48 |  173.6 |   75.2 |  154.2
  Dual                   |   3.2 |  18.71 |  0.969 | 31.17 | 97.29 |   68.5 |    7.6 |   79.7
  Quantile               |  11.8 |  24.82 |  0.816 | 22.96 | 88.43 |  206.3 |   50.6 |  179.0
  Budget_Matched         |  13.0 |  27.87 |  0.805 | 21.76 | 88.71 |  165.8 |   66.7 |  148.2
  → image traitée en 176s (16s/stratégie)

[GPU 2] [15/100]  000000000114  (0_random_140)
  Strategy               |     λ | CLIP-W | CLIP-I |  PSNR |  SSIM |  LPIPS |    MSE |     SD
  -----------------------+--------+--------+--------+--------+--------+--------+--------+--------+-
  Baseline               |  13.5 |  23.14 |  0.707 | 23.18 | 89.19 |  180.8 |   48.1 |  363.0
  Exp_Forward_Gate       |  13.0 |  21.50 |  0.605 | 24.17 | 90.49 |  184.1 |   38.3 |  390.4
  Exp_Forward            |  14.2 |  21.04 |  0.650 | 23.51 | 88.99 |  195.2 |   44.5 |  389.1
  Exp_Reverse_Gate       |  15.2 |  21.26 |  0.681 | 21.85 | 86.51 |  198.5 |   65.4 |  372.8
  Exp_Boost              |  12.9 |  21.33 |  0.575 | 24.12 | 90.69 |  193.9 |   38.8 |  396.3
  TwoPhase               |  13.1 |  19.37 |  0.637 | 23.85 | 89.98 |  189.2 |   41.2 |  377.7
  Entropy                |  12.9 |  19.72 |  0.647 | 23.46 | 89.94 |  186.7 |   45.1 |  387.2
  Locality               |  12.9 |  20.35 |  0.612 | 24.22 | 91.11 |  167.2 |   37.9 |  368.7
  Dual                   |   3.4 |  19.11 |  0.984 | 33.51 | 98.62 |   52.9 |    4.5 |  246.8
  Quantile               |  12.6 |  21.77 |  0.683 | 24.54 | 91.01 |  212.5 |   35.1 |  429.9
  Budget_Matched         |  13.1 |  22.72 |  0.707 | 24.23 | 90.61 |  178.2 |   37.8 |  373.3
  → image traitée en 176s (16s/stratégie)

[GPU 2] [16/100]  000000000115  (0_random_140)
  Strategy               |     λ | CLIP-W | CLIP-I |  PSNR |  SSIM |  LPIPS |    MSE |     SD
  -----------------------+--------+--------+--------+--------+--------+--------+--------+--------+-
  Baseline               |  13.5 |  24.45 |  0.800 | 22.92 | 88.87 |  201.5 |   51.1 |  248.8
  Exp_Forward_Gate       |  12.5 |  24.90 |  0.815 | 23.78 | 89.76 |  205.3 |   41.8 |  245.4
  Exp_Forward            |  13.9 |  25.05 |  0.735 | 22.38 | 87.47 |  229.0 |   57.8 |  267.9
  Exp_Reverse_Gate       |  16.0 |  24.77 |  0.785 | 21.10 | 85.94 |  228.7 |   77.7 |  257.7
  Exp_Boost              |  12.4 |  24.58 |  0.814 | 24.21 | 90.31 |  222.8 |   38.0 |  256.0
  TwoPhase               |  12.6 |  23.85 |  0.819 | 23.37 | 89.34 |  202.8 |   46.0 |  248.1
  Entropy                |  12.6 |  24.61 |  0.825 | 24.02 | 90.73 |  193.7 |   39.6 |  239.1
  Locality               |  12.5 |  24.90 |  0.826 | 23.91 | 90.61 |  192.2 |   40.7 |  234.5
  Dual                   |   3.3 |  22.82 |  0.916 | 31.99 | 97.38 |   78.6 |    6.3 |  166.8
  Quantile               |  13.2 |  25.48 |  0.803 | 23.11 | 89.31 |  260.3 |   48.8 |  274.8
  Budget_Matched         |  12.8 |  24.73 |  0.814 | 22.62 | 89.00 |  202.4 |   54.7 |  245.1
  → image traitée en 176s (16s/stratégie)

[GPU 2] [17/100]  000000000116  (0_random_140)
  Strategy               |     λ | CLIP-W | CLIP-I |  PSNR |  SSIM |  LPIPS |    MSE |     SD
  -----------------------+--------+--------+--------+--------+--------+--------+--------+--------+-
  Baseline               |  13.5 |  24.75 |  0.925 | 21.69 | 89.23 |  171.8 |   67.7 |  278.3
  Exp_Forward_Gate       |  12.6 |  24.29 |  0.937 | 23.71 | 91.79 |  147.9 |   42.5 |  305.3
  Exp_Forward            |  14.0 |  24.53 |  0.934 | 22.71 | 90.54 |  165.2 |   53.5 |  301.9
  Exp_Reverse_Gate       |  16.0 |  25.85 |  0.933 | 20.88 | 85.31 |  221.7 |   81.6 |  287.3
  Exp_Boost              |  12.5 |  23.47 |  0.940 | 24.33 | 92.36 |  151.3 |   36.9 |  309.9
  TwoPhase               |  12.8 |  23.24 |  0.927 | 24.04 | 91.71 |  155.3 |   39.4 |  296.5
  Entropy                |  12.6 |  24.42 |  0.954 | 24.20 | 91.71 |  154.9 |   38.0 |  308.4
  Locality               |  12.6 |  23.98 |  0.935 | 23.26 | 90.76 |  157.4 |   47.2 |  302.2
  Dual                   |   3.4 |  22.90 |  0.989 | 30.72 | 97.79 |   59.5 |    8.5 |  178.0
  Quantile               |  12.3 |  23.20 |  0.945 | 24.06 | 91.81 |  183.1 |   39.2 |  375.1
  Budget_Matched         |  12.8 |  23.99 |  0.923 | 22.37 | 89.32 |  180.6 |   57.9 |  298.1
  → image traitée en 176s (16s/stratégie)

[GPU 2] [18/100]  000000000117  (0_random_140)
  Strategy               |     λ | CLIP-W | CLIP-I |  PSNR |  SSIM |  LPIPS |    MSE |     SD
  -----------------------+--------+--------+--------+--------+--------+--------+--------+--------+-
  Baseline               |  13.5 |  21.53 |  0.978 | 24.92 | 94.03 |  129.3 |   32.2 |  180.1
  Exp_Forward_Gate       |  12.8 |  21.07 |  0.982 | 25.73 | 94.78 |  124.0 |   26.7 |  175.4
  Exp_Forward            |  13.8 |  21.78 |  0.982 | 25.30 | 94.38 |  118.2 |   29.5 |  177.5
  Exp_Reverse_Gate       |  14.9 |  22.86 |  0.970 | 24.13 | 92.57 |  145.2 |   38.6 |  192.7
  Exp_Boost              |  12.5 |  21.24 |  0.984 | 26.23 | 95.35 |  102.4 |   23.8 |  163.9
  TwoPhase               |  12.8 |  20.87 |  0.983 | 25.89 | 95.19 |  105.2 |   25.8 |  164.7
  Entropy                |  12.7 |  21.19 |  0.983 | 25.86 | 94.96 |  108.2 |   25.9 |  168.7
  Locality               |  12.7 |  21.33 |  0.981 | 25.36 | 94.81 |  108.6 |   29.1 |  165.5
  Dual                   |   3.0 |  19.08 |  0.998 | 36.20 | 98.84 |   35.1 |    2.4 |   97.9
  Quantile               |  12.6 |  19.64 |  0.986 | 27.29 | 94.98 |  151.5 |   18.7 |  200.4
  Budget_Matched         |  13.1 |  20.91 |  0.982 | 25.62 | 94.49 |  131.5 |   27.4 |  180.8
  → image traitée en 176s (16s/stratégie)

[GPU 2] [19/100]  000000000118  (0_random_140)
  Strategy               |     λ | CLIP-W | CLIP-I |  PSNR |  SSIM |  LPIPS |    MSE |     SD
  -----------------------+--------+--------+--------+--------+--------+--------+--------+--------+-
  Baseline               |  13.5 |  23.89 |  0.865 | 24.52 | 91.20 |  176.9 |   35.3 |  235.1
  Exp_Forward_Gate       |  12.6 |  23.04 |  0.880 | 25.89 | 92.40 |  175.0 |   25.7 |  232.3
  Exp_Forward            |  13.9 |  23.90 |  0.840 | 25.30 | 91.51 |  187.5 |   29.5 |  237.4
  Exp_Reverse_Gate       |  15.6 |  25.29 |  0.850 | 23.46 | 89.04 |  213.7 |   45.1 |  254.2
  Exp_Boost              |  12.5 |  25.15 |  0.886 | 26.95 | 93.01 |  186.0 |   20.2 |  231.9
  TwoPhase               |  12.8 |  24.12 |  0.874 | 25.92 | 92.31 |  175.1 |   25.6 |  227.0
  Entropy                |  12.6 |  25.00 |  0.903 | 25.67 | 92.30 |  176.7 |   27.1 |  230.2
  Locality               |  12.7 |  24.58 |  0.883 | 26.39 | 92.81 |  169.2 |   22.9 |  226.4
  Dual                   |   3.3 |  22.55 |  0.992 | 35.63 | 98.54 |   80.6 |    2.7 |  161.7
  Quantile               |  13.0 |  25.97 |  0.928 | 27.24 | 92.78 |  233.0 |   18.9 |  269.8
  Budget_Matched         |  12.9 |  23.81 |  0.872 | 24.92 | 91.33 |  181.1 |   32.2 |  233.4
  → image traitée en 176s (16s/stratégie)

[GPU 2] [20/100]  000000000119  (0_random_140)
  Strategy               |     λ | CLIP-W | CLIP-I |  PSNR |  SSIM |  LPIPS |    MSE |     SD
  -----------------------+--------+--------+--------+--------+--------+--------+--------+--------+-
  Baseline               |  13.5 |  28.92 |  0.891 | 25.69 | 88.99 |  212.9 |   27.0 |  233.9
  Exp_Forward_Gate       |  12.9 |  29.02 |  0.898 | 26.47 | 89.61 |  219.7 |   22.5 |  237.2
  Exp_Forward            |  14.0 |  26.18 |  0.910 | 25.86 | 89.60 |  211.5 |   25.9 |  234.4
  Exp_Reverse_Gate       |  14.9 |  29.12 |  0.799 | 24.39 | 85.97 |  248.8 |   36.4 |  257.8
  Exp_Boost              |  12.8 |  29.93 |  0.903 | 25.96 | 89.98 |  196.4 |   25.3 |  223.4
  TwoPhase               |  13.0 |  25.28 |  0.868 | 26.10 | 90.10 |  196.5 |   24.5 |  227.9
  Entropy                |  12.9 |  26.63 |  0.907 | 26.12 | 89.80 |  199.9 |   24.4 |  231.9
  Locality               |  12.8 |  24.89 |  0.905 | 26.23 | 90.68 |  188.6 |   23.8 |  222.8
  Dual                   |   3.2 |  22.39 |  0.965 | 33.72 | 97.64 |   73.4 |    4.2 |  133.5
  Quantile               |  12.0 |  24.99 |  0.921 | 29.39 | 93.15 |  199.0 |   11.5 |  231.1
  Budget_Matched         |  13.1 |  27.94 |  0.903 | 26.31 | 90.04 |  205.0 |   23.4 |  227.6
  → image traitée en 176s (16s/stratégie)

[GPU 2] [21/100]  000000000120  (0_random_140)
  Strategy               |     λ | CLIP-W | CLIP-I |  PSNR |  SSIM |  LPIPS |    MSE |     SD
  -----------------------+--------+--------+--------+--------+--------+--------+--------+--------+-
  Baseline               |  13.5 |  23.66 |  0.871 | 26.77 | 95.64 |  109.4 |   21.1 |  211.3
  Exp_Forward_Gate       |  12.8 |  23.75 |  0.884 | 27.87 | 96.29 |  102.3 |   16.3 |  205.9
  Exp_Forward            |  13.8 |  23.73 |  0.875 | 27.21 | 95.64 |  109.4 |   19.0 |  215.3
  Exp_Reverse_Gate       |  15.0 |  23.85 |  0.850 | 25.55 | 94.32 |  117.9 |   27.8 |  211.3
  Exp_Boost              |  12.5 |  23.44 |  0.880 | 27.44 | 96.01 |  109.4 |   18.0 |  216.6
  TwoPhase               |  12.8 |  23.42 |  0.875 | 27.49 | 95.94 |  104.6 |   17.8 |  207.1
  Entropy                |  12.7 |  23.89 |  0.873 | 27.48 | 95.93 |  107.7 |   17.9 |  211.1
  Locality               |  12.7 |  23.88 |  0.871 | 27.22 | 95.81 |  107.2 |   19.0 |  210.7
  Dual                   |   3.1 |  17.15 |  0.989 | 36.69 | 99.20 |   33.8 |    2.1 |  153.5
  Quantile               |  13.3 |  24.29 |  0.893 | 28.29 | 95.58 |  159.1 |   14.8 |  263.5
  Budget_Matched         |  13.0 |  23.43 |  0.857 | 26.64 | 95.43 |  107.2 |   21.7 |  212.0
  → image traitée en 176s (16s/stratégie)

[GPU 2] [22/100]  000000000121  (0_random_140)
  Strategy               |     λ | CLIP-W | CLIP-I |  PSNR |  SSIM |  LPIPS |    MSE |     SD
  -----------------------+--------+--------+--------+--------+--------+--------+--------+--------+-
  Baseline               |  13.5 |  26.92 |  0.850 | 20.09 | 84.41 |  247.4 |   98.0 |  213.3
  Exp_Forward_Gate       |  12.4 |  26.79 |  0.875 | 21.58 | 86.76 |  223.6 |   69.5 |  198.1
  Exp_Forward            |  14.1 |  25.51 |  0.822 | 20.27 | 84.28 |  249.6 |   93.9 |  218.7
  Exp_Reverse_Gate       |  16.7 |  27.33 |  0.827 | 18.51 | 80.01 |  325.8 |  141.1 |  241.7
  Exp_Boost              |  12.1 |  25.85 |  0.850 | 21.03 | 85.61 |  236.2 |   78.8 |  209.9
  TwoPhase               |  12.6 |  25.93 |  0.839 | 20.88 | 85.35 |  241.3 |   81.6 |  207.7
  Entropy                |  12.4 |  26.38 |  0.861 | 21.02 | 86.25 |  227.0 |   79.1 |  202.9
  Locality               |  12.4 |  26.33 |  0.851 | 21.37 | 86.32 |  232.7 |   73.0 |  200.6
  Dual                   |   3.2 |  24.49 |  0.956 | 30.68 | 97.44 |   57.0 |    8.5 |   91.5
  Quantile               |  11.4 |  24.65 |  0.927 | 23.24 | 88.22 |  226.1 |   47.4 |  215.2
  Budget_Matched         |  12.7 |  26.15 |  0.855 | 20.07 | 84.83 |  237.0 |   98.4 |  202.9
  → image traitée en 176s (16s/stratégie)

[GPU 2] [23/100]  000000000122  (0_random_140)
  Strategy               |     λ | CLIP-W | CLIP-I |  PSNR |  SSIM |  LPIPS |    MSE |     SD
  -----------------------+--------+--------+--------+--------+--------+--------+--------+--------+-
  Baseline               |  13.5 |  19.25 |  0.850 | 26.22 | 95.57 |  129.3 |   23.9 |  185.6
  Exp_Forward_Gate       |  13.0 |  18.46 |  0.892 | 27.07 | 95.84 |  134.4 |   19.6 |  188.3
  Exp_Forward            |  13.8 |  19.65 |  0.861 | 26.31 | 95.57 |  139.7 |   23.4 |  191.1
  Exp_Reverse_Gate       |  14.6 |  18.12 |  0.873 | 25.48 | 94.73 |  140.6 |   28.3 |  190.4
  Exp_Boost              |  12.8 |  17.91 |  0.902 | 27.33 | 96.20 |  129.5 |   18.5 |  185.3
  TwoPhase               |  13.1 |  17.39 |  0.886 | 27.01 | 95.94 |  131.9 |   19.9 |  188.7
  Entropy                |  12.9 |  17.90 |  0.892 | 27.06 | 95.92 |  132.3 |   19.7 |  185.5
  Locality               |  12.8 |  19.25 |  0.869 | 26.69 | 95.86 |  130.1 |   21.4 |  186.7
  Dual                   |   3.1 |  15.97 |  0.990 | 36.77 | 99.07 |   51.3 |    2.1 |  119.8
  Quantile               |  13.2 |  18.52 |  0.933 | 28.11 | 95.35 |  182.6 |   15.5 |  224.7
  Budget_Matched         |  13.2 |  18.58 |  0.872 | 26.51 | 95.71 |  137.4 |   22.3 |  187.5
  → image traitée en 175s (16s/stratégie)

[GPU 2] [24/100]  000000000123  (0_random_140)
  Strategy               |     λ | CLIP-W | CLIP-I |  PSNR |  SSIM |  LPIPS |    MSE |     SD
  -----------------------+--------+--------+--------+--------+--------+--------+--------+--------+-
  Baseline               |  13.5 |  22.99 |  0.911 | 18.10 | 71.09 |  374.3 |  154.9 |  324.1
  Exp_Forward_Gate       |  12.4 |  24.16 |  0.939 | 19.55 | 77.84 |  314.2 |  111.0 |  286.8
  Exp_Forward            |  14.3 |  23.06 |  0.909 | 18.62 | 73.84 |  351.6 |  137.6 |  309.6
  Exp_Reverse_Gate       |  17.4 |  23.42 |  0.903 | 15.86 | 62.20 |  428.7 |  259.3 |  370.6
  Exp_Boost              |  12.6 |  23.19 |  0.935 | 20.57 | 80.21 |  291.4 |   87.7 |  267.2
  TwoPhase               |  12.7 |  23.16 |  0.941 | 19.74 | 77.95 |  311.0 |  106.1 |  283.9
  Entropy                |  12.5 |  23.61 |  0.891 | 20.12 | 80.26 |  283.3 |   97.3 |  264.1
  Locality               |  12.5 |  23.25 |  0.952 | 19.35 | 76.96 |  306.7 |  116.1 |  277.8
  Dual                   |   3.3 |  23.07 |  0.985 | 28.06 | 95.68 |  102.7 |   15.6 |  138.5
  Quantile               |  11.8 |  24.71 |  0.942 | 21.91 | 84.69 |  281.2 |   64.4 |  255.4
  Budget_Matched         |  12.8 |  23.11 |  0.938 | 19.36 | 77.39 |  325.9 |  115.9 |  289.1
  → image traitée en 176s (16s/stratégie)

[GPU 2] [25/100]  000000000124  (0_random_140)
  Strategy               |     λ | CLIP-W | CLIP-I |  PSNR |  SSIM |  LPIPS |    MSE |     SD
  -----------------------+--------+--------+--------+--------+--------+--------+--------+--------+-
  Baseline               |  13.5 |  25.73 |  0.885 | 24.54 | 90.54 |  217.4 |   35.2 |  182.3
  Exp_Forward_Gate       |  12.7 |  24.48 |  0.898 | 25.53 | 90.84 |  222.5 |   28.0 |  182.6
  Exp_Forward            |  13.9 |  24.15 |  0.904 | 25.05 | 90.01 |  228.0 |   31.2 |  194.4
  Exp_Reverse_Gate       |  15.2 |  24.02 |  0.865 | 23.31 | 88.25 |  243.8 |   46.6 |  197.7
  Exp_Boost              |  12.8 |  24.85 |  0.927 | 26.08 | 90.84 |  214.4 |   24.7 |  191.2
  TwoPhase               |  12.9 |  24.26 |  0.918 | 25.36 | 90.70 |  214.9 |   29.1 |  188.9
  Entropy                |  12.9 |  25.02 |  0.923 | 26.13 | 91.28 |  207.3 |   24.4 |  180.9
  Locality               |  12.9 |  22.25 |  0.876 | 25.57 | 90.96 |  219.7 |   27.7 |  182.7
  Dual                   |   3.2 |  18.62 |  0.890 | 32.15 | 97.12 |   87.5 |    6.1 |  110.8
  Quantile               |  12.4 |  25.78 |  0.935 | 26.68 | 89.51 |  236.5 |   21.5 |  209.7
  Budget_Matched         |  13.0 |  24.06 |  0.903 | 25.12 | 91.32 |  213.6 |   30.7 |  179.1
  → image traitée en 175s (16s/stratégie)

[GPU 2] [26/100]  000000000125  (0_random_140)
  Strategy               |     λ | CLIP-W | CLIP-I |  PSNR |  SSIM |  LPIPS |    MSE |     SD
  -----------------------+--------+--------+--------+--------+--------+--------+--------+--------+-
  Baseline               |  13.5 |  18.77 |  0.962 | 26.08 | 85.35 |  117.6 |   24.7 |  214.6
  Exp_Forward_Gate       |  13.0 |  19.12 |  0.969 | 27.28 | 85.84 |  110.3 |   18.7 |  203.6
  Exp_Forward            |  13.9 |  18.92 |  0.964 | 26.50 | 85.58 |  119.4 |   22.4 |  223.2
  Exp_Reverse_Gate       |  14.5 |  18.91 |  0.965 | 25.31 | 83.69 |  122.7 |   29.5 |  228.7
  Exp_Boost              |  12.9 |  18.36 |  0.970 | 27.89 | 86.50 |  103.2 |   16.2 |  201.3
  TwoPhase               |  13.1 |  18.58 |  0.971 | 26.96 | 85.40 |  110.6 |   20.1 |  214.0
  Entropy                |  12.9 |  19.37 |  0.970 | 26.87 | 86.06 |  111.1 |   20.5 |  212.7
  Locality               |  13.0 |  18.86 |  0.973 | 27.75 | 87.09 |  105.5 |   16.8 |  207.1
  Dual                   |   3.1 |  17.32 |  0.993 | 35.46 | 92.92 |   49.2 |    2.8 |  143.5
  Quantile               |  14.1 |  19.45 |  0.967 | 27.44 | 85.38 |  162.8 |   18.0 |  266.6
  Budget_Matched         |  13.1 |  18.65 |  0.961 | 25.43 | 83.72 |  115.3 |   28.6 |  218.2
  → image traitée en 176s (16s/stratégie)

[GPU 2] [27/100]  000000000126  (0_random_140)
  Strategy               |     λ | CLIP-W | CLIP-I |  PSNR |  SSIM |  LPIPS |    MSE |     SD
  -----------------------+--------+--------+--------+--------+--------+--------+--------+--------+-
  Baseline               |  13.5 |  27.33 |  0.728 | 20.80 | 77.04 |  337.8 |   83.2 |  319.9
  Exp_Forward_Gate       |  12.2 |  26.65 |  0.761 | 22.10 | 80.89 |  296.7 |   61.7 |  303.1
  Exp_Forward            |  14.0 |  26.30 |  0.710 | 21.08 | 78.07 |  333.9 |   78.0 |  317.1
  Exp_Reverse_Gate       |  17.3 |  27.89 |  0.625 | 18.70 | 70.96 |  401.2 |  134.8 |  348.3
  Exp_Boost              |  11.9 |  26.02 |  0.755 | 22.72 | 81.89 |  296.6 |   53.5 |  299.3
  TwoPhase               |  12.5 |  26.66 |  0.742 | 22.17 | 81.07 |  294.3 |   60.6 |  298.8
  Entropy                |  12.2 |  26.57 |  0.755 | 22.13 | 81.07 |  296.5 |   61.3 |  295.2
  Locality               |  12.2 |  26.71 |  0.773 | 21.96 | 79.63 |  301.7 |   63.7 |  313.3
  Dual                   |   3.1 |  15.53 |  0.998 | 35.39 | 98.34 |   49.9 |    2.9 |  120.6
  Quantile               |  11.9 |  26.50 |  0.829 | 24.16 | 86.36 |  261.4 |   38.4 |  281.4
  Budget_Matched         |  12.6 |  26.13 |  0.713 | 21.12 | 77.81 |  328.9 |   77.2 |  314.8
  → image traitée en 176s (16s/stratégie)

[GPU 2] [28/100]  000000000127  (0_random_140)
  Strategy               |     λ | CLIP-W | CLIP-I |  PSNR |  SSIM |  LPIPS |    MSE |     SD
  -----------------------+--------+--------+--------+--------+--------+--------+--------+--------+-
  Baseline               |  13.5 |  22.72 |  0.955 | 23.52 | 88.40 |  207.7 |   44.5 |  285.6
  Exp_Forward_Gate       |  12.7 |  23.81 |  0.965 | 24.68 | 90.33 |  201.0 |   34.1 |  282.9
  Exp_Forward            |  14.0 |  23.38 |  0.958 | 23.84 | 88.58 |  231.7 |   41.3 |  296.5
  Exp_Reverse_Gate       |  15.6 |  24.62 |  0.937 | 21.67 | 84.96 |  252.4 |   68.0 |  315.7
  Exp_Boost              |  12.7 |  24.00 |  0.958 | 24.84 | 91.21 |  200.6 |   32.8 |  280.5
  TwoPhase               |  12.8 |  23.26 |  0.949 | 24.60 | 89.74 |  210.9 |   34.7 |  282.0
  Entropy                |  12.7 |  23.22 |  0.963 | 24.51 | 89.62 |  205.2 |   35.4 |  283.8
  Locality               |  12.7 |  23.20 |  0.959 | 24.14 | 89.48 |  211.4 |   38.5 |  285.4
  Dual                   |   3.2 |  24.02 |  0.994 | 34.93 | 98.44 |   69.2 |    3.2 |  159.0
  Quantile               |  12.4 |  23.02 |  0.951 | 25.88 | 91.49 |  229.6 |   25.8 |  279.1
  Budget_Matched         |  13.0 |  23.46 |  0.965 | 24.63 | 91.00 |  194.7 |   34.5 |  277.7
  → image traitée en 175s (16s/stratégie)

[GPU 2] [29/100]  000000000128  (0_random_140)
  Strategy               |     λ | CLIP-W | CLIP-I |  PSNR |  SSIM |  LPIPS |    MSE |     SD
  -----------------------+--------+--------+--------+--------+--------+--------+--------+--------+-
  Baseline               |  13.5 |  34.78 |  0.935 | 20.03 | 85.06 |  239.9 |   99.4 |  210.5
  Exp_Forward_Gate       |  12.4 |  34.46 |  0.924 | 20.52 | 85.76 |  214.3 |   88.8 |  202.8
  Exp_Forward            |  14.1 |  35.20 |  0.929 | 19.85 | 84.07 |  239.4 |  103.5 |  217.1
  Exp_Reverse_Gate       |  16.8 |  36.04 |  0.906 | 18.26 | 80.33 |  278.5 |  149.2 |  231.7
  Exp_Boost              |  12.3 |  33.93 |  0.926 | 21.69 | 87.05 |  200.1 |   67.8 |  198.5
  TwoPhase               |  12.6 |  34.64 |  0.917 | 21.39 | 86.26 |  207.1 |   72.5 |  201.4
  Entropy                |  12.3 |  34.24 |  0.941 | 20.70 | 86.70 |  206.8 |   85.1 |  194.2
  Locality               |  12.4 |  34.80 |  0.935 | 20.82 | 86.01 |  216.1 |   82.8 |  207.2
  Dual                   |   3.2 |  31.21 |  0.982 | 33.12 | 97.64 |   52.5 |    4.9 |  100.3
  Quantile               |  12.7 |  33.00 |  0.927 | 20.47 | 83.41 |  257.8 |   89.8 |  237.0
  Budget_Matched         |  12.8 |  34.98 |  0.926 | 20.68 | 85.47 |  230.5 |   85.4 |  206.1
  → image traitée en 176s (16s/stratégie)

[GPU 2] [30/100]  000000000129  (0_random_140)
  Strategy               |     λ | CLIP-W | CLIP-I |  PSNR |  SSIM |  LPIPS |    MSE |     SD
  -----------------------+--------+--------+--------+--------+--------+--------+--------+--------+-
  Baseline               |  13.5 |  26.35 |  0.931 | 26.34 | 94.19 |  103.9 |   23.2 |  156.1
  Exp_Forward_Gate       |  12.9 |  25.67 |  0.942 | 26.94 | 94.43 |  104.9 |   20.2 |  156.6
  Exp_Forward            |  13.9 |  25.87 |  0.941 | 26.77 | 94.03 |  110.7 |   21.1 |  161.1
  Exp_Reverse_Gate       |  14.7 |  26.64 |  0.922 | 25.89 | 93.70 |  106.9 |   25.8 |  159.0
  Exp_Boost              |  13.0 |  25.33 |  0.943 | 27.39 | 94.38 |  111.7 |   18.2 |  161.9
  TwoPhase               |  13.1 |  25.57 |  0.946 | 27.13 | 94.50 |  107.3 |   19.4 |  156.2
  Entropy                |  13.0 |  25.11 |  0.945 | 27.30 | 94.57 |  105.8 |   18.6 |  155.5
  Locality               |  13.0 |  25.29 |  0.947 | 27.24 | 94.73 |  104.7 |   18.9 |  153.9
  Dual                   |   3.2 |  20.07 |  0.968 | 32.91 | 96.57 |   47.3 |    5.1 |   98.6
  Quantile               |  12.2 |  24.85 |  0.944 | 27.43 | 92.85 |  139.8 |   18.1 |  188.2
  Budget_Matched         |  13.1 |  25.94 |  0.941 | 26.77 | 94.41 |  107.6 |   21.0 |  157.7
  → image traitée en 176s (16s/stratégie)

[GPU 2] [31/100]  000000000130  (0_random_140)
  Strategy               |     λ | CLIP-W | CLIP-I |  PSNR |  SSIM |  LPIPS |    MSE |     SD
  -----------------------+--------+--------+--------+--------+--------+--------+--------+--------+-
  Baseline               |  13.5 |  34.17 |  0.908 | 20.16 | 84.98 |  230.8 |   96.3 |  416.6
  Exp_Forward_Gate       |  12.6 |  30.52 |  0.950 | 21.43 | 87.61 |  217.5 |   71.9 |  399.1
  Exp_Forward            |  14.2 |  32.87 |  0.929 | 20.17 | 85.17 |  236.9 |   96.2 |  426.8
  Exp_Reverse_Gate       |  16.3 |  33.10 |  0.915 | 18.88 | 82.32 |  252.6 |  129.3 |  416.2
  Exp_Boost              |  12.5 |  29.95 |  0.952 | 21.83 | 88.26 |  203.9 |   65.6 |  410.7
  TwoPhase               |  12.8 |  30.04 |  0.938 | 21.48 | 87.75 |  203.0 |   71.1 |  394.2
  Entropy                |  12.6 |  30.32 |  0.939 | 21.26 | 87.09 |  218.4 |   74.7 |  415.1
  Locality               |  12.6 |  29.51 |  0.936 | 21.25 | 87.44 |  211.2 |   75.0 |  407.0
  Dual                   |   3.4 |  29.26 |  0.976 | 30.58 | 96.65 |   65.8 |    8.8 |  291.3
  Quantile               |  11.6 |  29.42 |  0.947 | 23.01 | 90.59 |  235.8 |   50.0 |  436.2
  Budget_Matched         |  12.8 |  29.87 |  0.929 | 20.96 | 86.56 |  208.5 |   80.2 |  403.6
  → image traitée en 176s (16s/stratégie)

[GPU 2] [32/100]  000000000131  (0_random_140)
  Strategy               |     λ | CLIP-W | CLIP-I |  PSNR |  SSIM |  LPIPS |    MSE |     SD
  -----------------------+--------+--------+--------+--------+--------+--------+--------+--------+-
  Baseline               |  13.5 |  27.92 |  0.955 | 21.00 | 87.70 |  186.8 |   79.5 |  210.2
  Exp_Forward_Gate       |  12.7 |  28.27 |  0.932 | 22.36 | 90.15 |  167.9 |   58.1 |  190.1
  Exp_Forward            |  14.0 |  27.79 |  0.926 | 21.17 | 87.65 |  187.9 |   76.3 |  212.3
  Exp_Reverse_Gate       |  15.5 |  28.11 |  0.939 | 20.35 | 85.61 |  204.6 |   92.2 |  230.0
  Exp_Boost              |  12.7 |  28.03 |  0.936 | 22.29 | 89.74 |  168.3 |   59.1 |  196.5
  TwoPhase               |  12.8 |  28.10 |  0.943 | 21.56 | 88.84 |  182.3 |   69.7 |  200.1
  Entropy                |  12.8 |  27.55 |  0.953 | 22.14 | 89.44 |  173.0 |   61.1 |  201.5
  Locality               |  12.7 |  27.95 |  0.938 | 21.61 | 89.00 |  176.4 |   69.1 |  202.0
  Dual                   |   3.2 |  27.04 |  0.963 | 29.24 | 97.40 |   63.7 |   11.9 |  107.8
  Quantile               |  12.8 |  29.29 |  0.925 | 23.05 | 89.55 |  195.0 |   49.5 |  217.4
  Budget_Matched         |  13.1 |  28.09 |  0.953 | 22.19 | 89.46 |  176.9 |   60.4 |  203.3
  → image traitée en 176s (16s/stratégie)

[GPU 2] [33/100]  000000000132  (0_random_140)
  Strategy               |     λ | CLIP-W | CLIP-I |  PSNR |  SSIM |  LPIPS |    MSE |     SD
  -----------------------+--------+--------+--------+--------+--------+--------+--------+--------+-
  Baseline               |  13.5 |  29.72 |  0.849 | 21.60 | 84.62 |  214.3 |   69.3 |  209.3
  Exp_Forward_Gate       |  12.5 |  34.36 |  0.797 | 23.16 | 89.09 |  173.6 |   48.3 |  173.2
  Exp_Forward            |  14.1 |  33.38 |  0.830 | 22.06 | 86.66 |  202.4 |   62.3 |  196.4
  Exp_Reverse_Gate       |  15.7 |  32.32 |  0.796 | 20.89 | 84.16 |  217.9 |   81.5 |  212.7
  Exp_Boost              |  12.5 |  29.62 |  0.783 | 23.39 | 89.58 |  182.8 |   45.8 |  179.3
  TwoPhase               |  12.8 |  28.53 |  0.806 | 23.32 | 89.26 |  174.9 |   46.6 |  176.7
  Entropy                |  12.5 |  32.19 |  0.852 | 22.77 | 89.09 |  180.4 |   52.8 |  178.4
  Locality               |  12.5 |  33.12 |  0.851 | 22.12 | 87.73 |  190.9 |   61.4 |  182.2
  Dual                   |   3.2 |  25.40 |  0.957 | 30.14 | 97.34 |   61.2 |    9.7 |   95.9
  Quantile               |  11.8 |  31.92 |  0.831 | 22.41 | 87.66 |  206.0 |   57.4 |  204.8
  Budget_Matched         |  12.8 |  34.25 |  0.853 | 21.69 | 87.19 |  184.6 |   67.8 |  181.8
  → image traitée en 177s (16s/stratégie)

[GPU 2] [34/100]  000000000133  (0_random_140)
  Strategy               |     λ | CLIP-W | CLIP-I |  PSNR |  SSIM |  LPIPS |    MSE |     SD
  -----------------------+--------+--------+--------+--------+--------+--------+--------+--------+-
  Baseline               |  13.5 |  24.71 |  0.926 | 19.73 | 82.73 |  228.1 |  106.3 |  197.2
  Exp_Forward_Gate       |  12.5 |  20.66 |  0.954 | 19.97 | 83.51 |  204.2 |  100.6 |  184.9
  Exp_Forward            |  14.1 |  21.10 |  0.943 | 19.85 | 82.60 |  212.0 |  103.4 |  198.8
  Exp_Reverse_Gate       |  16.1 |  22.92 |  0.910 | 18.10 | 77.17 |  249.3 |  154.9 |  226.9
  Exp_Boost              |  12.6 |  22.52 |  0.952 | 21.05 | 84.96 |  201.0 |   78.5 |  191.0
  TwoPhase               |  13.0 |  20.91 |  0.944 | 20.67 | 83.50 |  215.6 |   85.6 |  195.5
  Entropy                |  12.8 |  23.61 |  0.941 | 21.31 | 85.23 |  205.8 |   73.9 |  185.5
  Locality               |  12.6 |  21.50 |  0.943 | 20.18 | 83.34 |  212.0 |   95.8 |  192.3
  Dual                   |   3.2 |  16.45 |  0.893 | 28.40 | 95.16 |   76.5 |   14.5 |  112.8
  Quantile               |  12.0 |  21.19 |  0.916 | 22.90 | 85.67 |  238.3 |   51.3 |  220.7
  Budget_Matched         |  12.9 |  20.45 |  0.957 | 20.10 | 82.26 |  216.4 |   97.7 |  193.6
  → image traitée en 176s (16s/stratégie)

[GPU 2] [35/100]  000000000134  (0_random_140)
  Strategy               |     λ | CLIP-W | CLIP-I |  PSNR |  SSIM |  LPIPS |    MSE |     SD
  -----------------------+--------+--------+--------+--------+--------+--------+--------+--------+-
  Baseline               |  13.5 |  27.89 |  0.858 | 23.37 | 91.52 |  119.4 |   46.1 |  368.6
  Exp_Forward_Gate       |  12.7 |  27.11 |  0.860 | 24.35 | 93.23 |  114.8 |   36.7 |  382.6
  Exp_Forward            |  13.9 |  27.21 |  0.859 | 24.51 | 92.58 |  122.8 |   35.4 |  392.8
  Exp_Reverse_Gate       |  15.4 |  27.71 |  0.856 | 22.55 | 89.81 |  138.7 |   55.6 |  371.0
  Exp_Boost              |  12.6 |  27.16 |  0.856 | 24.43 | 93.04 |  125.7 |   36.0 |  404.6
  TwoPhase               |  12.8 |  26.63 |  0.854 | 24.14 | 92.11 |  125.1 |   38.5 |  395.2
  Entropy                |  12.7 |  26.44 |  0.858 | 24.49 | 92.74 |  118.5 |   35.6 |  391.1
  Locality               |  12.7 |  27.92 |  0.848 | 24.37 | 92.86 |  116.9 |   36.5 |  387.1
  Dual                   |   3.2 |  22.74 |  0.959 | 33.66 | 98.46 |   50.8 |    4.3 |  322.0
  Quantile               |  12.4 |  26.88 |  0.864 | 24.27 | 92.08 |  190.7 |   37.4 |  456.9
  Budget_Matched         |  13.0 |  27.10 |  0.863 | 24.20 | 92.96 |  108.1 |   38.0 |  370.8
  → image traitée en 176s (16s/stratégie)

[GPU 2] [36/100]  000000000135  (0_random_140)
  Strategy               |     λ | CLIP-W | CLIP-I |  PSNR |  SSIM |  LPIPS |    MSE |     SD
  -----------------------+--------+--------+--------+--------+--------+--------+--------+--------+-
  Baseline               |  13.5 |  26.19 |  0.751 | 24.03 | 89.64 |  169.8 |   39.5 |  202.4
  Exp_Forward_Gate       |  12.8 |  25.02 |  0.774 | 24.44 | 90.03 |  173.0 |   36.0 |  200.4
  Exp_Forward            |  14.0 |  23.98 |  0.759 | 23.55 | 88.66 |  197.6 |   44.1 |  226.9
  Exp_Reverse_Gate       |  15.4 |  26.10 |  0.750 | 21.59 | 85.19 |  199.5 |   69.4 |  218.3
  Exp_Boost              |  12.8 |  24.79 |  0.719 | 24.41 | 90.34 |  180.3 |   36.3 |  206.9
  TwoPhase               |  13.0 |  25.24 |  0.761 | 24.88 | 90.42 |  175.4 |   32.5 |  203.7
  Entropy                |  12.7 |  24.70 |  0.720 | 24.16 | 89.41 |  174.9 |   38.3 |  203.1
  Locality               |  12.8 |  24.44 |  0.726 | 24.56 | 90.01 |  176.8 |   35.0 |  204.9
  Dual                   |   3.1 |  25.06 |  0.979 | 35.70 | 98.62 |   45.6 |    2.7 |  101.4
  Quantile               |  12.2 |  26.33 |  0.859 | 26.39 | 91.96 |  179.6 |   23.0 |  216.8
  Budget_Matched         |  13.0 |  21.93 |  0.698 | 24.63 | 89.84 |  170.9 |   34.5 |  199.5
  → image traitée en 175s (16s/stratégie)

[GPU 2] [37/100]  000000000136  (0_random_140)
  Strategy               |     λ | CLIP-W | CLIP-I |  PSNR |  SSIM |  LPIPS |    MSE |     SD
  -----------------------+--------+--------+--------+--------+--------+--------+--------+--------+-
  Baseline               |  13.5 |  22.10 |  0.844 | 22.21 | 90.53 |  123.8 |   60.1 |  411.9
  Exp_Forward_Gate       |  12.8 |  22.74 |  0.848 | 23.59 | 92.28 |  128.0 |   43.8 |  467.3
  Exp_Forward            |  14.0 |  22.47 |  0.816 | 22.31 | 90.40 |  142.6 |   58.7 |  467.5
  Exp_Reverse_Gate       |  15.7 |  23.06 |  0.821 | 21.09 | 88.82 |  138.3 |   77.9 |  399.7
  Exp_Boost              |  12.7 |  22.24 |  0.851 | 23.63 | 92.37 |  147.4 |   43.3 |  502.2
  TwoPhase               |  12.9 |  21.84 |  0.876 | 23.54 | 92.30 |  127.3 |   44.3 |  452.9
  Entropy                |  12.7 |  21.99 |  0.841 | 23.33 | 91.91 |  130.4 |   46.5 |  454.4
  Locality               |  12.6 |  21.80 |  0.864 | 22.75 | 91.36 |  135.3 |   53.0 |  463.3
  Dual                   |   3.3 |  21.35 |  0.945 | 32.05 | 97.86 |   55.1 |    6.2 |  365.4
  Quantile               |  13.0 |  22.04 |  0.839 | 22.67 | 89.84 |  234.8 |   54.1 |  564.4
  Budget_Matched         |  13.1 |  21.88 |  0.875 | 24.22 | 92.87 |  113.0 |   37.9 |  413.4
  → image traitée en 175s (16s/stratégie)

[GPU 2] [38/100]  000000000137  (0_random_140)
  Strategy               |     λ | CLIP-W | CLIP-I |  PSNR |  SSIM |  LPIPS |    MSE |     SD
  -----------------------+--------+--------+--------+--------+--------+--------+--------+--------+-
  Baseline               |  13.5 |  23.58 |  0.898 | 20.70 | 83.64 |  293.5 |   85.2 |  236.3
  Exp_Forward_Gate       |  12.7 |  25.05 |  0.847 | 21.36 | 85.36 |  275.2 |   73.1 |  215.9
  Exp_Forward            |  14.2 |  25.67 |  0.911 | 21.24 | 84.25 |  294.7 |   75.2 |  228.1
  Exp_Reverse_Gate       |  16.1 |  25.13 |  0.867 | 19.16 | 77.80 |  362.2 |  121.4 |  259.1
  Exp_Boost              |  12.8 |  23.57 |  0.912 | 21.83 | 85.94 |  272.3 |   65.7 |  223.7
  TwoPhase               |  12.9 |  24.68 |  0.829 | 20.68 | 83.00 |  302.2 |   85.4 |  219.3
  Entropy                |  12.8 |  23.69 |  0.926 | 21.61 | 85.53 |  277.6 |   69.0 |  227.1
  Locality               |  12.7 |  26.34 |  0.887 | 21.22 | 85.03 |  279.0 |   75.5 |  220.9
  Dual                   |   3.3 |  23.91 |  0.981 | 27.90 | 96.34 |   88.2 |   16.2 |  110.5
  Quantile               |  12.7 |  26.22 |  0.923 | 20.74 | 85.44 |  286.0 |   84.3 |  210.5
  Budget_Matched         |  13.0 |  24.51 |  0.911 | 21.36 | 85.78 |  273.7 |   73.0 |  209.3
  → image traitée en 176s (16s/stratégie)

[GPU 2] [39/100]  000000000138  (0_random_140)
  Strategy               |     λ | CLIP-W | CLIP-I |  PSNR |  SSIM |  LPIPS |    MSE |     SD
  -----------------------+--------+--------+--------+--------+--------+--------+--------+--------+-
  Baseline               |  13.5 |  27.05 |  0.792 | 20.64 | 81.34 |  292.5 |   86.2 |  294.3
  Exp_Forward_Gate       |  12.6 |  29.36 |  0.866 | 22.59 | 87.03 |  231.3 |   55.1 |  269.0
  Exp_Forward            |  14.1 |  28.50 |  0.826 | 19.20 | 81.60 |  290.4 |  120.2 |  297.4
  Exp_Reverse_Gate       |  16.4 |  29.23 |  0.801 | 17.63 | 75.06 |  331.2 |  172.5 |  322.9
  Exp_Boost              |  12.5 |  27.71 |  0.842 | 22.89 | 86.46 |  239.4 |   51.4 |  268.6
  TwoPhase               |  12.7 |  28.74 |  0.878 | 22.36 | 87.11 |  213.4 |   58.0 |  259.9
  Entropy                |  12.5 |  27.63 |  0.844 | 21.43 | 85.48 |  252.0 |   72.0 |  268.4
  Locality               |  12.5 |  27.57 |  0.854 | 20.99 | 82.78 |  274.1 |   79.7 |  285.8
  Dual                   |   3.2 |  20.30 |  0.985 | 31.79 | 97.78 |   74.6 |    6.6 |  151.7
  Quantile               |  12.1 |  27.24 |  0.852 | 21.59 | 87.89 |  242.6 |   69.3 |  264.6
  Budget_Matched         |  12.7 |  28.76 |  0.825 | 19.20 | 81.73 |  274.0 |  120.3 |  289.0
  → image traitée en 176s (16s/stratégie)

[GPU 2] [40/100]  000000000139  (0_random_140)
  Strategy               |     λ | CLIP-W | CLIP-I |  PSNR |  SSIM |  LPIPS |    MSE |     SD
  -----------------------+--------+--------+--------+--------+--------+--------+--------+--------+-
  Baseline               |  13.5 |  21.98 |  0.958 | 19.25 | 84.49 |  243.5 |  118.9 |  243.1
  Exp_Forward_Gate       |  12.5 |  21.64 |  0.970 | 20.30 | 87.31 |  205.0 |   93.3 |  193.1
  Exp_Forward            |  14.0 |  21.56 |  0.947 | 19.47 | 85.53 |  227.7 |  113.0 |  210.7
  Exp_Reverse_Gate       |  15.8 |  21.94 |  0.963 | 18.44 | 81.93 |  271.0 |  143.3 |  252.8
  Exp_Boost              |  12.4 |  21.53 |  0.976 | 21.41 | 89.37 |  191.5 |   72.2 |  185.3
  TwoPhase               |  12.7 |  21.92 |  0.963 | 20.20 | 87.42 |  213.0 |   95.4 |  195.2
  Entropy                |  12.5 |  21.84 |  0.970 | 20.61 | 88.19 |  201.0 |   86.9 |  190.1
  Locality               |  12.5 |  21.12 |  0.978 | 20.40 | 87.63 |  203.7 |   91.2 |  188.4
  Dual                   |   3.2 |  20.16 |  0.987 | 26.44 | 95.85 |  100.3 |   22.7 |  116.8
  Quantile               |  12.1 |  20.95 |  0.926 | 21.89 | 87.85 |  244.7 |   64.8 |  217.8
  Budget_Matched         |  12.9 |  21.49 |  0.970 | 20.35 | 87.21 |  210.8 |   92.3 |  195.5
  → image traitée en 176s (16s/stratégie)

[GPU 2] [41/100]  111000000000  (1_animal)
  Strategy               |     λ | CLIP-W | CLIP-I |  PSNR |  SSIM |  LPIPS |    MSE |     SD
  -----------------------+--------+--------+--------+--------+--------+--------+--------+--------+-
  Baseline               |  13.5 |  21.38 |  0.881 | 16.66 | 63.20 |  332.4 |  215.7 |  320.6
  Exp_Forward_Gate       |  12.1 |  18.09 |  0.905 | 18.62 | 71.21 |  274.1 |  137.4 |  284.1
  Exp_Forward            |  14.2 |  19.35 |  0.895 | 18.07 | 68.07 |  294.6 |  156.1 |  304.2
  Exp_Reverse_Gate       |  18.6 |  22.21 |  0.857 | 14.74 | 53.32 |  420.4 |  335.9 |  373.3
  Exp_Boost              |  11.9 |  15.09 |  0.957 | 19.59 | 74.88 |  244.4 |  109.8 |  267.5
  TwoPhase               |  12.4 |  16.18 |  0.927 | 18.92 | 71.81 |  271.8 |  128.3 |  280.9
  Entropy                |  12.1 |  17.57 |  0.906 | 19.05 | 73.21 |  256.9 |  124.4 |  274.2
  Locality               |  12.1 |  15.60 |  0.930 | 18.96 | 72.08 |  264.3 |  127.2 |  280.4
  Dual                   |   3.2 |  13.70 |  0.979 | 30.22 | 93.84 |   42.7 |    9.5 |  105.8
  Quantile               |  11.8 |  13.60 |  0.958 | 20.82 | 79.66 |  206.2 |   82.8 |  249.8
  Budget_Matched         |  12.5 |  19.04 |  0.911 | 18.12 | 69.60 |  278.4 |  154.2 |  288.3
  → image traitée en 176s (16s/stratégie)

[GPU 2] [42/100]  111000000001  (1_animal)
  Strategy               |     λ | CLIP-W | CLIP-I |  PSNR |  SSIM |  LPIPS |    MSE |     SD
  -----------------------+--------+--------+--------+--------+--------+--------+--------+--------+-
  Baseline               |  13.5 |  37.52 |  0.818 | 15.71 | 65.15 |  394.5 |  268.3 |  432.3
  Exp_Forward_Gate       |  12.1 |  37.07 |  0.820 | 17.04 | 72.99 |  336.9 |  197.7 |  401.0
  Exp_Forward            |  14.4 |  38.28 |  0.803 | 16.37 | 68.52 |  381.8 |  230.5 |  430.0
  Exp_Reverse_Gate       |  20.1 |  39.62 |  0.787 | 13.82 | 54.18 |  473.7 |  415.2 |  476.2
  Exp_Boost              |  12.4 |  36.53 |  0.814 | 17.98 | 76.76 |  312.7 |  159.3 |  382.7
  TwoPhase               |  12.5 |  36.52 |  0.811 | 17.21 | 73.54 |  332.6 |  190.0 |  398.4
  Entropy                |  12.1 |  37.29 |  0.812 | 16.89 | 71.61 |  348.1 |  204.5 |  410.8
  Locality               |  12.1 |  37.54 |  0.803 | 17.03 | 71.90 |  352.9 |  198.1 |  408.6
  Dual                   |   3.3 |  23.59 |  0.986 | 29.28 | 97.07 |   60.2 |   11.8 |  205.4
  Quantile               |  12.5 |  37.09 |  0.829 | 17.88 | 79.11 |  304.4 |  162.8 |  371.9
  Budget_Matched         |  12.4 |  36.57 |  0.800 | 16.40 | 70.39 |  358.6 |  229.1 |  411.4
  → image traitée en 176s (16s/stratégie)

[GPU 2] [43/100]  111000000002  (1_animal)
  Strategy               |     λ | CLIP-W | CLIP-I |  PSNR |  SSIM |  LPIPS |    MSE |     SD
  -----------------------+--------+--------+--------+--------+--------+--------+--------+--------+-
  Baseline               |  13.5 |  23.11 |  0.766 | 18.38 | 76.81 |  354.1 |  145.3 |  480.1
  Exp_Forward_Gate       |  12.3 |  23.76 |  0.782 | 19.56 | 79.57 |  338.0 |  110.6 |  484.2
  Exp_Forward            |  14.3 |  21.83 |  0.770 | 18.80 | 76.16 |  367.4 |  132.0 |  495.4
  Exp_Reverse_Gate       |  18.6 |  23.35 |  0.791 | 16.60 | 66.42 |  449.9 |  218.5 |  527.4
  Exp_Boost              |  12.4 |  23.87 |  0.763 | 20.02 | 79.62 |  366.6 |   99.5 |  516.1
  TwoPhase               |  12.5 |  24.21 |  0.793 | 19.10 | 78.01 |  359.9 |  123.0 |  502.6
  Entropy                |  12.2 |  23.35 |  0.777 | 19.49 | 79.97 |  337.1 |  112.5 |  488.2
  Locality               |  12.2 |  26.00 |  0.789 | 19.15 | 78.87 |  349.2 |  121.6 |  489.1
  Dual                   |   3.6 |  12.51 |  0.984 | 27.95 | 95.01 |   96.4 |   16.1 |  341.3
  Quantile               |  11.8 |  25.02 |  0.782 | 19.28 | 78.90 |  380.5 |  117.9 |  537.2
  Budget_Matched         |  12.5 |  24.60 |  0.793 | 18.99 | 76.99 |  359.4 |  126.1 |  492.6
  → image traitée en 176s (16s/stratégie)

[GPU 2] [44/100]  111000000003  (1_animal)
  Strategy               |     λ | CLIP-W | CLIP-I |  PSNR |  SSIM |  LPIPS |    MSE |     SD
  -----------------------+--------+--------+--------+--------+--------+--------+--------+--------+-
  Baseline               |  13.5 |  27.98 |  0.833 | 18.58 | 77.15 |  258.3 |  138.6 |  367.2
  Exp_Forward_Gate       |  12.2 |  29.04 |  0.846 | 19.83 | 80.17 |  243.8 |  103.9 |  370.8
  Exp_Forward            |  14.2 |  29.64 |  0.827 | 18.74 | 76.31 |  282.0 |  133.8 |  390.5
  Exp_Reverse_Gate       |  17.3 |  27.37 |  0.837 | 17.56 | 73.77 |  293.0 |  175.3 |  376.9
  Exp_Boost              |  12.3 |  28.77 |  0.860 | 20.90 | 81.94 |  240.2 |   81.3 |  367.5
  TwoPhase               |  12.5 |  28.84 |  0.845 | 19.81 | 79.34 |  251.2 |  104.4 |  373.8
  Entropy                |  12.2 |  28.10 |  0.847 | 19.22 | 79.11 |  252.0 |  119.6 |  372.1
  Locality               |  12.2 |  28.38 |  0.821 | 19.29 | 78.05 |  267.3 |  117.9 |  378.9
  Dual                   |   3.4 |  21.21 |  0.935 | 29.00 | 95.79 |   77.8 |   12.6 |  242.0
  Quantile               |  12.1 |  29.38 |  0.846 | 20.02 | 80.94 |  272.1 |   99.6 |  401.0
  Budget_Matched         |  12.6 |  28.92 |  0.843 | 19.08 | 77.39 |  264.8 |  123.6 |  371.4
  → image traitée en 176s (16s/stratégie)

[GPU 2] [45/100]  111000000004  (1_animal)
  Strategy               |     λ | CLIP-W | CLIP-I |  PSNR |  SSIM |  LPIPS |    MSE |     SD
  -----------------------+--------+--------+--------+--------+--------+--------+--------+--------+-
  Baseline               |  13.5 |  30.21 |  0.944 | 19.67 | 82.28 |  181.2 |  108.0 |  450.8
  Exp_Forward_Gate       |  12.5 |  30.08 |  0.911 | 20.78 | 83.65 |  193.2 |   83.6 |  507.2
  Exp_Forward            |  14.2 |  26.15 |  0.790 | 20.06 | 82.46 |  199.2 |   98.6 |  503.3
  Exp_Reverse_Gate       |  16.9 |  24.95 |  0.799 | 18.17 | 78.18 |  206.3 |  152.4 |  413.9
  Exp_Boost              |  12.6 |  30.20 |  0.919 | 21.48 | 85.58 |  199.7 |   71.1 |  533.7
  TwoPhase               |  12.6 |  30.09 |  0.908 | 20.80 | 83.76 |  191.9 |   83.1 |  510.0
  Entropy                |  12.4 |  27.78 |  0.775 | 20.40 | 83.33 |  190.1 |   91.3 |  509.0
  Locality               |  12.5 |  24.39 |  0.706 | 20.75 | 83.86 |  185.2 |   84.1 |  507.9
  Dual                   |   3.5 |  27.94 |  0.978 | 30.10 | 96.56 |   60.1 |    9.8 |  396.7
  Quantile               |  11.9 |  29.50 |  0.963 | 22.63 | 87.52 |  222.9 |   54.6 |  555.6
  Budget_Matched         |  12.7 |  30.24 |  0.913 | 20.03 | 82.44 |  185.5 |   99.4 |  483.5
  → image traitée en 176s (16s/stratégie)

[GPU 2] [46/100]  111000000005  (1_animal)
  Strategy               |     λ | CLIP-W | CLIP-I |  PSNR |  SSIM |  LPIPS |    MSE |     SD
  -----------------------+--------+--------+--------+--------+--------+--------+--------+--------+-
  Baseline               |  13.5 |  30.40 |  0.815 | 20.75 | 85.58 |  200.4 |   84.1 |  226.3
  Exp_Forward_Gate       |  12.5 |  30.16 |  0.844 | 22.12 | 87.70 |  181.2 |   61.4 |  219.4
  Exp_Forward            |  14.0 |  29.68 |  0.844 | 21.78 | 87.24 |  183.6 |   66.4 |  220.6
  Exp_Reverse_Gate       |  16.3 |  31.39 |  0.782 | 19.48 | 82.31 |  243.0 |  112.8 |  257.7
  Exp_Boost              |  12.4 |  30.95 |  0.831 | 21.89 | 87.62 |  182.7 |   64.8 |  221.3
  TwoPhase               |  12.7 |  30.48 |  0.841 | 21.88 | 87.59 |  178.7 |   64.9 |  219.7
  Entropy                |  12.5 |  29.76 |  0.857 | 22.15 | 88.22 |  177.3 |   60.9 |  215.6
  Locality               |  12.5 |  31.13 |  0.854 | 21.69 | 87.61 |  179.3 |   67.7 |  220.2
  Dual                   |   3.3 |  20.03 |  0.983 | 32.41 | 97.61 |   59.7 |    5.7 |  128.9
  Quantile               |  12.8 |  28.88 |  0.834 | 22.29 | 87.25 |  218.8 |   59.1 |  251.6
  Budget_Matched         |  12.8 |  30.00 |  0.822 | 21.65 | 87.24 |  184.1 |   68.4 |  216.9
  → image traitée en 176s (16s/stratégie)

[GPU 2] [47/100]  111000000006  (1_animal)
  Strategy               |     λ | CLIP-W | CLIP-I |  PSNR |  SSIM |  LPIPS |    MSE |     SD
  -----------------------+--------+--------+--------+--------+--------+--------+--------+--------+-
  Baseline               |  13.5 |  27.55 |  0.886 | 24.53 | 95.11 |   69.0 |   35.2 |  486.7
  Exp_Forward_Gate       |  13.3 |  27.32 |  0.869 | 25.41 | 95.26 |  101.9 |   28.8 |  566.5
  Exp_Forward            |  14.3 |  28.70 |  0.901 | 24.40 | 94.42 |   82.2 |   36.3 |  548.4
  Exp_Reverse_Gate       |  14.8 |  26.07 |  0.866 | 23.87 | 94.17 |   72.2 |   41.0 |  411.9
  Exp_Boost              |  13.4 |  27.52 |  0.903 | 24.60 | 94.29 |  113.3 |   34.7 |  627.0
  TwoPhase               |  13.3 |  28.55 |  0.868 | 24.65 | 94.29 |   87.8 |   34.3 |  592.0
  Entropy                |  13.2 |  26.93 |  0.892 | 24.75 | 93.84 |   93.7 |   33.5 |  556.5
  Locality               |  13.2 |  27.98 |  0.880 | 24.77 | 94.81 |   77.3 |   33.3 |  554.7
  Dual                   |   3.5 |  28.35 |  0.937 | 30.74 | 93.96 |   33.1 |    8.4 |  447.9
  Quantile               |  13.5 |  27.96 |  0.862 | 24.39 | 95.64 |  121.6 |   36.4 |  671.6
  Budget_Matched         |  13.2 |  27.08 |  0.894 | 24.26 | 94.57 |   68.7 |   37.5 |  532.7
  → image traitée en 175s (16s/stratégie)

[GPU 2] [48/100]  111000000007  (1_animal)
  Strategy               |     λ | CLIP-W | CLIP-I |  PSNR |  SSIM |  LPIPS |    MSE |     SD
  -----------------------+--------+--------+--------+--------+--------+--------+--------+--------+-
  Baseline               |  13.5 |  27.51 |  0.690 | 18.37 | 78.80 |  279.0 |  145.5 |  326.5
  Exp_Forward_Gate       |  12.0 |  29.90 |  0.729 | 19.56 | 82.62 |  244.4 |  110.6 |  304.0
  Exp_Forward            |  14.1 |  28.00 |  0.718 | 18.85 | 80.65 |  264.4 |  130.3 |  317.6
  Exp_Reverse_Gate       |  18.3 |  28.02 |  0.673 | 16.88 | 74.54 |  318.3 |  205.1 |  359.2
  Exp_Boost              |  12.0 |  26.80 |  0.746 | 20.41 | 83.67 |  248.6 |   91.0 |  305.9
  TwoPhase               |  12.2 |  26.09 |  0.685 | 19.64 | 82.52 |  247.8 |  108.7 |  310.6
  Entropy                |  12.0 |  28.72 |  0.729 | 19.45 | 82.13 |  253.5 |  113.4 |  309.1
  Locality               |  12.0 |  28.28 |  0.736 | 19.46 | 82.04 |  260.6 |  113.2 |  310.1
  Dual                   |   3.3 |  17.88 |  0.987 | 31.33 | 97.70 |   56.5 |    7.4 |  173.3
  Quantile               |  11.5 |  21.02 |  0.812 | 20.74 | 85.34 |  250.8 |   84.4 |  321.3
  Budget_Matched         |  12.4 |  27.93 |  0.722 | 19.34 | 81.12 |  262.2 |  116.3 |  315.3
  → image traitée en 176s (16s/stratégie)

[GPU 2] [49/100]  111000000008  (1_animal)
  Strategy               |     λ | CLIP-W | CLIP-I |  PSNR |  SSIM |  LPIPS |    MSE |     SD
  -----------------------+--------+--------+--------+--------+--------+--------+--------+--------+-
  Baseline               |  13.5 |  31.90 |  0.779 | 18.77 | 75.41 |  242.3 |  132.9 |  287.4
  Exp_Forward_Gate       |  12.1 |  32.13 |  0.796 | 19.59 | 77.18 |  236.7 |  109.9 |  289.2
  Exp_Forward            |  14.1 |  32.12 |  0.700 | 18.83 | 74.65 |  263.8 |  130.8 |  304.7
  Exp_Reverse_Gate       |  17.8 |  36.39 |  0.722 | 17.03 | 68.38 |  306.4 |  198.3 |  324.3
  Exp_Boost              |  12.0 |  31.03 |  0.751 | 20.19 | 78.67 |  231.3 |   95.7 |  287.0
  TwoPhase               |  12.4 |  31.52 |  0.735 | 20.03 | 77.62 |  229.0 |   99.4 |  285.8
  Entropy                |  12.1 |  30.57 |  0.676 | 19.76 | 77.49 |  228.8 |  105.6 |  284.3
  Locality               |  12.1 |  34.70 |  0.748 | 19.87 | 76.76 |  235.3 |  103.0 |  288.7
  Dual                   |   3.4 |  25.14 |  0.977 | 27.87 | 90.85 |   78.0 |   16.3 |  181.9
  Quantile               |  11.6 |  30.27 |  0.813 | 20.13 | 77.99 |  252.6 |   97.0 |  303.3
  Budget_Matched         |  12.5 |  32.50 |  0.731 | 18.99 | 76.14 |  235.2 |  126.3 |  288.0
  → image traitée en 176s (16s/stratégie)

[GPU 2] [50/100]  111000000009  (1_animal)
  Strategy               |     λ | CLIP-W | CLIP-I |  PSNR |  SSIM |  LPIPS |    MSE |     SD
  -----------------------+--------+--------+--------+--------+--------+--------+--------+--------+-
  Baseline               |  13.5 |  27.32 |  0.738 | 15.94 | 72.78 |  292.3 |  254.5 |  321.1
  Exp_Forward_Gate       |  12.2 |  27.34 |  0.747 | 17.19 | 76.96 |  266.1 |  190.8 |  315.1
  Exp_Forward            |  14.3 |  27.59 |  0.742 | 16.65 | 74.99 |  283.4 |  216.4 |  325.6
  Exp_Reverse_Gate       |  18.7 |  27.49 |  0.755 | 14.17 | 65.56 |  347.4 |  383.3 |  369.6
  Exp_Boost              |  12.2 |  27.12 |  0.783 | 17.64 | 78.70 |  263.1 |  172.2 |  313.9
  TwoPhase               |  12.4 |  27.26 |  0.773 | 17.39 | 75.80 |  279.9 |  182.5 |  327.5
  Entropy                |  12.1 |  27.64 |  0.760 | 17.10 | 75.80 |  276.5 |  195.1 |  317.7
  Locality               |  12.1 |  28.48 |  0.769 | 17.40 | 77.13 |  263.8 |  181.9 |  301.6
  Dual                   |   3.4 |  16.44 |  0.974 | 27.53 | 96.42 |   71.1 |   17.7 |  178.6
  Quantile               |  11.4 |  27.03 |  0.818 | 18.70 | 82.62 |  236.7 |  134.9 |  312.7
  Budget_Matched         |  12.4 |  26.53 |  0.743 | 16.36 | 75.46 |  279.9 |  231.0 |  315.2
  → image traitée en 176s (16s/stratégie)

[GPU 2] [51/100]  112000000000  (2_human)
  Strategy               |     λ | CLIP-W | CLIP-I |  PSNR |  SSIM |  LPIPS |    MSE |     SD
  -----------------------+--------+--------+--------+--------+--------+--------+--------+--------+-
  Baseline               |  13.5 |  26.79 |  0.787 | 21.74 | 75.82 |  239.1 |   66.9 |  303.0
  Exp_Forward_Gate       |  12.5 |  26.89 |  0.815 | 22.63 | 78.93 |  222.7 |   54.6 |  287.8
  Exp_Forward            |  14.1 |  26.84 |  0.779 | 22.02 | 76.83 |  248.9 |   62.7 |  303.4
  Exp_Reverse_Gate       |  16.4 |  27.89 |  0.729 | 19.66 | 67.99 |  298.8 |  108.1 |  348.0
  Exp_Boost              |  12.6 |  26.51 |  0.852 | 23.93 | 82.28 |  196.3 |   40.4 |  270.8
  TwoPhase               |  12.6 |  26.78 |  0.792 | 22.55 | 79.93 |  219.8 |   55.6 |  289.6
  Entropy                |  12.5 |  26.65 |  0.830 | 22.87 | 79.57 |  218.9 |   51.6 |  285.3
  Locality               |  12.6 |  26.47 |  0.817 | 22.72 | 78.85 |  226.8 |   53.4 |  290.2
  Dual                   |   3.2 |  21.81 |  0.974 | 32.65 | 96.21 |   44.8 |    5.4 |  143.0
  Quantile               |  12.8 |  25.39 |  0.873 | 23.54 | 82.49 |  211.2 |   44.3 |  290.2
  Budget_Matched         |  12.9 |  26.20 |  0.804 | 22.95 | 79.57 |  221.3 |   50.7 |  289.0
  → image traitée en 177s (16s/stratégie)

[GPU 2] [52/100]  112000000001  (2_human)
  Strategy               |     λ | CLIP-W | CLIP-I |  PSNR |  SSIM |  LPIPS |    MSE |     SD
  -----------------------+--------+--------+--------+--------+--------+--------+--------+--------+-
  Baseline               |  13.5 |  23.53 |  0.873 | 23.61 | 88.63 |  164.0 |   43.6 |  226.2
  Exp_Forward_Gate       |  12.6 |  22.80 |  0.853 | 23.94 | 88.99 |  161.1 |   40.4 |  222.1
  Exp_Forward            |  13.9 |  22.83 |  0.883 | 23.81 | 88.23 |  171.8 |   41.6 |  232.1
  Exp_Reverse_Gate       |  15.7 |  23.01 |  0.793 | 21.96 | 83.61 |  221.8 |   63.7 |  259.6
  Exp_Boost              |  12.5 |  24.64 |  0.895 | 24.37 | 89.80 |  157.9 |   36.6 |  224.5
  TwoPhase               |  12.7 |  23.37 |  0.880 | 24.13 | 89.04 |  160.7 |   38.7 |  228.5
  Entropy                |  12.6 |  23.46 |  0.895 | 24.39 | 89.67 |  160.1 |   36.4 |  225.8
  Locality               |  12.5 |  25.18 |  0.891 | 24.01 | 89.46 |  150.2 |   39.7 |  221.8
  Dual                   |   3.3 |  20.15 |  0.934 | 32.76 | 97.96 |   51.7 |    5.3 |  128.8
  Quantile               |  12.8 |  24.15 |  0.863 | 24.10 | 90.56 |  166.2 |   38.9 |  233.0
  Budget_Matched         |  12.9 |  24.80 |  0.881 | 24.07 | 89.47 |  158.8 |   39.1 |  219.5
  → image traitée en 176s (16s/stratégie)

[GPU 2] [53/100]  112000000002  (2_human)
  Strategy               |     λ | CLIP-W | CLIP-I |  PSNR |  SSIM |  LPIPS |    MSE |     SD
  -----------------------+--------+--------+--------+--------+--------+--------+--------+--------+-
  Baseline               |  13.5 |  28.19 |  0.863 | 20.18 | 89.68 |  111.5 |   95.9 |  376.3
  Exp_Forward_Gate       |  12.7 |  21.82 |  0.927 | 21.88 | 92.70 |  106.3 |   64.9 |  440.2
  Exp_Forward            |  14.1 |  29.03 |  0.863 | 21.09 | 91.87 |   93.6 |   77.9 |  296.4
  Exp_Reverse_Gate       |  15.9 |  29.69 |  0.824 | 19.34 | 88.40 |  111.9 |  116.4 |  332.5
  Exp_Boost              |  12.8 |  21.82 |  0.952 | 23.54 | 94.55 |   71.1 |   44.3 |  371.8
  TwoPhase               |  12.9 |  27.30 |  0.876 | 21.93 | 92.68 |   81.2 |   64.2 |  228.4
  Entropy                |  12.6 |  25.14 |  0.918 | 22.38 | 93.62 |   75.8 |   57.8 |  295.0
  Locality               |  12.5 |  27.17 |  0.877 | 21.26 | 91.86 |  111.5 |   74.9 |  460.6
  Dual                   |   3.4 |  21.37 |  0.985 | 31.25 | 98.68 |   21.8 |    7.5 |  167.2
  Quantile               |  12.9 |  25.43 |  0.928 | 24.47 | 95.66 |   78.2 |   35.7 |  435.5
  Budget_Matched         |  12.9 |  24.84 |  0.918 | 20.79 | 91.15 |  111.0 |   83.5 |  458.3
  → image traitée en 175s (16s/stratégie)

[GPU 2] [54/100]  112000000003  (2_human)
  Strategy               |     λ | CLIP-W | CLIP-I |  PSNR |  SSIM |  LPIPS |    MSE |     SD
  -----------------------+--------+--------+--------+--------+--------+--------+--------+--------+-
  Baseline               |  13.5 |  31.74 |  0.806 | 22.68 | 93.88 |   67.5 |   53.9 |  354.6
  Exp_Forward_Gate       |  12.9 |  30.91 |  0.747 | 23.46 | 94.52 |   70.2 |   45.0 |  419.0
  Exp_Forward            |  14.2 |  30.46 |  0.850 | 23.03 | 94.02 |   66.9 |   49.7 |  329.2
  Exp_Reverse_Gate       |  15.1 |  31.16 |  0.757 | 21.79 | 92.45 |   75.2 |   66.2 |  289.6
  Exp_Boost              |  13.2 |  31.02 |  0.844 | 24.17 | 95.25 |   65.8 |   38.3 |  427.9
  TwoPhase               |  13.2 |  30.09 |  0.847 | 23.67 | 94.69 |   70.8 |   43.0 |  475.8
  Entropy                |  13.0 |  30.47 |  0.879 | 23.65 | 94.50 |   67.5 |   43.2 |  339.7
  Locality               |  13.0 |  31.12 |  0.863 | 23.68 | 94.63 |   72.7 |   42.9 |  474.5
  Dual                   |   3.4 |  24.32 |  0.958 | 32.30 | 99.08 |   20.2 |    5.9 |  217.3
  Quantile               |  13.0 |  28.29 |  0.817 | 23.48 | 94.52 |  105.8 |   44.8 |  614.5
  Budget_Matched         |  13.1 |  30.58 |  0.867 | 23.55 | 94.26 |   66.3 |   44.1 |  386.6
  → image traitée en 175s (16s/stratégie)

[GPU 2] [55/100]  112000000004  (2_human)
  Strategy               |     λ | CLIP-W | CLIP-I |  PSNR |  SSIM |  LPIPS |    MSE |     SD
  -----------------------+--------+--------+--------+--------+--------+--------+--------+--------+-
  Baseline               |  13.5 |  27.33 |  0.841 | 20.34 | 82.23 |  229.8 |   92.5 |  285.5
  Exp_Forward_Gate       |  12.3 |  26.21 |  0.768 | 21.04 | 82.76 |  238.4 |   78.7 |  290.6
  Exp_Forward            |  14.0 |  25.26 |  0.820 | 20.74 | 82.62 |  237.1 |   84.4 |  285.4
  Exp_Reverse_Gate       |  17.1 |  27.15 |  0.790 | 18.53 | 77.50 |  270.7 |  140.3 |  311.6
  Exp_Boost              |  12.1 |  26.58 |  0.843 | 22.16 | 85.11 |  212.5 |   60.8 |  275.0
  TwoPhase               |  12.4 |  25.94 |  0.814 | 21.47 | 84.13 |  215.2 |   71.3 |  270.9
  Entropy                |  12.3 |  26.21 |  0.822 | 20.96 | 82.68 |  228.2 |   80.1 |  285.8
  Locality               |  12.3 |  25.82 |  0.853 | 21.59 | 85.12 |  209.1 |   69.3 |  268.8
  Dual                   |   3.2 |  23.86 |  0.996 | 31.36 | 96.51 |   66.0 |    7.3 |  162.3
  Quantile               |  11.7 |  26.20 |  0.890 | 23.02 | 86.79 |  232.2 |   49.8 |  283.4
  Budget_Matched         |  12.7 |  26.32 |  0.813 | 20.77 | 82.98 |  218.2 |   83.8 |  281.6
  → image traitée en 176s (16s/stratégie)

[GPU 2] [56/100]  112000000005  (2_human)
  Strategy               |     λ | CLIP-W | CLIP-I |  PSNR |  SSIM |  LPIPS |    MSE |     SD
  -----------------------+--------+--------+--------+--------+--------+--------+--------+--------+-
  Baseline               |  13.5 |  29.85 |  0.879 | 22.47 | 86.71 |  188.1 |   56.6 |  258.1
  Exp_Forward_Gate       |  12.8 |  31.30 |  0.882 | 22.76 | 88.21 |  176.2 |   52.9 |  254.1
  Exp_Forward            |  14.1 |  31.62 |  0.849 | 21.87 | 85.23 |  206.7 |   65.1 |  273.3
  Exp_Reverse_Gate       |  15.5 |  29.56 |  0.849 | 20.11 | 81.28 |  239.1 |   97.4 |  287.7
  Exp_Boost              |  12.8 |  29.17 |  0.868 | 22.07 | 86.82 |  188.2 |   62.1 |  264.6
  TwoPhase               |  13.0 |  30.80 |  0.884 | 22.51 | 87.62 |  174.2 |   56.1 |  256.0
  Entropy                |  12.8 |  29.57 |  0.890 | 22.77 | 87.91 |  172.3 |   52.9 |  253.2
  Locality               |  12.8 |  31.22 |  0.866 | 22.58 | 87.97 |  171.7 |   55.2 |  255.5
  Dual                   |   3.2 |  25.06 |  0.977 | 31.85 | 97.91 |   45.2 |    6.5 |  143.9
  Quantile               |  12.8 |  31.00 |  0.878 | 22.00 | 85.78 |  193.1 |   63.2 |  281.5
  Budget_Matched         |  13.0 |  31.14 |  0.877 | 22.07 | 86.93 |  191.5 |   62.1 |  260.0
  → image traitée en 177s (16s/stratégie)

[GPU 2] [57/100]  112000000006  (2_human)
  Strategy               |     λ | CLIP-W | CLIP-I |  PSNR |  SSIM |  LPIPS |    MSE |     SD
  -----------------------+--------+--------+--------+--------+--------+--------+--------+--------+-
  Baseline               |  13.5 |  22.48 |  0.970 | 22.00 | 66.56 |  186.0 |   63.2 |  498.9
  Exp_Forward_Gate       |  12.8 |  22.94 |  0.982 | 23.24 | 68.35 |  151.8 |   47.5 |  461.1
  Exp_Forward            |  14.2 |  22.32 |  0.971 | 22.21 | 67.45 |  166.0 |   60.2 |  510.3
  Exp_Reverse_Gate       |  16.1 |  24.06 |  0.966 | 20.22 | 62.34 |  188.0 |   95.0 |  446.1
  Exp_Boost              |  12.8 |  22.89 |  0.979 | 23.61 | 69.87 |  150.2 |   43.6 |  497.5
  TwoPhase               |  12.8 |  23.18 |  0.979 | 22.77 | 67.34 |  167.5 |   52.8 |  462.0
  Entropy                |  12.7 |  22.82 |  0.982 | 23.18 | 69.08 |  153.6 |   48.1 |  487.8
  Locality               |  12.6 |  23.31 |  0.973 | 22.16 | 66.52 |  174.8 |   60.9 |  476.6
  Dual                   |   3.4 |  23.26 |  0.991 | 33.98 | 75.79 |   67.5 |    4.0 |  431.0
  Quantile               |  12.2 |  22.41 |  0.973 | 24.19 | 74.69 |  143.9 |   38.1 |  535.5
  Budget_Matched         |  13.0 |  22.20 |  0.967 | 23.27 | 68.87 |  162.8 |   47.1 |  469.6
  → image traitée en 176s (16s/stratégie)

[GPU 2] [58/100]  112000000007  (2_human)
  Strategy               |     λ | CLIP-W | CLIP-I |  PSNR |  SSIM |  LPIPS |    MSE |     SD
  -----------------------+--------+--------+--------+--------+--------+--------+--------+--------+-
  Baseline               |  13.5 |  24.49 |  0.917 | 23.47 | 90.24 |  134.1 |   45.0 |  170.4
  Exp_Forward_Gate       |  12.7 |  23.37 |  0.965 | 24.07 | 91.08 |  128.4 |   39.1 |  166.8
  Exp_Forward            |  13.9 |  23.38 |  0.965 | 23.69 | 89.87 |  138.9 |   42.8 |  175.7
  Exp_Reverse_Gate       |  15.2 |  24.79 |  0.946 | 22.11 | 87.44 |  169.0 |   61.5 |  193.3
  Exp_Boost              |  12.6 |  22.99 |  0.962 | 24.78 | 91.41 |  124.6 |   33.3 |  166.3
  TwoPhase               |  12.8 |  22.70 |  0.934 | 24.25 | 90.51 |  135.3 |   37.6 |  174.3
  Entropy                |  12.8 |  23.30 |  0.957 | 24.16 | 90.84 |  125.3 |   38.4 |  168.3
  Locality               |  12.8 |  21.89 |  0.903 | 24.55 | 90.84 |  131.8 |   35.0 |  169.5
  Dual                   |   3.1 |  23.12 |  0.985 | 32.41 | 97.27 |   47.8 |    5.7 |   87.3
  Quantile               |  12.5 |  23.61 |  0.967 | 25.30 | 90.42 |  156.5 |   29.5 |  192.2
  Budget_Matched         |  13.0 |  23.40 |  0.964 | 23.96 | 90.40 |  130.4 |   40.2 |  171.6
  → image traitée en 176s (16s/stratégie)

[GPU 2] [59/100]  112000000008  (2_human)
  Strategy               |     λ | CLIP-W | CLIP-I |  PSNR |  SSIM |  LPIPS |    MSE |     SD
  -----------------------+--------+--------+--------+--------+--------+--------+--------+--------+-
  Baseline               |  13.5 |  25.27 |  0.926 | 23.87 | 91.17 |  155.5 |   41.0 |  299.7
  Exp_Forward_Gate       |  12.4 |  25.05 |  0.926 | 24.57 | 92.16 |  141.5 |   34.9 |  295.9
  Exp_Forward            |  13.8 |  24.35 |  0.934 | 24.58 | 91.59 |  140.0 |   34.8 |  302.4
  Exp_Reverse_Gate       |  16.3 |  24.99 |  0.901 | 21.90 | 87.26 |  197.6 |   64.5 |  328.7
  Exp_Boost              |  12.3 |  24.50 |  0.935 | 25.28 | 92.71 |  135.9 |   29.6 |  298.6
  TwoPhase               |  12.5 |  25.04 |  0.938 | 24.70 | 91.91 |  139.8 |   33.9 |  298.2
  Entropy                |  12.4 |  23.52 |  0.897 | 24.99 | 92.65 |  132.7 |   31.7 |  293.8
  Locality               |  12.4 |  24.57 |  0.928 | 24.88 | 92.03 |  141.6 |   32.5 |  299.0
  Dual                   |   3.2 |  25.77 |  0.992 | 33.98 | 98.41 |   40.0 |    4.0 |  201.9
  Quantile               |  12.5 |  24.29 |  0.899 | 24.51 | 90.38 |  185.0 |   35.4 |  349.7
  Budget_Matched         |  12.8 |  25.78 |  0.933 | 24.22 | 91.51 |  143.0 |   37.9 |  294.0
  → image traitée en 174s (16s/stratégie)

[GPU 2] [60/100]  112000000009  (2_human)
  Strategy               |     λ | CLIP-W | CLIP-I |  PSNR |  SSIM |  LPIPS |    MSE |     SD
  -----------------------+--------+--------+--------+--------+--------+--------+--------+--------+-
  Baseline               |  13.5 |  26.61 |  0.920 | 20.03 | 84.01 |  208.9 |   99.3 |  252.7
  Exp_Forward_Gate       |  12.4 |  26.21 |  0.940 | 21.18 | 86.65 |  180.6 |   76.2 |  236.7
  Exp_Forward            |  14.0 |  26.28 |  0.938 | 20.25 | 84.43 |  206.3 |   94.4 |  251.0
  Exp_Reverse_Gate       |  16.2 |  26.64 |  0.911 | 18.90 | 80.09 |  257.6 |  128.8 |  276.3
  Exp_Boost              |  12.3 |  26.10 |  0.955 | 22.29 | 88.35 |  170.4 |   59.0 |  232.8
  TwoPhase               |  12.6 |  26.18 |  0.954 | 21.46 | 87.28 |  178.5 |   71.4 |  235.8
  Entropy                |  12.5 |  27.52 |  0.940 | 21.52 | 87.41 |  176.3 |   70.4 |  233.0
  Locality               |  12.4 |  26.41 |  0.945 | 21.40 | 87.43 |  173.3 |   72.5 |  234.1
  Dual                   |   3.3 |  23.48 |  0.988 | 28.94 | 96.93 |   60.9 |   12.8 |  141.4
  Quantile               |  12.0 |  25.05 |  0.974 | 23.28 | 90.12 |  172.3 |   47.0 |  235.3
  Budget_Matched         |  12.8 |  27.11 |  0.934 | 20.94 | 85.92 |  192.5 |   80.6 |  239.3
  → image traitée en 174s (16s/stratégie)

[GPU 2] [61/100]  113000000000  (3_indoor)
  Strategy               |     λ | CLIP-W | CLIP-I |  PSNR |  SSIM |  LPIPS |    MSE |     SD
  -----------------------+--------+--------+--------+--------+--------+--------+--------+--------+-
  Baseline               |  13.5 |  26.85 |  0.856 | 22.16 | 88.73 |  186.0 |   60.8 |  158.6
  Exp_Forward_Gate       |  12.7 |  27.45 |  0.890 | 23.28 | 90.30 |  177.2 |   47.0 |  149.6
  Exp_Forward            |  14.0 |  26.84 |  0.867 | 23.35 | 90.72 |  161.9 |   46.2 |  145.5
  Exp_Reverse_Gate       |  15.7 |  28.24 |  0.841 | 20.86 | 86.02 |  209.4 |   82.1 |  168.5
  Exp_Boost              |  12.9 |  26.49 |  0.846 | 24.18 | 91.45 |  163.0 |   38.2 |  144.6
  TwoPhase               |  13.0 |  28.09 |  0.862 | 24.02 | 90.85 |  166.4 |   39.6 |  149.5
  Entropy                |  12.8 |  27.29 |  0.873 | 23.70 | 90.13 |  176.7 |   42.7 |  156.9
  Locality               |  12.6 |  25.79 |  0.886 | 23.69 | 90.19 |  155.6 |   42.8 |  147.7
  Dual                   |   3.1 |  18.52 |  0.992 | 34.11 | 98.47 |   31.5 |    3.9 |   60.8
  Quantile               |  12.2 |  23.67 |  0.932 | 25.05 | 91.61 |  164.8 |   31.3 |  156.4
  Budget_Matched         |  12.9 |  27.18 |  0.864 | 22.69 | 89.48 |  160.6 |   53.8 |  148.7
  → image traitée en 174s (16s/stratégie)

[GPU 2] [62/100]  113000000001  (3_indoor)
  Strategy               |     λ | CLIP-W | CLIP-I |  PSNR |  SSIM |  LPIPS |    MSE |     SD
  -----------------------+--------+--------+--------+--------+--------+--------+--------+--------+-
  Baseline               |  13.5 |  19.23 |  0.778 | 21.78 | 86.48 |  209.4 |   66.4 |  308.3
  Exp_Forward_Gate       |  12.4 |  20.37 |  0.806 | 22.82 | 87.77 |  202.5 |   52.2 |  303.0
  Exp_Forward            |  13.8 |  19.10 |  0.804 | 22.49 | 86.35 |  220.4 |   56.4 |  311.1
  Exp_Reverse_Gate       |  16.1 |  18.46 |  0.789 | 21.04 | 84.82 |  233.7 |   78.7 |  313.4
  Exp_Boost              |  12.1 |  18.75 |  0.788 | 23.38 | 88.18 |  211.6 |   45.9 |  307.3
  TwoPhase               |  12.5 |  20.64 |  0.795 | 22.48 | 86.90 |  212.6 |   56.5 |  311.0
  Entropy                |  12.4 |  18.87 |  0.794 | 23.16 | 88.08 |  208.6 |   48.3 |  304.8
  Locality               |  12.3 |  18.58 |  0.810 | 23.29 | 87.94 |  204.0 |   46.9 |  305.8
  Dual                   |   3.3 |  14.95 |  0.984 | 30.08 | 94.87 |   91.4 |    9.8 |  231.0
  Quantile               |  11.6 |  17.86 |  0.877 | 24.12 | 89.02 |  263.0 |   38.7 |  338.0
  Budget_Matched         |  12.7 |  18.37 |  0.786 | 22.78 | 87.82 |  208.2 |   52.7 |  302.2
  → image traitée en 173s (16s/stratégie)

[GPU 2] [63/100]  113000000002  (3_indoor)
  Strategy               |     λ | CLIP-W | CLIP-I |  PSNR |  SSIM |  LPIPS |    MSE |     SD
  -----------------------+--------+--------+--------+--------+--------+--------+--------+--------+-
  Baseline               |  13.5 |  29.57 |  0.835 | 24.19 | 89.13 |  192.7 |   38.1 |  307.4
  Exp_Forward_Gate       |  12.6 |  29.72 |  0.826 | 24.49 | 89.90 |  199.1 |   35.6 |  330.5
  Exp_Forward            |  14.0 |  28.89 |  0.785 | 24.01 | 88.35 |  206.1 |   39.7 |  318.5
  Exp_Reverse_Gate       |  15.9 |  28.32 |  0.816 | 22.30 | 84.15 |  244.7 |   58.9 |  341.1
  Exp_Boost              |  12.5 |  29.27 |  0.843 | 24.88 | 91.03 |  184.3 |   32.5 |  311.3
  TwoPhase               |  13.0 |  29.77 |  0.855 | 25.03 | 90.40 |  177.5 |   31.4 |  309.2
  Entropy                |  12.7 |  27.08 |  0.896 | 24.87 | 90.28 |  186.9 |   32.6 |  307.1
  Locality               |  12.8 |  28.23 |  0.823 | 24.97 | 90.01 |  191.1 |   31.9 |  316.0
  Dual                   |   3.4 |  19.03 |  0.925 | 30.18 | 96.96 |   83.9 |    9.6 |  232.3
  Quantile               |  12.6 |  27.59 |  0.843 | 23.76 | 89.35 |  223.3 |   42.1 |  360.6
  Budget_Matched         |  12.9 |  28.71 |  0.812 | 24.62 | 89.37 |  192.5 |   34.5 |  306.9
  → image traitée en 174s (16s/stratégie)

[GPU 2] [64/100]  113000000003  (3_indoor)
  Strategy               |     λ | CLIP-W | CLIP-I |  PSNR |  SSIM |  LPIPS |    MSE |     SD
  -----------------------+--------+--------+--------+--------+--------+--------+--------+--------+-
  Baseline               |  13.5 |  27.02 |  0.887 | 20.91 | 83.44 |  241.9 |   81.1 |  280.1
  Exp_Forward_Gate       |  12.4 |  27.13 |  0.889 | 21.73 | 86.25 |  226.8 |   67.2 |  277.7
  Exp_Forward            |  14.0 |  28.63 |  0.883 | 21.33 | 84.78 |  220.6 |   73.6 |  281.1
  Exp_Reverse_Gate       |  16.6 |  29.25 |  0.851 | 19.25 | 79.25 |  271.3 |  118.9 |  297.4
  Exp_Boost              |  12.2 |  26.23 |  0.920 | 21.98 | 86.05 |  234.1 |   63.4 |  290.6
  TwoPhase               |  12.5 |  27.56 |  0.884 | 21.81 | 86.09 |  233.2 |   66.0 |  275.1
  Entropy                |  12.3 |  27.38 |  0.890 | 21.55 | 85.84 |  222.8 |   69.9 |  284.5
  Locality               |  12.4 |  26.21 |  0.921 | 22.57 | 87.61 |  189.8 |   55.3 |  267.0
  Dual                   |   3.4 |  20.74 |  0.972 | 27.20 | 94.82 |   96.2 |   19.1 |  211.3
  Quantile               |  13.1 |  24.53 |  0.903 | 22.02 | 87.03 |  280.4 |   62.8 |  313.3
  Budget_Matched         |  12.7 |  26.92 |  0.885 | 21.45 | 84.62 |  235.9 |   71.6 |  284.1
  → image traitée en 173s (16s/stratégie)

[GPU 2] [65/100]  113000000004  (3_indoor)
  Strategy               |     λ | CLIP-W | CLIP-I |  PSNR |  SSIM |  LPIPS |    MSE |     SD
  -----------------------+--------+--------+--------+--------+--------+--------+--------+--------+-
  Baseline               |  13.5 |  32.59 |  0.945 | 20.58 | 79.10 |  294.3 |   87.5 |  299.1
  Exp_Forward_Gate       |  12.4 |  32.04 |  0.963 | 21.64 | 82.74 |  257.1 |   68.5 |  274.8
  Exp_Forward            |  14.1 |  32.86 |  0.934 | 20.39 | 79.24 |  293.8 |   91.5 |  297.9
  Exp_Reverse_Gate       |  17.6 |  34.24 |  0.907 | 16.95 | 63.20 |  431.5 |  201.7 |  389.1
  Exp_Boost              |  12.4 |  32.60 |  0.957 | 22.13 | 85.74 |  227.1 |   61.3 |  257.0
  TwoPhase               |  12.6 |  33.46 |  0.943 | 21.25 | 81.11 |  293.0 |   75.0 |  288.2
  Entropy                |  12.4 |  32.14 |  0.958 | 20.97 | 81.79 |  265.3 |   80.0 |  280.0
  Locality               |  12.5 |  32.05 |  0.939 | 21.12 | 81.96 |  264.9 |   77.3 |  276.7
  Dual                   |   3.3 |  27.65 |  0.995 | 28.88 | 95.64 |   76.4 |   12.9 |  154.0
  Quantile               |  11.7 |  27.81 |  0.978 | 23.15 | 86.11 |  248.2 |   48.4 |  273.4
  Budget_Matched         |  12.7 |  29.52 |  0.943 | 21.46 | 81.03 |  285.9 |   71.5 |  285.8
  → image traitée en 174s (16s/stratégie)

[GPU 2] [66/100]  113000000005  (3_indoor)
  Strategy               |     λ | CLIP-W | CLIP-I |  PSNR |  SSIM |  LPIPS |    MSE |     SD
  -----------------------+--------+--------+--------+--------+--------+--------+--------+--------+-
  Baseline               |  13.5 |  21.90 |  0.928 | 26.87 | 93.20 |  142.0 |   20.6 |  208.4
  Exp_Forward_Gate       |  12.7 |  20.86 |  0.965 | 28.70 | 94.42 |  125.3 |   13.5 |  195.1
  Exp_Forward            |  13.7 |  22.97 |  0.938 | 27.31 | 93.35 |  146.6 |   18.6 |  214.6
  Exp_Reverse_Gate       |  14.9 |  21.69 |  0.965 | 26.33 | 92.93 |  139.8 |   23.3 |  210.1
  Exp_Boost              |  12.6 |  21.42 |  0.947 | 28.21 | 92.82 |  161.5 |   15.1 |  220.6
  TwoPhase               |  12.8 |  22.76 |  0.936 | 28.02 | 93.84 |  150.5 |   15.8 |  211.8
Traceback (most recent call last):
  File "/shared/ssd_14T/home/ahmadou/FlowEdit/benchmark_parallel.py", line 535, in <module>
    main()
  File "/shared/ssd_14T/home/ahmadou/FlowEdit/benchmark_parallel.py", line 482, in main
    gen_img, lam_mean = pipe.edit(
  File "/shared/ssd_14T/home/ahmadou/miniconda3/envs/pytorch_env/lib/python3.10/site-packages/torch/utils/_contextlib.py", line 116, in decorate_context
    return func(*args, **kwargs)
  File "/shared/ssd_14T/home/ahmadou/FlowEdit/benchmark_parallel.py", line 406, in edit
    lam = get_lambda(
  File "/shared/ssd_14T/home/ahmadou/FlowEdit/benchmark_parallel.py", line 226, in get_lambda
    u_k   = 1.0 / (1.0 + math.exp(-((ent - med_e) / mad_e)))
OverflowError: math range error
