[GPU 3] Chunk 2/7 — 100 images (200→299)
[GPU 3] Chargement SD3-medium sur cuda:0 (visible=3) …
Loading pipeline components...:   0%|          | 0/9 [00:00<?, ?it/s]Loading pipeline components...:  11%|█         | 1/9 [00:00<00:04,  1.92it/s]`torch_dtype` is deprecated! Use `dtype` instead!

Loading checkpoint shards:   0%|          | 0/2 [00:00<?, ?it/s][A
Loading checkpoint shards:  50%|█████     | 1/2 [00:00<00:00,  5.22it/s][A
Loading checkpoint shards: 100%|██████████| 2/2 [00:00<00:00,  5.21it/s][ALoading checkpoint shards: 100%|██████████| 2/2 [00:00<00:00,  5.20it/s]
Loading pipeline components...:  56%|█████▌    | 5/9 [00:01<00:00,  5.41it/s]You set `add_prefix_space`. The tokenizer needs to be converted from the slow tokenizers
Loading pipeline components...:  78%|███████▊  | 7/9 [00:01<00:00,  6.68it/s]Loading pipeline components...: 100%|██████████| 9/9 [00:01<00:00,  7.88it/s]Loading pipeline components...: 100%|██████████| 9/9 [00:01<00:00,  6.53it/s]
/shared/ssd_14T/home/ahmadou/miniconda3/envs/pytorch_env/lib/python3.10/site-packages/torchvision/models/_utils.py:208: UserWarning: The parameter 'pretrained' is deprecated since 0.13 and may be removed in the future, please use 'weights' instead.
  warnings.warn(
/shared/ssd_14T/home/ahmadou/miniconda3/envs/pytorch_env/lib/python3.10/site-packages/torchvision/models/_utils.py:223: UserWarning: Arguments other than a weight enum or `None` for 'weights' are deprecated since 0.13 and may be removed in the future. The current behavior is equivalent to passing `weights=VGG16_Weights.IMAGENET1K_V1`. You can also use `weights=VGG16_Weights.DEFAULT` to get the most up-to-date weights.
  warnings.warn(msg)
Setting up [LPIPS] perceptual loss: trunk [vgg], v[0.1], spatial [off]
Loading model from: /shared/ssd_14T/home/ahmadou/miniconda3/envs/pytorch_env/lib/python3.10/site-packages/lpips/weights/v0.1/vgg.pth

[GPU 3] [1/100]  123000000000  (3_indoor)
  Strategy               |     λ | CLIP-W | CLIP-I |  PSNR |  SSIM |  LPIPS |    MSE |     SD
  -----------------------+--------+--------+--------+--------+--------+--------+--------+--------+-
  Baseline               |  13.5 |  25.44 |  0.852 | 22.12 | 86.05 |  195.1 |   61.4 |  244.2
  Exp_Forward_Gate       |  12.6 |  24.17 |  0.875 | 23.92 | 88.56 |  178.0 |   40.5 |  230.9
  Exp_Forward            |  14.0 |  24.73 |  0.875 | 23.39 | 87.33 |  188.8 |   45.8 |  243.1
  Exp_Reverse_Gate       |  15.8 |  24.62 |  0.810 | 21.01 | 81.02 |  254.8 |   79.2 |  280.3
  Exp_Boost              |  12.6 |  25.30 |  0.906 | 24.11 | 88.64 |  180.0 |   38.8 |  236.7
  TwoPhase               |  12.8 |  24.47 |  0.887 | 23.76 | 88.77 |  169.8 |   42.1 |  232.2
  Entropy                |  12.7 |  24.05 |  0.871 | 23.40 | 87.31 |  190.8 |   45.7 |  242.2
  Locality               |  12.7 |  24.22 |  0.896 | 23.36 | 88.10 |  179.9 |   46.1 |  236.3
  Dual                   |   3.2 |  20.37 |  0.977 | 33.00 | 97.92 |   50.5 |    5.0 |  127.6
  Quantile               |  13.4 |  23.38 |  0.905 | 24.00 | 88.36 |  202.6 |   39.8 |  255.5
  Budget_Matched         |  12.9 |  24.81 |  0.864 | 23.55 | 88.88 |  169.0 |   44.1 |  225.6
  → image traitée en 154s (14s/stratégie)

[GPU 3] [2/100]  123000000001  (3_indoor)
  Strategy               |     λ | CLIP-W | CLIP-I |  PSNR |  SSIM |  LPIPS |    MSE |     SD
  -----------------------+--------+--------+--------+--------+--------+--------+--------+--------+-
  Baseline               |  13.5 |  29.03 |  0.882 | 27.38 | 92.89 |  195.8 |   18.3 |  238.1
  Exp_Forward_Gate       |  12.7 |  28.80 |  0.854 | 27.98 | 93.64 |  173.4 |   15.9 |  212.3
  Exp_Forward            |  13.7 |  27.07 |  0.853 | 26.93 | 92.06 |  214.4 |   20.3 |  238.3
  Exp_Reverse_Gate       |  15.0 |  27.84 |  0.847 | 26.08 | 90.64 |  203.1 |   24.7 |  234.0
  Exp_Boost              |  12.5 |  28.05 |  0.889 | 26.79 | 92.20 |  204.0 |   20.9 |  238.2
  TwoPhase               |  12.6 |  26.78 |  0.915 | 26.60 | 92.64 |  216.1 |   21.9 |  229.4
  Entropy                |  12.6 |  29.25 |  0.904 | 27.20 | 92.61 |  216.4 |   19.0 |  242.1
  Locality               |  12.6 |  27.65 |  0.854 | 27.06 | 91.97 |  199.9 |   19.7 |  235.7
  Dual                   |   3.2 |  22.34 |  0.988 | 32.75 | 97.83 |   98.5 |    5.3 |  156.2
  Quantile               |  13.1 |  26.47 |  0.895 | 25.80 | 90.76 |  259.2 |   26.3 |  266.7
  Budget_Matched         |  13.0 |  25.37 |  0.916 | 27.09 | 92.90 |  178.7 |   19.6 |  228.7
  → image traitée en 160s (15s/stratégie)

[GPU 3] [3/100]  123000000002  (3_indoor)
  Strategy               |     λ | CLIP-W | CLIP-I |  PSNR |  SSIM |  LPIPS |    MSE |     SD
  -----------------------+--------+--------+--------+--------+--------+--------+--------+--------+-
  Baseline               |  13.5 |  23.07 |  0.693 | 25.07 | 90.33 |  182.3 |   31.1 |  353.0
  Exp_Forward_Gate       |  12.7 |  22.43 |  0.736 | 25.70 | 91.39 |  167.7 |   26.9 |  350.0
  Exp_Forward            |  14.0 |  23.15 |  0.722 | 25.24 | 90.39 |  177.1 |   29.9 |  360.1
  Exp_Reverse_Gate       |  15.3 |  23.34 |  0.674 | 24.37 | 89.86 |  181.5 |   36.6 |  350.3
  Exp_Boost              |  12.7 |  22.32 |  0.735 | 25.40 | 91.29 |  167.8 |   28.9 |  360.3
  TwoPhase               |  12.8 |  21.76 |  0.735 | 25.57 | 91.52 |  168.3 |   27.7 |  348.3
  Entropy                |  12.7 |  21.37 |  0.738 | 25.92 | 91.37 |  164.0 |   25.6 |  350.3
  Locality               |  12.7 |  18.73 |  0.776 | 26.08 | 91.76 |  157.0 |   24.6 |  350.6
  Dual                   |   3.2 |  12.09 |  0.978 | 37.35 | 99.18 |   39.4 |    1.8 |  234.4
  Quantile               |  12.3 |  18.24 |  0.744 | 26.12 | 92.40 |  202.7 |   24.4 |  390.1
  Budget_Matched         |  13.0 |  23.56 |  0.706 | 24.85 | 90.26 |  182.2 |   32.8 |  357.2
  → image traitée en 161s (15s/stratégie)

[GPU 3] [4/100]  123000000003  (3_indoor)
  Strategy               |     λ | CLIP-W | CLIP-I |  PSNR |  SSIM |  LPIPS |    MSE |     SD
  -----------------------+--------+--------+--------+--------+--------+--------+--------+--------+-
  Baseline               |  13.5 |  23.41 |  0.947 | 21.65 | 81.09 |  267.7 |   68.4 |  317.0
  Exp_Forward_Gate       |  12.3 |  24.06 |  0.941 | 22.10 | 81.60 |  267.6 |   61.6 |  314.9
  Exp_Forward            |  14.0 |  24.37 |  0.945 | 22.16 | 80.33 |  287.8 |   60.8 |  325.5
  Exp_Reverse_Gate       |  16.0 |  23.24 |  0.936 | 21.42 | 78.88 |  294.6 |   72.1 |  337.7
  Exp_Boost              |  12.1 |  22.52 |  0.965 | 23.71 | 85.67 |  229.9 |   42.6 |  291.5
  TwoPhase               |  12.6 |  23.01 |  0.950 | 23.58 | 85.36 |  243.5 |   43.9 |  289.5
  Entropy                |  12.3 |  24.94 |  0.925 | 22.31 | 82.12 |  269.5 |   58.8 |  310.9
  Locality               |  12.5 |  22.38 |  0.951 | 23.47 | 84.29 |  255.3 |   44.9 |  300.6
  Dual                   |   3.2 |  22.51 |  0.987 | 31.21 | 96.29 |   81.5 |    7.6 |  175.2
  Quantile               |  12.8 |  22.28 |  0.979 | 23.96 | 87.60 |  226.3 |   40.2 |  288.7
  Budget_Matched         |  12.7 |  25.39 |  0.945 | 21.28 | 80.01 |  277.4 |   74.5 |  328.9
  → image traitée en 161s (15s/stratégie)

[GPU 3] [5/100]  123000000004  (3_indoor)
  Strategy               |     λ | CLIP-W | CLIP-I |  PSNR |  SSIM |  LPIPS |    MSE |     SD
  -----------------------+--------+--------+--------+--------+--------+--------+--------+--------+-
  Baseline               |  13.5 |  24.40 |  0.955 | 22.17 | 88.13 |  167.9 |   60.7 |  212.9
  Exp_Forward_Gate       |  12.7 |  24.40 |  0.958 | 23.20 | 90.06 |  155.7 |   47.9 |  200.2
  Exp_Forward            |  14.0 |  23.39 |  0.965 | 22.23 | 87.81 |  177.7 |   59.8 |  216.3
  Exp_Reverse_Gate       |  15.6 |  24.57 |  0.950 | 21.30 | 85.75 |  189.8 |   74.0 |  232.2
  Exp_Boost              |  12.6 |  22.93 |  0.966 | 23.80 | 90.72 |  159.0 |   41.7 |  193.8
  TwoPhase               |  12.9 |  23.26 |  0.961 | 23.36 | 89.55 |  162.5 |   46.2 |  205.3
  Entropy                |  12.7 |  23.72 |  0.955 | 23.30 | 89.88 |  155.6 |   46.8 |  196.8
  Locality               |  12.7 |  23.08 |  0.960 | 23.33 | 89.96 |  158.8 |   46.4 |  200.2
  Dual                   |   3.3 |  21.09 |  0.987 | 30.66 | 97.67 |   60.5 |    8.6 |  107.6
  Quantile               |  12.2 |  24.09 |  0.957 | 24.82 | 91.60 |  180.8 |   32.9 |  205.5
  Budget_Matched         |  12.9 |  23.68 |  0.957 | 22.62 | 89.21 |  163.2 |   54.6 |  204.8
  → image traitée en 161s (15s/stratégie)

[GPU 3] [6/100]  123000000005  (3_indoor)
  Strategy               |     λ | CLIP-W | CLIP-I |  PSNR |  SSIM |  LPIPS |    MSE |     SD
  -----------------------+--------+--------+--------+--------+--------+--------+--------+--------+-
  Baseline               |  13.5 |  23.56 |  0.796 | 21.40 | 87.16 |  240.5 |   72.4 |  177.7
  Exp_Forward_Gate       |  12.6 |  23.24 |  0.790 | 23.02 | 90.48 |  218.9 |   49.9 |  159.2
  Exp_Forward            |  13.9 |  23.16 |  0.797 | 22.25 | 88.35 |  235.7 |   59.6 |  175.6
  Exp_Reverse_Gate       |  15.9 |  23.91 |  0.792 | 20.16 | 83.95 |  277.7 |   96.3 |  200.4
  Exp_Boost              |  12.4 |  23.25 |  0.804 | 23.24 | 90.31 |  223.3 |   47.5 |  162.8
  TwoPhase               |  12.7 |  22.99 |  0.804 | 22.85 | 89.40 |  223.7 |   51.8 |  164.5
  Entropy                |  12.6 |  23.40 |  0.804 | 22.62 | 89.35 |  227.2 |   54.7 |  165.8
  Locality               |  12.6 |  22.76 |  0.795 | 22.84 | 89.70 |  222.4 |   52.0 |  164.3
  Dual                   |   3.3 |  17.07 |  0.964 | 30.28 | 96.08 |  106.0 |    9.4 |  109.2
  Quantile               |  12.4 |  22.94 |  0.791 | 22.71 | 86.89 |  282.9 |   53.5 |  205.6
  Budget_Matched         |  12.9 |  22.92 |  0.783 | 22.80 | 89.78 |  218.3 |   52.5 |  160.8
  → image traitée en 161s (15s/stratégie)

[GPU 3] [7/100]  123000000006  (3_indoor)
  Strategy               |     λ | CLIP-W | CLIP-I |  PSNR |  SSIM |  LPIPS |    MSE |     SD
  -----------------------+--------+--------+--------+--------+--------+--------+--------+--------+-
  Baseline               |  13.5 |  32.85 |  0.864 | 22.38 | 85.85 |  207.7 |   57.9 |  249.1
  Exp_Forward_Gate       |  12.5 |  33.81 |  0.841 | 23.61 | 87.87 |  190.4 |   43.6 |  238.0
  Exp_Forward            |  14.0 |  34.25 |  0.872 | 21.99 | 85.64 |  212.5 |   63.3 |  256.3
  Exp_Reverse_Gate       |  16.1 |  33.41 |  0.828 | 20.09 | 80.97 |  254.0 |   97.9 |  291.6
  Exp_Boost              |  12.3 |  34.48 |  0.869 | 23.76 | 88.45 |  194.5 |   42.1 |  242.3
  TwoPhase               |  12.7 |  34.90 |  0.874 | 23.30 | 87.72 |  189.1 |   46.7 |  240.1
  Entropy                |  12.5 |  33.79 |  0.871 | 23.08 | 86.94 |  206.9 |   49.2 |  249.4
  Locality               |  12.6 |  34.20 |  0.874 | 23.32 | 88.15 |  190.7 |   46.5 |  239.2
  Dual                   |   3.1 |  26.57 |  0.993 | 33.77 | 98.40 |   45.4 |    4.2 |  117.6
  Quantile               |  12.5 |  33.60 |  0.902 | 25.03 | 91.55 |  186.1 |   31.4 |  238.5
  Budget_Matched         |  12.8 |  33.79 |  0.875 | 22.00 | 84.80 |  218.2 |   63.0 |  260.8
  → image traitée en 161s (15s/stratégie)

[GPU 3] [8/100]  123000000007  (3_indoor)
  Strategy               |     λ | CLIP-W | CLIP-I |  PSNR |  SSIM |  LPIPS |    MSE |     SD
  -----------------------+--------+--------+--------+--------+--------+--------+--------+--------+-
  Baseline               |  13.5 |  26.11 |  0.891 | 22.12 | 85.91 |  198.7 |   61.3 |  258.6
  Exp_Forward_Gate       |  12.5 |  26.34 |  0.915 | 23.66 | 88.71 |  178.9 |   43.1 |  242.1
  Exp_Forward            |  13.8 |  27.67 |  0.891 | 22.10 | 85.06 |  209.4 |   61.7 |  269.0
  Exp_Reverse_Gate       |  15.5 |  25.86 |  0.909 | 21.75 | 84.07 |  215.7 |   66.9 |  270.3
  Exp_Boost              |  12.0 |  27.26 |  0.905 | 23.10 | 87.62 |  183.6 |   49.0 |  247.7
  TwoPhase               |  12.6 |  25.85 |  0.907 | 22.79 | 86.60 |  192.2 |   52.6 |  254.1
  Entropy                |  12.4 |  25.63 |  0.924 | 23.62 | 89.30 |  165.9 |   43.5 |  233.7
  Locality               |  12.3 |  27.62 |  0.898 | 23.24 | 88.07 |  182.0 |   47.4 |  244.2
  Dual                   |   3.1 |  21.12 |  0.995 | 35.41 | 97.92 |   77.9 |    2.9 |  135.1
  Quantile               |  13.2 |  25.99 |  0.900 | 21.85 | 85.31 |  249.5 |   65.3 |  287.4
  Budget_Matched         |  12.8 |  25.57 |  0.917 | 22.36 | 85.91 |  207.3 |   58.0 |  260.0
  → image traitée en 161s (15s/stratégie)

[GPU 3] [9/100]  123000000008  (3_indoor)
  Strategy               |     λ | CLIP-W | CLIP-I |  PSNR |  SSIM |  LPIPS |    MSE |     SD
  -----------------------+--------+--------+--------+--------+--------+--------+--------+--------+-
  Baseline               |  13.5 |  27.71 |  0.935 | 23.34 | 88.77 |  155.1 |   46.3 |  332.9
  Exp_Forward_Gate       |  12.5 |  28.81 |  0.919 | 23.88 | 89.18 |  167.3 |   40.9 |  338.8
  Exp_Forward            |  14.0 |  29.21 |  0.886 | 21.55 | 89.03 |  162.9 |   69.9 |  318.3
  Exp_Reverse_Gate       |  15.7 |  27.53 |  0.928 | 22.17 | 86.31 |  186.1 |   60.6 |  350.2
  Exp_Boost              |  12.6 |  29.17 |  0.923 | 24.57 | 90.10 |  177.5 |   34.9 |  353.0
  TwoPhase               |  12.8 |  28.65 |  0.919 | 23.99 | 89.73 |  162.1 |   39.9 |  325.6
  Entropy                |  12.6 |  26.77 |  0.948 | 24.66 | 90.16 |  159.8 |   34.2 |  327.4
  Locality               |  12.6 |  26.96 |  0.944 | 23.99 | 90.42 |  149.4 |   39.9 |  316.5
  Dual                   |   3.2 |  21.02 |  0.996 | 33.90 | 98.83 |   40.5 |    4.1 |  201.8
  Quantile               |  13.2 |  22.78 |  0.947 | 25.22 | 92.31 |  174.3 |   30.1 |  345.5
  Budget_Matched         |  12.9 |  28.94 |  0.891 | 23.30 | 87.58 |  180.5 |   46.8 |  338.5
  → image traitée en 161s (15s/stratégie)

[GPU 3] [10/100]  123000000009  (3_indoor)
  Strategy               |     λ | CLIP-W | CLIP-I |  PSNR |  SSIM |  LPIPS |    MSE |     SD
  -----------------------+--------+--------+--------+--------+--------+--------+--------+--------+-
  Baseline               |  13.5 |  30.34 |  0.869 | 19.60 | 81.48 |  265.1 |  109.6 |  300.0
  Exp_Forward_Gate       |  12.5 |  29.26 |  0.847 | 20.40 | 84.02 |  251.6 |   91.1 |  291.0
  Exp_Forward            |  14.2 |  29.78 |  0.850 | 19.66 | 82.43 |  258.2 |  108.0 |  296.1
  Exp_Reverse_Gate       |  17.1 |  29.82 |  0.849 | 16.85 | 74.67 |  318.8 |  206.7 |  341.5
  Exp_Boost              |  12.5 |  29.72 |  0.855 | 20.41 | 84.45 |  255.4 |   91.0 |  297.2
  TwoPhase               |  12.5 |  29.37 |  0.875 | 19.93 | 83.38 |  256.3 |  101.6 |  292.7
  Entropy                |  12.4 |  30.60 |  0.880 | 20.82 | 86.46 |  216.0 |   82.7 |  272.8
  Locality               |  12.4 |  30.20 |  0.866 | 19.88 | 83.14 |  245.3 |  102.8 |  289.1
  Dual                   |   3.3 |  19.51 |  0.907 | 29.04 | 96.86 |   79.2 |   12.5 |  157.1
  Quantile               |  11.9 |  22.62 |  0.885 | 22.35 | 89.32 |  199.4 |   58.2 |  272.6
  Budget_Matched         |  12.7 |  29.55 |  0.839 | 19.42 | 82.07 |  255.0 |  114.2 |  289.3
  → image traitée en 161s (15s/stratégie)

[GPU 3] [11/100]  124000000000  (4_outdoor)
  Strategy               |     λ | CLIP-W | CLIP-I |  PSNR |  SSIM |  LPIPS |    MSE |     SD
  -----------------------+--------+--------+--------+--------+--------+--------+--------+--------+-
  Baseline               |  13.5 |  24.49 |  0.899 | 25.42 | 88.87 |  189.8 |   28.7 |  317.8
  Exp_Forward_Gate       |  12.9 |  26.20 |  0.909 | 25.26 | 88.16 |  201.1 |   29.8 |  334.0
  Exp_Forward            |  14.1 |  21.21 |  0.887 | 24.57 | 87.12 |  213.2 |   34.9 |  344.2
  Exp_Reverse_Gate       |  15.0 |  27.77 |  0.881 | 24.21 | 84.96 |  230.5 |   37.9 |  346.2
  Exp_Boost              |  12.9 |  26.44 |  0.898 | 26.13 | 89.68 |  187.6 |   24.4 |  328.9
  TwoPhase               |  13.2 |  24.33 |  0.923 | 25.93 | 89.28 |  189.6 |   25.6 |  323.4
  Entropy                |  12.9 |  25.71 |  0.914 | 25.84 | 88.69 |  192.7 |   26.0 |  330.2
  Locality               |  12.9 |  21.09 |  0.811 | 25.64 | 89.32 |  191.8 |   27.3 |  327.9
  Dual                   |   3.2 |  21.74 |  0.974 | 34.40 | 98.04 |   65.8 |    3.6 |  224.4
  Quantile               |  12.5 |  21.99 |  0.897 | 27.88 | 92.81 |  189.0 |   16.3 |  345.9
  Budget_Matched         |  13.1 |  24.53 |  0.893 | 25.37 | 88.80 |  189.5 |   29.0 |  323.5
  → image traitée en 161s (15s/stratégie)

[GPU 3] [12/100]  124000000001  (4_outdoor)
  Strategy               |     λ | CLIP-W | CLIP-I |  PSNR |  SSIM |  LPIPS |    MSE |     SD
  -----------------------+--------+--------+--------+--------+--------+--------+--------+--------+-
  Baseline               |  13.5 |  23.20 |  0.873 | 25.95 | 93.28 |  157.2 |   25.4 |  237.2
  Exp_Forward_Gate       |  12.7 |  21.08 |  0.927 | 26.46 | 93.64 |  149.5 |   22.6 |  236.2
  Exp_Forward            |  13.8 |  23.54 |  0.891 | 26.85 | 93.73 |  147.1 |   20.7 |  238.5
  Exp_Reverse_Gate       |  14.9 |  22.91 |  0.881 | 25.83 | 93.23 |  155.7 |   26.1 |  233.6
  Exp_Boost              |  12.5 |  22.49 |  0.928 | 26.89 | 94.05 |  146.5 |   20.4 |  240.7
  TwoPhase               |  12.7 |  23.00 |  0.905 | 25.77 | 93.35 |  150.5 |   26.5 |  239.4
  Entropy                |  12.7 |  22.60 |  0.904 | 26.81 | 93.74 |  148.7 |   20.9 |  238.6
  Locality               |  12.8 |  23.80 |  0.878 | 27.32 | 94.16 |  141.0 |   18.5 |  230.9
  Dual                   |   3.2 |  17.57 |  0.983 | 33.18 | 97.49 |   70.8 |    4.8 |  189.1
  Quantile               |  12.1 |  21.73 |  0.937 | 26.62 | 93.74 |  211.7 |   21.8 |  289.4
  Budget_Matched         |  13.0 |  23.64 |  0.909 | 26.55 | 93.69 |  147.6 |   22.2 |  229.4
  → image traitée en 161s (15s/stratégie)

[GPU 3] [13/100]  124000000002  (4_outdoor)
  Strategy               |     λ | CLIP-W | CLIP-I |  PSNR |  SSIM |  LPIPS |    MSE |     SD
  -----------------------+--------+--------+--------+--------+--------+--------+--------+--------+-
  Baseline               |  13.5 |  16.68 |  0.882 | 22.48 | 87.00 |  178.3 |   56.5 |  216.2
  Exp_Forward_Gate       |  12.3 |  16.19 |  0.898 | 22.69 | 86.99 |  186.7 |   53.8 |  222.7
  Exp_Forward            |  13.8 |  16.75 |  0.882 | 22.71 | 86.54 |  201.3 |   53.6 |  229.8
  Exp_Reverse_Gate       |  16.0 |  18.60 |  0.820 | 21.37 | 84.72 |  216.3 |   73.0 |  243.0
  Exp_Boost              |  12.1 |  16.23 |  0.886 | 23.17 | 87.60 |  193.1 |   48.2 |  224.1
  TwoPhase               |  12.4 |  15.40 |  0.919 | 22.40 | 86.46 |  199.2 |   57.6 |  229.5
  Entropy                |  12.2 |  19.13 |  0.882 | 22.39 | 87.66 |  182.4 |   57.6 |  218.5
  Locality               |  12.3 |  17.33 |  0.878 | 22.78 | 87.21 |  194.5 |   52.7 |  224.0
  Dual                   |   3.3 |  14.14 |  0.984 | 26.99 | 95.18 |   97.9 |   20.0 |  148.5
  Quantile               |  10.6 |  17.15 |  0.947 | 22.57 | 86.50 |  241.7 |   55.3 |  258.7
  Budget_Matched         |  12.8 |  16.34 |  0.930 | 22.75 | 87.12 |  184.0 |   53.1 |  222.9
  → image traitée en 161s (15s/stratégie)

[GPU 3] [14/100]  124000000003  (4_outdoor)
  Strategy               |     λ | CLIP-W | CLIP-I |  PSNR |  SSIM |  LPIPS |    MSE |     SD
  -----------------------+--------+--------+--------+--------+--------+--------+--------+--------+-
  Baseline               |  13.5 |  31.63 |  0.755 | 17.40 | 83.12 |  247.5 |  181.8 |  194.8
  Exp_Forward_Gate       |  12.1 |  30.76 |  0.757 | 17.56 | 83.44 |  236.2 |  175.6 |  189.8
  Exp_Forward            |  13.9 |  30.32 |  0.746 | 17.42 | 82.00 |  264.4 |  181.2 |  205.2
  Exp_Reverse_Gate       |  16.9 |  32.12 |  0.743 | 16.06 | 77.20 |  301.6 |  247.6 |  235.9
  Exp_Boost              |  12.0 |  30.93 |  0.734 | 18.15 | 84.43 |  236.0 |  153.0 |  187.3
  TwoPhase               |  12.4 |  30.44 |  0.746 | 17.99 | 83.99 |  233.9 |  158.7 |  191.8
  Entropy                |  12.2 |  30.68 |  0.742 | 18.21 | 84.91 |  229.5 |  151.0 |  183.3
  Locality               |  12.2 |  31.52 |  0.741 | 17.74 | 83.33 |  240.4 |  168.5 |  193.6
  Dual                   |   3.5 |  21.39 |  0.962 | 22.64 | 92.85 |  131.8 |   54.4 |  125.2
  Quantile               |  11.7 |  31.08 |  0.729 | 16.99 | 81.48 |  270.7 |  199.9 |  218.2
  Budget_Matched         |  12.6 |  32.11 |  0.733 | 17.51 | 83.02 |  240.7 |  177.5 |  191.9
  → image traitée en 162s (15s/stratégie)

[GPU 3] [15/100]  124000000004  (4_outdoor)
  Strategy               |     λ | CLIP-W | CLIP-I |  PSNR |  SSIM |  LPIPS |    MSE |     SD
  -----------------------+--------+--------+--------+--------+--------+--------+--------+--------+-
  Baseline               |  13.5 |  25.59 |  0.821 | 23.50 | 86.26 |  172.0 |   44.6 |  205.6
  Exp_Forward_Gate       |  12.5 |  27.39 |  0.849 | 24.54 | 88.92 |  146.5 |   35.2 |  188.9
  Exp_Forward            |  13.8 |  24.86 |  0.848 | 24.19 | 87.95 |  164.0 |   38.1 |  194.9
  Exp_Reverse_Gate       |  15.5 |  27.23 |  0.769 | 22.89 | 84.54 |  191.4 |   51.4 |  210.0
  Exp_Boost              |  12.4 |  23.94 |  0.835 | 24.87 | 90.18 |  135.2 |   32.6 |  181.0
  TwoPhase               |  12.6 |  23.74 |  0.858 | 24.35 | 89.87 |  135.1 |   36.7 |  180.5
  Entropy                |  12.6 |  23.10 |  0.855 | 25.40 | 91.00 |  126.3 |   28.9 |  173.9
  Locality               |  12.5 |  22.74 |  0.813 | 24.76 | 90.18 |  130.0 |   33.4 |  179.4
  Dual                   |   3.1 |  23.20 |  0.991 | 32.73 | 97.92 |   48.8 |    5.3 |   95.2
  Quantile               |  13.0 |  23.66 |  0.809 | 23.90 | 85.44 |  193.7 |   40.7 |  224.4
  Budget_Matched         |  13.0 |  24.27 |  0.821 | 25.63 | 91.12 |  127.9 |   27.4 |  172.6
  → image traitée en 162s (15s/stratégie)

[GPU 3] [16/100]  124000000005  (4_outdoor)
  Strategy               |     λ | CLIP-W | CLIP-I |  PSNR |  SSIM |  LPIPS |    MSE |     SD
  -----------------------+--------+--------+--------+--------+--------+--------+--------+--------+-
  Baseline               |  13.5 |  26.10 |  0.946 | 25.33 | 91.22 |  162.2 |   29.3 |  178.0
  Exp_Forward_Gate       |  12.9 |  24.22 |  0.957 | 26.29 | 92.32 |  155.4 |   23.5 |  172.7
  Exp_Forward            |  13.9 |  26.59 |  0.950 | 25.15 | 90.01 |  182.3 |   30.5 |  192.6
  Exp_Reverse_Gate       |  15.0 |  26.16 |  0.950 | 23.76 | 88.30 |  190.7 |   42.1 |  202.6
  Exp_Boost              |  12.8 |  23.66 |  0.903 | 26.55 | 92.10 |  162.9 |   22.1 |  177.6
  TwoPhase               |  13.0 |  25.34 |  0.945 | 25.78 | 91.06 |  163.2 |   26.4 |  184.0
  Entropy                |  12.9 |  26.37 |  0.937 | 26.51 | 91.60 |  160.9 |   22.3 |  179.5
  Locality               |  12.9 |  24.76 |  0.952 | 25.87 | 91.22 |  168.7 |   25.9 |  180.2
  Dual                   |   3.2 |  21.56 |  0.967 | 32.21 | 97.24 |   66.0 |    6.0 |  101.8
  Quantile               |  12.4 |  20.59 |  0.946 | 26.22 | 90.58 |  199.5 |   23.9 |  203.8
  Budget_Matched         |  13.1 |  26.29 |  0.954 | 26.01 | 91.45 |  159.9 |   25.1 |  176.8
  → image traitée en 161s (15s/stratégie)

[GPU 3] [17/100]  124000000006  (4_outdoor)
  Strategy               |     λ | CLIP-W | CLIP-I |  PSNR |  SSIM |  LPIPS |    MSE |     SD
  -----------------------+--------+--------+--------+--------+--------+--------+--------+--------+-
  Baseline               |  13.5 |  31.30 |  0.887 | 26.84 | 89.75 |  143.4 |   20.7 |  199.5
  Exp_Forward_Gate       |  12.8 |  26.61 |  0.964 | 27.13 | 90.17 |  138.5 |   19.4 |  198.4
  Exp_Forward            |  13.8 |  28.08 |  0.911 | 26.81 | 88.81 |  151.8 |   20.8 |  208.4
  Exp_Reverse_Gate       |  14.6 |  30.84 |  0.917 | 26.38 | 89.67 |  142.6 |   23.0 |  201.7
  Exp_Boost              |  12.6 |  30.26 |  0.912 | 26.88 | 90.09 |  142.8 |   20.5 |  197.0
  TwoPhase               |  12.9 |  27.80 |  0.939 | 26.44 | 89.50 |  144.0 |   22.7 |  199.6
  Entropy                |  12.8 |  26.68 |  0.962 | 26.95 | 89.80 |  137.5 |   20.2 |  194.7
  Locality               |  12.8 |  29.02 |  0.934 | 26.70 | 90.32 |  140.7 |   21.4 |  199.8
  Dual                   |   3.1 |  23.98 |  0.988 | 35.26 | 97.23 |   45.0 |    3.0 |  114.8
  Quantile               |  12.7 |  26.86 |  0.968 | 26.98 | 88.27 |  178.6 |   20.0 |  234.6
  Budget_Matched         |  13.1 |  29.66 |  0.917 | 27.04 | 89.51 |  140.5 |   19.8 |  197.2
  → image traitée en 161s (15s/stratégie)

[GPU 3] [18/100]  124000000007  (4_outdoor)
  Strategy               |     λ | CLIP-W | CLIP-I |  PSNR |  SSIM |  LPIPS |    MSE |     SD
  -----------------------+--------+--------+--------+--------+--------+--------+--------+--------+-
  Baseline               |  13.5 |  15.16 |  0.698 | 22.85 | 85.69 |  254.7 |   51.9 |  288.6
  Exp_Forward_Gate       |  12.5 |  16.03 |  0.696 | 23.70 | 87.67 |  235.6 |   42.7 |  309.6
  Exp_Forward            |  13.9 |  16.88 |  0.741 | 24.29 | 88.84 |  218.4 |   37.2 |  287.9
  Exp_Reverse_Gate       |  15.8 |  16.90 |  0.629 | 22.13 | 84.76 |  257.7 |   61.2 |  292.4
  Exp_Boost              |  12.3 |  15.41 |  0.675 | 23.45 | 88.06 |  229.7 |   45.2 |  323.6
  TwoPhase               |  12.7 |  16.92 |  0.711 | 24.00 | 88.36 |  224.5 |   39.8 |  301.0
  Entropy                |  12.5 |  14.25 |  0.695 | 24.07 | 88.86 |  225.5 |   39.2 |  314.6
  Locality               |  12.6 |  16.41 |  0.703 | 23.66 | 88.19 |  234.7 |   43.1 |  324.8
  Dual                   |   3.3 |  15.60 |  0.946 | 30.84 | 97.34 |   75.7 |    8.2 |  201.3
  Quantile               |  12.1 |  15.31 |  0.749 | 24.69 | 90.14 |  243.4 |   33.9 |  362.1
  Budget_Matched         |  12.9 |  15.53 |  0.691 | 23.61 | 87.35 |  234.8 |   43.6 |  310.5
  → image traitée en 161s (15s/stratégie)

[GPU 3] [19/100]  124000000008  (4_outdoor)
  Strategy               |     λ | CLIP-W | CLIP-I |  PSNR |  SSIM |  LPIPS |    MSE |     SD
  -----------------------+--------+--------+--------+--------+--------+--------+--------+--------+-
  Baseline               |  13.5 |  27.88 |  0.928 | 22.67 | 89.80 |  191.1 |   54.0 |  198.5
  Exp_Forward_Gate       |  12.4 |  27.56 |  0.909 | 22.91 | 90.13 |  191.1 |   51.2 |  202.4
  Exp_Forward            |  13.8 |  24.57 |  0.969 | 23.02 | 90.18 |  197.1 |   49.9 |  204.9
  Exp_Reverse_Gate       |  15.8 |  27.53 |  0.934 | 21.16 | 87.82 |  215.0 |   76.5 |  223.7
  Exp_Boost              |  12.3 |  25.77 |  0.963 | 23.04 | 90.48 |  196.7 |   49.6 |  214.7
  TwoPhase               |  12.7 |  25.38 |  0.970 | 23.60 | 91.50 |  172.9 |   43.6 |  193.2
  Entropy                |  12.4 |  27.04 |  0.945 | 23.02 | 90.53 |  193.1 |   49.9 |  209.1
  Locality               |  12.5 |  24.50 |  0.975 | 23.41 | 90.92 |  180.0 |   45.6 |  197.0
  Dual                   |   3.3 |  19.94 |  0.996 | 30.44 | 96.30 |   74.4 |    9.0 |  134.3
  Quantile               |  12.4 |  22.32 |  0.985 | 23.25 | 89.80 |  216.4 |   47.3 |  232.0
  Budget_Matched         |  12.8 |  27.63 |  0.924 | 22.90 | 90.37 |  182.6 |   51.3 |  200.3
  → image traitée en 161s (15s/stratégie)

[GPU 3] [20/100]  124000000009  (4_outdoor)
  Strategy               |     λ | CLIP-W | CLIP-I |  PSNR |  SSIM |  LPIPS |    MSE |     SD
  -----------------------+--------+--------+--------+--------+--------+--------+--------+--------+-
  Baseline               |  13.5 |  25.14 |  0.935 | 26.72 | 91.37 |  118.0 |   21.3 |  191.3
  Exp_Forward_Gate       |  12.9 |  25.29 |  0.952 | 27.63 | 92.47 |  111.7 |   17.2 |  178.2
  Exp_Forward            |  13.9 |  25.20 |  0.941 | 27.24 | 90.96 |  125.6 |   18.9 |  194.9
  Exp_Reverse_Gate       |  14.5 |  25.15 |  0.968 | 26.01 | 90.67 |  130.3 |   25.0 |  202.1
  Exp_Boost              |  12.9 |  23.79 |  0.952 | 27.32 | 91.38 |  121.6 |   18.5 |  190.4
  TwoPhase               |  12.9 |  27.32 |  0.940 | 27.19 | 91.92 |  111.9 |   19.1 |  185.2
  Entropy                |  12.9 |  24.25 |  0.950 | 28.08 | 92.69 |  103.6 |   15.6 |  178.4
  Locality               |  12.9 |  26.70 |  0.925 | 27.12 | 91.36 |  131.7 |   19.4 |  197.4
  Dual                   |   3.1 |  22.85 |  0.993 | 34.20 | 95.14 |   52.5 |    3.8 |  116.7
  Quantile               |  12.1 |  25.06 |  0.945 | 26.92 | 89.19 |  185.4 |   20.3 |  228.0
  Budget_Matched         |  13.2 |  26.94 |  0.944 | 26.94 | 90.67 |  135.7 |   20.2 |  201.0
  → image traitée en 161s (15s/stratégie)

[GPU 3] [21/100]  211000000000  (1_animal)
  Strategy               |     λ | CLIP-W | CLIP-I |  PSNR |  SSIM |  LPIPS |    MSE |     SD
  -----------------------+--------+--------+--------+--------+--------+--------+--------+--------+-
  Baseline               |  13.5 |  32.18 |  0.915 | 19.79 | 75.90 |  261.7 |  105.1 |  345.3
  Exp_Forward_Gate       |  12.4 |  31.35 |  0.925 | 20.94 | 79.88 |  262.6 |   80.5 |  333.7
  Exp_Forward            |  14.3 |  31.47 |  0.932 | 20.19 | 76.12 |  271.4 |   95.6 |  350.0
  Exp_Reverse_Gate       |  16.9 |  31.81 |  0.870 | 17.36 | 65.49 |  321.8 |  183.8 |  381.0
  Exp_Boost              |  12.5 |  31.34 |  0.914 | 21.19 | 79.82 |  257.0 |   76.1 |  343.9
  TwoPhase               |  12.8 |  30.45 |  0.928 | 20.38 | 77.71 |  257.7 |   91.7 |  347.9
  Entropy                |  12.6 |  31.15 |  0.919 | 20.51 | 77.90 |  261.3 |   89.0 |  344.8
  Locality               |  12.5 |  31.88 |  0.913 | 20.41 | 77.41 |  261.1 |   91.0 |  344.9
  Dual                   |   3.5 |  28.94 |  0.988 | 27.56 | 94.59 |   88.0 |   17.5 |  219.6
  Quantile               |  12.1 |  31.81 |  0.904 | 21.39 | 83.42 |  249.9 |   72.7 |  336.2
  Budget_Matched         |  12.7 |  30.71 |  0.903 | 19.71 | 76.98 |  275.9 |  106.9 |  338.6
  → image traitée en 161s (15s/stratégie)

[GPU 3] [22/100]  211000000001  (1_animal)
  Strategy               |     λ | CLIP-W | CLIP-I |  PSNR |  SSIM |  LPIPS |    MSE |     SD
  -----------------------+--------+--------+--------+--------+--------+--------+--------+--------+-
  Baseline               |  13.5 |  30.86 |  0.840 | 18.21 | 81.54 |  235.5 |  151.0 |  366.1
  Exp_Forward_Gate       |  12.9 |  27.53 |  0.883 | 20.35 | 86.97 |  207.0 |   92.3 |  351.3
  Exp_Forward            |  14.4 |  29.43 |  0.839 | 18.39 | 80.52 |  260.9 |  144.7 |  443.7
  Exp_Reverse_Gate       |  16.6 |  30.01 |  0.878 | 16.55 | 75.68 |  279.1 |  221.4 |  371.8
  Exp_Boost              |  13.0 |  28.76 |  0.868 | 19.70 | 83.76 |  252.6 |  107.2 |  479.0
  TwoPhase               |  12.8 |  31.26 |  0.832 | 18.88 | 83.27 |  238.5 |  129.4 |  427.2
  Entropy                |  12.8 |  28.31 |  0.895 | 19.54 | 84.37 |  227.4 |  111.2 |  380.7
  Locality               |  12.7 |  28.23 |  0.860 | 19.56 | 84.27 |  232.5 |  110.6 |  405.1
  Dual                   |   3.4 |  22.99 |  0.993 | 31.88 | 98.32 |   53.5 |    6.5 |  251.8
  Quantile               |  11.6 |  24.02 |  0.901 | 21.23 | 89.24 |  227.4 |   75.3 |  514.7
  Budget_Matched         |  12.9 |  29.98 |  0.861 | 18.98 | 83.25 |  237.8 |  126.4 |  405.8
  → image traitée en 161s (15s/stratégie)

[GPU 3] [23/100]  211000000002  (1_animal)
  Strategy               |     λ | CLIP-W | CLIP-I |  PSNR |  SSIM |  LPIPS |    MSE |     SD
  -----------------------+--------+--------+--------+--------+--------+--------+--------+--------+-
  Baseline               |  13.5 |  30.77 |  0.907 | 16.34 | 69.58 |  342.4 |  232.5 |  321.3
  Exp_Forward_Gate       |  12.1 |  31.08 |  0.952 | 17.84 | 78.52 |  275.9 |  164.5 |  270.7
  Exp_Forward            |  14.4 |  30.61 |  0.928 | 16.60 | 70.25 |  345.0 |  218.6 |  314.8
  Exp_Reverse_Gate       |  18.3 |  32.12 |  0.912 | 14.51 | 61.61 |  401.2 |  353.9 |  364.9
  Exp_Boost              |  12.2 |  30.84 |  0.956 | 18.60 | 83.35 |  234.1 |  138.0 |  239.1
  TwoPhase               |  12.5 |  30.45 |  0.942 | 18.01 | 79.23 |  273.8 |  158.0 |  262.2
  Entropy                |  12.2 |  29.77 |  0.944 | 18.26 | 80.11 |  259.7 |  149.3 |  259.1
  Locality               |  12.1 |  31.27 |  0.954 | 17.70 | 80.60 |  253.3 |  169.9 |  252.6
  Dual                   |   3.4 |  28.33 |  0.988 | 25.62 | 95.95 |   71.0 |   27.4 |  130.4
  Quantile               |  10.7 |  30.48 |  0.969 | 19.20 | 85.38 |  223.1 |  120.2 |  250.0
  Budget_Matched         |  12.5 |  31.44 |  0.937 | 17.35 | 76.02 |  294.7 |  183.9 |  279.1
  → image traitée en 162s (15s/stratégie)

[GPU 3] [24/100]  211000000003  (1_animal)
  Strategy               |     λ | CLIP-W | CLIP-I |  PSNR |  SSIM |  LPIPS |    MSE |     SD
  -----------------------+--------+--------+--------+--------+--------+--------+--------+--------+-
  Baseline               |  13.5 |  33.93 |  0.941 | 19.73 | 79.49 |  246.8 |  106.3 |  330.8
  Exp_Forward_Gate       |  12.5 |  34.05 |  0.955 | 21.15 | 83.77 |  217.7 |   76.7 |  318.9
  Exp_Forward            |  14.2 |  34.00 |  0.934 | 20.39 | 80.55 |  246.9 |   91.4 |  339.8
  Exp_Reverse_Gate       |  17.0 |  32.76 |  0.912 | 16.85 | 70.71 |  292.8 |  206.7 |  363.2
  Exp_Boost              |  12.6 |  33.77 |  0.944 | 21.85 | 85.11 |  230.0 |   65.2 |  326.4
  TwoPhase               |  12.8 |  33.59 |  0.949 | 21.38 | 83.92 |  223.8 |   72.7 |  323.7
  Entropy                |  12.5 |  33.51 |  0.961 | 21.30 | 84.06 |  219.6 |   74.2 |  322.4
  Locality               |  12.6 |  33.15 |  0.927 | 20.90 | 82.39 |  226.5 |   81.4 |  332.6
  Dual                   |   3.4 |  30.71 |  0.966 | 28.13 | 95.94 |   79.4 |   15.4 |  222.1
  Quantile               |  12.2 |  34.02 |  0.958 | 22.89 | 87.29 |  239.1 |   51.4 |  344.0
  Budget_Matched         |  12.8 |  33.78 |  0.934 | 20.20 | 81.91 |  226.1 |   95.4 |  320.6
  → image traitée en 161s (15s/stratégie)

[GPU 3] [25/100]  211000000004  (1_animal)
  Strategy               |     λ | CLIP-W | CLIP-I |  PSNR |  SSIM |  LPIPS |    MSE |     SD
  -----------------------+--------+--------+--------+--------+--------+--------+--------+--------+-
  Baseline               |  13.5 |  30.90 |  0.959 | 17.60 | 79.54 |  221.0 |  173.7 |  303.5
  Exp_Forward_Gate       |  12.3 |  35.72 |  0.920 | 18.72 | 82.57 |  213.6 |  134.2 |  295.4
  Exp_Forward            |  14.2 |  33.52 |  0.948 | 17.93 | 80.38 |  224.6 |  161.0 |  307.2
  Exp_Reverse_Gate       |  18.1 |  34.76 |  0.909 | 15.56 | 72.48 |  306.3 |  278.0 |  364.1
  Exp_Boost              |  12.2 |  35.09 |  0.936 | 19.33 | 83.93 |  201.9 |  116.7 |  296.6
  TwoPhase               |  12.5 |  31.33 |  0.961 | 18.83 | 82.95 |  205.0 |  130.9 |  298.3
  Entropy                |  12.3 |  29.74 |  0.961 | 18.84 | 82.64 |  204.3 |  130.5 |  291.6
  Locality               |  12.3 |  34.63 |  0.933 | 18.70 | 82.50 |  209.8 |  135.0 |  297.1
  Dual                   |   3.3 |  25.41 |  0.986 | 28.32 | 96.64 |   70.6 |   14.7 |  180.3
  Quantile               |  12.5 |  29.75 |  0.955 | 19.39 | 82.44 |  230.3 |  115.1 |  326.2
  Budget_Matched         |  12.6 |  33.87 |  0.949 | 18.18 | 81.47 |  215.0 |  152.2 |  298.5
  → image traitée en 161s (15s/stratégie)

[GPU 3] [26/100]  211000000005  (1_animal)
  Strategy               |     λ | CLIP-W | CLIP-I |  PSNR |  SSIM |  LPIPS |    MSE |     SD
  -----------------------+--------+--------+--------+--------+--------+--------+--------+--------+-
  Baseline               |  13.5 |  27.06 |  0.929 | 18.24 | 73.13 |  303.2 |  150.0 |  391.1
  Exp_Forward_Gate       |  12.5 |  27.08 |  0.916 | 19.76 | 77.71 |  298.8 |  105.7 |  387.1
  Exp_Forward            |  14.3 |  27.42 |  0.921 | 18.33 | 72.79 |  328.1 |  146.9 |  410.4
  Exp_Reverse_Gate       |  17.6 |  26.61 |  0.925 | 16.39 | 64.99 |  352.3 |  229.4 |  412.3
  Exp_Boost              |  12.6 |  28.16 |  0.907 | 20.14 | 78.09 |  320.5 |   96.9 |  403.2
  TwoPhase               |  12.8 |  26.92 |  0.921 | 19.50 | 76.83 |  303.9 |  112.3 |  394.3
  Entropy                |  12.5 |  27.18 |  0.900 | 19.48 | 77.29 |  290.7 |  112.8 |  388.7
  Locality               |  12.4 |  27.75 |  0.910 | 19.26 | 76.85 |  307.6 |  118.5 |  401.1
  Dual                   |   3.5 |  23.63 |  0.971 | 26.89 | 94.07 |  117.4 |   20.4 |  268.7
  Quantile               |  11.7 |  25.59 |  0.904 | 21.30 | 82.48 |  319.2 |   74.2 |  395.2
  Budget_Matched         |  12.7 |  26.69 |  0.925 | 18.77 | 74.98 |  304.2 |  132.8 |  390.7
  → image traitée en 161s (15s/stratégie)

[GPU 3] [27/100]  211000000006  (1_animal)
  Strategy               |     λ | CLIP-W | CLIP-I |  PSNR |  SSIM |  LPIPS |    MSE |     SD
  -----------------------+--------+--------+--------+--------+--------+--------+--------+--------+-
  Baseline               |  13.5 |  28.23 |  0.973 | 22.18 | 84.08 |  172.5 |   60.6 |  241.8
  Exp_Forward_Gate       |  12.6 |  28.00 |  0.976 | 22.71 | 85.35 |  179.8 |   53.6 |  241.2
  Exp_Forward            |  14.1 |  28.53 |  0.976 | 22.31 | 84.83 |  181.7 |   58.8 |  244.0
  Exp_Reverse_Gate       |  15.9 |  29.45 |  0.964 | 20.12 | 78.80 |  228.8 |   97.4 |  271.2
  Exp_Boost              |  12.5 |  28.02 |  0.975 | 22.92 | 85.47 |  195.5 |   51.0 |  253.7
  TwoPhase               |  12.8 |  27.44 |  0.976 | 22.73 | 85.48 |  182.8 |   53.3 |  245.7
  Entropy                |  12.6 |  28.30 |  0.975 | 22.89 | 86.27 |  160.8 |   51.5 |  236.7
  Locality               |  12.6 |  28.17 |  0.975 | 22.79 | 85.45 |  183.4 |   52.6 |  243.5
  Dual                   |   3.3 |  26.78 |  0.985 | 27.02 | 91.93 |   70.0 |   19.8 |  168.2
  Quantile               |  12.4 |  28.32 |  0.968 | 22.97 | 85.54 |  218.8 |   50.4 |  276.4
  Budget_Matched         |  12.9 |  28.39 |  0.977 | 22.72 | 85.27 |  172.4 |   53.4 |  237.7
  → image traitée en 161s (15s/stratégie)

[GPU 3] [28/100]  211000000007  (1_animal)
  Strategy               |     λ | CLIP-W | CLIP-I |  PSNR |  SSIM |  LPIPS |    MSE |     SD
  -----------------------+--------+--------+--------+--------+--------+--------+--------+--------+-
  Baseline               |  13.5 |  33.50 |  0.861 | 18.70 | 73.98 |  283.5 |  134.9 |  317.5
  Exp_Forward_Gate       |  12.5 |  33.27 |  0.887 | 19.95 | 79.69 |  229.3 |  101.2 |  279.5
  Exp_Forward            |  14.2 |  34.00 |  0.857 | 19.33 | 76.55 |  262.8 |  116.7 |  302.2
  Exp_Reverse_Gate       |  17.4 |  33.96 |  0.869 | 16.61 | 65.58 |  349.5 |  218.4 |  359.4
  Exp_Boost              |  12.4 |  34.25 |  0.869 | 19.68 | 79.39 |  240.0 |  107.7 |  279.7
  TwoPhase               |  12.7 |  33.52 |  0.882 | 19.43 | 77.22 |  250.7 |  114.0 |  296.1
  Entropy                |  12.4 |  33.87 |  0.872 | 19.56 | 77.66 |  244.5 |  110.6 |  292.6
  Locality               |  12.4 |  33.87 |  0.879 | 19.42 | 79.12 |  237.8 |  114.4 |  282.7
  Dual                   |   3.3 |  30.65 |  0.975 | 29.08 | 95.30 |   74.9 |   12.4 |  153.5
  Quantile               |  12.1 |  34.41 |  0.939 | 20.60 | 77.67 |  274.3 |   87.2 |  305.3
  Budget_Matched         |  12.7 |  34.18 |  0.868 | 18.91 | 76.44 |  260.3 |  128.4 |  301.5
  → image traitée en 161s (15s/stratégie)

[GPU 3] [29/100]  211000000008  (1_animal)
  Strategy               |     λ | CLIP-W | CLIP-I |  PSNR |  SSIM |  LPIPS |    MSE |     SD
  -----------------------+--------+--------+--------+--------+--------+--------+--------+--------+-
  Baseline               |  13.5 |  26.86 |  0.899 | 20.99 | 86.87 |  211.1 |   79.5 |  324.9
  Exp_Forward_Gate       |  12.6 |  27.88 |  0.891 | 21.68 | 87.59 |  218.1 |   67.9 |  333.2
  Exp_Forward            |  14.1 |  27.04 |  0.886 | 20.26 | 85.27 |  231.4 |   94.3 |  343.2
  Exp_Reverse_Gate       |  15.8 |  27.98 |  0.901 | 19.91 | 84.48 |  243.9 |  102.0 |  346.8
  Exp_Boost              |  12.7 |  27.07 |  0.881 | 21.88 | 88.15 |  223.6 |   64.9 |  341.4
  TwoPhase               |  12.9 |  27.23 |  0.883 | 21.18 | 86.74 |  230.1 |   76.2 |  340.8
  Entropy                |  12.7 |  27.17 |  0.906 | 21.69 | 87.86 |  214.2 |   67.8 |  331.5
  Locality               |  12.5 |  26.62 |  0.894 | 20.92 | 86.49 |  218.9 |   80.9 |  332.9
  Dual                   |   3.4 |  23.83 |  0.969 | 28.19 | 95.86 |   94.6 |   15.2 |  238.3
  Quantile               |  11.8 |  24.96 |  0.864 | 22.54 | 88.03 |  269.8 |   55.7 |  374.0
  Budget_Matched         |  12.9 |  26.77 |  0.902 | 21.00 | 86.97 |  220.4 |   79.4 |  332.3
  → image traitée en 161s (15s/stratégie)

[GPU 3] [30/100]  211000000009  (1_animal)
  Strategy               |     λ | CLIP-W | CLIP-I |  PSNR |  SSIM |  LPIPS |    MSE |     SD
  -----------------------+--------+--------+--------+--------+--------+--------+--------+--------+-
  Baseline               |  13.5 |  31.58 |  0.846 | 21.17 | 81.39 |  232.0 |   76.5 |  306.3
  Exp_Forward_Gate       |  12.6 |  32.03 |  0.632 | 21.52 | 81.50 |  231.9 |   70.4 |  306.9
  Exp_Forward            |  14.3 |  33.85 |  0.648 | 21.07 | 79.89 |  255.4 |   78.2 |  319.2
  Exp_Reverse_Gate       |  16.5 |  32.43 |  0.746 | 18.62 | 72.50 |  304.0 |  137.6 |  367.1
  Exp_Boost              |  12.7 |  32.47 |  0.694 | 22.62 | 83.33 |  218.7 |   54.6 |  307.1
  TwoPhase               |  12.8 |  31.55 |  0.642 | 21.54 | 80.75 |  238.7 |   70.2 |  315.8
  Entropy                |  12.6 |  34.45 |  0.643 | 21.70 | 81.40 |  237.0 |   67.6 |  313.8
  Locality               |  12.7 |  32.23 |  0.636 | 22.02 | 82.65 |  222.1 |   62.8 |  305.9
  Dual                   |   3.2 |  30.32 |  0.935 | 29.98 | 92.80 |   64.8 |   10.0 |  169.4
  Quantile               |  11.6 |  32.91 |  0.832 | 23.93 | 86.29 |  201.9 |   40.5 |  302.0
  Budget_Matched         |  12.9 |  31.81 |  0.768 | 21.19 | 80.90 |  238.6 |   76.1 |  315.8
  → image traitée en 161s (15s/stratégie)

[GPU 3] [31/100]  212000000000  (2_human)
  Strategy               |     λ | CLIP-W | CLIP-I |  PSNR |  SSIM |  LPIPS |    MSE |     SD
  -----------------------+--------+--------+--------+--------+--------+--------+--------+--------+-
  Baseline               |  13.5 |  19.73 |  0.711 | 23.16 | 89.87 |  164.8 |   48.3 |  350.6
  Exp_Forward_Gate       |  13.0 |  22.11 |  0.770 | 23.35 | 90.19 |  181.1 |   46.2 |  381.0
  Exp_Forward            |  14.2 |  22.93 |  0.726 | 23.08 | 89.36 |  179.9 |   49.2 |  378.0
  Exp_Reverse_Gate       |  15.2 |  21.75 |  0.684 | 21.45 | 86.25 |  222.6 |   71.6 |  394.9
  Exp_Boost              |  13.0 |  22.03 |  0.771 | 24.35 | 91.03 |  175.1 |   36.7 |  383.1
  TwoPhase               |  13.1 |  21.38 |  0.684 | 23.10 | 89.96 |  182.3 |   49.0 |  380.3
  Entropy                |  12.8 |  21.91 |  0.744 | 23.64 | 90.42 |  167.7 |   43.3 |  367.9
  Locality               |  12.9 |  21.05 |  0.768 | 23.56 | 90.66 |  166.9 |   44.0 |  364.2
  Dual                   |   3.3 |  27.59 |  0.974 | 31.54 | 97.84 |   57.1 |    7.0 |  267.2
  Quantile               |  12.7 |  29.55 |  0.869 | 25.65 | 92.53 |  175.2 |   27.2 |  393.5
  Budget_Matched         |  13.1 |  21.11 |  0.754 | 22.91 | 89.09 |  188.4 |   51.1 |  377.1
  → image traitée en 161s (15s/stratégie)

[GPU 3] [32/100]  212000000001  (2_human)
  Strategy               |     λ | CLIP-W | CLIP-I |  PSNR |  SSIM |  LPIPS |    MSE |     SD
  -----------------------+--------+--------+--------+--------+--------+--------+--------+--------+-
  Baseline               |  13.5 |  27.40 |  0.927 | 20.48 | 79.84 |  225.2 |   89.6 |  293.6
  Exp_Forward_Gate       |  12.6 |  24.38 |  0.967 | 23.25 | 87.20 |  156.8 |   47.3 |  253.3
  Exp_Forward            |  14.0 |  25.33 |  0.950 | 22.43 | 86.05 |  179.2 |   57.1 |  264.2
  Exp_Reverse_Gate       |  15.9 |  28.17 |  0.927 | 19.76 | 77.82 |  241.4 |  105.7 |  307.4
  Exp_Boost              |  12.5 |  24.90 |  0.965 | 23.23 | 87.70 |  153.5 |   47.5 |  250.9
  TwoPhase               |  12.7 |  27.47 |  0.928 | 22.44 | 85.46 |  177.2 |   57.1 |  263.5
  Entropy                |  12.7 |  25.28 |  0.954 | 23.19 | 87.84 |  164.1 |   48.0 |  256.0
  Locality               |  12.5 |  25.80 |  0.961 | 22.51 | 85.43 |  177.0 |   56.1 |  264.9
  Dual                   |   3.2 |  22.22 |  0.994 | 32.04 | 95.49 |   52.3 |    6.3 |  153.3
  Quantile               |  12.6 |  23.30 |  0.976 | 23.89 | 89.37 |  157.2 |   40.9 |  262.8
  Budget_Matched         |  13.0 |  25.85 |  0.962 | 22.46 | 85.30 |  171.1 |   56.7 |  263.9
  → image traitée en 162s (15s/stratégie)

[GPU 3] [33/100]  212000000002  (2_human)
  Strategy               |     λ | CLIP-W | CLIP-I |  PSNR |  SSIM |  LPIPS |    MSE |     SD
  -----------------------+--------+--------+--------+--------+--------+--------+--------+--------+-
  Baseline               |  13.5 |  28.60 |  0.950 | 24.95 | 91.87 |  110.0 |   32.0 |  316.7
  Exp_Forward_Gate       |  13.0 |  29.30 |  0.951 | 26.53 | 93.27 |   97.0 |   22.2 |  322.4
  Exp_Forward            |  14.0 |  29.90 |  0.950 | 25.70 | 92.44 |  108.2 |   26.9 |  336.3
  Exp_Reverse_Gate       |  15.3 |  29.85 |  0.938 | 22.10 | 86.99 |  151.6 |   61.7 |  327.5
  Exp_Boost              |  12.9 |  28.89 |  0.968 | 25.24 | 90.91 |  133.8 |   29.9 |  359.4
  TwoPhase               |  13.1 |  29.44 |  0.955 | 25.97 | 92.72 |  106.8 |   25.3 |  335.1
  Entropy                |  12.9 |  29.89 |  0.949 | 25.35 | 91.80 |  117.7 |   29.2 |  341.1
  Locality               |  12.9 |  29.99 |  0.953 | 24.86 | 91.42 |  123.1 |   32.7 |  339.9
  Dual                   |   3.2 |  28.13 |  0.981 | 33.13 | 97.95 |   41.6 |    4.9 |  250.2
  Quantile               |  12.3 |  31.33 |  0.927 | 26.42 | 91.00 |  162.0 |   22.8 |  389.1
  Budget_Matched         |  13.1 |  29.23 |  0.958 | 24.44 | 90.79 |  120.4 |   35.9 |  336.7
  → image traitée en 162s (15s/stratégie)

[GPU 3] [34/100]  212000000003  (2_human)
  Strategy               |     λ | CLIP-W | CLIP-I |  PSNR |  SSIM |  LPIPS |    MSE |     SD
  -----------------------+--------+--------+--------+--------+--------+--------+--------+--------+-
  Baseline               |  13.5 |  25.70 |  0.943 | 23.81 | 90.23 |  146.5 |   41.6 |  227.3
  Exp_Forward_Gate       |  12.8 |  24.51 |  0.963 | 24.77 | 91.85 |  133.5 |   33.3 |  215.8
  Exp_Forward            |  14.0 |  25.79 |  0.944 | 24.03 | 90.52 |  144.9 |   39.6 |  224.9
  Exp_Reverse_Gate       |  15.3 |  26.16 |  0.948 | 22.37 | 87.72 |  169.5 |   57.9 |  243.3
  Exp_Boost              |  12.6 |  25.42 |  0.945 | 24.48 | 91.52 |  141.3 |   35.6 |  221.3
  TwoPhase               |  13.0 |  24.68 |  0.954 | 24.81 | 91.63 |  139.6 |   33.1 |  220.5
  Entropy                |  12.9 |  25.33 |  0.947 | 24.91 | 91.71 |  140.6 |   32.3 |  215.8
  Locality               |  12.8 |  25.40 |  0.951 | 24.52 | 91.12 |  140.4 |   35.3 |  218.0
  Dual                   |   3.2 |  19.91 |  0.994 | 34.75 | 98.13 |   52.5 |    3.4 |  127.3
  Quantile               |  12.3 |  22.72 |  0.960 | 24.01 | 91.24 |  184.9 |   39.7 |  241.4
  Budget_Matched         |  13.1 |  25.62 |  0.937 | 24.73 | 91.06 |  136.2 |   33.7 |  217.6
  → image traitée en 161s (15s/stratégie)

[GPU 3] [35/100]  212000000004  (2_human)
  Strategy               |     λ | CLIP-W | CLIP-I |  PSNR |  SSIM |  LPIPS |    MSE |     SD
  -----------------------+--------+--------+--------+--------+--------+--------+--------+--------+-
  Baseline               |  13.5 |  35.07 |  0.721 | 22.64 | 92.65 |   74.7 |   54.4 |  132.4
  Exp_Forward_Gate       |  12.9 |  37.66 |  0.720 | 22.93 | 93.50 |   73.7 |   50.9 |  183.5
  Exp_Forward            |  14.2 |  37.96 |  0.692 | 21.17 | 91.56 |   90.4 |   76.3 |  286.0
  Exp_Reverse_Gate       |  15.3 |  36.84 |  0.723 | 21.21 | 90.59 |   92.1 |   75.7 |  184.8
  Exp_Boost              |  13.1 |  37.70 |  0.687 | 22.75 | 92.93 |   81.5 |   53.1 |  251.4
  TwoPhase               |  13.0 |  36.17 |  0.720 | 22.12 | 92.63 |   85.0 |   61.4 |  236.2
  Entropy                |  13.0 |  35.29 |  0.773 | 23.45 | 93.69 |   73.5 |   45.2 |  186.9
  Locality               |  12.9 |  33.95 |  0.787 | 22.85 | 93.20 |   80.9 |   51.9 |  214.5
  Dual                   |   3.4 |  21.74 |  0.971 | 34.05 | 99.24 |   14.8 |    3.9 |  111.6
  Quantile               |  12.0 |  33.94 |  0.837 | 25.29 | 95.48 |   95.6 |   29.6 |  468.7
  Budget_Matched         |  13.0 |  38.03 |  0.697 | 21.31 | 91.11 |   90.6 |   74.0 |  241.6
  → image traitée en 161s (15s/stratégie)

[GPU 3] [36/100]  212000000005  (2_human)
  Strategy               |     λ | CLIP-W | CLIP-I |  PSNR |  SSIM |  LPIPS |    MSE |     SD
  -----------------------+--------+--------+--------+--------+--------+--------+--------+--------+-
  Baseline               |  13.5 |  20.84 |  0.971 | 27.43 | 91.66 |  156.6 |   18.1 |  258.3
  Exp_Forward_Gate       |  12.9 |  20.52 |  0.966 | 27.79 | 92.47 |  139.3 |   16.6 |  251.5
  Exp_Forward            |  14.0 |  20.48 |  0.965 | 26.85 | 91.08 |  166.8 |   20.6 |  269.1
  Exp_Reverse_Gate       |  14.8 |  21.11 |  0.912 | 25.43 | 88.10 |  198.1 |   28.6 |  285.7
  Exp_Boost              |  13.0 |  20.53 |  0.974 | 28.25 | 92.66 |  151.1 |   15.0 |  257.0
  TwoPhase               |  13.1 |  20.92 |  0.964 | 27.66 | 92.08 |  158.9 |   17.1 |  263.5
  Entropy                |  13.0 |  20.49 |  0.973 | 28.03 | 92.83 |  146.8 |   15.7 |  251.8
  Locality               |  13.0 |  20.51 |  0.980 | 27.94 | 92.80 |  148.1 |   16.1 |  251.2
  Dual                   |   3.1 |  19.47 |  0.997 | 38.07 | 98.78 |   35.4 |    1.6 |  149.1
  Quantile               |  13.1 |  19.98 |  0.988 | 30.43 | 95.15 |  131.6 |    9.1 |  259.0
  Budget_Matched         |  13.1 |  20.47 |  0.952 | 26.79 | 91.30 |  158.3 |   20.9 |  262.6
  → image traitée en 162s (15s/stratégie)

[GPU 3] [37/100]  212000000006  (2_human)
  Strategy               |     λ | CLIP-W | CLIP-I |  PSNR |  SSIM |  LPIPS |    MSE |     SD
  -----------------------+--------+--------+--------+--------+--------+--------+--------+--------+-
  Baseline               |  13.5 |  31.06 |  0.911 | 24.05 | 89.82 |  200.4 |   39.3 |  289.1
  Exp_Forward_Gate       |  12.7 |  32.63 |  0.887 | 24.18 | 89.50 |  204.1 |   38.2 |  300.5
  Exp_Forward            |  13.9 |  32.48 |  0.903 | 24.88 | 91.16 |  185.0 |   32.5 |  291.8
  Exp_Reverse_Gate       |  15.4 |  31.85 |  0.893 | 23.11 | 87.30 |  231.9 |   48.8 |  301.5
  Exp_Boost              |  12.5 |  31.02 |  0.914 | 25.01 | 91.77 |  171.9 |   31.5 |  291.8
  TwoPhase               |  12.8 |  31.62 |  0.897 | 24.30 | 90.72 |  190.7 |   37.1 |  290.5
  Entropy                |  12.7 |  29.80 |  0.918 | 25.35 | 92.17 |  171.1 |   29.2 |  281.9
  Locality               |  12.6 |  31.81 |  0.915 | 24.17 | 90.54 |  182.6 |   38.2 |  291.5
  Dual                   |   3.2 |  25.64 |  0.988 | 34.55 | 98.40 |   49.6 |    3.5 |  187.4
  Quantile               |  13.0 |  30.36 |  0.917 | 24.83 | 91.50 |  210.2 |   32.9 |  330.9
  Budget_Matched         |  12.9 |  31.65 |  0.902 | 24.35 | 90.91 |  188.6 |   36.7 |  287.8
  → image traitée en 161s (15s/stratégie)

[GPU 3] [38/100]  212000000007  (2_human)
  Strategy               |     λ | CLIP-W | CLIP-I |  PSNR |  SSIM |  LPIPS |    MSE |     SD
  -----------------------+--------+--------+--------+--------+--------+--------+--------+--------+-
  Baseline               |  13.5 |  33.86 |  0.794 | 24.87 | 87.06 |  226.4 |   32.6 |  289.8
  Exp_Forward_Gate       |  12.9 |  33.11 |  0.759 | 24.60 | 85.89 |  257.4 |   34.7 |  308.9
  Exp_Forward            |  14.1 |  35.13 |  0.789 | 24.72 | 85.60 |  247.7 |   33.8 |  299.4
  Exp_Reverse_Gate       |  15.4 |  33.92 |  0.790 | 22.14 | 79.39 |  296.7 |   61.1 |  334.9
  Exp_Boost              |  13.0 |  34.77 |  0.804 | 26.19 | 88.96 |  226.5 |   24.0 |  286.7
  TwoPhase               |  13.1 |  34.00 |  0.807 | 25.24 | 87.78 |  229.8 |   29.9 |  289.3
  Entropy                |  12.9 |  33.67 |  0.802 | 25.00 | 86.74 |  245.1 |   31.6 |  299.6
  Locality               |  12.9 |  34.41 |  0.775 | 25.52 | 87.60 |  230.9 |   28.0 |  292.1
  Dual                   |   3.3 |  25.26 |  0.979 | 33.21 | 97.07 |   63.1 |    4.8 |  172.6
  Quantile               |  13.4 |  34.38 |  0.787 | 24.97 | 86.88 |  255.2 |   31.9 |  316.5
  Budget_Matched         |  13.0 |  34.61 |  0.805 | 24.49 | 86.71 |  237.3 |   35.5 |  293.8
  → image traitée en 162s (15s/stratégie)

[GPU 3] [39/100]  212000000008  (2_human)
  Strategy               |     λ | CLIP-W | CLIP-I |  PSNR |  SSIM |  LPIPS |    MSE |     SD
  -----------------------+--------+--------+--------+--------+--------+--------+--------+--------+-
  Baseline               |  13.5 |  26.08 |  0.835 | 21.36 | 84.12 |  199.0 |   73.2 |  264.5
  Exp_Forward_Gate       |  12.7 |  26.06 |  0.825 | 24.17 | 88.73 |  164.5 |   38.3 |  238.4
  Exp_Forward            |  14.1 |  24.96 |  0.828 | 22.99 | 86.58 |  178.8 |   50.2 |  282.0
  Exp_Reverse_Gate       |  15.9 |  26.42 |  0.827 | 20.85 | 81.18 |  226.6 |   82.2 |  282.0
  Exp_Boost              |  12.7 |  24.22 |  0.854 | 23.72 | 88.90 |  157.6 |   42.5 |  257.6
  TwoPhase               |  12.9 |  25.31 |  0.836 | 23.12 | 87.26 |  176.0 |   48.8 |  247.6
  Entropy                |  12.7 |  22.83 |  0.863 | 23.63 | 88.15 |  165.4 |   43.4 |  253.0
  Locality               |  12.7 |  24.80 |  0.840 | 23.45 | 88.15 |  171.1 |   45.2 |  245.5
  Dual                   |   3.3 |  14.88 |  0.938 | 31.50 | 97.87 |   40.5 |    7.1 |  151.9
  Quantile               |  13.9 |  17.91 |  0.909 | 22.78 | 88.04 |  188.5 |   52.7 |  387.3
  Budget_Matched         |  12.9 |  25.49 |  0.833 | 21.92 | 85.12 |  198.3 |   64.3 |  256.5
  → image traitée en 161s (15s/stratégie)

[GPU 3] [40/100]  212000000009  (2_human)
  Strategy               |     λ | CLIP-W | CLIP-I |  PSNR |  SSIM |  LPIPS |    MSE |     SD
  -----------------------+--------+--------+--------+--------+--------+--------+--------+--------+-
  Baseline               |  13.5 |  28.48 |  0.757 | 20.25 | 75.58 |  299.1 |   94.3 |  396.5
  Exp_Forward_Gate       |  12.6 |  29.83 |  0.786 | 21.41 | 78.35 |  287.5 |   72.2 |  399.3
  Exp_Forward            |  14.3 |  29.81 |  0.789 | 20.78 | 77.16 |  284.6 |   83.5 |  393.8
  Exp_Reverse_Gate       |  16.2 |  31.39 |  0.799 | 19.75 | 74.22 |  326.2 |  105.8 |  412.7
  Exp_Boost              |  12.8 |  30.01 |  0.799 | 21.35 | 78.45 |  288.5 |   73.3 |  414.0
  TwoPhase               |  12.9 |  28.87 |  0.810 | 21.72 | 78.97 |  274.1 |   67.2 |  397.7
  Entropy                |  12.6 |  29.56 |  0.790 | 21.38 | 78.67 |  282.9 |   72.8 |  394.3
  Locality               |  12.6 |  29.09 |  0.783 | 21.07 | 77.41 |  283.2 |   78.2 |  396.7
  Dual                   |   3.3 |  14.05 |  0.966 | 31.28 | 96.57 |   60.4 |    7.4 |  223.8
  Quantile               |  11.8 |  27.66 |  0.884 | 24.33 | 86.68 |  218.0 |   36.9 |  379.2
  Budget_Matched         |  12.8 |  29.46 |  0.812 | 20.92 | 77.59 |  289.0 |   80.8 |  397.8
  → image traitée en 161s (15s/stratégie)

[GPU 3] [41/100]  213000000000  (3_indoor)
  Strategy               |     λ | CLIP-W | CLIP-I |  PSNR |  SSIM |  LPIPS |    MSE |     SD
  -----------------------+--------+--------+--------+--------+--------+--------+--------+--------+-
  Baseline               |  13.5 |  25.28 |  0.898 | 27.51 | 95.22 |   75.9 |   17.7 |  352.1
  Exp_Forward_Gate       |  13.4 |  30.02 |  0.888 | 29.22 | 96.37 |   93.1 |   12.0 |  544.9
  Exp_Forward            |  14.2 |  26.82 |  0.863 | 28.21 | 95.45 |   93.1 |   15.1 |  482.7
  Exp_Reverse_Gate       |  14.4 |  30.34 |  0.861 | 28.30 | 95.55 |   86.5 |   14.8 |  334.4
  Exp_Boost              |  13.6 |  29.79 |  0.896 | 30.81 | 97.00 |   90.9 |    8.3 |  593.1
  TwoPhase               |  13.4 |  29.06 |  0.910 | 31.05 | 97.47 |   69.3 |    7.9 |  454.6
  Entropy                |  13.3 |  29.29 |  0.895 | 30.07 | 96.84 |   91.4 |    9.8 |  516.1
  Locality               |  13.3 |  28.86 |  0.877 | 29.60 | 96.72 |   84.4 |   11.0 |  518.0
  Dual                   |   3.4 |  25.47 |  0.967 | 38.23 | 99.48 |   38.3 |    1.5 |  434.8
  Quantile               |  13.6 |  25.78 |  0.874 | 30.92 | 96.26 |  128.2 |    8.1 |  744.4
  Budget_Matched         |  13.3 |  29.44 |  0.892 | 28.77 | 96.18 |   83.2 |   13.3 |  447.6
  → image traitée en 160s (15s/stratégie)

[GPU 3] [42/100]  213000000001  (3_indoor)
  Strategy               |     λ | CLIP-W | CLIP-I |  PSNR |  SSIM |  LPIPS |    MSE |     SD
  -----------------------+--------+--------+--------+--------+--------+--------+--------+--------+-
  Baseline               |  13.5 |  27.14 |  0.936 | 23.71 | 87.69 |  170.8 |   42.5 |  392.0
  Exp_Forward_Gate       |  12.5 |  26.60 |  0.919 | 23.65 | 89.19 |  164.6 |   43.1 |  401.2
  Exp_Forward            |  14.3 |  25.94 |  0.907 | 24.36 | 87.02 |  212.0 |   36.7 |  446.8
  Exp_Reverse_Gate       |  15.9 |  27.18 |  0.887 | 21.78 | 82.07 |  244.5 |   66.3 |  451.9
  Exp_Boost              |  12.5 |  28.14 |  0.925 | 24.92 | 89.53 |  166.9 |   32.2 |  404.8
  TwoPhase               |  12.7 |  24.95 |  0.943 | 25.32 | 91.28 |  144.2 |   29.4 |  380.7
  Entropy                |  12.7 |  24.21 |  0.882 | 24.53 | 88.25 |  200.2 |   35.2 |  425.7
  Locality               |  12.6 |  26.87 |  0.897 | 23.84 | 88.11 |  191.8 |   41.3 |  426.2
  Dual                   |   3.4 |  24.56 |  0.970 | 34.85 | 96.75 |  143.0 |    3.3 |  334.5
  Quantile               |  12.6 |  25.78 |  0.933 | 27.79 | 92.74 |  171.7 |   16.6 |  426.8
  Budget_Matched         |  12.9 |  27.89 |  0.924 | 23.82 | 89.60 |  158.5 |   41.5 |  380.7
  → image traitée en 161s (15s/stratégie)

[GPU 3] [43/100]  213000000002  (3_indoor)
  Strategy               |     λ | CLIP-W | CLIP-I |  PSNR |  SSIM |  LPIPS |    MSE |     SD
  -----------------------+--------+--------+--------+--------+--------+--------+--------+--------+-
  Baseline               |  13.5 |  27.68 |  0.945 | 21.86 | 85.83 |  198.0 |   65.1 |  287.1
  Exp_Forward_Gate       |  12.8 |  27.85 |  0.951 | 23.47 | 89.22 |  176.2 |   45.0 |  268.1
  Exp_Forward            |  14.1 |  27.94 |  0.944 | 22.26 | 86.05 |  210.2 |   59.5 |  289.7
  Exp_Reverse_Gate       |  15.5 |  27.93 |  0.943 | 20.87 | 82.57 |  225.5 |   81.9 |  305.3
  Exp_Boost              |  12.8 |  28.10 |  0.956 | 23.72 | 89.00 |  177.7 |   42.4 |  272.3
  TwoPhase               |  13.0 |  27.65 |  0.944 | 23.16 | 88.32 |  191.1 |   48.3 |  278.9
  Entropy                |  12.8 |  27.02 |  0.930 | 23.44 | 88.61 |  181.2 |   45.3 |  273.5
  Locality               |  12.8 |  27.69 |  0.964 | 23.54 | 89.03 |  176.1 |   44.2 |  268.8
  Dual                   |   3.2 |  27.64 |  0.996 | 31.58 | 97.44 |   52.9 |    6.9 |  158.3
  Quantile               |  13.9 |  28.09 |  0.889 | 24.44 | 88.34 |  223.5 |   36.0 |  296.0
  Budget_Matched         |  13.1 |  27.67 |  0.955 | 23.15 | 88.48 |  178.7 |   48.4 |  271.4
  → image traitée en 161s (15s/stratégie)

[GPU 3] [44/100]  213000000003  (3_indoor)
  Strategy               |     λ | CLIP-W | CLIP-I |  PSNR |  SSIM |  LPIPS |    MSE |     SD
  -----------------------+--------+--------+--------+--------+--------+--------+--------+--------+-
  Baseline               |  13.5 |  25.91 |  0.964 | 21.76 | 82.75 |  271.9 |   66.6 |  277.1
  Exp_Forward_Gate       |  12.9 |  26.19 |  0.952 | 23.17 | 85.24 |  265.9 |   48.2 |  275.0
  Exp_Forward            |  14.3 |  25.46 |  0.949 | 21.78 | 82.60 |  293.6 |   66.4 |  298.5
  Exp_Reverse_Gate       |  15.4 |  25.21 |  0.950 | 21.19 | 80.56 |  303.2 |   76.1 |  302.5
  Exp_Boost              |  13.0 |  24.60 |  0.966 | 23.54 | 86.76 |  239.4 |   44.3 |  261.3
  TwoPhase               |  13.1 |  26.61 |  0.964 | 23.24 | 84.71 |  269.4 |   47.5 |  279.7
  Entropy                |  12.9 |  24.39 |  0.946 | 23.19 | 86.36 |  256.1 |   48.0 |  266.7
  Locality               |  13.0 |  24.14 |  0.958 | 23.92 | 86.82 |  248.4 |   40.6 |  261.6
  Dual                   |   3.1 |  23.83 |  0.995 | 35.14 | 98.35 |   55.7 |    3.1 |  123.0
  Quantile               |  12.7 |  26.31 |  0.937 | 22.79 | 85.05 |  290.0 |   52.6 |  293.9
  Budget_Matched         |  13.1 |  25.68 |  0.960 | 22.76 | 85.09 |  264.4 |   52.9 |  277.4
  → image traitée en 161s (15s/stratégie)

[GPU 3] [45/100]  213000000004  (3_indoor)
  Strategy               |     λ | CLIP-W | CLIP-I |  PSNR |  SSIM |  LPIPS |    MSE |     SD
  -----------------------+--------+--------+--------+--------+--------+--------+--------+--------+-
  Baseline               |  13.5 |  28.89 |  0.898 | 18.87 | 79.58 |  270.6 |  129.7 |  223.7
  Exp_Forward_Gate       |  12.5 |  29.39 |  0.898 | 20.34 | 84.33 |  233.6 |   92.5 |  198.3
  Exp_Forward            |  14.0 |  29.76 |  0.914 | 20.45 | 84.50 |  236.0 |   90.2 |  197.8
  Exp_Reverse_Gate       |  16.1 |  30.81 |  0.842 | 18.15 | 77.97 |  282.4 |  153.1 |  233.0
  Exp_Boost              |  12.6 |  29.83 |  0.909 | 21.18 | 84.92 |  233.3 |   76.2 |  199.0
  TwoPhase               |  12.7 |  29.29 |  0.919 | 20.49 | 83.82 |  234.8 |   89.4 |  203.1
  Entropy                |  12.6 |  29.74 |  0.916 | 20.88 | 83.65 |  241.0 |   81.7 |  208.8
  Locality               |  12.5 |  28.42 |  0.891 | 20.31 | 83.11 |  249.0 |   93.0 |  207.3
  Dual                   |   3.2 |  29.50 |  0.969 | 30.13 | 96.35 |   90.4 |    9.7 |  107.8
  Quantile               |  12.4 |  26.66 |  0.900 | 21.39 | 83.94 |  246.3 |   72.7 |  216.0
  Budget_Matched         |  12.9 |  28.27 |  0.881 | 19.80 | 81.73 |  256.3 |  104.7 |  213.6
  → image traitée en 161s (15s/stratégie)

[GPU 3] [46/100]  213000000005  (3_indoor)
  Strategy               |     λ | CLIP-W | CLIP-I |  PSNR |  SSIM |  LPIPS |    MSE |     SD
  -----------------------+--------+--------+--------+--------+--------+--------+--------+--------+-
  Baseline               |  13.5 |  29.75 |  0.924 | 20.39 | 77.59 |  266.5 |   91.4 |  344.0
  Exp_Forward_Gate       |  12.7 |  28.39 |  0.943 | 21.59 | 79.83 |  268.1 |   69.4 |  335.8
  Exp_Forward            |  14.3 |  27.68 |  0.928 | 21.00 | 77.59 |  289.0 |   79.4 |  352.4
  Exp_Reverse_Gate       |  15.8 |  28.97 |  0.946 | 20.27 | 78.00 |  253.6 |   93.9 |  336.1
  Exp_Boost              |  12.7 |  27.42 |  0.924 | 22.12 | 80.57 |  251.6 |   61.3 |  322.3
  TwoPhase               |  13.0 |  28.84 |  0.916 | 21.47 | 78.55 |  279.8 |   71.4 |  345.3
  Entropy                |  12.6 |  27.46 |  0.922 | 21.36 | 79.06 |  258.9 |   73.1 |  327.6
  Locality               |  12.7 |  27.36 |  0.923 | 21.52 | 78.68 |  272.1 |   70.5 |  338.0
  Dual                   |   3.3 |  28.25 |  0.992 | 29.41 | 94.24 |   81.2 |   11.5 |  195.2
  Quantile               |  12.0 |  28.56 |  0.950 | 23.54 | 84.32 |  229.9 |   44.3 |  310.3
  Budget_Matched         |  12.9 |  28.72 |  0.972 | 21.99 | 83.10 |  212.0 |   63.2 |  301.7
  → image traitée en 161s (15s/stratégie)

[GPU 3] [47/100]  213000000006  (3_indoor)
  Strategy               |     λ | CLIP-W | CLIP-I |  PSNR |  SSIM |  LPIPS |    MSE |     SD
  -----------------------+--------+--------+--------+--------+--------+--------+--------+--------+-
  Baseline               |  13.5 |  28.48 |  0.962 | 20.92 | 81.88 |  179.1 |   80.9 |  240.3
  Exp_Forward_Gate       |  12.6 |  25.80 |  0.972 | 21.83 | 85.77 |  159.8 |   65.6 |  229.8
  Exp_Forward            |  14.0 |  28.84 |  0.974 | 21.11 | 81.81 |  191.8 |   77.5 |  248.3
  Exp_Reverse_Gate       |  15.8 |  26.44 |  0.966 | 19.89 | 77.58 |  248.1 |  102.5 |  288.3
  Exp_Boost              |  12.6 |  27.10 |  0.970 | 22.28 | 85.25 |  163.1 |   59.2 |  230.1
  TwoPhase               |  12.4 |  31.00 |  0.942 | 19.72 | 74.93 |  240.5 |  106.7 |  283.6
  Entropy                |  12.2 |  26.91 |  0.944 | 20.10 | 75.45 |  249.4 |   97.7 |  282.8
  Locality               |  12.7 |  27.41 |  0.979 | 21.60 | 83.44 |  175.8 |   69.2 |  244.0
  Dual                   |   3.3 |  24.69 |  0.988 | 29.12 | 92.68 |   69.2 |   12.2 |  154.4
  Quantile               |  12.5 |  28.37 |  0.974 | 22.74 | 85.89 |  181.7 |   53.3 |  264.3
  Budget_Matched         |  13.0 |  25.83 |  0.981 | 22.16 | 86.32 |  156.8 |   60.9 |  224.2
  → image traitée en 162s (15s/stratégie)

[GPU 3] [48/100]  213000000007  (3_indoor)
  Strategy               |     λ | CLIP-W | CLIP-I |  PSNR |  SSIM |  LPIPS |    MSE |     SD
  -----------------------+--------+--------+--------+--------+--------+--------+--------+--------+-
  Baseline               |  13.5 |  24.04 |  0.935 | 25.63 | 89.11 |  170.4 |   27.4 |  301.3
  Exp_Forward_Gate       |  12.9 |  23.20 |  0.854 | 26.43 | 87.65 |  203.8 |   22.7 |  320.7
  Exp_Forward            |  13.9 |  23.37 |  0.894 | 25.77 | 87.26 |  194.3 |   26.5 |  314.3
  Exp_Reverse_Gate       |  15.2 |  23.18 |  0.912 | 24.39 | 85.50 |  248.2 |   36.4 |  342.3
  Exp_Boost              |  12.8 |  24.03 |  0.866 | 26.47 | 88.63 |  195.3 |   22.5 |  315.4
  TwoPhase               |  12.9 |  24.82 |  0.921 | 26.25 | 90.03 |  170.4 |   23.7 |  297.1
  Entropy                |  12.8 |  25.00 |  0.890 | 25.52 | 88.84 |  186.8 |   28.0 |  309.2
  Locality               |  13.0 |  22.93 |  0.857 | 25.86 | 88.25 |  205.1 |   26.0 |  313.0
  Dual                   |   3.2 |  22.04 |  0.989 | 34.87 | 94.69 |   74.4 |    3.3 |  213.0
  Quantile               |  12.1 |  24.80 |  0.855 | 27.23 | 89.25 |  236.1 |   18.9 |  344.6
  Budget_Matched         |  13.0 |  23.48 |  0.926 | 25.51 | 87.68 |  187.5 |   28.1 |  312.0
  → image traitée en 161s (15s/stratégie)

[GPU 3] [49/100]  213000000008  (3_indoor)
  Strategy               |     λ | CLIP-W | CLIP-I |  PSNR |  SSIM |  LPIPS |    MSE |     SD
  -----------------------+--------+--------+--------+--------+--------+--------+--------+--------+-
  Baseline               |  13.5 |  29.03 |  0.896 | 21.96 | 83.37 |  195.7 |   63.7 |  266.4
  Exp_Forward_Gate       |  12.9 |  25.28 |  0.969 | 25.36 | 88.72 |  154.7 |   29.1 |  234.0
  Exp_Forward            |  14.1 |  28.63 |  0.919 | 23.99 | 86.68 |  178.6 |   39.9 |  248.2
  Exp_Reverse_Gate       |  15.1 |  25.30 |  0.930 | 22.66 | 85.67 |  183.9 |   54.2 |  251.2
  Exp_Boost              |  12.8 |  28.07 |  0.939 | 24.83 | 88.98 |  156.2 |   32.9 |  234.7
  TwoPhase               |  13.0 |  27.65 |  0.953 | 24.24 | 89.68 |  146.8 |   37.7 |  229.9
  Entropy                |  12.7 |  28.77 |  0.919 | 22.96 | 85.71 |  177.6 |   50.6 |  253.7
  Locality               |  12.9 |  23.52 |  0.970 | 25.70 | 89.97 |  139.6 |   26.9 |  225.5
  Dual                   |   3.2 |  23.30 |  0.998 | 35.67 | 97.71 |   41.8 |    2.7 |  127.9
  Quantile               |  12.2 |  24.54 |  0.966 | 26.88 | 91.22 |  158.7 |   20.5 |  240.9
  Budget_Matched         |  13.1 |  24.41 |  0.974 | 25.11 | 88.32 |  155.9 |   30.8 |  237.0
  → image traitée en 161s (15s/stratégie)

[GPU 3] [50/100]  213000000009  (3_indoor)
  Strategy               |     λ | CLIP-W | CLIP-I |  PSNR |  SSIM |  LPIPS |    MSE |     SD
  -----------------------+--------+--------+--------+--------+--------+--------+--------+--------+-
  Baseline               |  13.5 |  27.56 |  0.958 | 21.29 | 83.48 |  216.0 |   74.3 |  284.9
  Exp_Forward_Gate       |  12.7 |  27.58 |  0.962 | 22.57 | 86.76 |  189.9 |   55.4 |  273.4
  Exp_Forward            |  14.0 |  27.47 |  0.961 | 21.51 | 84.11 |  205.7 |   70.7 |  285.1
  Exp_Reverse_Gate       |  15.6 |  27.24 |  0.955 | 20.56 | 80.66 |  242.0 |   87.9 |  299.3
  Exp_Boost              |  12.7 |  27.74 |  0.966 | 23.37 | 87.82 |  199.2 |   46.0 |  277.8
  TwoPhase               |  12.9 |  27.49 |  0.958 | 22.49 | 87.06 |  197.1 |   56.4 |  274.9
  Entropy                |  12.8 |  27.75 |  0.963 | 23.11 | 86.96 |  191.2 |   48.8 |  271.9
  Locality               |  12.8 |  28.50 |  0.959 | 22.90 | 87.50 |  176.0 |   51.3 |  267.7
  Dual                   |   3.3 |  27.63 |  0.975 | 30.41 | 93.78 |   73.5 |    9.1 |  185.7
  Quantile               |  12.5 |  28.62 |  0.973 | 23.20 | 86.00 |  221.1 |   47.9 |  309.2
  Budget_Matched         |  12.9 |  30.78 |  0.938 | 21.21 | 84.29 |  213.0 |   75.6 |  286.3
  → image traitée en 161s (15s/stratégie)

[GPU 3] [51/100]  214000000000  (4_outdoor)
  Strategy               |     λ | CLIP-W | CLIP-I |  PSNR |  SSIM |  LPIPS |    MSE |     SD
  -----------------------+--------+--------+--------+--------+--------+--------+--------+--------+-
  Baseline               |  13.5 |  32.47 |  0.870 | 21.35 | 81.46 |  238.7 |   73.2 |  249.9
  Exp_Forward_Gate       |  12.6 |  30.85 |  0.927 | 22.95 | 84.96 |  197.3 |   50.7 |  233.4
  Exp_Forward            |  14.1 |  31.26 |  0.851 | 21.77 | 81.75 |  246.6 |   66.5 |  259.0
  Exp_Reverse_Gate       |  16.3 |  32.39 |  0.844 | 18.84 | 75.25 |  312.7 |  130.6 |  292.7
  Exp_Boost              |  12.6 |  30.78 |  0.888 | 23.22 | 85.26 |  211.2 |   47.6 |  240.6
  TwoPhase               |  12.8 |  33.17 |  0.870 | 22.00 | 83.42 |  224.4 |   63.0 |  248.4
  Entropy                |  12.6 |  33.72 |  0.838 | 22.70 | 83.90 |  227.7 |   53.7 |  244.9
  Locality               |  12.7 |  32.37 |  0.882 | 23.19 | 84.94 |  204.2 |   48.0 |  232.9
  Dual                   |   3.2 |  25.28 |  0.990 | 32.62 | 95.59 |   63.4 |    5.5 |  132.5
  Quantile               |  12.2 |  28.72 |  0.898 | 24.51 | 84.30 |  236.6 |   35.4 |  270.1
  Budget_Matched         |  12.8 |  33.38 |  0.853 | 21.46 | 82.17 |  224.2 |   71.5 |  248.9
  → image traitée en 161s (15s/stratégie)

[GPU 3] [52/100]  214000000001  (4_outdoor)
  Strategy               |     λ | CLIP-W | CLIP-I |  PSNR |  SSIM |  LPIPS |    MSE |     SD
  -----------------------+--------+--------+--------+--------+--------+--------+--------+--------+-
  Baseline               |  13.5 |  37.43 |  0.884 | 22.98 | 88.61 |  176.6 |   50.3 |  283.7
  Exp_Forward_Gate       |  12.8 |  36.42 |  0.906 | 23.96 | 90.62 |  157.2 |   40.2 |  290.5
  Exp_Forward            |  14.1 |  38.36 |  0.898 | 23.73 | 89.47 |  162.4 |   42.3 |  296.8
  Exp_Reverse_Gate       |  15.6 |  37.98 |  0.862 | 20.68 | 81.85 |  239.3 |   85.6 |  319.2
  Exp_Boost              |  12.9 |  36.18 |  0.910 | 24.52 | 90.38 |  163.3 |   35.3 |  298.5
  TwoPhase               |  13.1 |  37.31 |  0.896 | 23.77 | 90.45 |  151.9 |   42.0 |  289.2
  Entropy                |  12.8 |  37.38 |  0.871 | 23.60 | 89.40 |  170.2 |   43.6 |  299.8
  Locality               |  12.9 |  36.67 |  0.862 | 23.86 | 89.49 |  165.4 |   41.2 |  290.1
  Dual                   |   3.2 |  29.47 |  0.986 | 34.53 | 98.19 |   47.3 |    3.5 |  194.7
  Quantile               |  12.5 |  35.14 |  0.889 | 25.58 | 90.43 |  175.5 |   27.7 |  339.7
  Budget_Matched         |  13.0 |  37.02 |  0.896 | 23.01 | 89.09 |  169.3 |   50.0 |  288.2
  → image traitée en 162s (15s/stratégie)

[GPU 3] [53/100]  214000000002  (4_outdoor)
  Strategy               |     λ | CLIP-W | CLIP-I |  PSNR |  SSIM |  LPIPS |    MSE |     SD
  -----------------------+--------+--------+--------+--------+--------+--------+--------+--------+-
  Baseline               |  13.5 |  29.53 |  0.884 | 22.33 | 87.77 |  173.6 |   58.4 |  600.1
  Exp_Forward_Gate       |  12.8 |  29.53 |  0.891 | 23.15 | 89.65 |  172.6 |   48.4 |  647.1
  Exp_Forward            |  14.3 |  29.80 |  0.876 | 23.23 | 88.65 |  181.7 |   47.5 |  646.8
  Exp_Reverse_Gate       |  16.0 |  29.16 |  0.873 | 21.17 | 85.79 |  198.4 |   76.3 |  584.2
  Exp_Boost              |  12.9 |  30.12 |  0.878 | 23.78 | 89.97 |  172.9 |   41.9 |  660.6
  TwoPhase               |  12.9 |  29.35 |  0.881 | 22.95 | 89.39 |  168.7 |   50.7 |  641.3
  Entropy                |  12.8 |  29.21 |  0.900 | 23.30 | 89.46 |  167.6 |   46.8 |  635.7
  Locality               |  12.8 |  29.34 |  0.886 | 23.22 | 89.44 |  173.8 |   47.7 |  642.2
  Dual                   |   3.4 |  26.72 |  0.965 | 34.63 | 97.84 |   48.7 |    3.4 |  561.6
  Quantile               |  12.1 |  29.60 |  0.872 | 25.75 | 91.20 |  180.5 |   26.6 |  684.9
  Budget_Matched         |  12.9 |  29.96 |  0.894 | 22.58 | 88.48 |  176.1 |   55.2 |  625.6
  → image traitée en 161s (15s/stratégie)

[GPU 3] [54/100]  214000000003  (4_outdoor)
  Strategy               |     λ | CLIP-W | CLIP-I |  PSNR |  SSIM |  LPIPS |    MSE |     SD
  -----------------------+--------+--------+--------+--------+--------+--------+--------+--------+-
  Baseline               |  13.5 |  29.34 |  0.771 | 23.37 | 87.44 |  227.4 |   46.0 |  255.1
  Exp_Forward_Gate       |  12.9 |  28.36 |  0.811 | 23.95 | 87.90 |  236.0 |   40.2 |  261.8
  Exp_Forward            |  14.1 |  29.25 |  0.806 | 23.51 | 86.15 |  245.9 |   44.5 |  266.1
  Exp_Reverse_Gate       |  15.0 |  28.19 |  0.759 | 22.34 | 83.15 |  258.5 |   58.4 |  280.8
  Exp_Boost              |  13.0 |  28.47 |  0.852 | 24.15 | 87.74 |  243.2 |   38.5 |  266.5
  TwoPhase               |  13.1 |  26.82 |  0.800 | 24.33 | 88.46 |  221.6 |   36.9 |  252.8
  Entropy                |  12.9 |  27.14 |  0.808 | 23.74 | 87.73 |  223.9 |   42.2 |  258.7
  Locality               |  12.9 |  28.32 |  0.765 | 23.53 | 87.16 |  236.2 |   44.3 |  261.8
  Dual                   |   3.1 |  16.68 |  0.972 | 35.20 | 98.68 |   56.4 |    3.0 |  133.4
  Quantile               |  12.5 |  20.66 |  0.928 | 28.19 | 92.58 |  223.0 |   15.2 |  259.6
  Budget_Matched         |  13.1 |  27.59 |  0.821 | 23.61 | 86.96 |  232.7 |   43.5 |  258.5
  → image traitée en 161s (15s/stratégie)

[GPU 3] [55/100]  214000000004  (4_outdoor)
  Strategy               |     λ | CLIP-W | CLIP-I |  PSNR |  SSIM |  LPIPS |    MSE |     SD
  -----------------------+--------+--------+--------+--------+--------+--------+--------+--------+-
  Baseline               |  13.5 |  34.23 |  0.809 | 23.42 | 91.41 |  199.7 |   45.5 |  219.0
  Exp_Forward_Gate       |  12.9 |  33.37 |  0.860 | 25.28 | 93.22 |  167.8 |   29.6 |  205.7
  Exp_Forward            |  14.0 |  33.14 |  0.851 | 24.86 | 92.22 |  188.8 |   32.7 |  214.8
  Exp_Reverse_Gate       |  15.4 |  31.55 |  0.750 | 22.79 | 89.32 |  236.7 |   52.6 |  238.0
  Exp_Boost              |  12.9 |  33.54 |  0.872 | 25.54 | 93.74 |  163.6 |   27.9 |  200.6
  TwoPhase               |  13.1 |  32.40 |  0.840 | 25.00 | 93.06 |  172.1 |   31.6 |  207.5
  Entropy                |  13.0 |  31.68 |  0.864 | 25.43 | 93.12 |  173.3 |   28.6 |  208.6
  Locality               |  12.9 |  32.28 |  0.870 | 24.31 | 92.72 |  182.7 |   37.1 |  210.4
  Dual                   |   3.1 |  25.75 |  0.982 | 36.48 | 98.92 |   37.6 |    2.3 |  108.8
  Quantile               |  12.2 |  29.44 |  0.926 | 26.68 | 92.12 |  197.1 |   21.5 |  235.0
  Budget_Matched         |  13.1 |  33.14 |  0.852 | 24.40 | 92.36 |  187.9 |   36.3 |  214.9
  → image traitée en 161s (15s/stratégie)

[GPU 3] [56/100]  214000000005  (4_outdoor)
  Strategy               |     λ | CLIP-W | CLIP-I |  PSNR |  SSIM |  LPIPS |    MSE |     SD
  -----------------------+--------+--------+--------+--------+--------+--------+--------+--------+-
  Baseline               |  13.5 |  24.98 |  0.748 | 24.06 | 87.14 |  227.8 |   39.3 |  255.8
  Exp_Forward_Gate       |  12.7 |  27.72 |  0.773 | 25.42 | 89.46 |  205.7 |   28.7 |  245.3
  Exp_Forward            |  14.0 |  26.47 |  0.740 | 24.61 | 87.45 |  228.2 |   34.6 |  259.6
  Exp_Reverse_Gate       |  15.2 |  24.92 |  0.748 | 23.84 | 85.56 |  253.3 |   41.3 |  268.7
  Exp_Boost              |  12.6 |  27.74 |  0.744 | 25.79 | 88.79 |  219.3 |   26.3 |  254.2
  TwoPhase               |  12.9 |  26.35 |  0.698 | 25.15 | 88.55 |  213.0 |   30.5 |  252.3
  Entropy                |  12.7 |  27.41 |  0.707 | 25.22 | 88.12 |  216.4 |   30.1 |  252.2
  Locality               |  12.7 |  26.77 |  0.765 | 24.67 | 88.33 |  225.4 |   34.1 |  256.0
  Dual                   |   3.1 |  16.65 |  0.995 | 35.57 | 98.07 |   58.9 |    2.8 |  137.3
  Quantile               |  12.7 |  22.64 |  0.880 | 24.21 | 88.49 |  232.4 |   37.9 |  263.5
  Budget_Matched         |  12.9 |  27.67 |  0.746 | 24.42 | 86.90 |  227.9 |   36.1 |  258.3
  → image traitée en 161s (15s/stratégie)

[GPU 3] [57/100]  214000000006  (4_outdoor)
  Strategy               |     λ | CLIP-W | CLIP-I |  PSNR |  SSIM |  LPIPS |    MSE |     SD
  -----------------------+--------+--------+--------+--------+--------+--------+--------+--------+-
  Baseline               |  13.5 |  28.27 |  0.824 | 18.91 | 79.47 |  271.3 |  128.4 |  255.1
  Exp_Forward_Gate       |  12.7 |  29.07 |  0.872 | 20.35 | 82.48 |  258.7 |   92.2 |  230.4
  Exp_Forward            |  14.2 |  29.57 |  0.850 | 19.61 | 80.05 |  270.4 |  109.5 |  250.7
  Exp_Reverse_Gate       |  16.1 |  28.88 |  0.780 | 18.05 | 75.83 |  300.0 |  156.7 |  273.5
  Exp_Boost              |  12.7 |  29.15 |  0.874 | 20.80 | 83.26 |  251.0 |   83.3 |  225.7
  TwoPhase               |  12.9 |  30.26 |  0.874 | 20.49 | 82.10 |  258.9 |   89.4 |  234.5
  Entropy                |  12.7 |  29.72 |  0.889 | 21.02 | 83.29 |  249.1 |   79.1 |  224.9
  Locality               |  12.6 |  29.32 |  0.873 | 20.16 | 82.24 |  249.8 |   96.3 |  232.5
  Dual                   |   3.2 |  24.43 |  0.973 | 30.22 | 96.73 |   88.6 |    9.5 |  100.7
  Quantile               |  11.8 |  27.67 |  0.927 | 22.96 | 85.34 |  268.1 |   50.6 |  229.2
  Budget_Matched         |  12.9 |  29.25 |  0.825 | 19.45 | 81.55 |  255.8 |  113.6 |  232.4
  → image traitée en 161s (15s/stratégie)

[GPU 3] [58/100]  214000000007  (4_outdoor)
  Strategy               |     λ | CLIP-W | CLIP-I |  PSNR |  SSIM |  LPIPS |    MSE |     SD
  -----------------------+--------+--------+--------+--------+--------+--------+--------+--------+-
  Baseline               |  13.5 |  26.81 |  0.902 | 21.53 | 84.68 |  263.4 |   70.3 |  253.4
  Exp_Forward_Gate       |  12.4 |  25.52 |  0.908 | 22.54 | 86.37 |  252.8 |   55.7 |  238.9
  Exp_Forward            |  13.9 |  26.40 |  0.895 | 21.58 | 84.67 |  275.3 |   69.5 |  250.7
  Exp_Reverse_Gate       |  17.1 |  27.01 |  0.880 | 19.16 | 77.70 |  355.5 |  121.4 |  304.3
  Exp_Boost              |  12.2 |  26.20 |  0.899 | 22.78 | 86.62 |  252.5 |   52.7 |  236.6
  TwoPhase               |  12.5 |  26.98 |  0.911 | 22.67 | 86.77 |  249.5 |   54.0 |  233.5
  Entropy                |  12.4 |  26.61 |  0.906 | 22.25 | 85.95 |  256.2 |   59.6 |  247.3
  Locality               |  12.2 |  27.16 |  0.884 | 21.70 | 84.30 |  273.9 |   67.6 |  254.2
  Dual                   |   3.3 |  23.93 |  0.985 | 32.54 | 96.92 |   73.6 |    5.6 |  113.0
  Quantile               |  12.8 |  26.59 |  0.885 | 22.27 | 86.60 |  271.0 |   59.3 |  239.7
  Budget_Matched         |  12.7 |  25.84 |  0.906 | 21.74 | 85.30 |  259.9 |   67.0 |  244.3
  → image traitée en 161s (15s/stratégie)

[GPU 3] [59/100]  214000000008  (4_outdoor)
  Strategy               |     λ | CLIP-W | CLIP-I |  PSNR |  SSIM |  LPIPS |    MSE |     SD
  -----------------------+--------+--------+--------+--------+--------+--------+--------+--------+-
  Baseline               |  13.5 |  25.23 |  0.821 | 23.75 | 83.44 |  245.3 |   42.1 |  263.3
  Exp_Forward_Gate       |  12.6 |  26.34 |  0.853 | 25.05 | 85.83 |  230.7 |   31.2 |  236.1
  Exp_Forward            |  14.0 |  26.67 |  0.833 | 24.12 | 83.81 |  259.7 |   38.7 |  256.6
  Exp_Reverse_Gate       |  15.8 |  28.68 |  0.813 | 22.55 | 80.52 |  277.1 |   55.6 |  275.1
  Exp_Boost              |  12.4 |  25.71 |  0.837 | 24.96 | 85.65 |  236.9 |   32.0 |  243.6
  TwoPhase               |  12.7 |  25.41 |  0.828 | 24.16 | 83.67 |  258.6 |   38.3 |  264.0
  Entropy                |  12.6 |  25.46 |  0.841 | 25.12 | 86.09 |  228.7 |   30.8 |  237.8
  Locality               |  12.5 |  25.61 |  0.869 | 24.54 | 85.54 |  232.5 |   35.1 |  243.7
  Dual                   |   3.2 |  17.99 |  0.987 | 35.86 | 97.72 |   50.5 |    2.6 |  102.1
  Quantile               |  13.3 |  23.18 |  0.929 | 26.22 | 88.43 |  226.5 |   23.9 |  226.0
  Budget_Matched         |  13.0 |  25.72 |  0.859 | 25.06 | 85.38 |  231.4 |   31.2 |  244.7
  → image traitée en 161s (15s/stratégie)

[GPU 3] [60/100]  214000000009  (4_outdoor)
  Strategy               |     λ | CLIP-W | CLIP-I |  PSNR |  SSIM |  LPIPS |    MSE |     SD
  -----------------------+--------+--------+--------+--------+--------+--------+--------+--------+-
  Baseline               |  13.5 |  27.56 |  0.891 | 23.74 | 92.54 |   82.0 |   42.3 |  370.0
  Exp_Forward_Gate       |  12.9 |  28.94 |  0.886 | 25.12 | 93.34 |   71.8 |   30.8 |  445.2
  Exp_Forward            |  14.1 |  26.49 |  0.857 | 24.66 | 90.40 |   82.2 |   34.2 |  457.8
  Exp_Reverse_Gate       |  15.4 |  26.72 |  0.786 | 22.45 | 91.31 |  101.3 |   56.9 |  347.4
  Exp_Boost              |  13.0 |  27.14 |  0.894 | 24.95 | 94.04 |   72.6 |   32.0 |  506.5
  TwoPhase               |  13.1 |  27.53 |  0.871 | 24.81 | 90.79 |   72.5 |   33.1 |  455.8
  Entropy                |  12.8 |  26.10 |  0.849 | 24.23 | 90.66 |   79.6 |   37.8 |  429.6
  Locality               |  12.9 |  25.95 |  0.878 | 24.79 | 93.38 |   69.1 |   33.2 |  426.5
  Dual                   |   3.4 |  21.47 |  0.962 | 33.77 | 96.08 |   18.9 |    4.2 |  374.1
  Quantile               |  13.4 |  26.23 |  0.886 | 25.42 | 93.80 |   89.0 |   28.7 |  622.2
  Budget_Matched         |  13.0 |  27.19 |  0.858 | 23.29 | 89.24 |   89.3 |   46.9 |  412.7
  → image traitée en 161s (15s/stratégie)

[GPU 3] [61/100]  221000000000  (1_animal)
  Strategy               |     λ | CLIP-W | CLIP-I |  PSNR |  SSIM |  LPIPS |    MSE |     SD
  -----------------------+--------+--------+--------+--------+--------+--------+--------+--------+-
  Baseline               |  13.5 |  24.40 |  0.912 | 21.93 | 85.88 |  185.1 |   64.2 |  180.0
  Exp_Forward_Gate       |  12.7 |  25.02 |  0.908 | 23.31 | 88.12 |  174.4 |   46.7 |  175.3
  Exp_Forward            |  14.0 |  25.20 |  0.860 | 22.74 | 87.00 |  186.0 |   53.2 |  177.4
  Exp_Reverse_Gate       |  15.5 |  22.92 |  0.757 | 20.79 | 83.08 |  220.7 |   83.3 |  192.3
  Exp_Boost              |  12.6 |  24.92 |  0.895 | 23.89 | 89.04 |  166.9 |   40.9 |  176.0
  TwoPhase               |  12.9 |  24.72 |  0.896 | 23.58 | 88.83 |  161.8 |   43.9 |  169.4
  Entropy                |  12.8 |  24.80 |  0.877 | 23.48 | 88.68 |  167.3 |   44.9 |  171.9
  Locality               |  12.8 |  23.64 |  0.899 | 23.43 | 88.63 |  165.8 |   45.4 |  170.3
  Dual                   |   3.1 |  21.60 |  0.992 | 35.23 | 98.10 |   42.9 |    3.0 |   83.6
  Quantile               |  12.5 |  24.30 |  0.881 | 24.69 | 88.07 |  201.9 |   34.0 |  207.6
  Budget_Matched         |  12.9 |  24.76 |  0.921 | 22.89 | 87.51 |  174.6 |   51.5 |  175.7
  → image traitée en 161s (15s/stratégie)

[GPU 3] [62/100]  221000000001  (1_animal)
  Strategy               |     λ | CLIP-W | CLIP-I |  PSNR |  SSIM |  LPIPS |    MSE |     SD
  -----------------------+--------+--------+--------+--------+--------+--------+--------+--------+-
  Baseline               |  13.5 |  27.20 |  0.901 | 23.32 | 89.74 |  162.1 |   46.5 |  139.9
  Exp_Forward_Gate       |  12.8 |  26.65 |  0.853 | 23.00 | 89.49 |  179.2 |   50.2 |  147.3
  Exp_Forward            |  14.1 |  28.50 |  0.886 | 23.02 | 89.59 |  166.1 |   49.9 |  143.5
  Exp_Reverse_Gate       |  15.0 |  28.96 |  0.889 | 21.65 | 87.33 |  173.6 |   68.4 |  149.4
  Exp_Boost              |  13.3 |  29.27 |  0.833 | 23.05 | 87.81 |  219.2 |   49.5 |  178.0
  TwoPhase               |  13.4 |  24.73 |  0.924 | 24.09 | 89.70 |  180.9 |   39.0 |  157.3
  Entropy                |  12.9 |  24.85 |  0.907 | 23.93 | 90.59 |  156.7 |   40.5 |  136.7
  Locality               |  13.2 |  27.04 |  0.912 | 24.15 | 90.40 |  164.4 |   38.4 |  142.5
  Dual                   |   3.2 |  24.59 |  0.928 | 32.96 | 97.78 |   65.9 |    5.1 |   75.1
  Quantile               |  12.3 |  23.55 |  0.914 | 24.37 | 89.54 |  217.4 |   36.6 |  167.5
  Budget_Matched         |  13.1 |  25.62 |  0.931 | 23.38 | 90.00 |  174.4 |   45.9 |  144.4
  → image traitée en 162s (15s/stratégie)

[GPU 3] [63/100]  221000000002  (1_animal)
  Strategy               |     λ | CLIP-W | CLIP-I |  PSNR |  SSIM |  LPIPS |    MSE |     SD
  -----------------------+--------+--------+--------+--------+--------+--------+--------+--------+-
  Baseline               |  13.5 |  30.85 |  0.799 | 20.86 | 82.17 |  229.6 |   82.1 |  241.6
  Exp_Forward_Gate       |  12.4 |  29.76 |  0.816 | 21.64 | 84.54 |  212.2 |   68.5 |  235.2
  Exp_Forward            |  14.0 |  32.21 |  0.858 | 21.86 | 83.97 |  217.0 |   65.2 |  237.5
  Exp_Reverse_Gate       |  16.5 |  31.35 |  0.792 | 18.74 | 75.76 |  288.6 |  133.6 |  294.7
  Exp_Boost              |  12.1 |  29.44 |  0.822 | 22.46 | 86.48 |  202.4 |   56.7 |  218.1
  TwoPhase               |  12.6 |  28.98 |  0.809 | 22.10 | 85.14 |  212.4 |   61.6 |  228.3
Traceback (most recent call last):
  File "/shared/ssd_14T/home/ahmadou/FlowEdit/benchmark_parallel.py", line 535, in <module>
    main()
  File "/shared/ssd_14T/home/ahmadou/FlowEdit/benchmark_parallel.py", line 482, in main
    gen_img, lam_mean = pipe.edit(
  File "/shared/ssd_14T/home/ahmadou/miniconda3/envs/pytorch_env/lib/python3.10/site-packages/torch/utils/_contextlib.py", line 116, in decorate_context
    return func(*args, **kwargs)
  File "/shared/ssd_14T/home/ahmadou/FlowEdit/benchmark_parallel.py", line 406, in edit
    lam = get_lambda(
  File "/shared/ssd_14T/home/ahmadou/FlowEdit/benchmark_parallel.py", line 226, in get_lambda
    u_k   = 1.0 / (1.0 + math.exp(-((ent - med_e) / mad_e)))
OverflowError: math range error
