[GPU 5] Chunk 4/7 — 100 images (400→499)
[GPU 5] Chargement SD3-medium sur cuda:0 (visible=5) …
Loading pipeline components...:   0%|          | 0/9 [00:00<?, ?it/s]`torch_dtype` is deprecated! Use `dtype` instead!

Loading checkpoint shards:   0%|          | 0/2 [00:00<?, ?it/s][A
Loading checkpoint shards:  50%|█████     | 1/2 [00:00<00:00,  4.74it/s][A
Loading checkpoint shards: 100%|██████████| 2/2 [00:00<00:00,  6.79it/s][ALoading checkpoint shards: 100%|██████████| 2/2 [00:00<00:00,  6.36it/s]
Loading pipeline components...:  11%|█         | 1/9 [00:00<00:03,  2.17it/s]Loading pipeline components...:  33%|███▎      | 3/9 [00:00<00:01,  4.65it/s]Loading pipeline components...:  56%|█████▌    | 5/9 [00:00<00:00,  6.72it/s]You set `add_prefix_space`. The tokenizer needs to be converted from the slow tokenizers
Loading pipeline components...: 100%|██████████| 9/9 [00:01<00:00, 10.23it/s]Loading pipeline components...: 100%|██████████| 9/9 [00:01<00:00,  7.87it/s]
/shared/ssd_14T/home/ahmadou/miniconda3/envs/pytorch_env/lib/python3.10/site-packages/torchvision/models/_utils.py:208: UserWarning: The parameter 'pretrained' is deprecated since 0.13 and may be removed in the future, please use 'weights' instead.
  warnings.warn(
/shared/ssd_14T/home/ahmadou/miniconda3/envs/pytorch_env/lib/python3.10/site-packages/torchvision/models/_utils.py:223: UserWarning: Arguments other than a weight enum or `None` for 'weights' are deprecated since 0.13 and may be removed in the future. The current behavior is equivalent to passing `weights=VGG16_Weights.IMAGENET1K_V1`. You can also use `weights=VGG16_Weights.DEFAULT` to get the most up-to-date weights.
  warnings.warn(msg)
Setting up [LPIPS] perceptual loss: trunk [vgg], v[0.1], spatial [off]
Loading model from: /shared/ssd_14T/home/ahmadou/miniconda3/envs/pytorch_env/lib/python3.10/site-packages/lpips/weights/v0.1/vgg.pth

[GPU 5] [1/100]  421000000000  (1_animal)
  Strategy               |     λ | CLIP-W | CLIP-I |  PSNR |  SSIM |  LPIPS |    MSE |     SD
  -----------------------+--------+--------+--------+--------+--------+--------+--------+--------+-
  Baseline               |  13.5 |  31.62 |  0.678 | 20.32 | 84.77 |  203.5 |   93.0 |  223.1
  Exp_Forward_Gate       |  12.7 |  30.19 |  0.718 | 21.69 | 87.02 |  191.4 |   67.7 |  215.5
  Exp_Forward            |  14.2 |  30.10 |  0.712 | 20.89 | 84.76 |  215.9 |   81.5 |  226.6
  Exp_Reverse_Gate       |  16.3 |  31.12 |  0.665 | 18.94 | 79.93 |  243.3 |  127.6 |  253.2
  Exp_Boost              |  12.8 |  31.51 |  0.740 | 21.55 | 86.57 |  195.4 |   70.0 |  219.5
  TwoPhase               |  12.9 |  28.44 |  0.709 | 21.27 | 85.71 |  203.9 |   74.6 |  219.7
  Entropy                |  12.7 |  31.78 |  0.752 | 21.51 | 86.94 |  186.3 |   70.6 |  210.3
  Locality               |  12.8 |  31.00 |  0.751 | 21.49 | 86.42 |  197.1 |   70.9 |  219.7
  Dual                   |   3.2 |  24.38 |  0.986 | 30.10 | 97.25 |   61.2 |    9.8 |  104.6
  Quantile               |  12.1 |  26.92 |  0.943 | 22.73 | 86.68 |  230.1 |   53.3 |  228.8
  Budget_Matched         |  12.9 |  29.64 |  0.682 | 21.08 | 85.07 |  197.4 |   78.0 |  223.5
  → image traitée en 148s (13s/stratégie)

[GPU 5] [2/100]  421000000001  (1_animal)
  Strategy               |     λ | CLIP-W | CLIP-I |  PSNR |  SSIM |  LPIPS |    MSE |     SD
  -----------------------+--------+--------+--------+--------+--------+--------+--------+--------+-
  Baseline               |  13.5 |  23.74 |  0.920 | 19.48 | 77.39 |  301.5 |  112.7 |  256.6
  Exp_Forward_Gate       |  12.6 |  23.86 |  0.937 | 21.14 | 81.47 |  255.3 |   77.0 |  238.0
  Exp_Forward            |  14.3 |  24.32 |  0.944 | 20.23 | 78.42 |  288.3 |   94.8 |  254.0
  Exp_Reverse_Gate       |  16.9 |  22.76 |  0.920 | 17.66 | 67.93 |  380.0 |  171.5 |  313.7
  Exp_Boost              |  12.6 |  24.51 |  0.934 | 21.42 | 82.83 |  241.0 |   72.1 |  228.7
  TwoPhase               |  12.8 |  24.14 |  0.936 | 20.88 | 81.13 |  260.5 |   81.7 |  240.6
  Entropy                |  12.5 |  24.78 |  0.934 | 20.46 | 81.13 |  257.9 |   89.9 |  238.7
  Locality               |  12.6 |  24.52 |  0.935 | 20.91 | 81.58 |  252.4 |   81.2 |  236.4
  Dual                   |   3.4 |  22.34 |  0.968 | 26.39 | 92.85 |   85.9 |   23.0 |  130.7
  Quantile               |  12.7 |  24.03 |  0.934 | 21.87 | 83.88 |  239.8 |   65.1 |  224.4
  Budget_Matched         |  12.8 |  24.21 |  0.932 | 20.10 | 79.39 |  274.0 |   97.7 |  246.6
  → image traitée en 153s (14s/stratégie)

[GPU 5] [3/100]  421000000002  (1_animal)
  Strategy               |     λ | CLIP-W | CLIP-I |  PSNR |  SSIM |  LPIPS |    MSE |     SD
  -----------------------+--------+--------+--------+--------+--------+--------+--------+--------+-
  Baseline               |  13.5 |  24.79 |  0.902 | 19.68 | 83.17 |  239.2 |  107.7 |  299.8
  Exp_Forward_Gate       |  12.7 |  24.99 |  0.936 | 21.51 | 87.04 |  213.7 |   70.7 |  274.2
  Exp_Forward            |  14.1 |  23.96 |  0.978 | 20.24 | 83.25 |  247.3 |   94.6 |  315.2
  Exp_Reverse_Gate       |  16.1 |  23.39 |  0.973 | 18.56 | 78.77 |  264.4 |  139.5 |  325.3
  Exp_Boost              |  12.7 |  24.30 |  0.904 | 21.94 | 87.04 |  213.4 |   64.0 |  283.8
  TwoPhase               |  12.8 |  25.49 |  0.953 | 20.68 | 85.95 |  212.4 |   85.5 |  285.1
  Entropy                |  12.7 |  24.78 |  0.980 | 21.38 | 86.44 |  205.2 |   72.8 |  279.8
  Locality               |  12.7 |  24.84 |  0.981 | 21.00 | 86.01 |  207.9 |   79.5 |  282.5
  Dual                   |   3.5 |  24.50 |  0.991 | 25.98 | 94.34 |  107.5 |   25.3 |  206.9
  Quantile               |  12.3 |  24.83 |  0.975 | 20.53 | 85.67 |  249.8 |   88.4 |  317.9
  Budget_Matched         |  12.9 |  23.96 |  0.883 | 20.34 | 84.41 |  221.5 |   92.5 |  295.8
  → image traitée en 153s (14s/stratégie)

[GPU 5] [4/100]  421000000003  (1_animal)
  Strategy               |     λ | CLIP-W | CLIP-I |  PSNR |  SSIM |  LPIPS |    MSE |     SD
  -----------------------+--------+--------+--------+--------+--------+--------+--------+--------+-
  Baseline               |  13.5 |  26.14 |  0.924 | 21.00 | 82.37 |  263.9 |   79.5 |  298.0
  Exp_Forward_Gate       |  12.9 |  28.23 |  0.908 | 22.95 | 85.57 |  244.3 |   50.7 |  295.6
  Exp_Forward            |  14.2 |  28.43 |  0.910 | 21.86 | 83.54 |  266.5 |   65.2 |  309.6
  Exp_Reverse_Gate       |  15.5 |  27.53 |  0.895 | 20.56 | 78.81 |  306.4 |   88.0 |  326.2
  Exp_Boost              |  12.9 |  27.24 |  0.916 | 23.72 | 86.80 |  244.0 |   42.5 |  299.4
  TwoPhase               |  13.0 |  26.93 |  0.919 | 22.67 | 85.17 |  247.6 |   54.1 |  302.4
  Entropy                |  12.9 |  27.97 |  0.909 | 22.83 | 84.96 |  248.5 |   52.2 |  303.3
  Locality               |  12.8 |  26.61 |  0.916 | 22.58 | 85.03 |  250.3 |   55.2 |  301.9
  Dual                   |   3.3 |  23.75 |  0.965 | 31.64 | 97.26 |   73.8 |    6.8 |  181.2
  Quantile               |  12.4 |  25.61 |  0.930 | 24.25 | 88.22 |  266.1 |   37.5 |  315.8
  Budget_Matched         |  13.0 |  27.09 |  0.929 | 21.57 | 83.00 |  261.7 |   69.7 |  303.1
  → image traitée en 154s (14s/stratégie)

[GPU 5] [5/100]  421000000004  (1_animal)
  Strategy               |     λ | CLIP-W | CLIP-I |  PSNR |  SSIM |  LPIPS |    MSE |     SD
  -----------------------+--------+--------+--------+--------+--------+--------+--------+--------+-
  Baseline               |  13.5 |  26.74 |  0.915 | 18.56 | 80.65 |  270.8 |  139.4 |  220.9
  Exp_Forward_Gate       |  12.6 |  27.21 |  0.937 | 19.76 | 83.37 |  250.6 |  105.6 |  207.2
  Exp_Forward            |  14.2 |  26.85 |  0.934 | 18.47 | 78.09 |  308.5 |  142.3 |  253.9
  Exp_Reverse_Gate       |  16.6 |  29.40 |  0.892 | 17.20 | 73.83 |  354.4 |  190.5 |  281.8
  Exp_Boost              |  12.6 |  26.32 |  0.945 | 20.16 | 84.21 |  248.5 |   96.4 |  210.0
  TwoPhase               |  12.9 |  28.01 |  0.942 | 19.91 | 83.79 |  247.5 |  102.0 |  206.8
  Entropy                |  12.7 |  27.35 |  0.949 | 19.95 | 84.03 |  244.6 |  101.3 |  201.8
  Locality               |  12.5 |  26.76 |  0.938 | 19.79 | 82.17 |  276.7 |  104.9 |  229.9
  Dual                   |   3.3 |  25.89 |  0.958 | 27.85 | 96.67 |   87.3 |   16.4 |  101.2
  Quantile               |  11.7 |  25.96 |  0.949 | 21.76 | 86.73 |  244.7 |   66.7 |  203.8
  Budget_Matched         |  12.8 |  26.90 |  0.940 | 18.92 | 80.89 |  274.6 |  128.3 |  232.2
  → image traitée en 154s (14s/stratégie)

[GPU 5] [6/100]  422000000000  (2_human)
  Strategy               |     λ | CLIP-W | CLIP-I |  PSNR |  SSIM |  LPIPS |    MSE |     SD
  -----------------------+--------+--------+--------+--------+--------+--------+--------+--------+-
  Baseline               |  13.5 |  22.95 |  0.932 | 24.72 | 91.38 |  146.6 |   33.7 |  302.1
  Exp_Forward_Gate       |  12.9 |  20.50 |  0.949 | 26.60 | 94.00 |  126.3 |   21.9 |  302.8
  Exp_Forward            |  13.9 |  19.85 |  0.953 | 24.24 | 91.86 |  148.5 |   37.7 |  303.7
  Exp_Reverse_Gate       |  15.2 |  22.87 |  0.734 | 23.98 | 90.02 |  162.2 |   40.0 |  307.7
  Exp_Boost              |  12.6 |  19.94 |  0.962 | 25.40 | 94.08 |  137.1 |   28.8 |  310.9
  TwoPhase               |  13.0 |  20.04 |  0.967 | 27.30 | 94.84 |  121.8 |   18.6 |  300.1
  Entropy                |  12.8 |  22.77 |  0.935 | 25.93 | 93.65 |  129.4 |   25.6 |  298.4
  Locality               |  12.7 |  21.60 |  0.949 | 24.97 | 93.23 |  134.0 |   31.9 |  304.0
  Dual                   |   3.2 |  16.45 |  0.997 | 38.64 | 98.79 |   38.7 |    1.4 |  204.4
  Quantile               |  12.6 |  18.62 |  0.962 | 27.39 | 93.68 |  196.1 |   18.2 |  345.5
  Budget_Matched         |  13.0 |  22.92 |  0.915 | 25.25 | 92.61 |  137.6 |   29.9 |  290.3
  → image traitée en 154s (14s/stratégie)

[GPU 5] [7/100]  422000000001  (2_human)
  Strategy               |     λ | CLIP-W | CLIP-I |  PSNR |  SSIM |  LPIPS |    MSE |     SD
  -----------------------+--------+--------+--------+--------+--------+--------+--------+--------+-
  Baseline               |  13.5 |  23.31 |  0.874 | 26.69 | 94.16 |  110.5 |   21.4 |  159.8
  Exp_Forward_Gate       |  12.7 |  24.79 |  0.950 | 27.54 | 95.22 |   95.3 |   17.6 |  144.3
  Exp_Forward            |  13.7 |  18.14 |  0.727 | 26.12 | 92.87 |  124.9 |   24.4 |  164.9
  Exp_Reverse_Gate       |  14.9 |  22.81 |  0.851 | 25.74 | 92.66 |  125.3 |   26.7 |  169.2
  Exp_Boost              |  12.4 |  22.52 |  0.831 | 27.26 | 94.21 |  110.2 |   18.8 |  155.8
  TwoPhase               |  12.9 |  20.26 |  0.800 | 27.03 | 94.00 |  116.2 |   19.8 |  158.9
  Entropy                |  12.8 |  24.57 |  0.940 | 27.05 | 95.00 |   99.8 |   19.7 |  150.2
  Locality               |  12.8 |  24.11 |  0.908 | 27.90 | 95.00 |  100.6 |   16.2 |  150.2
  Dual                   |   3.1 |  20.33 |  0.987 | 36.15 | 98.75 |   37.9 |    2.4 |   83.1
  Quantile               |  13.7 |  23.35 |  0.890 | 27.15 | 93.84 |  130.9 |   19.3 |  169.7
  Budget_Matched         |  12.9 |  20.18 |  0.767 | 26.12 | 93.03 |  126.5 |   24.4 |  164.7
  → image traitée en 154s (14s/stratégie)

[GPU 5] [8/100]  422000000002  (2_human)
  Strategy               |     λ | CLIP-W | CLIP-I |  PSNR |  SSIM |  LPIPS |    MSE |     SD
  -----------------------+--------+--------+--------+--------+--------+--------+--------+--------+-
  Baseline               |  13.5 |  27.53 |  0.899 | 27.47 | 93.43 |  171.9 |   17.9 |  214.4
  Exp_Forward_Gate       |  13.0 |  28.74 |  0.905 | 28.70 | 94.71 |  150.9 |   13.5 |  198.9
  Exp_Forward            |  13.9 |  27.89 |  0.918 | 26.63 | 92.62 |  188.4 |   21.7 |  223.4
  Exp_Reverse_Gate       |  14.9 |  27.99 |  0.914 | 25.54 | 91.32 |  202.1 |   27.9 |  233.3
  Exp_Boost              |  12.7 |  26.65 |  0.933 | 27.56 | 93.82 |  179.1 |   17.5 |  213.9
  TwoPhase               |  13.0 |  27.17 |  0.937 | 27.56 | 93.61 |  173.5 |   17.5 |  211.9
  Entropy                |  12.9 |  28.14 |  0.925 | 27.93 | 93.93 |  170.2 |   16.1 |  211.2
  Locality               |  12.8 |  27.70 |  0.908 | 27.45 | 93.82 |  176.0 |   18.0 |  207.8
  Dual                   |   3.2 |  27.18 |  0.982 | 34.77 | 98.49 |   60.2 |    3.3 |  122.7
  Quantile               |  11.9 |  28.28 |  0.886 | 29.73 | 94.84 |  185.0 |   10.6 |  217.6
  Budget_Matched         |  13.1 |  27.37 |  0.904 | 27.09 | 93.06 |  180.7 |   19.6 |  220.8
  → image traitée en 154s (14s/stratégie)

[GPU 5] [9/100]  422000000003  (2_human)
  Strategy               |     λ | CLIP-W | CLIP-I |  PSNR |  SSIM |  LPIPS |    MSE |     SD
  -----------------------+--------+--------+--------+--------+--------+--------+--------+--------+-
  Baseline               |  13.5 |  26.71 |  0.748 | 20.99 | 78.94 |  350.2 |   79.6 |  303.1
  Exp_Forward_Gate       |  12.8 |  29.21 |  0.867 | 23.12 | 85.75 |  267.7 |   48.7 |  270.8
  Exp_Forward            |  14.2 |  29.49 |  0.847 | 22.60 | 83.96 |  294.3 |   54.9 |  284.4
  Exp_Reverse_Gate       |  15.8 |  28.64 |  0.873 | 20.48 | 77.34 |  334.5 |   89.6 |  319.3
  Exp_Boost              |  12.7 |  27.37 |  0.838 | 23.31 | 84.85 |  284.1 |   46.6 |  277.6
  TwoPhase               |  13.1 |  28.87 |  0.843 | 23.77 | 86.99 |  261.4 |   42.0 |  263.5
  Entropy                |  12.7 |  29.95 |  0.846 | 22.96 | 85.08 |  275.9 |   50.6 |  265.7
  Locality               |  12.7 |  28.31 |  0.862 | 22.67 | 83.67 |  290.2 |   54.1 |  281.3
  Dual                   |   3.2 |  25.64 |  0.966 | 32.15 | 97.44 |   70.4 |    6.1 |  125.9
  Quantile               |  12.6 |  26.57 |  0.899 | 23.94 | 87.81 |  267.3 |   40.4 |  255.6
  Budget_Matched         |  12.9 |  26.47 |  0.842 | 22.07 | 82.54 |  305.3 |   62.1 |  289.0
  → image traitée en 154s (14s/stratégie)

[GPU 5] [10/100]  422000000004  (2_human)
  Strategy               |     λ | CLIP-W | CLIP-I |  PSNR |  SSIM |  LPIPS |    MSE |     SD
  -----------------------+--------+--------+--------+--------+--------+--------+--------+--------+-
  Baseline               |  13.5 |  24.06 |  0.873 | 25.87 | 93.35 |   89.2 |   25.9 |  334.3
  Exp_Forward_Gate       |  13.3 |  24.06 |  0.879 | 26.65 | 93.36 |  102.8 |   21.6 |  379.8
  Exp_Forward            |  14.1 |  23.17 |  0.876 | 25.71 | 93.04 |  108.6 |   26.8 |  391.2
  Exp_Reverse_Gate       |  14.4 |  24.59 |  0.866 | 24.67 | 92.22 |   95.1 |   34.1 |  328.7
  Exp_Boost              |  13.5 |  23.81 |  0.871 | 27.28 | 93.72 |  101.9 |   18.7 |  384.8
  TwoPhase               |  13.4 |  24.33 |  0.882 | 26.27 | 93.82 |   94.0 |   23.6 |  349.5
  Entropy                |  13.3 |  23.94 |  0.862 | 26.80 | 93.60 |   94.7 |   20.9 |  362.4
  Locality               |  13.3 |  24.14 |  0.875 | 25.81 | 93.27 |  105.7 |   26.2 |  371.6
  Dual                   |   3.2 |  19.34 |  0.992 | 38.38 | 98.50 |   34.6 |    1.5 |  274.2
  Quantile               |  12.8 |  22.83 |  0.940 | 30.17 | 95.13 |  163.3 |    9.6 |  442.9
  Budget_Matched         |  13.3 |  24.30 |  0.862 | 26.24 | 93.63 |   91.2 |   23.8 |  339.3
  → image traitée en 153s (14s/stratégie)

[GPU 5] [11/100]  423000000000  (3_indoor)
  Strategy               |     λ | CLIP-W | CLIP-I |  PSNR |  SSIM |  LPIPS |    MSE |     SD
  -----------------------+--------+--------+--------+--------+--------+--------+--------+--------+-
  Baseline               |  13.5 |  22.44 |  0.921 | 27.81 | 93.44 |  159.4 |   16.6 |  190.3
  Exp_Forward_Gate       |  12.9 |  24.57 |  0.829 | 26.34 | 84.40 |  295.0 |   23.2 |  272.3
  Exp_Forward            |  14.0 |  24.33 |  0.824 | 25.70 | 84.11 |  308.1 |   26.9 |  280.6
  Exp_Reverse_Gate       |  14.6 |  24.39 |  0.828 | 26.67 | 90.25 |  198.6 |   21.5 |  222.2
  Exp_Boost              |  13.1 |  21.39 |  0.932 | 30.04 | 94.48 |  141.6 |    9.9 |  184.9
  TwoPhase               |  13.1 |  23.94 |  0.852 | 27.42 | 88.09 |  237.9 |   18.1 |  252.7
  Entropy                |  12.8 |  25.26 |  0.804 | 26.05 | 85.68 |  270.6 |   24.8 |  267.9
  Locality               |  12.8 |  24.57 |  0.828 | 26.03 | 84.19 |  291.8 |   24.9 |  274.1
  Dual                   |   3.1 |  22.05 |  0.950 | 37.02 | 98.69 |   44.1 |    2.0 |  109.0
  Quantile               |  12.6 |  22.78 |  0.907 | 28.64 | 91.06 |  220.6 |   13.7 |  239.5
  Budget_Matched         |  13.2 |  22.24 |  0.935 | 28.93 | 94.33 |  133.7 |   12.8 |  184.5
  → image traitée en 154s (14s/stratégie)

[GPU 5] [12/100]  423000000001  (3_indoor)
  Strategy               |     λ | CLIP-W | CLIP-I |  PSNR |  SSIM |  LPIPS |    MSE |     SD
  -----------------------+--------+--------+--------+--------+--------+--------+--------+--------+-
  Baseline               |  13.5 |  26.97 |  0.948 | 22.88 | 84.59 |  201.8 |   51.6 |  221.2
  Exp_Forward_Gate       |  12.6 |  27.85 |  0.959 | 23.81 | 86.68 |  183.8 |   41.6 |  207.6
  Exp_Forward            |  13.8 |  26.75 |  0.948 | 23.45 | 88.10 |  167.6 |   45.2 |  199.0
  Exp_Reverse_Gate       |  16.0 |  26.88 |  0.921 | 20.20 | 73.74 |  284.4 |   95.6 |  278.8
  Exp_Boost              |  12.3 |  26.68 |  0.960 | 24.12 | 87.79 |  168.7 |   38.8 |  202.1
  TwoPhase               |  12.8 |  28.35 |  0.948 | 25.21 | 90.47 |  151.0 |   30.1 |  184.9
  Entropy                |  12.5 |  28.07 |  0.948 | 23.95 | 87.79 |  166.2 |   40.2 |  197.2
  Locality               |  12.7 |  28.87 |  0.966 | 24.48 | 88.48 |  174.0 |   35.6 |  201.9
  Dual                   |   3.1 |  28.36 |  0.990 | 32.00 | 95.85 |   62.8 |    6.3 |  121.1
  Quantile               |  15.1 |  28.39 |  0.941 | 21.51 | 82.17 |  236.3 |   70.6 |  256.9
  Budget_Matched         |  12.9 |  27.87 |  0.957 | 23.54 | 87.35 |  169.0 |   44.3 |  201.8
  → image traitée en 154s (14s/stratégie)

[GPU 5] [13/100]  423000000002  (3_indoor)
  Strategy               |     λ | CLIP-W | CLIP-I |  PSNR |  SSIM |  LPIPS |    MSE |     SD
  -----------------------+--------+--------+--------+--------+--------+--------+--------+--------+-
  Baseline               |  13.5 |  23.74 |  0.957 | 23.31 | 85.59 |  241.7 |   46.7 |  217.1
  Exp_Forward_Gate       |  12.8 |  23.71 |  0.962 | 25.06 | 89.13 |  199.7 |   31.2 |  196.9
  Exp_Forward            |  13.9 |  23.86 |  0.958 | 24.24 | 87.26 |  227.7 |   37.7 |  206.9
  Exp_Reverse_Gate       |  15.1 |  24.44 |  0.943 | 23.05 | 85.72 |  243.6 |   49.6 |  227.9
  Exp_Boost              |  12.6 |  23.61 |  0.965 | 25.22 | 89.30 |  204.4 |   30.1 |  194.4
  TwoPhase               |  12.9 |  22.56 |  0.961 | 25.28 | 89.22 |  208.8 |   29.6 |  200.8
  Entropy                |  12.8 |  23.27 |  0.965 | 25.06 | 89.31 |  199.6 |   31.2 |  195.1
  Locality               |  12.8 |  24.07 |  0.961 | 25.12 | 88.97 |  199.6 |   30.8 |  194.0
  Dual                   |   3.1 |  21.94 |  0.992 | 31.89 | 97.16 |   72.8 |    6.5 |  106.8
  Quantile               |  13.2 |  23.83 |  0.963 | 23.34 | 88.20 |  227.9 |   46.3 |  218.9
  Budget_Matched         |  13.0 |  23.61 |  0.960 | 24.58 | 87.96 |  218.9 |   34.8 |  204.5
  → image traitée en 154s (14s/stratégie)

[GPU 5] [14/100]  423000000003  (3_indoor)
  Strategy               |     λ | CLIP-W | CLIP-I |  PSNR |  SSIM |  LPIPS |    MSE |     SD
  -----------------------+--------+--------+--------+--------+--------+--------+--------+--------+-
  Baseline               |  13.5 |  22.33 |  0.985 | 26.89 | 94.01 |  127.4 |   20.5 |  259.7
  Exp_Forward_Gate       |  13.2 |  22.20 |  0.982 | 28.56 | 95.58 |  111.9 |   13.9 |  244.9
  Exp_Forward            |  14.0 |  22.40 |  0.976 | 27.16 | 94.00 |  137.3 |   19.2 |  275.4
  Exp_Reverse_Gate       |  14.7 |  22.26 |  0.977 | 25.75 | 91.59 |  155.9 |   26.6 |  275.6
  Exp_Boost              |  13.3 |  22.02 |  0.975 | 28.66 | 94.55 |  139.4 |   13.6 |  272.2
  TwoPhase               |  13.4 |  22.20 |  0.977 | 28.53 | 95.38 |  124.2 |   14.0 |  257.0
  Entropy                |  13.2 |  22.88 |  0.972 | 28.56 | 95.26 |  123.7 |   13.9 |  264.1
  Locality               |  13.3 |  22.44 |  0.972 | 28.31 | 95.07 |  118.2 |   14.8 |  259.2
  Dual                   |   3.2 |  21.45 |  0.993 | 35.87 | 98.73 |   49.0 |    2.6 |  187.0
  Quantile               |  12.6 |  23.04 |  0.950 | 28.80 | 93.82 |  174.8 |   13.2 |  313.5
  Budget_Matched         |  13.3 |  22.04 |  0.985 | 28.55 | 95.29 |  116.7 |   14.0 |  256.2
  → image traitée en 154s (14s/stratégie)

[GPU 5] [15/100]  423000000004  (3_indoor)
  Strategy               |     λ | CLIP-W | CLIP-I |  PSNR |  SSIM |  LPIPS |    MSE |     SD
  -----------------------+--------+--------+--------+--------+--------+--------+--------+--------+-
  Baseline               |  13.5 |  22.69 |  0.983 | 28.28 | 94.90 |  121.6 |   14.8 |  234.7
  Exp_Forward_Gate       |  13.0 |  22.86 |  0.993 | 30.06 | 95.92 |  104.5 |    9.9 |  222.7
  Exp_Forward            |  13.8 |  22.93 |  0.993 | 28.76 | 94.68 |  128.0 |   13.3 |  249.0
  Exp_Reverse_Gate       |  14.4 |  22.32 |  0.992 | 27.42 | 93.39 |  148.8 |   18.1 |  263.3
  Exp_Boost              |  12.9 |  23.38 |  0.991 | 30.78 | 96.52 |   99.7 |    8.4 |  222.9
  TwoPhase               |  13.2 |  22.78 |  0.995 | 30.01 | 95.94 |  104.2 |   10.0 |  225.7
  Entropy                |  13.1 |  23.19 |  0.992 | 30.04 | 96.07 |  106.5 |    9.9 |  224.8
  Locality               |  12.9 |  23.80 |  0.991 | 29.24 | 95.04 |  121.3 |   11.9 |  236.1
  Dual                   |   3.0 |  21.68 |  0.998 | 38.34 | 99.20 |   34.7 |    1.5 |  136.9
  Quantile               |  14.1 |  21.95 |  0.990 | 29.64 | 95.24 |  149.1 |   10.9 |  275.6
  Budget_Matched         |  13.2 |  22.70 |  0.994 | 29.48 | 95.63 |  114.2 |   11.3 |  229.4
  → image traitée en 154s (14s/stratégie)

[GPU 5] [16/100]  424000000000  (4_outdoor)
  Strategy               |     λ | CLIP-W | CLIP-I |  PSNR |  SSIM |  LPIPS |    MSE |     SD
  -----------------------+--------+--------+--------+--------+--------+--------+--------+--------+-
  Baseline               |  13.5 |  22.47 |  0.956 | 26.56 | 70.00 |  122.0 |   22.1 |  333.9
  Exp_Forward_Gate       |  13.2 |  23.15 |  0.931 | 26.24 | 65.61 |  141.1 |   23.8 |  382.6
  Exp_Forward            |  14.1 |  22.98 |  0.942 | 26.74 | 69.11 |  123.1 |   21.2 |  397.7
  Exp_Reverse_Gate       |  14.5 |  23.49 |  0.949 | 25.21 | 66.90 |  141.0 |   30.1 |  332.8
  Exp_Boost              |  13.4 |  22.92 |  0.935 | 27.32 | 68.16 |  127.0 |   18.6 |  412.6
  TwoPhase               |  13.3 |  22.95 |  0.942 | 26.61 | 67.11 |  121.7 |   21.8 |  383.5
  Entropy                |  13.2 |  22.60 |  0.948 | 26.34 | 65.75 |  124.8 |   23.2 |  356.7
  Locality               |  13.1 |  23.24 |  0.946 | 26.24 | 70.52 |  128.2 |   23.8 |  365.9
  Dual                   |   3.3 |  22.53 |  0.954 | 35.77 | 78.43 |   46.8 |    2.6 |  255.9
  Quantile               |  13.0 |  23.97 |  0.933 | 26.64 | 63.61 |  183.3 |   21.7 |  518.1
  Budget_Matched         |  13.2 |  22.64 |  0.939 | 25.92 | 68.25 |  141.6 |   25.6 |  400.4
  → image traitée en 154s (14s/stratégie)

[GPU 5] [17/100]  424000000001  (4_outdoor)
  Strategy               |     λ | CLIP-W | CLIP-I |  PSNR |  SSIM |  LPIPS |    MSE |     SD
  -----------------------+--------+--------+--------+--------+--------+--------+--------+--------+-
  Baseline               |  13.5 |  21.81 |  0.852 | 22.31 | 90.10 |  176.8 |   58.8 |  187.1
  Exp_Forward_Gate       |  12.5 |  20.69 |  0.869 | 23.37 | 91.56 |  157.2 |   46.0 |  175.1
  Exp_Forward            |  13.8 |  20.98 |  0.884 | 22.73 | 90.82 |  168.7 |   53.3 |  181.8
  Exp_Reverse_Gate       |  15.6 |  20.12 |  0.890 | 21.62 | 89.38 |  185.1 |   68.9 |  192.9
  Exp_Boost              |  12.2 |  19.21 |  0.919 | 23.61 | 92.02 |  154.0 |   43.6 |  167.6
  TwoPhase               |  12.7 |  20.46 |  0.866 | 23.54 | 91.83 |  155.4 |   44.2 |  170.6
  Entropy                |  12.4 |  20.64 |  0.866 | 23.05 | 91.04 |  161.8 |   49.6 |  176.1
  Locality               |  12.4 |  20.49 |  0.846 | 23.21 | 91.23 |  160.8 |   47.8 |  174.5
  Dual                   |   3.1 |  15.33 |  0.996 | 34.85 | 98.49 |   51.9 |    3.3 |  106.4
  Quantile               |  12.6 |  18.03 |  0.883 | 21.38 | 87.81 |  253.8 |   72.7 |  216.2
  Budget_Matched         |  12.9 |  20.68 |  0.899 | 23.11 | 91.52 |  156.4 |   48.8 |  173.7
  → image traitée en 154s (14s/stratégie)

[GPU 5] [18/100]  424000000002  (4_outdoor)
  Strategy               |     λ | CLIP-W | CLIP-I |  PSNR |  SSIM |  LPIPS |    MSE |     SD
  -----------------------+--------+--------+--------+--------+--------+--------+--------+--------+-
  Baseline               |  13.5 |  23.00 |  0.871 | 23.81 | 88.47 |  138.4 |   41.6 |  228.8
  Exp_Forward_Gate       |  12.7 |  23.36 |  0.897 | 25.08 | 89.78 |  129.8 |   31.0 |  207.9
  Exp_Forward            |  13.9 |  22.64 |  0.901 | 25.26 | 90.62 |  126.3 |   29.8 |  209.6
  Exp_Reverse_Gate       |  15.2 |  22.44 |  0.842 | 22.99 | 85.33 |  174.1 |   50.3 |  254.3
  Exp_Boost              |  12.6 |  22.99 |  0.892 | 25.41 | 91.37 |  111.7 |   28.8 |  196.8
  TwoPhase               |  12.9 |  22.48 |  0.938 | 25.55 | 90.71 |  128.8 |   27.8 |  209.2
  Entropy                |  12.7 |  22.87 |  0.931 | 24.79 | 89.58 |  132.8 |   33.2 |  215.2
  Locality               |  12.7 |  22.20 |  0.907 | 24.83 | 90.06 |  129.5 |   32.9 |  210.4
  Dual                   |   3.2 |  22.09 |  0.993 | 35.28 | 98.17 |   39.3 |    3.0 |  105.0
  Quantile               |  12.6 |  24.32 |  0.901 | 27.36 | 91.71 |  148.9 |   18.4 |  211.6
  Budget_Matched         |  13.0 |  23.64 |  0.879 | 24.37 | 88.90 |  136.1 |   36.6 |  220.3
  → image traitée en 154s (14s/stratégie)

[GPU 5] [19/100]  424000000003  (4_outdoor)
  Strategy               |     λ | CLIP-W | CLIP-I |  PSNR |  SSIM |  LPIPS |    MSE |     SD
  -----------------------+--------+--------+--------+--------+--------+--------+--------+--------+-
  Baseline               |  13.5 |  21.89 |  0.992 | 26.72 | 94.16 |  126.3 |   21.3 |  136.9
  Exp_Forward_Gate       |  13.1 |  21.76 |  0.992 | 27.09 | 93.92 |  134.3 |   19.5 |  142.1
  Exp_Forward            |  13.9 |  21.98 |  0.992 | 27.21 | 93.99 |  136.0 |   19.0 |  142.8
  Exp_Reverse_Gate       |  14.3 |  22.05 |  0.993 | 25.90 | 93.30 |  142.7 |   25.7 |  148.7
  Exp_Boost              |  13.2 |  21.99 |  0.991 | 27.49 | 94.55 |  129.0 |   17.8 |  139.6
  TwoPhase               |  13.2 |  22.04 |  0.992 | 27.14 | 94.00 |  133.0 |   19.3 |  142.1
  Entropy                |  13.1 |  21.84 |  0.990 | 27.13 | 94.22 |  129.4 |   19.4 |  140.5
  Locality               |  13.2 |  21.87 |  0.992 | 27.65 | 94.84 |  125.0 |   17.2 |  137.3
  Dual                   |   3.2 |  21.76 |  0.996 | 35.41 | 97.68 |   68.5 |    2.9 |   92.3
  Quantile               |  13.5 |  22.18 |  0.986 | 25.84 | 92.02 |  178.2 |   26.0 |  177.7
  Budget_Matched         |  13.3 |  21.85 |  0.991 | 27.57 | 94.44 |  128.4 |   17.5 |  138.0
  → image traitée en 154s (14s/stratégie)

[GPU 5] [20/100]  424000000004  (4_outdoor)
  Strategy               |     λ | CLIP-W | CLIP-I |  PSNR |  SSIM |  LPIPS |    MSE |     SD
  -----------------------+--------+--------+--------+--------+--------+--------+--------+--------+-
  Baseline               |  13.5 |  21.13 |  0.992 | 24.99 | 88.09 |  195.1 |   31.7 |  234.6
  Exp_Forward_Gate       |  13.0 |  20.56 |  0.990 | 26.07 | 89.78 |  182.6 |   24.7 |  226.9
  Exp_Forward            |  14.1 |  20.29 |  0.989 | 24.91 | 87.97 |  201.5 |   32.3 |  241.2
  Exp_Reverse_Gate       |  15.0 |  20.66 |  0.991 | 23.05 | 83.62 |  235.9 |   49.6 |  265.6
  Exp_Boost              |  13.0 |  20.72 |  0.992 | 25.99 | 89.59 |  190.4 |   25.2 |  234.1
  TwoPhase               |  13.2 |  20.47 |  0.991 | 25.99 | 89.21 |  189.6 |   25.2 |  233.1
  Entropy                |  12.9 |  20.35 |  0.992 | 25.19 | 88.40 |  197.7 |   30.3 |  239.6
  Locality               |  13.0 |  20.60 |  0.992 | 25.72 | 89.27 |  186.7 |   26.8 |  232.0
  Dual                   |   3.4 |  21.19 |  0.996 | 33.84 | 96.77 |   77.2 |    4.1 |  151.0
  Quantile               |  12.8 |  21.64 |  0.984 | 25.61 | 89.45 |  208.9 |   27.5 |  265.3
  Budget_Matched         |  13.1 |  21.04 |  0.992 | 25.13 | 88.31 |  189.6 |   30.7 |  231.6
  → image traitée en 154s (14s/stratégie)

[GPU 5] [21/100]  511000000000  (1_animal)
  Strategy               |     λ | CLIP-W | CLIP-I |  PSNR |  SSIM |  LPIPS |    MSE |     SD
  -----------------------+--------+--------+--------+--------+--------+--------+--------+--------+-
  Baseline               |  13.5 |  24.41 |  0.873 | 24.85 | 95.83 |   56.8 |   32.7 |  374.9
  Exp_Forward_Gate       |  13.0 |  23.80 |  0.822 | 26.04 | 96.04 |   82.3 |   24.9 |  461.6
  Exp_Forward            |  14.1 |  26.16 |  0.842 | 25.38 | 96.08 |   59.7 |   29.0 |  447.9
  Exp_Reverse_Gate       |  15.0 |  24.02 |  0.848 | 24.63 | 96.10 |   50.9 |   34.4 |  377.7
  Exp_Boost              |  12.8 |  25.99 |  0.840 | 25.34 | 95.98 |   47.5 |   29.3 |  229.7
  TwoPhase               |  13.1 |  22.14 |  0.840 | 26.46 | 96.75 |   80.9 |   22.6 |  523.9
  Entropy                |  12.8 |  25.92 |  0.864 | 26.42 | 96.74 |   40.1 |   22.8 |  225.6
  Locality               |  13.1 |  23.17 |  0.877 | 26.67 | 96.69 |   40.8 |   21.5 |  212.5
  Dual                   |   3.5 |  22.11 |  0.914 | 33.40 | 99.01 |   15.9 |    4.6 |  321.7
  Quantile               |  12.4 |  19.00 |  0.776 | 28.06 | 97.38 |   61.6 |   15.6 |  578.4
  Budget_Matched         |  13.0 |  25.26 |  0.848 | 24.37 | 95.76 |   76.7 |   36.5 |  385.5
  → image traitée en 153s (14s/stratégie)

[GPU 5] [22/100]  511000000001  (1_animal)
  Strategy               |     λ | CLIP-W | CLIP-I |  PSNR |  SSIM |  LPIPS |    MSE |     SD
  -----------------------+--------+--------+--------+--------+--------+--------+--------+--------+-
  Baseline               |  13.5 |  32.54 |  0.912 | 17.70 | 84.22 |  186.2 |  169.8 |  413.4
  Exp_Forward_Gate       |  12.5 |  31.04 |  0.933 | 19.29 | 88.51 |  157.7 |  117.8 |  394.8
  Exp_Forward            |  14.3 |  31.33 |  0.902 | 18.22 | 85.50 |  179.3 |  150.8 |  458.6
  Exp_Reverse_Gate       |  17.7 |  34.01 |  0.902 | 15.94 | 77.82 |  234.2 |  254.5 |  334.8
  Exp_Boost              |  12.5 |  32.16 |  0.918 | 19.29 | 88.49 |  164.9 |  117.9 |  457.0
  TwoPhase               |  12.7 |  32.22 |  0.936 | 19.22 | 88.24 |  157.5 |  119.5 |  453.1
  Entropy                |  12.3 |  31.03 |  0.924 | 18.60 | 87.54 |  155.6 |  138.0 |  450.7
  Locality               |  12.3 |  31.65 |  0.912 | 18.01 | 85.51 |  180.1 |  158.0 |  482.6
  Dual                   |   3.4 |  31.76 |  0.987 | 30.50 | 98.58 |   38.9 |    8.9 |  235.7
  Quantile               |  11.5 |  31.03 |  0.884 | 22.07 | 93.47 |  153.8 |   62.1 |  505.0
  Budget_Matched         |  12.6 |  32.68 |  0.921 | 18.14 | 85.54 |  185.3 |  153.6 |  406.1
  → image traitée en 153s (14s/stratégie)

[GPU 5] [23/100]  511000000002  (1_animal)
  Strategy               |     λ | CLIP-W | CLIP-I |  PSNR |  SSIM |  LPIPS |    MSE |     SD
  -----------------------+--------+--------+--------+--------+--------+--------+--------+--------+-
  Baseline               |  13.5 |  25.02 |  0.903 | 21.60 | 87.30 |  146.0 |   69.2 |  373.1
  Exp_Forward_Gate       |  12.6 |  24.50 |  0.907 | 21.64 | 87.83 |  146.2 |   68.5 |  429.7
  Exp_Forward            |  14.2 |  24.15 |  0.914 | 22.15 | 88.41 |  138.1 |   60.9 |  375.9
  Exp_Reverse_Gate       |  16.2 |  25.42 |  0.878 | 20.16 | 84.13 |  173.6 |   96.4 |  373.4
  Exp_Boost              |  12.9 |  25.11 |  0.914 | 22.62 | 88.78 |  139.4 |   54.7 |  448.2
  TwoPhase               |  12.9 |  24.91 |  0.917 | 22.71 | 88.34 |  147.0 |   53.6 |  456.6
  Entropy                |  12.7 |  24.24 |  0.925 | 22.78 | 89.08 |  132.9 |   52.7 |  367.7
  Locality               |  12.8 |  25.22 |  0.908 | 22.56 | 88.55 |  134.5 |   55.5 |  377.0
  Dual                   |   3.5 |  20.43 |  0.966 | 30.36 | 97.80 |   37.9 |    9.2 |  230.4
  Quantile               |  12.2 |  24.64 |  0.932 | 23.14 | 90.51 |  160.2 |   48.5 |  565.4
  Budget_Matched         |  12.9 |  24.97 |  0.923 | 22.28 | 88.30 |  141.2 |   59.1 |  418.6
  → image traitée en 153s (14s/stratégie)

[GPU 5] [24/100]  511000000003  (1_animal)
  Strategy               |     λ | CLIP-W | CLIP-I |  PSNR |  SSIM |  LPIPS |    MSE |     SD
  -----------------------+--------+--------+--------+--------+--------+--------+--------+--------+-
  Baseline               |  13.5 |  28.35 |  0.914 | 21.13 | 86.11 |  166.1 |   77.0 |  403.3
  Exp_Forward_Gate       |  12.7 |  28.08 |  0.926 | 21.80 | 87.87 |  144.0 |   66.0 |  425.2
  Exp_Forward            |  14.3 |  28.61 |  0.898 | 21.27 | 86.34 |  168.9 |   74.7 |  446.2
  Exp_Reverse_Gate       |  16.2 |  28.21 |  0.907 | 19.58 | 83.07 |  176.1 |  110.2 |  405.2
  Exp_Boost              |  12.9 |  28.12 |  0.921 | 22.28 | 88.70 |  151.2 |   59.1 |  450.3
  TwoPhase               |  12.9 |  28.51 |  0.929 | 21.70 | 88.11 |  145.5 |   67.7 |  434.7
  Entropy                |  12.6 |  28.73 |  0.923 | 21.57 | 87.72 |  149.7 |   69.6 |  416.9
  Locality               |  12.7 |  28.51 |  0.933 | 21.89 | 88.46 |  146.0 |   64.8 |  432.1
  Dual                   |   3.4 |  27.49 |  0.985 | 30.05 | 97.06 |   43.9 |    9.9 |  343.5
  Quantile               |  12.0 |  28.27 |  0.961 | 23.11 | 90.30 |  156.6 |   48.8 |  499.7
  Budget_Matched         |  12.9 |  28.01 |  0.930 | 21.22 | 87.30 |  149.6 |   75.5 |  402.9
  → image traitée en 154s (14s/stratégie)

[GPU 5] [25/100]  511000000004  (1_animal)
  Strategy               |     λ | CLIP-W | CLIP-I |  PSNR |  SSIM |  LPIPS |    MSE |     SD
  -----------------------+--------+--------+--------+--------+--------+--------+--------+--------+-
  Baseline               |  13.5 |  25.69 |  0.983 | 18.59 | 69.58 |  249.2 |  138.5 |  401.4
  Exp_Forward_Gate       |  12.4 |  25.56 |  0.984 | 20.13 | 73.92 |  225.2 |   97.0 |  398.3
  Exp_Forward            |  14.2 |  25.27 |  0.982 | 19.69 | 75.31 |  222.1 |  107.3 |  375.4
  Exp_Reverse_Gate       |  17.2 |  25.30 |  0.971 | 17.32 | 70.03 |  274.7 |  185.4 |  368.9
  Exp_Boost              |  12.5 |  25.54 |  0.989 | 21.21 | 78.73 |  197.7 |   75.8 |  390.3
  TwoPhase               |  12.7 |  25.50 |  0.987 | 20.40 | 76.00 |  208.8 |   91.3 |  382.9
  Entropy                |  12.4 |  25.72 |  0.986 | 20.47 | 76.07 |  202.1 |   89.7 |  379.9
  Locality               |  12.5 |  25.13 |  0.985 | 20.40 | 76.90 |  202.8 |   91.2 |  379.5
  Dual                   |   3.6 |  25.70 |  0.989 | 27.39 | 83.22 |   86.4 |   18.3 |  284.9
  Quantile               |  12.6 |  25.84 |  0.983 | 20.17 | 72.38 |  255.3 |   96.1 |  453.1
  Budget_Matched         |  12.8 |  25.59 |  0.984 | 19.84 | 75.06 |  219.2 |  103.8 |  381.0
  → image traitée en 154s (14s/stratégie)

[GPU 5] [26/100]  512000000000  (2_human)
  Strategy               |     λ | CLIP-W | CLIP-I |  PSNR |  SSIM |  LPIPS |    MSE |     SD
  -----------------------+--------+--------+--------+--------+--------+--------+--------+--------+-
  Baseline               |  13.5 |  29.89 |  0.760 | 24.73 | 64.71 |   99.5 |   33.6 |  320.5
  Exp_Forward_Gate       |  13.1 |  29.35 |  0.779 | 25.37 | 59.67 |  120.4 |   29.1 |  446.5
  Exp_Forward            |  14.2 |  29.00 |  0.773 | 25.61 | 61.02 |  121.2 |   27.5 |  452.7
  Exp_Reverse_Gate       |  14.9 |  29.43 |  0.641 | 23.75 | 60.66 |  105.3 |   42.2 |  251.2
  Exp_Boost              |  13.4 |  30.84 |  0.787 | 26.61 | 65.10 |  111.8 |   21.9 |  464.0
  TwoPhase               |  13.3 |  30.49 |  0.799 | 26.16 | 62.07 |  101.0 |   24.2 |  479.7
  Entropy                |  12.9 |  30.83 |  0.822 | 24.76 | 66.02 |  119.4 |   33.4 |  433.1
  Locality               |  12.9 |  30.30 |  0.793 | 25.28 | 64.35 |  115.7 |   29.6 |  457.3
  Dual                   |   3.5 |  21.79 |  0.910 | 34.53 | 63.77 |   57.0 |    3.5 |  456.6
  Quantile               |  12.9 |  28.96 |  0.856 | 28.18 | 68.38 |  146.8 |   15.2 |  596.3
  Budget_Matched         |  13.2 |  31.70 |  0.799 | 25.80 | 65.23 |   89.3 |   26.3 |  319.7
  → image traitée en 153s (14s/stratégie)

[GPU 5] [27/100]  512000000001  (2_human)
  Strategy               |     λ | CLIP-W | CLIP-I |  PSNR |  SSIM |  LPIPS |    MSE |     SD
  -----------------------+--------+--------+--------+--------+--------+--------+--------+--------+-
  Baseline               |  13.5 |  28.58 |  0.942 | 22.99 | 87.70 |  214.5 |   50.3 |  298.2
  Exp_Forward_Gate       |  12.7 |  29.86 |  0.953 | 23.88 | 89.42 |  190.0 |   40.9 |  287.0
  Exp_Forward            |  14.0 |  29.46 |  0.944 | 23.55 | 88.84 |  200.1 |   44.2 |  290.8
  Exp_Reverse_Gate       |  15.5 |  29.50 |  0.938 | 21.68 | 85.25 |  239.4 |   68.0 |  316.8
  Exp_Boost              |  12.6 |  29.96 |  0.954 | 24.01 | 89.99 |  186.5 |   39.7 |  288.4
  TwoPhase               |  12.8 |  29.46 |  0.947 | 23.40 | 89.37 |  191.0 |   45.7 |  286.4
  Entropy                |  12.7 |  29.35 |  0.946 | 23.99 | 90.02 |  180.3 |   39.9 |  281.8
  Locality               |  12.8 |  29.37 |  0.948 | 23.97 | 89.62 |  191.6 |   40.1 |  287.6
  Dual                   |   3.2 |  29.61 |  0.993 | 34.13 | 98.09 |   54.6 |    3.9 |  180.7
  Quantile               |  12.6 |  30.09 |  0.953 | 24.32 | 90.08 |  204.9 |   37.0 |  306.2
  Budget_Matched         |  13.0 |  29.32 |  0.954 | 23.48 | 89.57 |  180.2 |   44.8 |  277.6
  → image traitée en 154s (14s/stratégie)

[GPU 5] [28/100]  512000000002  (2_human)
  Strategy               |     λ | CLIP-W | CLIP-I |  PSNR |  SSIM |  LPIPS |    MSE |     SD
  -----------------------+--------+--------+--------+--------+--------+--------+--------+--------+-
  Baseline               |  13.5 |  25.89 |  0.847 | 19.86 | 87.32 |  177.5 |  103.2 |  249.0
  Exp_Forward_Gate       |  12.5 |  25.44 |  0.836 | 20.76 | 88.72 |  159.1 |   84.0 |  243.8
  Exp_Forward            |  14.1 |  27.33 |  0.853 | 19.78 | 87.28 |  181.7 |  105.3 |  265.1
  Exp_Reverse_Gate       |  15.7 |  26.10 |  0.812 | 19.26 | 85.12 |  189.7 |  118.5 |  259.9
  Exp_Boost              |  12.5 |  25.24 |  0.811 | 20.41 | 87.68 |  189.8 |   91.1 |  272.5
  TwoPhase               |  12.8 |  25.76 |  0.826 | 20.13 | 87.72 |  184.0 |   97.1 |  270.6
  Entropy                |  12.6 |  24.57 |  0.823 | 20.66 | 88.48 |  169.7 |   85.9 |  258.5
  Locality               |  12.5 |  25.49 |  0.840 | 20.97 | 89.44 |  159.2 |   80.1 |  240.1
  Dual                   |   3.2 |  18.05 |  0.902 | 32.17 | 98.21 |   49.8 |    6.1 |  164.9
  Quantile               |  12.3 |  23.21 |  0.824 | 24.33 | 91.12 |  183.1 |   36.9 |  295.6
  Budget_Matched         |  12.8 |  26.00 |  0.821 | 20.54 | 89.18 |  156.0 |   88.3 |  239.2
  → image traitée en 154s (14s/stratégie)

[GPU 5] [29/100]  512000000003  (2_human)
  Strategy               |     λ | CLIP-W | CLIP-I |  PSNR |  SSIM |  LPIPS |    MSE |     SD
  -----------------------+--------+--------+--------+--------+--------+--------+--------+--------+-
  Baseline               |  13.5 |  27.40 |  0.928 | 24.93 | 90.62 |  154.4 |   32.2 |  325.1
  Exp_Forward_Gate       |  12.7 |  27.29 |  0.934 | 26.40 | 92.06 |  138.6 |   22.9 |  328.9
  Exp_Forward            |  14.0 |  27.13 |  0.930 | 26.11 | 91.33 |  150.1 |   24.5 |  338.3
  Exp_Reverse_Gate       |  15.5 |  25.95 |  0.902 | 23.88 | 87.93 |  180.9 |   40.9 |  336.5
  Exp_Boost              |  12.6 |  27.36 |  0.942 | 26.87 | 92.44 |  138.4 |   20.5 |  337.7
  TwoPhase               |  12.9 |  26.55 |  0.934 | 26.71 | 93.23 |  129.2 |   21.3 |  324.5
  Entropy                |  12.7 |  27.15 |  0.931 | 26.28 | 92.04 |  136.7 |   23.6 |  330.0
  Locality               |  12.8 |  27.02 |  0.934 | 26.42 | 92.09 |  131.3 |   22.8 |  321.2
  Dual                   |   3.3 |  26.15 |  0.989 | 36.04 | 98.00 |   45.4 |    2.5 |  228.8
  Quantile               |  12.1 |  25.58 |  0.934 | 27.39 | 92.16 |  181.6 |   18.3 |  382.6
  Budget_Matched         |  13.0 |  26.05 |  0.936 | 26.57 | 92.59 |  129.5 |   22.0 |  318.8
  → image traitée en 154s (14s/stratégie)

[GPU 5] [30/100]  512000000004  (2_human)
  Strategy               |     λ | CLIP-W | CLIP-I |  PSNR |  SSIM |  LPIPS |    MSE |     SD
  -----------------------+--------+--------+--------+--------+--------+--------+--------+--------+-
  Baseline               |  13.5 |  26.23 |  0.853 | 23.91 | 91.79 |  115.9 |   40.7 |  224.2
  Exp_Forward_Gate       |  12.9 |  26.48 |  0.891 | 24.95 | 92.55 |  109.2 |   32.0 |  264.0
  Exp_Forward            |  14.1 |  27.31 |  0.873 | 24.53 | 91.97 |  129.5 |   35.2 |  303.3
  Exp_Reverse_Gate       |  14.9 |  26.74 |  0.877 | 23.82 | 91.29 |  131.4 |   41.5 |  318.6
  Exp_Boost              |  13.0 |  26.96 |  0.910 | 25.72 | 93.18 |  112.9 |   26.8 |  289.3
  TwoPhase               |  13.1 |  27.94 |  0.883 | 24.83 | 92.46 |  116.6 |   32.9 |  275.0
  Entropy                |  13.0 |  26.88 |  0.902 | 25.53 | 92.66 |  112.9 |   28.0 |  225.1
  Locality               |  13.0 |  26.30 |  0.891 | 25.10 | 92.85 |  110.5 |   30.9 |  272.3
  Dual                   |   3.2 |  23.11 |  0.962 | 31.54 | 98.33 |   35.4 |    7.0 |  228.6
  Quantile               |  12.8 |  25.51 |  0.932 | 25.29 | 93.32 |  117.6 |   29.6 |  363.0
  Budget_Matched         |  13.1 |  26.38 |  0.883 | 25.12 | 92.96 |  109.5 |   30.8 |  206.9
  → image traitée en 154s (14s/stratégie)

[GPU 5] [31/100]  513000000000  (3_indoor)
  Strategy               |     λ | CLIP-W | CLIP-I |  PSNR |  SSIM |  LPIPS |    MSE |     SD
  -----------------------+--------+--------+--------+--------+--------+--------+--------+--------+-
  Baseline               |  13.5 |  24.09 |  0.940 | 23.41 | 85.40 |  206.3 |   45.6 |  282.8
  Exp_Forward_Gate       |  12.5 |  23.96 |  0.949 | 24.67 | 89.40 |  170.1 |   34.1 |  260.6
  Exp_Forward            |  13.9 |  22.93 |  0.904 | 23.63 | 86.77 |  205.2 |   43.3 |  278.9
  Exp_Reverse_Gate       |  15.5 |  25.01 |  0.947 | 23.16 | 84.54 |  216.3 |   48.3 |  296.7
  Exp_Boost              |  12.3 |  22.73 |  0.956 | 25.27 | 89.29 |  183.2 |   29.7 |  269.2
  TwoPhase               |  12.7 |  23.19 |  0.930 | 25.72 | 89.83 |  169.8 |   26.8 |  256.8
  Entropy                |  12.4 |  24.08 |  0.917 | 25.26 | 89.27 |  182.7 |   29.8 |  261.4
  Locality               |  12.5 |  22.77 |  0.921 | 24.97 | 89.16 |  177.5 |   31.8 |  264.7
  Dual                   |   3.2 |  23.87 |  0.995 | 34.16 | 98.00 |   54.8 |    3.8 |  155.3
  Quantile               |  13.6 |  23.99 |  0.964 | 26.17 | 91.05 |  174.9 |   24.2 |  261.2
  Budget_Matched         |  12.9 |  22.75 |  0.911 | 24.29 | 87.73 |  185.1 |   37.3 |  272.7
  → image traitée en 154s (14s/stratégie)

[GPU 5] [32/100]  513000000001  (3_indoor)
  Strategy               |     λ | CLIP-W | CLIP-I |  PSNR |  SSIM |  LPIPS |    MSE |     SD
  -----------------------+--------+--------+--------+--------+--------+--------+--------+--------+-
  Baseline               |  13.5 |  29.63 |  0.949 | 26.52 | 94.80 |  106.6 |   22.3 |  279.1
  Exp_Forward_Gate       |  13.0 |  29.05 |  0.937 | 27.55 | 95.89 |   97.8 |   17.6 |  284.9
  Exp_Forward            |  13.9 |  28.80 |  0.946 | 27.30 | 95.53 |  104.4 |   18.6 |  289.1
  Exp_Reverse_Gate       |  14.5 |  29.72 |  0.957 | 25.92 | 94.33 |  116.3 |   25.6 |  287.7
  Exp_Boost              |  13.0 |  28.80 |  0.954 | 28.33 | 95.98 |  105.4 |   14.7 |  287.9
  TwoPhase               |  13.2 |  28.74 |  0.925 | 27.80 | 95.67 |  109.5 |   16.6 |  297.4
Traceback (most recent call last):
  File "/shared/ssd_14T/home/ahmadou/FlowEdit/benchmark_parallel.py", line 535, in <module>
    main()
  File "/shared/ssd_14T/home/ahmadou/FlowEdit/benchmark_parallel.py", line 482, in main
    gen_img, lam_mean = pipe.edit(
  File "/shared/ssd_14T/home/ahmadou/miniconda3/envs/pytorch_env/lib/python3.10/site-packages/torch/utils/_contextlib.py", line 116, in decorate_context
    return func(*args, **kwargs)
  File "/shared/ssd_14T/home/ahmadou/FlowEdit/benchmark_parallel.py", line 406, in edit
    lam = get_lambda(
  File "/shared/ssd_14T/home/ahmadou/FlowEdit/benchmark_parallel.py", line 226, in get_lambda
    u_k   = 1.0 / (1.0 + math.exp(-((ent - med_e) / mad_e)))
OverflowError: math range error
