[GPU 6] Chunk 5/7 — 100 images (500→599)
[GPU 6] Chargement SD3-medium sur cuda:0 (visible=6) …
Loading pipeline components...:   0%|          | 0/9 [00:00<?, ?it/s]You set `add_prefix_space`. The tokenizer needs to be converted from the slow tokenizers
Loading pipeline components...:  11%|█         | 1/9 [00:00<00:02,  3.15it/s]`torch_dtype` is deprecated! Use `dtype` instead!
Loading pipeline components...:  33%|███▎      | 3/9 [00:00<00:00,  7.13it/s]
Loading checkpoint shards:   0%|          | 0/2 [00:00<?, ?it/s][A
Loading checkpoint shards:  50%|█████     | 1/2 [00:00<00:00,  9.29it/s][ALoading checkpoint shards: 100%|██████████| 2/2 [00:00<00:00, 10.02it/s]
Loading pipeline components...:  67%|██████▋   | 6/9 [00:00<00:00,  8.35it/s]Loading pipeline components...:  89%|████████▉ | 8/9 [00:01<00:00,  7.82it/s]Loading pipeline components...: 100%|██████████| 9/9 [00:01<00:00,  8.34it/s]
/shared/ssd_14T/home/ahmadou/miniconda3/envs/pytorch_env/lib/python3.10/site-packages/torchvision/models/_utils.py:208: UserWarning: The parameter 'pretrained' is deprecated since 0.13 and may be removed in the future, please use 'weights' instead.
  warnings.warn(
/shared/ssd_14T/home/ahmadou/miniconda3/envs/pytorch_env/lib/python3.10/site-packages/torchvision/models/_utils.py:223: UserWarning: Arguments other than a weight enum or `None` for 'weights' are deprecated since 0.13 and may be removed in the future. The current behavior is equivalent to passing `weights=VGG16_Weights.IMAGENET1K_V1`. You can also use `weights=VGG16_Weights.DEFAULT` to get the most up-to-date weights.
  warnings.warn(msg)
Setting up [LPIPS] perceptual loss: trunk [vgg], v[0.1], spatial [off]
Loading model from: /shared/ssd_14T/home/ahmadou/miniconda3/envs/pytorch_env/lib/python3.10/site-packages/lpips/weights/v0.1/vgg.pth

[GPU 6] [1/100]  711000000000  (1_animal)
  Strategy               |     λ | CLIP-W | CLIP-I |  PSNR |  SSIM |  LPIPS |    MSE |     SD
  -----------------------+--------+--------+--------+--------+--------+--------+--------+--------+-
  Baseline               |  13.5 |  29.68 |  0.819 | 18.66 | 82.54 |  176.4 |  136.2 |  471.7
  Exp_Forward_Gate       |  12.5 |  28.55 |  0.807 | 19.42 | 84.91 |  161.6 |  114.4 |  384.6
  Exp_Forward            |  14.3 |  29.80 |  0.814 | 19.01 | 83.10 |  175.7 |  125.5 |  399.2
  Exp_Reverse_Gate       |  16.4 |  29.09 |  0.814 | 18.67 | 81.70 |  183.7 |  135.8 |  429.8
  Exp_Boost              |  12.8 |  29.65 |  0.854 | 20.30 | 86.30 |  157.3 |   93.2 |  452.7
  TwoPhase               |  12.8 |  29.16 |  0.828 | 19.68 | 85.51 |  161.0 |  107.7 |  435.9
  Entropy                |  12.6 |  30.19 |  0.821 | 20.03 | 86.35 |  150.7 |   99.3 |  379.9
  Locality               |  12.6 |  29.08 |  0.838 | 19.83 | 85.90 |  155.0 |  104.0 |  467.6
  Dual                   |   3.5 |  23.20 |  0.969 | 30.14 | 97.87 |   42.3 |    9.7 |  206.2
  Quantile               |  11.6 |  27.50 |  0.915 | 22.88 | 90.41 |  181.2 |   51.5 |  587.7
  Budget_Matched         |  12.8 |  30.40 |  0.829 | 19.83 | 84.63 |  160.5 |  104.1 |  283.1
  → image traitée en 163s (15s/stratégie)

[GPU 6] [2/100]  711000000001  (1_animal)
  Strategy               |     λ | CLIP-W | CLIP-I |  PSNR |  SSIM |  LPIPS |    MSE |     SD
  -----------------------+--------+--------+--------+--------+--------+--------+--------+--------+-
  Baseline               |  13.5 |  25.79 |  0.973 | 21.67 | 83.04 |  204.0 |   68.1 |  283.6
  Exp_Forward_Gate       |  12.6 |  25.38 |  0.971 | 23.02 | 85.95 |  187.7 |   49.9 |  280.4
  Exp_Forward            |  14.0 |  25.70 |  0.965 | 22.06 | 83.43 |  209.8 |   62.2 |  298.4
  Exp_Reverse_Gate       |  16.1 |  25.75 |  0.966 | 19.96 | 77.86 |  259.0 |  100.9 |  327.1
  Exp_Boost              |  12.5 |  25.32 |  0.973 | 23.30 | 86.39 |  188.9 |   46.8 |  283.4
  TwoPhase               |  12.7 |  25.73 |  0.966 | 22.65 | 85.50 |  190.9 |   54.3 |  279.8
  Entropy                |  12.5 |  25.75 |  0.971 | 22.95 | 86.32 |  186.7 |   50.7 |  273.2
  Locality               |  12.5 |  25.51 |  0.971 | 23.15 | 86.24 |  187.8 |   48.4 |  279.8
  Dual                   |   3.3 |  23.56 |  0.990 | 30.40 | 94.47 |   84.1 |    9.1 |  187.5
  Quantile               |  12.4 |  23.85 |  0.950 | 24.54 | 86.89 |  242.0 |   35.2 |  328.8
  Budget_Matched         |  12.9 |  25.80 |  0.976 | 22.01 | 84.40 |  200.2 |   62.9 |  287.0
  → image traitée en 173s (16s/stratégie)

[GPU 6] [3/100]  711000000002  (1_animal)
  Strategy               |     λ | CLIP-W | CLIP-I |  PSNR |  SSIM |  LPIPS |    MSE |     SD
  -----------------------+--------+--------+--------+--------+--------+--------+--------+--------+-
  Baseline               |  13.5 |  31.45 |  0.841 | 18.44 | 77.83 |  234.5 |  143.2 |  466.1
  Exp_Forward_Gate       |  12.6 |  31.05 |  0.861 | 19.89 | 82.42 |  196.6 |  102.7 |  422.3
  Exp_Forward            |  14.5 |  30.60 |  0.868 | 18.94 | 78.66 |  229.3 |  127.6 |  443.7
  Exp_Reverse_Gate       |  16.9 |  31.63 |  0.840 | 16.61 | 71.69 |  267.8 |  218.2 |  455.8
  Exp_Boost              |  12.8 |  30.78 |  0.887 | 20.96 | 85.41 |  179.6 |   80.1 |  415.2
  TwoPhase               |  12.9 |  31.41 |  0.845 | 19.94 | 82.76 |  198.6 |  101.4 |  416.9
  Entropy                |  12.7 |  30.98 |  0.843 | 20.55 | 84.02 |  188.8 |   88.1 |  401.7
  Locality               |  12.7 |  30.80 |  0.861 | 19.53 | 81.63 |  205.3 |  111.4 |  396.9
  Dual                   |   3.5 |  27.39 |  0.985 | 30.46 | 97.41 |   50.1 |    9.0 |  316.2
  Quantile               |  11.7 |  31.70 |  0.857 | 23.24 | 89.82 |  169.1 |   47.4 |  466.8
  Budget_Matched         |  12.9 |  30.48 |  0.883 | 19.53 | 81.27 |  198.8 |  111.4 |  414.7
  → image traitée en 175s (16s/stratégie)

[GPU 6] [4/100]  711000000003  (1_animal)
  Strategy               |     λ | CLIP-W | CLIP-I |  PSNR |  SSIM |  LPIPS |    MSE |     SD
  -----------------------+--------+--------+--------+--------+--------+--------+--------+--------+-
  Baseline               |  13.5 |  31.47 |  0.934 | 19.57 | 74.61 |  259.5 |  110.5 |  430.8
  Exp_Forward_Gate       |  12.5 |  30.64 |  0.947 | 20.79 | 79.55 |  233.9 |   83.3 |  419.2
  Exp_Forward            |  14.3 |  31.47 |  0.934 | 19.99 | 75.88 |  255.6 |  100.3 |  432.5
  Exp_Reverse_Gate       |  17.0 |  32.12 |  0.922 | 18.26 | 68.45 |  292.3 |  149.3 |  464.1
  Exp_Boost              |  12.7 |  31.06 |  0.936 | 21.61 | 80.64 |  242.2 |   69.1 |  428.1
  TwoPhase               |  12.8 |  31.40 |  0.949 | 20.50 | 78.70 |  241.6 |   89.1 |  423.8
  Entropy                |  12.5 |  31.80 |  0.948 | 20.92 | 79.38 |  231.8 |   80.9 |  418.6
  Locality               |  12.6 |  30.58 |  0.956 | 21.27 | 79.62 |  233.3 |   74.7 |  419.3
  Dual                   |   3.4 |  30.45 |  0.988 | 29.02 | 95.74 |   74.5 |   12.5 |  288.5
  Quantile               |  11.6 |  31.41 |  0.955 | 24.67 | 88.90 |  183.4 |   34.1 |  396.9
  Budget_Matched         |  12.7 |  31.83 |  0.943 | 20.13 | 76.58 |  252.6 |   96.9 |  429.1
  → image traitée en 175s (16s/stratégie)

[GPU 6] [5/100]  711000000004  (1_animal)
  Strategy               |     λ | CLIP-W | CLIP-I |  PSNR |  SSIM |  LPIPS |    MSE |     SD
  -----------------------+--------+--------+--------+--------+--------+--------+--------+--------+-
  Baseline               |  13.5 |  27.56 |  0.773 | 18.57 | 77.19 |  257.9 |  139.1 |  412.8
  Exp_Forward_Gate       |  12.3 |  28.05 |  0.834 | 19.75 | 80.91 |  244.8 |  105.9 |  413.3
  Exp_Forward            |  14.2 |  26.60 |  0.819 | 19.12 | 79.09 |  259.4 |  122.5 |  420.7
  Exp_Reverse_Gate       |  17.6 |  26.26 |  0.766 | 17.39 | 73.99 |  294.5 |  182.4 |  415.3
  Exp_Boost              |  12.4 |  28.40 |  0.835 | 20.09 | 81.21 |  266.8 |   97.9 |  429.4
  TwoPhase               |  12.5 |  27.79 |  0.825 | 19.42 | 80.04 |  251.0 |  114.2 |  415.1
  Entropy                |  12.2 |  28.17 |  0.838 | 19.88 | 81.06 |  247.3 |  102.7 |  410.1
  Locality               |  12.3 |  27.77 |  0.868 | 20.07 | 81.38 |  243.7 |   98.3 |  410.1
  Dual                   |   3.3 |  24.09 |  0.992 | 30.18 | 97.18 |   62.8 |    9.6 |  256.5
  Quantile               |  12.0 |  25.51 |  0.927 | 21.39 | 85.31 |  242.1 |   72.6 |  423.1
  Budget_Matched         |  12.6 |  28.31 |  0.809 | 18.82 | 78.69 |  248.1 |  131.1 |  411.6
  → image traitée en 175s (16s/stratégie)

[GPU 6] [6/100]  712000000000  (2_human)
  Strategy               |     λ | CLIP-W | CLIP-I |  PSNR |  SSIM |  LPIPS |    MSE |     SD
  -----------------------+--------+--------+--------+--------+--------+--------+--------+--------+-
  Baseline               |  13.5 |  29.56 |  0.760 | 18.64 | 77.49 |  323.9 |  136.7 |  288.7
  Exp_Forward_Gate       |  12.4 |  29.47 |  0.778 | 20.12 | 81.35 |  287.2 |   97.3 |  264.9
  Exp_Forward            |  14.2 |  31.24 |  0.763 | 19.55 | 79.65 |  305.0 |  110.8 |  281.7
  Exp_Reverse_Gate       |  17.0 |  32.94 |  0.753 | 17.59 | 73.83 |  362.2 |  174.2 |  314.9
  Exp_Boost              |  12.3 |  28.85 |  0.774 | 20.56 | 82.02 |  288.1 |   88.0 |  264.3
  TwoPhase               |  12.5 |  29.08 |  0.774 | 19.71 | 80.70 |  291.4 |  106.9 |  266.5
  Entropy                |  12.3 |  29.41 |  0.827 | 20.73 | 82.96 |  274.3 |   84.5 |  262.6
  Locality               |  12.3 |  30.11 |  0.797 | 19.98 | 81.21 |  291.8 |  100.6 |  268.8
  Dual                   |   3.1 |  18.41 |  0.978 | 31.45 | 97.80 |   59.2 |    7.2 |  108.5
  Quantile               |  11.3 |  25.07 |  0.862 | 22.40 | 88.60 |  219.0 |   57.6 |  227.1
  Budget_Matched         |  12.7 |  29.40 |  0.752 | 19.19 | 79.29 |  305.6 |  120.4 |  276.5
  → image traitée en 175s (16s/stratégie)

[GPU 6] [7/100]  712000000001  (2_human)
  Strategy               |     λ | CLIP-W | CLIP-I |  PSNR |  SSIM |  LPIPS |    MSE |     SD
  -----------------------+--------+--------+--------+--------+--------+--------+--------+--------+-
  Baseline               |  13.5 |  30.07 |  0.742 | 22.11 | 86.63 |  174.2 |   61.5 |  376.5
  Exp_Forward_Gate       |  12.6 |  27.71 |  0.812 | 23.30 | 89.40 |  154.0 |   46.7 |  373.8
  Exp_Forward            |  14.2 |  28.32 |  0.783 | 23.16 | 88.38 |  165.0 |   48.3 |  368.0
  Exp_Reverse_Gate       |  16.2 |  29.56 |  0.697 | 20.63 | 82.72 |  206.1 |   86.6 |  364.4
  Exp_Boost              |  12.6 |  27.84 |  0.847 | 24.76 | 91.67 |  129.2 |   33.4 |  372.6
  TwoPhase               |  12.8 |  28.50 |  0.818 | 23.58 | 90.09 |  141.4 |   43.8 |  363.1
  Entropy                |  12.6 |  28.49 |  0.787 | 23.37 | 89.28 |  153.0 |   46.0 |  356.6
  Locality               |  12.5 |  28.51 |  0.783 | 23.23 | 89.29 |  152.2 |   47.6 |  363.8
  Dual                   |   3.3 |  20.53 |  0.954 | 32.00 | 98.03 |   48.0 |    6.3 |  279.9
  Quantile               |  12.7 |  27.21 |  0.854 | 23.11 | 89.91 |  175.9 |   48.9 |  449.0
  Budget_Matched         |  12.8 |  28.65 |  0.787 | 22.65 | 87.95 |  167.5 |   54.4 |  374.4
  → image traitée en 175s (16s/stratégie)

[GPU 6] [8/100]  712000000002  (2_human)
  Strategy               |     λ | CLIP-W | CLIP-I |  PSNR |  SSIM |  LPIPS |    MSE |     SD
  -----------------------+--------+--------+--------+--------+--------+--------+--------+--------+-
  Baseline               |  13.5 |  29.04 |  0.877 | 21.01 | 78.96 |  313.6 |   79.3 |  305.9
  Exp_Forward_Gate       |  12.5 |  29.49 |  0.905 | 21.32 | 82.65 |  256.6 |   73.8 |  279.7
  Exp_Forward            |  14.2 |  31.67 |  0.840 | 19.97 | 76.49 |  333.2 |  100.6 |  323.0
  Exp_Reverse_Gate       |  17.1 |  33.28 |  0.787 | 17.77 | 67.94 |  414.3 |  167.2 |  376.7
  Exp_Boost              |  12.4 |  29.99 |  0.911 | 21.64 | 82.60 |  271.6 |   68.6 |  282.5
  TwoPhase               |  12.7 |  27.41 |  0.914 | 21.16 | 82.15 |  269.4 |   76.6 |  281.6
  Entropy                |  12.4 |  29.04 |  0.876 | 21.02 | 80.74 |  293.1 |   79.1 |  295.7
  Locality               |  12.5 |  30.84 |  0.856 | 20.68 | 79.94 |  303.6 |   85.5 |  297.2
  Dual                   |   3.2 |  17.81 |  0.988 | 33.21 | 97.71 |   57.1 |    4.8 |  129.1
  Quantile               |  11.5 |  23.63 |  0.958 | 24.40 | 88.53 |  217.2 |   36.3 |  258.8
  Budget_Matched         |  12.8 |  31.51 |  0.825 | 20.16 | 78.79 |  303.4 |   96.4 |  303.2
  → image traitée en 176s (16s/stratégie)

[GPU 6] [9/100]  712000000003  (2_human)
  Strategy               |     λ | CLIP-W | CLIP-I |  PSNR |  SSIM |  LPIPS |    MSE |     SD
  -----------------------+--------+--------+--------+--------+--------+--------+--------+--------+-
  Baseline               |  13.5 |  34.18 |  0.781 | 20.41 | 82.28 |  299.8 |   90.9 |  282.6
  Exp_Forward_Gate       |  12.5 |  36.23 |  0.796 | 22.54 | 86.37 |  252.1 |   55.8 |  261.4
  Exp_Forward            |  14.0 |  36.91 |  0.762 | 21.88 | 84.28 |  286.8 |   64.9 |  278.8
  Exp_Reverse_Gate       |  16.6 |  34.68 |  0.759 | 19.25 | 77.84 |  343.0 |  118.9 |  322.1
  Exp_Boost              |  12.3 |  36.39 |  0.784 | 22.51 | 85.64 |  264.2 |   56.1 |  271.6
  TwoPhase               |  12.7 |  36.19 |  0.743 | 22.10 | 85.45 |  268.5 |   61.7 |  271.0
  Entropy                |  12.4 |  35.44 |  0.829 | 22.29 | 86.29 |  247.7 |   59.1 |  265.6
  Locality               |  12.5 |  36.16 |  0.754 | 22.03 | 85.27 |  271.8 |   62.7 |  273.6
  Dual                   |   3.3 |  27.69 |  0.953 | 30.39 | 96.70 |   90.5 |    9.1 |  170.2
  Quantile               |  12.2 |  35.04 |  0.740 | 22.05 | 84.80 |  295.4 |   62.4 |  300.7
  Budget_Matched         |  12.7 |  35.71 |  0.780 | 21.27 | 84.62 |  281.9 |   74.6 |  269.8
  → image traitée en 175s (16s/stratégie)

[GPU 6] [10/100]  712000000004  (2_human)
  Strategy               |     λ | CLIP-W | CLIP-I |  PSNR |  SSIM |  LPIPS |    MSE |     SD
  -----------------------+--------+--------+--------+--------+--------+--------+--------+--------+-
  Baseline               |  13.5 |  25.43 |  0.926 | 21.58 | 83.11 |  235.4 |   69.5 |  294.9
  Exp_Forward_Gate       |  12.5 |  22.84 |  0.910 | 23.73 | 87.57 |  200.0 |   42.3 |  267.2
  Exp_Forward            |  14.0 |  23.99 |  0.933 | 22.59 | 85.14 |  226.5 |   55.0 |  285.7
  Exp_Reverse_Gate       |  16.1 |  24.48 |  0.907 | 20.64 | 79.95 |  271.0 |   86.2 |  316.4
  Exp_Boost              |  12.2 |  23.13 |  0.939 | 23.81 | 88.35 |  197.9 |   41.6 |  264.4
  TwoPhase               |  12.5 |  24.69 |  0.907 | 22.80 | 86.85 |  208.1 |   52.4 |  269.3
  Entropy                |  12.4 |  23.25 |  0.937 | 23.19 | 87.62 |  199.2 |   48.0 |  261.5
  Locality               |  12.3 |  22.75 |  0.928 | 23.26 | 87.47 |  197.3 |   47.3 |  259.9
  Dual                   |   3.2 |  20.76 |  0.989 | 32.03 | 97.94 |   54.6 |    6.3 |  138.4
  Quantile               |  12.6 |  22.39 |  0.943 | 22.72 | 87.66 |  223.3 |   53.5 |  272.8
  Budget_Matched         |  12.8 |  23.73 |  0.955 | 23.03 | 86.77 |  199.5 |   49.8 |  267.8
  → image traitée en 176s (16s/stratégie)

[GPU 6] [11/100]  713000000000  (3_indoor)
  Strategy               |     λ | CLIP-W | CLIP-I |  PSNR |  SSIM |  LPIPS |    MSE |     SD
  -----------------------+--------+--------+--------+--------+--------+--------+--------+--------+-
  Baseline               |  13.5 |  26.67 |  0.936 | 23.68 | 85.21 |  278.3 |   42.8 |  226.0
  Exp_Forward_Gate       |  12.7 |  26.64 |  0.941 | 24.14 | 86.47 |  248.1 |   38.5 |  209.0
  Exp_Forward            |  14.0 |  27.68 |  0.928 | 23.43 | 84.79 |  272.3 |   45.4 |  223.5
  Exp_Reverse_Gate       |  15.1 |  26.92 |  0.927 | 22.67 | 82.14 |  313.6 |   54.0 |  246.2
  Exp_Boost              |  12.6 |  26.06 |  0.957 | 24.92 | 88.12 |  227.2 |   32.2 |  197.6
  TwoPhase               |  12.9 |  27.48 |  0.949 | 24.77 | 87.43 |  249.4 |   33.3 |  210.5
  Entropy                |  12.7 |  26.08 |  0.956 | 24.75 | 87.95 |  229.1 |   33.5 |  199.5
  Locality               |  12.7 |  27.43 |  0.934 | 24.07 | 86.89 |  239.4 |   39.2 |  206.3
  Dual                   |   3.1 |  21.05 |  0.982 | 31.71 | 96.69 |  105.1 |    6.7 |  107.1
  Quantile               |  12.5 |  26.23 |  0.950 | 24.18 | 86.85 |  235.5 |   38.2 |  217.3
  Budget_Matched         |  13.0 |  26.32 |  0.935 | 24.23 | 87.25 |  255.7 |   37.7 |  208.6
  → image traitée en 176s (16s/stratégie)

[GPU 6] [12/100]  713000000001  (3_indoor)
  Strategy               |     λ | CLIP-W | CLIP-I |  PSNR |  SSIM |  LPIPS |    MSE |     SD
  -----------------------+--------+--------+--------+--------+--------+--------+--------+--------+-
  Baseline               |  13.5 |  27.64 |  0.963 | 23.97 | 86.66 |  136.9 |   40.1 |  303.0
  Exp_Forward_Gate       |  12.7 |  27.13 |  0.968 | 24.85 | 89.39 |  107.6 |   32.8 |  284.0
  Exp_Forward            |  13.9 |  27.77 |  0.960 | 24.12 | 87.43 |  130.5 |   38.8 |  303.4
  Exp_Reverse_Gate       |  15.6 |  27.92 |  0.933 | 21.93 | 81.76 |  195.7 |   64.1 |  347.4
  Exp_Boost              |  12.5 |  26.87 |  0.966 | 25.45 | 90.16 |  106.4 |   28.5 |  286.8
  TwoPhase               |  12.8 |  27.67 |  0.953 | 24.56 | 89.03 |  120.9 |   35.0 |  293.4
  Entropy                |  12.7 |  28.02 |  0.975 | 25.36 | 89.53 |  108.1 |   29.1 |  287.6
  Locality               |  12.7 |  27.40 |  0.965 | 24.90 | 89.75 |  112.1 |   32.4 |  284.3
  Dual                   |   3.2 |  28.31 |  0.991 | 32.81 | 96.11 |   44.9 |    5.2 |  208.5
  Quantile               |  13.1 |  26.91 |  0.965 | 25.36 | 89.57 |  139.1 |   29.1 |  319.5
  Budget_Matched         |  13.0 |  27.72 |  0.962 | 24.89 | 89.27 |  114.1 |   32.4 |  286.8
  → image traitée en 176s (16s/stratégie)

[GPU 6] [13/100]  713000000002  (3_indoor)
  Strategy               |     λ | CLIP-W | CLIP-I |  PSNR |  SSIM |  LPIPS |    MSE |     SD
  -----------------------+--------+--------+--------+--------+--------+--------+--------+--------+-
  Baseline               |  13.5 |  29.50 |  0.951 | 26.93 | 93.08 |   96.0 |   20.3 |  412.2
  Exp_Forward_Gate       |  13.4 |  29.20 |  0.961 | 28.55 | 94.42 |   96.6 |   14.0 |  487.2
  Exp_Forward            |  14.1 |  29.51 |  0.950 | 27.23 | 93.12 |  109.5 |   18.9 |  503.5
  Exp_Reverse_Gate       |  14.5 |  29.43 |  0.934 | 26.35 | 92.85 |   97.9 |   23.2 |  355.6
  Exp_Boost              |  13.4 |  29.13 |  0.946 | 28.13 | 93.54 |  110.1 |   15.4 |  547.3
  TwoPhase               |  13.3 |  28.47 |  0.965 | 27.39 | 93.99 |   99.0 |   18.3 |  495.4
  Entropy                |  13.1 |  28.80 |  0.953 | 27.48 | 93.75 |   99.3 |   17.9 |  459.2
  Locality               |  13.2 |  29.33 |  0.941 | 27.30 | 93.50 |  102.4 |   18.6 |  499.6
  Dual                   |   3.4 |  25.65 |  0.986 | 37.45 | 98.86 |   43.4 |    1.8 |  406.1
  Quantile               |  13.2 |  27.35 |  0.946 | 26.79 | 92.86 |  186.5 |   20.9 |  650.5
  Budget_Matched         |  13.2 |  29.31 |  0.953 | 26.85 | 94.00 |   97.3 |   20.7 |  451.2
  → image traitée en 176s (16s/stratégie)

[GPU 6] [14/100]  713000000003  (3_indoor)
  Strategy               |     λ | CLIP-W | CLIP-I |  PSNR |  SSIM |  LPIPS |    MSE |     SD
  -----------------------+--------+--------+--------+--------+--------+--------+--------+--------+-
  Baseline               |  13.5 |  29.15 |  0.908 | 21.76 | 80.54 |  259.1 |   66.7 |  281.4
  Exp_Forward_Gate       |  12.3 |  29.13 |  0.893 | 23.16 | 83.47 |  236.2 |   48.3 |  264.1
  Exp_Forward            |  14.1 |  29.60 |  0.842 | 22.38 | 79.61 |  273.2 |   57.9 |  292.6
  Exp_Reverse_Gate       |  16.6 |  27.93 |  0.848 | 20.44 | 76.68 |  297.9 |   90.4 |  299.8
  Exp_Boost              |  12.5 |  28.85 |  0.855 | 23.03 | 83.30 |  232.5 |   49.8 |  270.6
  TwoPhase               |  12.6 |  29.86 |  0.892 | 22.64 | 81.67 |  248.8 |   54.4 |  272.5
  Entropy                |  12.3 |  28.50 |  0.888 | 21.89 | 81.75 |  247.2 |   64.7 |  270.0
  Locality               |  12.4 |  29.38 |  0.896 | 22.88 | 83.42 |  233.4 |   51.5 |  266.7
  Dual                   |   3.2 |  24.92 |  0.980 | 32.72 | 97.27 |   58.9 |    5.3 |  132.8
  Quantile               |  12.1 |  30.41 |  0.909 | 23.17 | 85.10 |  220.7 |   48.2 |  272.6
  Budget_Matched         |  12.8 |  28.59 |  0.891 | 22.59 | 83.50 |  237.8 |   55.1 |  267.1
  → image traitée en 176s (16s/stratégie)

[GPU 6] [15/100]  713000000004  (3_indoor)
  Strategy               |     λ | CLIP-W | CLIP-I |  PSNR |  SSIM |  LPIPS |    MSE |     SD
  -----------------------+--------+--------+--------+--------+--------+--------+--------+--------+-
  Baseline               |  13.5 |  27.73 |  0.962 | 21.33 | 83.86 |  162.0 |   73.6 |  404.3
  Exp_Forward_Gate       |  12.6 |  27.52 |  0.969 | 23.52 | 90.44 |  107.8 |   44.5 |  394.0
  Exp_Forward            |  14.0 |  28.56 |  0.957 | 24.40 | 91.10 |  107.4 |   36.3 |  387.8
  Exp_Reverse_Gate       |  16.7 |  28.46 |  0.949 | 19.21 | 80.22 |  207.0 |  119.9 |  415.9
  Exp_Boost              |  12.4 |  28.30 |  0.963 | 24.00 | 91.79 |   95.9 |   39.8 |  397.1
  TwoPhase               |  12.7 |  28.18 |  0.963 | 24.35 | 91.71 |  102.1 |   36.8 |  390.8
  Entropy                |  12.2 |  28.25 |  0.967 | 24.18 | 91.83 |  100.1 |   38.2 |  387.6
  Locality               |  12.3 |  28.90 |  0.962 | 22.97 | 89.14 |  128.3 |   50.4 |  410.0
  Dual                   |   3.3 |  28.15 |  0.990 | 33.74 | 98.82 |   27.8 |    4.2 |  290.0
  Quantile               |  13.9 |  27.50 |  0.948 | 22.33 | 88.80 |  139.9 |   58.5 |  464.9
  Budget_Matched         |  12.8 |  27.72 |  0.960 | 23.04 | 89.23 |  124.5 |   49.6 |  391.0
  → image traitée en 177s (16s/stratégie)

[GPU 6] [16/100]  714000000000  (4_outdoor)
  Strategy               |     λ | CLIP-W | CLIP-I |  PSNR |  SSIM |  LPIPS |    MSE |     SD
  -----------------------+--------+--------+--------+--------+--------+--------+--------+--------+-
  Baseline               |  13.5 |  25.83 |  0.938 | 23.13 | 86.54 |  216.5 |   48.7 |  216.4
  Exp_Forward_Gate       |  12.7 |  23.04 |  0.960 | 24.10 | 88.86 |  194.0 |   38.9 |  206.9
  Exp_Forward            |  14.0 |  23.52 |  0.954 | 23.08 | 86.14 |  222.3 |   49.2 |  224.8
  Exp_Reverse_Gate       |  15.6 |  22.42 |  0.953 | 20.73 | 80.93 |  264.0 |   84.5 |  248.5
  Exp_Boost              |  12.7 |  24.52 |  0.965 | 25.68 | 90.95 |  181.6 |   27.1 |  198.7
  TwoPhase               |  12.9 |  23.98 |  0.953 | 23.78 | 88.27 |  202.5 |   41.9 |  213.6
  Entropy                |  12.7 |  22.49 |  0.955 | 24.00 | 89.21 |  192.3 |   39.8 |  206.1
  Locality               |  12.6 |  23.60 |  0.956 | 23.99 | 88.69 |  207.4 |   39.9 |  212.8
  Dual                   |   3.3 |  25.51 |  0.990 | 30.72 | 95.57 |   82.5 |    8.5 |  134.7
  Quantile               |  12.0 |  26.07 |  0.965 | 24.72 | 88.31 |  237.0 |   33.8 |  241.4
  Budget_Matched         |  13.0 |  23.16 |  0.951 | 23.85 | 88.25 |  199.6 |   41.2 |  210.7
  → image traitée en 176s (16s/stratégie)

[GPU 6] [17/100]  714000000001  (4_outdoor)
  Strategy               |     λ | CLIP-W | CLIP-I |  PSNR |  SSIM |  LPIPS |    MSE |     SD
  -----------------------+--------+--------+--------+--------+--------+--------+--------+--------+-
  Baseline               |  13.5 |  27.80 |  0.955 | 25.44 | 87.98 |  228.0 |   28.6 |  259.9
  Exp_Forward_Gate       |  12.8 |  27.56 |  0.962 | 26.23 | 89.27 |  210.7 |   23.8 |  252.3
  Exp_Forward            |  14.0 |  27.38 |  0.951 | 25.77 | 87.79 |  248.9 |   26.5 |  268.7
  Exp_Reverse_Gate       |  15.6 |  27.23 |  0.949 | 22.92 | 83.57 |  304.7 |   51.0 |  308.7
  Exp_Boost              |  12.7 |  26.73 |  0.949 | 26.66 | 89.17 |  222.6 |   21.6 |  263.4
  TwoPhase               |  13.0 |  27.18 |  0.959 | 26.40 | 88.92 |  221.6 |   22.9 |  256.1
  Entropy                |  12.8 |  27.25 |  0.964 | 26.73 | 89.48 |  206.9 |   21.2 |  249.9
  Locality               |  12.8 |  26.93 |  0.962 | 26.94 | 89.46 |  216.1 |   20.2 |  251.6
  Dual                   |   3.2 |  25.60 |  0.995 | 36.15 | 98.04 |   68.4 |    2.4 |  145.1
  Quantile               |  13.2 |  25.75 |  0.952 | 25.76 | 88.45 |  253.4 |   26.6 |  273.3
  Budget_Matched         |  13.0 |  27.37 |  0.950 | 25.64 | 88.15 |  242.0 |   27.3 |  270.5
  → image traitée en 176s (16s/stratégie)

[GPU 6] [18/100]  714000000002  (4_outdoor)
  Strategy               |     λ | CLIP-W | CLIP-I |  PSNR |  SSIM |  LPIPS |    MSE |     SD
  -----------------------+--------+--------+--------+--------+--------+--------+--------+--------+-
  Baseline               |  13.5 |  26.67 |  0.975 | 23.31 | 87.78 |  198.1 |   46.7 |  220.4
  Exp_Forward_Gate       |  12.8 |  27.50 |  0.981 | 24.32 | 90.22 |  166.7 |   37.0 |  202.4
  Exp_Forward            |  14.1 |  26.45 |  0.979 | 24.01 | 89.06 |  192.9 |   39.8 |  218.7
  Exp_Reverse_Gate       |  15.1 |  26.67 |  0.973 | 22.50 | 86.45 |  207.6 |   56.2 |  228.5
  Exp_Boost              |  12.8 |  26.58 |  0.984 | 24.67 | 89.98 |  179.1 |   34.1 |  208.6
  TwoPhase               |  13.0 |  27.33 |  0.980 | 24.23 | 90.13 |  169.3 |   37.8 |  205.3
  Entropy                |  12.8 |  26.56 |  0.983 | 24.27 | 90.31 |  169.6 |   37.4 |  199.9
  Locality               |  12.9 |  27.23 |  0.971 | 24.22 | 89.23 |  191.0 |   37.9 |  213.1
  Dual                   |   3.2 |  25.34 |  0.996 | 34.43 | 98.16 |   57.1 |    3.6 |  110.5
  Quantile               |  13.4 |  26.07 |  0.976 | 24.29 | 88.32 |  216.0 |   37.3 |  236.0
  Budget_Matched         |  13.1 |  26.14 |  0.981 | 23.81 | 88.89 |  185.2 |   41.6 |  213.7
  → image traitée en 177s (16s/stratégie)

[GPU 6] [19/100]  714000000003  (4_outdoor)
  Strategy               |     λ | CLIP-W | CLIP-I |  PSNR |  SSIM |  LPIPS |    MSE |     SD
  -----------------------+--------+--------+--------+--------+--------+--------+--------+--------+-
  Baseline               |  13.5 |  26.83 |  0.921 | 26.57 | 93.85 |  127.8 |   22.0 |  388.7
  Exp_Forward_Gate       |  13.2 |  26.10 |  0.935 | 26.87 | 93.47 |  142.0 |   20.6 |  440.3
  Exp_Forward            |  14.1 |  26.60 |  0.931 | 26.50 | 94.06 |  139.1 |   22.4 |  428.1
  Exp_Reverse_Gate       |  14.6 |  25.82 |  0.934 | 25.63 | 92.42 |  148.7 |   27.4 |  401.8
  Exp_Boost              |  13.3 |  26.44 |  0.942 | 26.86 | 94.46 |  116.7 |   20.6 |  432.8
  TwoPhase               |  13.4 |  27.15 |  0.910 | 27.20 | 94.55 |  121.9 |   19.0 |  420.6
  Entropy                |  13.2 |  26.86 |  0.932 | 27.02 | 94.58 |  112.0 |   19.9 |  413.4
  Locality               |  13.2 |  26.63 |  0.931 | 27.94 | 94.73 |  113.8 |   16.1 |  435.2
  Dual                   |   3.4 |  20.63 |  0.919 | 33.15 | 98.07 |   53.8 |    4.8 |  373.9
  Quantile               |  12.6 |  26.35 |  0.881 | 27.90 | 94.62 |  185.0 |   16.2 |  527.5
  Budget_Matched         |  13.2 |  27.01 |  0.945 | 27.32 | 94.61 |  108.9 |   18.6 |  397.0
  → image traitée en 175s (16s/stratégie)

[GPU 6] [20/100]  714000000004  (4_outdoor)
  Strategy               |     λ | CLIP-W | CLIP-I |  PSNR |  SSIM |  LPIPS |    MSE |     SD
  -----------------------+--------+--------+--------+--------+--------+--------+--------+--------+-
  Baseline               |  13.5 |  23.64 |  0.989 | 19.75 | 82.62 |  203.9 |  106.0 |  241.6
  Exp_Forward_Gate       |  12.6 |  23.78 |  0.988 | 21.14 | 85.77 |  176.5 |   77.0 |  217.4
  Exp_Forward            |  14.1 |  23.74 |  0.989 | 20.30 | 83.45 |  201.4 |   93.3 |  235.4
  Exp_Reverse_Gate       |  16.0 |  23.58 |  0.986 | 18.27 | 77.58 |  247.7 |  148.9 |  275.5
  Exp_Boost              |  12.6 |  23.55 |  0.991 | 21.47 | 86.26 |  168.2 |   71.2 |  214.5
  TwoPhase               |  12.8 |  23.44 |  0.990 | 20.87 | 85.11 |  175.5 |   81.8 |  219.0
  Entropy                |  12.5 |  23.70 |  0.989 | 21.10 | 86.03 |  169.2 |   77.7 |  217.9
  Locality               |  12.6 |  23.57 |  0.987 | 20.93 | 85.37 |  177.4 |   80.7 |  221.0
  Dual                   |   3.2 |  23.60 |  0.998 | 29.26 | 94.70 |   50.1 |   11.9 |  116.4
  Quantile               |  12.8 |  23.02 |  0.992 | 21.94 | 86.48 |  170.2 |   63.9 |  216.0
  Budget_Matched         |  12.9 |  24.03 |  0.987 | 20.44 | 84.45 |  188.6 |   90.4 |  226.9
  → image traitée en 176s (16s/stratégie)

[GPU 6] [21/100]  721000000000  (1_animal)
  Strategy               |     λ | CLIP-W | CLIP-I |  PSNR |  SSIM |  LPIPS |    MSE |     SD
  -----------------------+--------+--------+--------+--------+--------+--------+--------+--------+-
  Baseline               |  13.5 |  28.31 |  0.804 | 18.79 | 79.61 |  195.6 |  132.1 |  194.2
  Exp_Forward_Gate       |  12.3 |  29.13 |  0.782 | 19.42 | 81.07 |  194.4 |  114.3 |  187.9
  Exp_Forward            |  14.1 |  28.35 |  0.786 | 19.16 | 80.11 |  199.1 |  121.4 |  195.7
  Exp_Reverse_Gate       |  16.7 |  29.61 |  0.759 | 17.52 | 75.33 |  228.9 |  177.1 |  218.6
  Exp_Boost              |  12.2 |  28.35 |  0.796 | 19.40 | 81.56 |  192.0 |  114.7 |  185.8
  TwoPhase               |  12.6 |  28.29 |  0.791 | 19.28 | 81.02 |  194.0 |  118.1 |  188.3
  Entropy                |  12.4 |  28.93 |  0.795 | 19.60 | 81.55 |  186.4 |  109.5 |  186.0
  Locality               |  12.3 |  28.53 |  0.787 | 19.27 | 80.87 |  193.7 |  118.3 |  187.6
  Dual                   |   3.2 |  23.70 |  0.959 | 27.02 | 93.73 |   86.4 |   19.9 |  107.5
  Quantile               |  11.6 |  27.72 |  0.775 | 21.99 | 85.32 |  182.6 |   63.3 |  188.6
  Budget_Matched         |  12.8 |  28.84 |  0.796 | 19.37 | 80.74 |  192.2 |  115.7 |  188.5
  → image traitée en 176s (16s/stratégie)

[GPU 6] [22/100]  721000000001  (1_animal)
  Strategy               |     λ | CLIP-W | CLIP-I |  PSNR |  SSIM |  LPIPS |    MSE |     SD
  -----------------------+--------+--------+--------+--------+--------+--------+--------+--------+-
  Baseline               |  13.5 |  24.98 |  0.896 | 21.20 | 87.88 |  181.5 |   75.9 |  366.2
  Exp_Forward_Gate       |  12.8 |  23.70 |  0.904 | 22.04 | 89.34 |  180.2 |   62.5 |  390.9
  Exp_Forward            |  14.3 |  24.51 |  0.900 | 21.45 | 88.01 |  194.9 |   71.6 |  393.5
  Exp_Reverse_Gate       |  15.7 |  24.47 |  0.891 | 19.95 | 86.62 |  197.4 |  101.2 |  356.2
  Exp_Boost              |  13.0 |  23.48 |  0.912 | 22.48 | 90.11 |  185.1 |   56.4 |  402.3
  TwoPhase               |  13.0 |  24.38 |  0.902 | 22.02 | 88.99 |  184.0 |   62.9 |  371.0
  Entropy                |  12.8 |  23.61 |  0.903 | 21.94 | 89.38 |  178.8 |   64.0 |  366.2
  Locality               |  12.9 |  23.78 |  0.907 | 21.93 | 89.57 |  177.1 |   64.1 |  371.2
  Dual                   |   3.4 |  21.78 |  0.974 | 31.66 | 98.32 |   61.8 |    6.8 |  250.8
  Quantile               |  12.7 |  24.76 |  0.929 | 23.58 | 92.18 |  216.1 |   43.8 |  489.9
  Budget_Matched         |  12.9 |  24.47 |  0.904 | 21.17 | 88.42 |  184.8 |   76.4 |  372.6
  → image traitée en 175s (16s/stratégie)

[GPU 6] [23/100]  721000000002  (1_animal)
  Strategy               |     λ | CLIP-W | CLIP-I |  PSNR |  SSIM |  LPIPS |    MSE |     SD
  -----------------------+--------+--------+--------+--------+--------+--------+--------+--------+-
  Baseline               |  13.5 |  28.22 |  0.956 | 20.89 | 82.48 |  255.1 |   81.4 |  288.2
  Exp_Forward_Gate       |  12.5 |  27.05 |  0.973 | 22.04 | 85.51 |  226.3 |   62.5 |  278.6
  Exp_Forward            |  14.1 |  26.47 |  0.968 | 20.89 | 82.35 |  256.6 |   81.5 |  297.0
  Exp_Reverse_Gate       |  16.2 |  27.52 |  0.961 | 19.53 | 78.52 |  284.6 |  111.5 |  305.0
  Exp_Boost              |  12.6 |  26.63 |  0.971 | 22.08 | 85.22 |  241.8 |   61.9 |  285.7
  TwoPhase               |  12.8 |  26.77 |  0.966 | 21.85 | 84.56 |  243.4 |   65.3 |  288.4
  Entropy                |  12.5 |  27.27 |  0.971 | 21.82 | 84.67 |  241.3 |   65.8 |  283.4
  Locality               |  12.5 |  26.56 |  0.975 | 21.53 | 84.74 |  235.0 |   70.3 |  279.6
  Dual                   |   3.3 |  27.86 |  0.967 | 29.24 | 95.99 |   98.3 |   11.9 |  185.3
  Quantile               |  12.1 |  27.49 |  0.978 | 23.32 | 87.50 |  243.3 |   46.5 |  296.6
  Budget_Matched         |  12.8 |  26.40 |  0.965 | 20.98 | 83.55 |  260.1 |   79.8 |  286.5
  → image traitée en 176s (16s/stratégie)

[GPU 6] [24/100]  721000000003  (1_animal)
  Strategy               |     λ | CLIP-W | CLIP-I |  PSNR |  SSIM |  LPIPS |    MSE |     SD
  -----------------------+--------+--------+--------+--------+--------+--------+--------+--------+-
  Baseline               |  13.5 |  20.97 |  0.939 | 18.76 | 81.00 |  246.8 |  132.9 |  211.0
  Exp_Forward_Gate       |  12.6 |  20.55 |  0.954 | 19.47 | 84.27 |  213.9 |  113.0 |  191.2
  Exp_Forward            |  14.2 |  20.67 |  0.945 | 18.74 | 81.72 |  235.1 |  133.8 |  204.4
  Exp_Reverse_Gate       |  16.1 |  21.42 |  0.921 | 16.99 | 74.86 |  302.3 |  199.9 |  242.5
  Exp_Boost              |  12.7 |  20.33 |  0.962 | 20.33 | 85.77 |  198.9 |   92.7 |  184.9
  TwoPhase               |  12.9 |  20.75 |  0.955 | 19.78 | 84.61 |  210.0 |  105.2 |  191.3
  Entropy                |  12.8 |  20.79 |  0.958 | 19.93 | 85.01 |  205.5 |  101.6 |  187.2
  Locality               |  12.7 |  20.58 |  0.954 | 19.91 | 84.68 |  210.9 |  102.2 |  189.5
  Dual                   |   3.3 |  21.59 |  0.985 | 28.37 | 96.58 |   65.5 |   14.6 |  103.5
  Quantile               |  11.7 |  20.76 |  0.970 | 22.84 | 89.80 |  183.0 |   52.0 |  179.1
  Budget_Matched         |  13.0 |  20.71 |  0.951 | 19.63 | 83.94 |  216.7 |  108.8 |  193.6
  → image traitée en 176s (16s/stratégie)

[GPU 6] [25/100]  721000000004  (1_animal)
  Strategy               |     λ | CLIP-W | CLIP-I |  PSNR |  SSIM |  LPIPS |    MSE |     SD
  -----------------------+--------+--------+--------+--------+--------+--------+--------+--------+-
  Baseline               |  13.5 |  27.53 |  0.780 | 20.26 | 81.11 |  281.7 |   94.2 |  282.3
  Exp_Forward_Gate       |  12.5 |  29.90 |  0.802 | 21.28 | 83.37 |  255.3 |   74.5 |  256.4
  Exp_Forward            |  14.1 |  28.04 |  0.794 | 20.79 | 81.09 |  288.1 |   83.4 |  282.4
  Exp_Reverse_Gate       |  16.3 |  29.57 |  0.794 | 19.45 | 77.67 |  324.7 |  113.4 |  316.7
  Exp_Boost              |  12.4 |  29.72 |  0.812 | 21.59 | 84.43 |  250.0 |   69.4 |  252.0
  TwoPhase               |  12.6 |  29.43 |  0.813 | 21.16 | 84.61 |  231.9 |   76.5 |  246.8
  Entropy                |  12.6 |  29.53 |  0.786 | 21.36 | 83.39 |  266.6 |   73.2 |  268.3
  Locality               |  12.5 |  30.42 |  0.795 | 21.40 | 83.59 |  255.0 |   72.5 |  260.2
  Dual                   |   3.2 |  27.19 |  0.985 | 31.17 | 95.99 |   72.0 |    7.6 |  125.8
  Quantile               |  12.1 |  30.21 |  0.840 | 22.33 | 85.87 |  238.8 |   58.5 |  245.8
  Budget_Matched         |  12.8 |  29.36 |  0.785 | 20.97 | 82.51 |  266.1 |   79.9 |  266.1
  → image traitée en 175s (16s/stratégie)

[GPU 6] [26/100]  722000000000  (2_human)
  Strategy               |     λ | CLIP-W | CLIP-I |  PSNR |  SSIM |  LPIPS |    MSE |     SD
  -----------------------+--------+--------+--------+--------+--------+--------+--------+--------+-
  Baseline               |  13.5 |  24.32 |  0.897 | 27.13 | 91.45 |  159.8 |   19.4 |  305.5
  Exp_Forward_Gate       |  13.1 |  22.81 |  0.911 | 27.74 | 92.61 |  153.2 |   16.8 |  318.0
  Exp_Forward            |  14.0 |  23.87 |  0.921 | 27.12 | 91.62 |  155.5 |   19.4 |  320.3
  Exp_Reverse_Gate       |  14.6 |  24.30 |  0.853 | 26.38 | 91.20 |  162.5 |   23.0 |  303.7
  Exp_Boost              |  13.2 |  22.04 |  0.937 | 28.19 | 93.02 |  148.1 |   15.2 |  325.4
  TwoPhase               |  13.2 |  23.47 |  0.924 | 27.77 | 92.67 |  152.8 |   16.7 |  311.8
  Entropy                |  13.1 |  22.71 |  0.914 | 27.73 | 92.70 |  148.9 |   16.9 |  318.4
  Locality               |  13.1 |  22.64 |  0.904 | 27.72 | 92.58 |  149.9 |   16.9 |  313.3
  Dual                   |   3.2 |  18.33 |  0.985 | 37.61 | 99.19 |   35.4 |    1.7 |  220.7
  Quantile               |  11.9 |  19.64 |  0.957 | 29.83 | 94.92 |  146.6 |   10.4 |  369.3
  Budget_Matched         |  13.2 |  24.29 |  0.919 | 27.59 | 92.41 |  152.1 |   17.4 |  313.8
  → image traitée en 175s (16s/stratégie)

[GPU 6] [27/100]  722000000001  (2_human)
  Strategy               |     λ | CLIP-W | CLIP-I |  PSNR |  SSIM |  LPIPS |    MSE |     SD
  -----------------------+--------+--------+--------+--------+--------+--------+--------+--------+-
  Baseline               |  13.5 |  20.60 |  0.816 | 21.90 | 86.19 |  205.5 |   64.5 |  300.5
  Exp_Forward_Gate       |  12.8 |  20.88 |  0.845 | 23.51 | 89.12 |  182.5 |   44.6 |  262.1
  Exp_Forward            |  14.1 |  20.20 |  0.820 | 21.60 | 85.62 |  217.9 |   69.2 |  289.5
  Exp_Reverse_Gate       |  16.0 |  19.93 |  0.824 | 20.27 | 82.14 |  251.2 |   93.9 |  294.0
  Exp_Boost              |  12.7 |  20.39 |  0.808 | 22.94 | 88.15 |  189.7 |   50.9 |  260.9
  TwoPhase               |  12.9 |  20.67 |  0.791 | 22.66 | 87.11 |  206.1 |   54.2 |  287.0
  Entropy                |  12.7 |  19.82 |  0.827 | 23.90 | 89.32 |  173.4 |   40.8 |  264.8
  Locality               |  12.7 |  20.47 |  0.797 | 22.52 | 87.54 |  185.3 |   56.0 |  271.1
  Dual                   |   3.1 |  14.67 |  0.997 | 35.88 | 98.83 |   34.2 |    2.6 |  115.2
  Quantile               |  13.8 |  20.70 |  0.855 | 23.98 | 91.00 |  169.8 |   40.0 |  285.8
  Budget_Matched         |  12.8 |  20.63 |  0.775 | 21.49 | 85.43 |  216.5 |   70.9 |  291.1
  → image traitée en 176s (16s/stratégie)

[GPU 6] [28/100]  722000000002  (2_human)
  Strategy               |     λ | CLIP-W | CLIP-I |  PSNR |  SSIM |  LPIPS |    MSE |     SD
  -----------------------+--------+--------+--------+--------+--------+--------+--------+--------+-
  Baseline               |  13.5 |  18.49 |  0.863 | 19.04 | 73.67 |  244.1 |  124.6 |  314.9
  Exp_Forward_Gate       |  12.5 |  18.29 |  0.899 | 21.59 | 81.89 |  185.4 |   69.3 |  267.0
  Exp_Forward            |  14.1 |  17.77 |  0.879 | 19.99 | 77.62 |  216.3 |  100.3 |  304.5
  Exp_Reverse_Gate       |  16.9 |  19.18 |  0.864 | 17.76 | 67.40 |  276.0 |  167.6 |  347.6
  Exp_Boost              |  12.4 |  18.03 |  0.908 | 21.58 | 82.58 |  182.2 |   69.5 |  266.3
  TwoPhase               |  12.7 |  18.28 |  0.890 | 21.04 | 80.53 |  191.9 |   78.6 |  280.1
  Entropy                |  12.3 |  17.87 |  0.896 | 21.01 | 79.16 |  209.8 |   79.3 |  285.0
  Locality               |  12.4 |  17.17 |  0.887 | 20.78 | 80.73 |  180.7 |   83.5 |  280.6
  Dual                   |   3.4 |  21.66 |  0.930 | 26.93 | 91.91 |   88.7 |   20.3 |  190.0
  Quantile               |  12.5 |  18.47 |  0.902 | 21.53 | 81.88 |  224.3 |   70.3 |  284.4
  Budget_Matched         |  12.8 |  18.68 |  0.898 | 20.81 | 80.50 |  183.6 |   82.9 |  279.1
  → image traitée en 176s (16s/stratégie)

[GPU 6] [29/100]  722000000003  (2_human)
  Strategy               |     λ | CLIP-W | CLIP-I |  PSNR |  SSIM |  LPIPS |    MSE |     SD
  -----------------------+--------+--------+--------+--------+--------+--------+--------+--------+-
  Baseline               |  13.5 |  30.83 |  0.821 | 22.65 | 87.17 |  215.2 |   54.3 |  463.0
  Exp_Forward_Gate       |  12.9 |  27.60 |  0.771 | 23.34 | 88.62 |  212.7 |   46.3 |  474.8
  Exp_Forward            |  14.2 |  27.20 |  0.755 | 22.37 | 86.02 |  242.2 |   58.0 |  501.0
  Exp_Reverse_Gate       |  15.5 |  31.74 |  0.793 | 21.48 | 84.79 |  233.7 |   71.1 |  464.6
  Exp_Boost              |  13.1 |  24.72 |  0.758 | 24.53 | 90.57 |  204.1 |   35.2 |  473.9
  TwoPhase               |  13.0 |  27.68 |  0.745 | 23.15 | 88.34 |  214.3 |   48.5 |  480.2
  Entropy                |  12.9 |  27.98 |  0.753 | 23.69 | 89.15 |  196.3 |   42.7 |  473.1
  Locality               |  12.9 |  28.71 |  0.793 | 23.50 | 89.13 |  197.7 |   44.7 |  465.7
  Dual                   |   3.4 |  22.30 |  0.907 | 35.73 | 98.63 |   54.7 |    2.7 |  327.4
  Quantile               |  12.3 |  19.81 |  0.724 | 24.29 | 89.64 |  245.3 |   37.2 |  498.3
  Budget_Matched         |  13.0 |  29.04 |  0.766 | 23.21 | 88.40 |  200.4 |   47.7 |  467.1
  → image traitée en 175s (16s/stratégie)

[GPU 6] [30/100]  722000000004  (2_human)
  Strategy               |     λ | CLIP-W | CLIP-I |  PSNR |  SSIM |  LPIPS |    MSE |     SD
  -----------------------+--------+--------+--------+--------+--------+--------+--------+--------+-
  Baseline               |  13.5 |  26.19 |  0.903 | 26.55 | 94.96 |  100.9 |   22.1 |  331.9
  Exp_Forward_Gate       |  13.0 |  27.25 |  0.916 | 26.89 | 95.30 |  102.5 |   20.5 |  336.3
  Exp_Forward            |  14.0 |  26.40 |  0.912 | 26.99 | 95.05 |  107.2 |   20.0 |  335.7
  Exp_Reverse_Gate       |  14.5 |  26.88 |  0.890 | 26.05 | 94.46 |  107.0 |   24.8 |  316.2
  Exp_Boost              |  13.1 |  26.58 |  0.928 | 27.77 | 95.62 |  105.9 |   16.7 |  343.1
  TwoPhase               |  13.2 |  26.79 |  0.911 | 27.46 | 95.59 |  102.1 |   18.0 |  333.4
  Entropy                |  13.1 |  26.39 |  0.916 | 27.52 | 95.77 |   98.0 |   17.7 |  338.5
  Locality               |  13.2 |  27.00 |  0.904 | 26.92 | 95.11 |  105.3 |   20.3 |  357.1
  Dual                   |   3.2 |  27.03 |  0.993 | 36.41 | 99.00 |   53.4 |    2.3 |  278.3
  Quantile               |  11.9 |  25.36 |  0.904 | 27.03 | 95.18 |  159.7 |   19.8 |  428.4
  Budget_Matched         |  13.2 |  26.05 |  0.919 | 26.95 | 95.27 |   96.0 |   20.2 |  323.4
  → image traitée en 175s (16s/stratégie)

[GPU 6] [31/100]  723000000000  (3_indoor)
  Strategy               |     λ | CLIP-W | CLIP-I |  PSNR |  SSIM |  LPIPS |    MSE |     SD
  -----------------------+--------+--------+--------+--------+--------+--------+--------+--------+-
  Baseline               |  13.5 |  24.02 |  0.902 | 24.73 | 88.81 |  180.2 |   33.7 |  296.1
  Exp_Forward_Gate       |  12.5 |  23.54 |  0.935 | 25.96 | 90.94 |  162.7 |   25.3 |  298.8
  Exp_Forward            |  13.9 |  23.35 |  0.937 | 25.38 | 89.74 |  177.8 |   29.0 |  306.2
  Exp_Reverse_Gate       |  15.6 |  24.54 |  0.908 | 23.39 | 85.79 |  207.5 |   45.9 |  315.8
  Exp_Boost              |  12.4 |  22.76 |  0.937 | 26.38 | 92.05 |  158.6 |   23.0 |  297.8
  TwoPhase               |  12.7 |  23.72 |  0.927 | 25.66 | 90.43 |  168.3 |   27.2 |  292.4
  Entropy                |  12.6 |  22.44 |  0.927 | 25.93 | 90.83 |  160.4 |   25.6 |  291.9
  Locality               |  12.6 |  23.95 |  0.937 | 25.82 | 90.88 |  169.0 |   26.2 |  292.9
  Dual                   |   3.1 |  22.60 |  0.975 | 37.44 | 99.01 |   39.4 |    1.8 |  186.6
  Quantile               |  12.3 |  23.08 |  0.946 | 27.67 | 93.96 |  152.6 |   17.1 |  319.6
  Budget_Matched         |  12.9 |  24.81 |  0.917 | 25.59 | 90.34 |  164.9 |   27.6 |  283.4
  → image traitée en 175s (16s/stratégie)

[GPU 6] [32/100]  723000000001  (3_indoor)
  Strategy               |     λ | CLIP-W | CLIP-I |  PSNR |  SSIM |  LPIPS |    MSE |     SD
  -----------------------+--------+--------+--------+--------+--------+--------+--------+--------+-
  Baseline               |  13.5 |  25.90 |  0.959 | 20.59 | 84.15 |  224.2 |   87.4 |  226.1
  Exp_Forward_Gate       |  12.5 |  25.52 |  0.936 | 21.08 | 85.44 |  237.6 |   78.0 |  224.9
  Exp_Forward            |  14.2 |  26.95 |  0.918 | 20.47 | 82.70 |  258.4 |   89.7 |  247.0
  Exp_Reverse_Gate       |  16.5 |  26.39 |  0.938 | 18.60 | 78.13 |  293.1 |  138.1 |  272.5
  Exp_Boost              |  12.6 |  26.52 |  0.939 | 22.01 | 86.71 |  227.5 |   63.0 |  218.6
  TwoPhase               |  12.8 |  26.16 |  0.967 | 21.59 | 85.64 |  228.4 |   69.4 |  222.7
  Entropy                |  12.5 |  26.91 |  0.952 | 21.75 | 86.52 |  209.1 |   66.9 |  211.6
  Locality               |  12.4 |  25.39 |  0.958 | 21.60 | 86.81 |  208.8 |   69.2 |  215.0
  Dual                   |   3.3 |  24.40 |  0.957 | 28.21 | 96.02 |   71.6 |   15.1 |  116.0
  Quantile               |  11.5 |  24.61 |  0.968 | 21.54 | 86.50 |  228.8 |   70.2 |  226.3
  Budget_Matched         |  12.8 |  25.03 |  0.941 | 21.15 | 85.75 |  214.0 |   76.8 |  216.6
  → image traitée en 176s (16s/stratégie)

[GPU 6] [33/100]  723000000002  (3_indoor)
  Strategy               |     λ | CLIP-W | CLIP-I |  PSNR |  SSIM |  LPIPS |    MSE |     SD
  -----------------------+--------+--------+--------+--------+--------+--------+--------+--------+-
  Baseline               |  13.5 |  31.33 |  0.948 | 19.84 | 81.35 |  270.0 |  103.7 |  278.2
  Exp_Forward_Gate       |  12.3 |  31.27 |  0.965 | 21.55 | 84.11 |  257.4 |   70.0 |  264.3
  Exp_Forward            |  14.0 |  31.20 |  0.964 | 20.74 | 82.93 |  267.8 |   84.3 |  265.1
  Exp_Reverse_Gate       |  16.8 |  31.56 |  0.952 | 18.21 | 77.24 |  308.1 |  151.1 |  306.0
  Exp_Boost              |  12.1 |  32.10 |  0.960 | 22.15 | 86.75 |  227.3 |   60.9 |  245.6
  TwoPhase               |  12.5 |  31.46 |  0.947 | 21.91 | 85.89 |  224.6 |   64.4 |  253.0
  Entropy                |  12.4 |  33.18 |  0.955 | 22.16 | 86.37 |  210.8 |   60.8 |  243.1
  Locality               |  12.3 |  33.31 |  0.945 | 21.91 | 87.33 |  207.8 |   64.5 |  234.8
  Dual                   |   3.3 |  32.08 |  0.977 | 30.93 | 96.07 |   84.5 |    8.1 |  143.3
  Quantile               |  11.8 |  32.21 |  0.961 | 23.89 | 88.39 |  226.7 |   40.8 |  243.8
  Budget_Matched         |  12.7 |  32.79 |  0.964 | 21.11 | 83.78 |  253.8 |   77.4 |  265.6
  → image traitée en 176s (16s/stratégie)

[GPU 6] [34/100]  723000000003  (3_indoor)
  Strategy               |     λ | CLIP-W | CLIP-I |  PSNR |  SSIM |  LPIPS |    MSE |     SD
  -----------------------+--------+--------+--------+--------+--------+--------+--------+--------+-
  Baseline               |  13.5 |  27.26 |  0.957 | 22.49 | 87.03 |  209.1 |   56.4 |  230.3
  Exp_Forward_Gate       |  12.5 |  24.95 |  0.939 | 22.62 | 87.82 |  202.1 |   54.7 |  216.2
  Exp_Forward            |  13.9 |  26.34 |  0.943 | 21.13 | 85.09 |  227.1 |   77.1 |  238.9
  Exp_Reverse_Gate       |  16.0 |  27.32 |  0.936 | 19.43 | 79.49 |  283.5 |  114.1 |  273.4
  Exp_Boost              |  12.3 |  27.45 |  0.964 | 23.30 | 89.98 |  177.7 |   46.8 |  204.1
  TwoPhase               |  12.7 |  26.16 |  0.967 | 22.75 | 88.77 |  188.9 |   53.0 |  209.0
Traceback (most recent call last):
  File "/shared/ssd_14T/home/ahmadou/FlowEdit/benchmark_parallel.py", line 535, in <module>
    main()
  File "/shared/ssd_14T/home/ahmadou/FlowEdit/benchmark_parallel.py", line 482, in main
    gen_img, lam_mean = pipe.edit(
  File "/shared/ssd_14T/home/ahmadou/miniconda3/envs/pytorch_env/lib/python3.10/site-packages/torch/utils/_contextlib.py", line 116, in decorate_context
    return func(*args, **kwargs)
  File "/shared/ssd_14T/home/ahmadou/FlowEdit/benchmark_parallel.py", line 406, in edit
    lam = get_lambda(
  File "/shared/ssd_14T/home/ahmadou/FlowEdit/benchmark_parallel.py", line 226, in get_lambda
    u_k   = 1.0 / (1.0 + math.exp(-((ent - med_e) / mad_e)))
OverflowError: math range error
