[GPU 3] Chunk 2/7 — 100 images (200→299)
[GPU 3] Chargement SD3-medium (visible=3) …
Loading pipeline components...:   0%|          | 0/9 [00:00<?, ?it/s]Loading pipeline components...:  11%|█         | 1/9 [00:00<00:01,  4.27it/s]You set `add_prefix_space`. The tokenizer needs to be converted from the slow tokenizers
Loading pipeline components...:  22%|██▏       | 2/9 [00:00<00:01,  5.23it/s]`torch_dtype` is deprecated! Use `dtype` instead!
Loading pipeline components...:  56%|█████▌    | 5/9 [00:00<00:00,  8.85it/s]
Loading checkpoint shards:   0%|          | 0/2 [00:00<?, ?it/s][A
Loading checkpoint shards: 100%|██████████| 2/2 [00:00<00:00, 12.66it/s][ALoading checkpoint shards: 100%|██████████| 2/2 [00:00<00:00, 12.63it/s]
Loading pipeline components...:  78%|███████▊  | 7/9 [00:00<00:00,  9.18it/s]Loading pipeline components...:  89%|████████▉ | 8/9 [00:00<00:00,  8.78it/s]Loading pipeline components...: 100%|██████████| 9/9 [00:01<00:00,  8.87it/s]
/shared/ssd_14T/home/ahmadou/miniconda3/envs/pytorch_env/lib/python3.10/site-packages/torchvision/models/_utils.py:208: UserWarning: The parameter 'pretrained' is deprecated since 0.13 and may be removed in the future, please use 'weights' instead.
  warnings.warn(
/shared/ssd_14T/home/ahmadou/miniconda3/envs/pytorch_env/lib/python3.10/site-packages/torchvision/models/_utils.py:223: UserWarning: Arguments other than a weight enum or `None` for 'weights' are deprecated since 0.13 and may be removed in the future. The current behavior is equivalent to passing `weights=VGG16_Weights.IMAGENET1K_V1`. You can also use `weights=VGG16_Weights.DEFAULT` to get the most up-to-date weights.
  warnings.warn(msg)
Setting up [LPIPS] perceptual loss: trunk [vgg], v[0.1], spatial [off]
Loading model from: /shared/ssd_14T/home/ahmadou/miniconda3/envs/pytorch_env/lib/python3.10/site-packages/lpips/weights/v0.1/vgg.pth

[GPU 3] [1/100]  123000000000  (3_indoor)
  Strategy               |     λ | CLIP-W | CLIP-I |  PSNR |  SSIM |  LPIPS |    MSE |     SD
  -----------------------+--------+--------+--------+--------+--------+--------+--------+--------+-
  Baseline               |  13.5 |  24.66 |  0.875 | 23.01 | 86.84 |  191.1 |   50.0 |  245.5
  Exp_Forward_Gate       |  12.7 |  23.12 |  0.861 | 23.79 | 88.85 |  175.2 |   41.8 |  232.2
  Exp_Forward            |  14.0 |  23.72 |  0.857 | 22.82 | 86.58 |  195.2 |   52.2 |  244.9
  Exp_Reverse_Gate       |  15.7 |  25.81 |  0.822 | 20.72 | 81.54 |  239.8 |   84.7 |  276.4
  Exp_Boost              |  12.6 |  25.30 |  0.886 | 24.29 | 89.22 |  172.4 |   37.3 |  235.4
  TwoPhase               |  12.9 |  24.69 |  0.883 | 24.17 | 88.86 |  172.8 |   38.3 |  232.9
  Entropy                |  12.6 |  25.80 |  0.896 | 23.29 | 88.53 |  176.6 |   46.9 |  234.2
  Locality               |  12.7 |  25.57 |  0.874 | 24.21 | 89.51 |  163.5 |   37.9 |  225.7
  Dual                   |   3.2 |  20.64 |  0.974 | 32.91 | 97.78 |   53.8 |    5.1 |  131.2
  Quantile               |  13.6 |  23.93 |  0.864 | 22.55 | 86.08 |  220.3 |   55.5 |  265.8
  Budget_Matched         |  13.0 |  23.92 |  0.851 | 23.81 | 89.48 |  163.1 |   41.6 |  221.5
  → 158s (14s/stratégie)

[GPU 3] [2/100]  123000000001  (3_indoor)
  Strategy               |     λ | CLIP-W | CLIP-I |  PSNR |  SSIM |  LPIPS |    MSE |     SD
  -----------------------+--------+--------+--------+--------+--------+--------+--------+--------+-
  Baseline               |  13.5 |  28.84 |  0.894 | 27.02 | 92.54 |  201.7 |   19.9 |  223.9
  Exp_Forward_Gate       |  12.8 |  29.60 |  0.891 | 27.37 | 92.37 |  187.1 |   18.3 |  234.0
  Exp_Forward            |  13.7 |  29.04 |  0.845 | 27.55 | 92.89 |  193.0 |   17.6 |  229.3
  Exp_Reverse_Gate       |  15.1 |  29.01 |  0.862 | 25.63 | 90.16 |  213.2 |   27.3 |  244.0
  Exp_Boost              |  12.5 |  29.21 |  0.918 | 28.21 | 93.51 |  183.7 |   15.1 |  227.1
  TwoPhase               |  12.9 |  29.06 |  0.863 | 27.38 | 92.07 |  199.7 |   18.3 |  235.0
  Entropy                |  12.8 |  27.19 |  0.888 | 27.65 | 93.69 |  171.8 |   17.2 |  213.0
  Locality               |  12.7 |  27.22 |  0.898 | 27.85 | 94.07 |  181.0 |   16.4 |  216.3
  Dual                   |   3.2 |  21.99 |  0.983 | 32.49 | 97.67 |  100.9 |    5.6 |  159.5
  Quantile               |  12.8 |  23.03 |  0.854 | 26.50 | 93.58 |  244.1 |   22.4 |  247.4
  Budget_Matched         |  13.0 |  28.29 |  0.828 | 27.58 | 93.12 |  199.0 |   17.5 |  226.2
  → 169s (15s/stratégie)

[GPU 3] [3/100]  123000000002  (3_indoor)
  Strategy               |     λ | CLIP-W | CLIP-I |  PSNR |  SSIM |  LPIPS |    MSE |     SD
  -----------------------+--------+--------+--------+--------+--------+--------+--------+--------+-
  Baseline               |  13.5 |  23.15 |  0.704 | 24.71 | 90.34 |  178.1 |   33.8 |  349.3
  Exp_Forward_Gate       |  12.7 |  22.64 |  0.724 | 25.76 | 91.43 |  167.4 |   26.5 |  348.8
  Exp_Forward            |  14.0 |  23.04 |  0.733 | 25.66 | 91.07 |  171.9 |   27.2 |  366.2
  Exp_Reverse_Gate       |  15.3 |  22.00 |  0.696 | 24.77 | 90.04 |  176.3 |   33.3 |  334.9
  Exp_Boost              |  12.7 |  23.08 |  0.729 | 25.83 | 91.62 |  173.7 |   26.1 |  348.5
  TwoPhase               |  12.8 |  20.66 |  0.750 | 25.68 | 91.33 |  169.4 |   27.1 |  353.2
  Entropy                |  12.7 |  21.61 |  0.745 | 25.85 | 91.63 |  164.3 |   26.0 |  342.7
  Locality               |  12.6 |  22.75 |  0.745 | 25.53 | 91.05 |  170.5 |   28.0 |  349.9
  Dual                   |   3.2 |  12.47 |  0.977 | 37.67 | 99.21 |   39.7 |    1.7 |  236.0
  Quantile               |  12.2 |  20.58 |  0.749 | 25.29 | 92.00 |  196.7 |   29.6 |  394.4
  Budget_Matched         |  13.0 |  21.48 |  0.726 | 25.49 | 90.94 |  172.0 |   28.3 |  345.7
  → 171s (16s/stratégie)

[GPU 3] [4/100]  123000000003  (3_indoor)
  Strategy               |     λ | CLIP-W | CLIP-I |  PSNR |  SSIM |  LPIPS |    MSE |     SD
  -----------------------+--------+--------+--------+--------+--------+--------+--------+--------+-
  Baseline               |  13.5 |  23.90 |  0.942 | 23.05 | 83.00 |  260.9 |   49.6 |  303.4
  Exp_Forward_Gate       |  12.4 |  22.70 |  0.954 | 23.06 | 84.28 |  242.4 |   49.4 |  295.7
  Exp_Forward            |  13.9 |  23.98 |  0.962 | 22.91 | 84.14 |  259.3 |   51.2 |  293.9
  Exp_Reverse_Gate       |  16.4 |  23.10 |  0.927 | 20.33 | 77.39 |  306.6 |   92.6 |  335.7
  Exp_Boost              |  12.3 |  22.96 |  0.955 | 23.64 | 85.66 |  244.1 |   43.3 |  288.7
  TwoPhase               |  12.7 |  22.57 |  0.965 | 24.09 | 86.13 |  231.0 |   39.0 |  281.6
  Entropy                |  12.3 |  24.52 |  0.949 | 22.15 | 82.35 |  254.2 |   61.0 |  311.8
  Locality               |  12.4 |  23.38 |  0.958 | 23.49 | 85.74 |  236.9 |   44.8 |  287.3
  Dual                   |   3.3 |  22.31 |  0.985 | 30.53 | 95.79 |   87.4 |    8.8 |  182.3
  Quantile               |  11.8 |  21.66 |  0.983 | 24.90 | 88.31 |  223.8 |   32.4 |  292.5
  Budget_Matched         |  12.8 |  23.46 |  0.950 | 23.05 | 83.41 |  258.4 |   49.5 |  300.1
  → 171s (16s/stratégie)

[GPU 3] [5/100]  123000000004  (3_indoor)
  Strategy               |     λ | CLIP-W | CLIP-I |  PSNR |  SSIM |  LPIPS |    MSE |     SD
  -----------------------+--------+--------+--------+--------+--------+--------+--------+--------+-
  Baseline               |  13.5 |  24.19 |  0.960 | 22.19 | 88.17 |  167.5 |   60.4 |  205.3
