[GPU 4] Chunk 3/7 — 100 images (300→399)
[GPU 4] Chargement SD3-medium (visible=4) …
Loading pipeline components...:   0%|          | 0/9 [00:00<?, ?it/s]Loading pipeline components...:  11%|█         | 1/9 [00:00<00:01,  5.24it/s]`torch_dtype` is deprecated! Use `dtype` instead!
Loading pipeline components...:  22%|██▏       | 2/9 [00:00<00:01,  6.39it/s]
Loading checkpoint shards:   0%|          | 0/2 [00:00<?, ?it/s][A
Loading checkpoint shards:  50%|█████     | 1/2 [00:00<00:00,  5.09it/s][ALoading checkpoint shards: 100%|██████████| 2/2 [00:00<00:00,  7.13it/s]
Loading pipeline components...:  33%|███▎      | 3/9 [00:00<00:01,  4.42it/s]Loading pipeline components...:  44%|████▍     | 4/9 [00:00<00:01,  4.65it/s]You set `add_prefix_space`. The tokenizer needs to be converted from the slow tokenizers
Loading pipeline components...:  56%|█████▌    | 5/9 [00:00<00:00,  5.08it/s]Loading pipeline components...: 100%|██████████| 9/9 [00:01<00:00, 12.20it/s]Loading pipeline components...: 100%|██████████| 9/9 [00:01<00:00,  8.18it/s]
/shared/ssd_14T/home/ahmadou/miniconda3/envs/pytorch_env/lib/python3.10/site-packages/torchvision/models/_utils.py:208: UserWarning: The parameter 'pretrained' is deprecated since 0.13 and may be removed in the future, please use 'weights' instead.
  warnings.warn(
/shared/ssd_14T/home/ahmadou/miniconda3/envs/pytorch_env/lib/python3.10/site-packages/torchvision/models/_utils.py:223: UserWarning: Arguments other than a weight enum or `None` for 'weights' are deprecated since 0.13 and may be removed in the future. The current behavior is equivalent to passing `weights=VGG16_Weights.IMAGENET1K_V1`. You can also use `weights=VGG16_Weights.DEFAULT` to get the most up-to-date weights.
  warnings.warn(msg)
Setting up [LPIPS] perceptual loss: trunk [vgg], v[0.1], spatial [off]
Loading model from: /shared/ssd_14T/home/ahmadou/miniconda3/envs/pytorch_env/lib/python3.10/site-packages/lpips/weights/v0.1/vgg.pth

[GPU 4] [1/100]  311000000000  (1_animal)
  Strategy               |     λ | CLIP-W | CLIP-I |  PSNR |  SSIM |  LPIPS |    MSE |     SD
  -----------------------+--------+--------+--------+--------+--------+--------+--------+--------+-
  Baseline               |  13.5 |  20.66 |  0.893 | 21.20 | 86.49 |  189.8 |   75.9 |  374.9
  Exp_Forward_Gate       |  12.3 |  20.48 |  0.890 | 22.08 | 87.64 |  190.8 |   61.9 |  465.9
  Exp_Forward            |  14.3 |  21.09 |  0.879 | 21.42 | 86.43 |  196.1 |   72.2 |  423.0
  Exp_Reverse_Gate       |  17.4 |  21.71 |  0.873 | 19.31 | 82.57 |  214.9 |  117.2 |  438.1
  Exp_Boost              |  12.5 |  20.80 |  0.877 | 22.66 | 88.17 |  193.8 |   54.2 |  519.4
  TwoPhase               |  12.7 |  20.42 |  0.881 | 22.42 | 87.39 |  198.2 |   57.2 |  478.2
  Entropy                |  12.4 |  20.88 |  0.890 | 21.96 | 87.46 |  189.3 |   63.7 |  422.7
  Locality               |  12.4 |  20.33 |  0.890 | 22.08 | 87.78 |  185.4 |   61.9 |  490.4
  Dual                   |   3.5 |  20.68 |  0.975 | 34.64 | 98.52 |   26.7 |    3.4 |  289.6
  Quantile               |  11.6 |  19.57 |  0.888 | 24.04 | 91.05 |  164.3 |   39.4 |  580.7
  Budget_Matched         |  12.7 |  21.03 |  0.887 | 21.44 | 86.20 |  198.6 |   71.8 |  459.1
  → 158s (14s/stratégie)

[GPU 4] [2/100]  311000000001  (1_animal)
  Strategy               |     λ | CLIP-W | CLIP-I |  PSNR |  SSIM |  LPIPS |    MSE |     SD
  -----------------------+--------+--------+--------+--------+--------+--------+--------+--------+-
  Baseline               |  13.5 |  25.27 |  0.862 | 21.84 | 92.03 |  126.1 |   65.5 |  231.5
  Exp_Forward_Gate       |  12.4 |  23.98 |  0.894 | 23.61 | 93.88 |  105.9 |   43.5 |  203.9
  Exp_Forward            |  13.7 |  25.87 |  0.777 | 22.31 | 91.99 |  137.7 |   58.7 |  230.9
  Exp_Reverse_Gate       |  15.8 |  26.85 |  0.790 | 20.65 | 89.66 |  152.7 |   86.1 |  260.2
  Exp_Boost              |  12.0 |  26.82 |  0.828 | 23.01 | 93.05 |  122.1 |   50.0 |  220.1
  TwoPhase               |  12.6 |  25.53 |  0.856 | 23.43 | 93.97 |  100.6 |   45.3 |  195.5
  Entropy                |  12.4 |  28.24 |  0.851 | 23.74 | 93.96 |   97.8 |   42.2 |  194.0
  Locality               |  12.5 |  23.28 |  0.944 | 24.24 | 94.48 |   93.7 |   37.7 |  196.9
  Dual                   |   3.2 |  21.86 |  0.962 | 30.97 | 98.30 |   40.9 |    8.0 |  143.6
  Quantile               |  13.0 |  25.37 |  0.827 | 21.50 | 92.20 |  152.6 |   70.7 |  246.3
  Budget_Matched         |  12.8 |  23.03 |  0.907 | 23.32 | 93.71 |  101.5 |   46.6 |  195.2
  → 169s (15s/stratégie)

[GPU 4] [3/100]  311000000002  (1_animal)
  Strategy               |     λ | CLIP-W | CLIP-I |  PSNR |  SSIM |  LPIPS |    MSE |     SD
  -----------------------+--------+--------+--------+--------+--------+--------+--------+--------+-
  Baseline               |  13.5 |  34.12 |  0.935 | 19.92 | 82.84 |  207.9 |  101.8 |  254.3
  Exp_Forward_Gate       |  12.4 |  32.98 |  0.970 | 20.86 | 85.67 |  184.4 |   82.0 |  240.0
  Exp_Forward            |  14.0 |  33.91 |  0.915 | 20.19 | 83.25 |  207.1 |   95.7 |  258.2
  Exp_Reverse_Gate       |  16.9 |  33.14 |  0.845 | 17.91 | 74.51 |  280.5 |  161.8 |  310.0
  Exp_Boost              |  12.3 |  31.56 |  0.981 | 21.66 | 86.76 |  180.2 |   68.3 |  239.5
  TwoPhase               |  12.6 |  32.89 |  0.958 | 20.91 | 85.28 |  189.4 |   81.1 |  246.4
  Entropy                |  12.5 |  34.14 |  0.956 | 21.26 | 86.35 |  176.1 |   74.9 |  236.4
  Locality               |  12.4 |  33.04 |  0.966 | 21.07 | 86.00 |  185.6 |   78.2 |  238.0
  Dual                   |   3.5 |  31.49 |  0.969 | 25.18 | 93.62 |   91.1 |   30.3 |  163.1
  Quantile               |  11.8 |  31.83 |  0.978 | 21.71 | 86.82 |  201.4 |   67.4 |  245.0
  Budget_Matched         |  12.7 |  33.71 |  0.900 | 20.18 | 83.71 |  200.6 |   95.9 |  250.3
  → 170s (15s/stratégie)

[GPU 4] [4/100]  311000000003  (1_animal)
  Strategy               |     λ | CLIP-W | CLIP-I |  PSNR |  SSIM |  LPIPS |    MSE |     SD
  -----------------------+--------+--------+--------+--------+--------+--------+--------+--------+-
  Baseline               |  13.5 |  28.22 |  0.952 | 21.41 | 86.07 |  219.1 |   72.3 |  343.1
  Exp_Forward_Gate       |  12.8 |  27.80 |  0.960 | 22.71 | 87.45 |  209.1 |   53.5 |  360.9
  Exp_Forward            |  14.2 |  27.82 |  0.954 | 22.20 | 86.44 |  220.9 |   60.3 |  354.9
Traceback (most recent call last):
  File "/shared/ssd_14T/home/ahmadou/FlowEdit/benchmark_parallel.py", line 462, in <module>
    main()
  File "/shared/ssd_14T/home/ahmadou/FlowEdit/benchmark_parallel.py", line 423, in main
    gen_img, lam_mean = pipe.edit(x0_src, src_emb, tgt_emb, strat, mask_area)
  File "/shared/ssd_14T/home/ahmadou/miniconda3/envs/pytorch_env/lib/python3.10/site-packages/torch/utils/_contextlib.py", line 116, in decorate_context
    return func(*args, **kwargs)
  File "/shared/ssd_14T/home/ahmadou/FlowEdit/benchmark_parallel.py", line 378, in edit
    raw    = self.pipe.vae.decode(zt_dec.to("cuda:0", dtype=torch.float32), return_dict=False)[0]
  File "/shared/ssd_14T/home/ahmadou/miniconda3/envs/pytorch_env/lib/python3.10/site-packages/diffusers/utils/accelerate_utils.py", line 46, in wrapper
    return method(self, *args, **kwargs)
  File "/shared/ssd_14T/home/ahmadou/miniconda3/envs/pytorch_env/lib/python3.10/site-packages/diffusers/models/autoencoders/autoencoder_kl.py", line 323, in decode
    decoded = self._decode(z).sample
  File "/shared/ssd_14T/home/ahmadou/miniconda3/envs/pytorch_env/lib/python3.10/site-packages/diffusers/models/autoencoders/autoencoder_kl.py", line 294, in _decode
    dec = self.decoder(z)
  File "/shared/ssd_14T/home/ahmadou/miniconda3/envs/pytorch_env/lib/python3.10/site-packages/torch/nn/modules/module.py", line 1739, in _wrapped_call_impl
    return self._call_impl(*args, **kwargs)
  File "/shared/ssd_14T/home/ahmadou/miniconda3/envs/pytorch_env/lib/python3.10/site-packages/torch/nn/modules/module.py", line 1750, in _call_impl
    return forward_call(*args, **kwargs)
  File "/shared/ssd_14T/home/ahmadou/miniconda3/envs/pytorch_env/lib/python3.10/site-packages/diffusers/models/autoencoders/vae.py", line 305, in forward
    sample = up_block(sample, latent_embeds)
  File "/shared/ssd_14T/home/ahmadou/miniconda3/envs/pytorch_env/lib/python3.10/site-packages/torch/nn/modules/module.py", line 1739, in _wrapped_call_impl
    return self._call_impl(*args, **kwargs)
  File "/shared/ssd_14T/home/ahmadou/miniconda3/envs/pytorch_env/lib/python3.10/site-packages/torch/nn/modules/module.py", line 1750, in _call_impl
    return forward_call(*args, **kwargs)
  File "/shared/ssd_14T/home/ahmadou/miniconda3/envs/pytorch_env/lib/python3.10/site-packages/diffusers/models/unets/unet_2d_blocks.py", line 2643, in forward
    hidden_states = upsampler(hidden_states)
  File "/shared/ssd_14T/home/ahmadou/miniconda3/envs/pytorch_env/lib/python3.10/site-packages/torch/nn/modules/module.py", line 1739, in _wrapped_call_impl
    return self._call_impl(*args, **kwargs)
  File "/shared/ssd_14T/home/ahmadou/miniconda3/envs/pytorch_env/lib/python3.10/site-packages/torch/nn/modules/module.py", line 1750, in _call_impl
    return forward_call(*args, **kwargs)
  File "/shared/ssd_14T/home/ahmadou/miniconda3/envs/pytorch_env/lib/python3.10/site-packages/diffusers/models/upsampling.py", line 177, in forward
    hidden_states = F.interpolate(hidden_states, scale_factor=2.0, mode="nearest")
  File "/shared/ssd_14T/home/ahmadou/miniconda3/envs/pytorch_env/lib/python3.10/site-packages/torch/nn/functional.py", line 4649, in interpolate
    return torch._C._nn.upsample_nearest2d(input, output_size, scale_factors)
torch.OutOfMemoryError: CUDA out of memory. Tried to allocate 1024.00 MiB. GPU 0 has a total capacity of 47.37 GiB of which 784.62 MiB is free. Including non-PyTorch memory, this process has 40.16 GiB memory in use. Process 968455 has 6.41 GiB memory in use. Of the allocated memory 39.41 GiB is allocated by PyTorch, and 254.35 MiB is reserved by PyTorch but unallocated. If reserved but unallocated memory is large try setting PYTORCH_CUDA_ALLOC_CONF=expandable_segments:True to avoid fragmentation.  See documentation for Memory Management  (https://pytorch.org/docs/stable/notes/cuda.html#environment-variables)
