[GPU 1] Chunk 0/5 — 140 images (0→139)
[GPU 1] Chargement SD3-medium (visible=1) …
Loading pipeline components...:   0%|          | 0/9 [00:00<?, ?it/s]Loading pipeline components...:  11%|█         | 1/9 [00:00<00:01,  7.32it/s]`torch_dtype` is deprecated! Use `dtype` instead!
Loading pipeline components...:  22%|██▏       | 2/9 [00:00<00:00,  7.46it/s]
Loading checkpoint shards:   0%|          | 0/2 [00:00<?, ?it/s][A
Loading checkpoint shards:  50%|█████     | 1/2 [00:00<00:00,  4.99it/s][A
Loading checkpoint shards: 100%|██████████| 2/2 [00:00<00:00,  5.11it/s][ALoading checkpoint shards: 100%|██████████| 2/2 [00:00<00:00,  5.08it/s]
Loading pipeline components...:  33%|███▎      | 3/9 [00:00<00:01,  3.78it/s]Loading pipeline components...:  56%|█████▌    | 5/9 [00:00<00:00,  5.27it/s]You set `add_prefix_space`. The tokenizer needs to be converted from the slow tokenizers
Loading pipeline components...:  89%|████████▉ | 8/9 [00:01<00:00,  7.44it/s]Loading pipeline components...: 100%|██████████| 9/9 [00:01<00:00,  7.05it/s]
/shared/ssd_14T/home/ahmadou/miniconda3/envs/pytorch_env/lib/python3.10/site-packages/torchvision/models/_utils.py:208: UserWarning: The parameter 'pretrained' is deprecated since 0.13 and may be removed in the future, please use 'weights' instead.
  warnings.warn(
/shared/ssd_14T/home/ahmadou/miniconda3/envs/pytorch_env/lib/python3.10/site-packages/torchvision/models/_utils.py:223: UserWarning: Arguments other than a weight enum or `None` for 'weights' are deprecated since 0.13 and may be removed in the future. The current behavior is equivalent to passing `weights=VGG16_Weights.IMAGENET1K_V1`. You can also use `weights=VGG16_Weights.DEFAULT` to get the most up-to-date weights.
  warnings.warn(msg)
Setting up [LPIPS] perceptual loss: trunk [vgg], v[0.1], spatial [off]
Loading model from: /shared/ssd_14T/home/ahmadou/miniconda3/envs/pytorch_env/lib/python3.10/site-packages/lpips/weights/v0.1/vgg.pth

[GPU 1] [1/140]  000000000000  (0_random_140)
  Strategy               |     λ | CLIP-W | CLIP-I |  PSNR |  SSIM |  LPIPS |    MSE |     SD
  -----------------------+--------+--------+--------+--------+--------+--------+--------+--------+-
  Baseline               |  13.5 |  30.79 |  0.868 | 21.90 | 89.60 |  132.9 |   64.6 |  201.5
  Exp_Forward_Gate       |  12.4 |  30.76 |  0.869 | 22.14 | 90.63 |  122.4 |   61.2 |  187.7
  Exp_Forward            |  13.9 |  31.79 |  0.876 | 22.13 | 88.99 |  145.4 |   61.2 |  210.1
  Exp_Reverse_Gate       |  15.5 |  32.08 |  0.843 | 20.60 | 84.48 |  187.1 |   87.2 |  250.6
  Exp_Boost              |  12.4 |  31.92 |  0.902 | 23.79 | 92.30 |  112.9 |   41.8 |  176.2
  TwoPhase               |  12.6 |  31.60 |  0.879 | 22.84 | 90.80 |  125.6 |   52.0 |  190.1
  Entropy                |  12.5 |  31.04 |  0.896 | 22.59 | 90.86 |  126.5 |   55.1 |  198.4
  Locality               |  12.6 |  31.16 |  0.884 | 23.39 | 91.97 |  111.0 |   45.8 |  175.5
  Dual                   |   3.1 |  23.77 |  0.990 | 31.80 | 98.15 |   39.2 |    6.6 |  100.0
  Quantile               |  12.7 |  29.91 |  0.926 | 21.59 | 88.34 |  169.5 |   69.4 |  229.1
  Budget_Matched         |  12.9 |  31.20 |  0.873 | 22.43 | 90.22 |  135.5 |   57.2 |  201.9
  → 154s (14s/stratégie)

[GPU 1] [2/140]  000000000001  (0_random_140)
  Strategy               |     λ | CLIP-W | CLIP-I |  PSNR |  SSIM |  LPIPS |    MSE |     SD
  -----------------------+--------+--------+--------+--------+--------+--------+--------+--------+-
  Baseline               |  13.5 |  25.58 |  0.965 | 24.13 | 88.41 |  215.9 |   38.6 |  207.5
  Exp_Forward_Gate       |  12.7 |  25.62 |  0.958 | 24.55 | 88.13 |  220.7 |   35.1 |  206.5
  Exp_Forward            |  13.9 |  26.22 |  0.959 | 24.11 | 88.04 |  222.4 |   38.8 |  214.8
  Exp_Reverse_Gate       |  15.1 |  26.55 |  0.951 | 23.22 | 86.44 |  237.1 |   47.6 |  221.3
  Exp_Boost              |  12.6 |  26.02 |  0.962 | 25.43 | 90.44 |  192.4 |   28.6 |  194.3
  TwoPhase               |  12.9 |  24.70 |  0.962 | 25.38 | 90.36 |  194.7 |   28.9 |  193.3
  Entropy                |  12.7 |  25.54 |  0.967 | 25.13 | 90.01 |  202.0 |   30.7 |  198.5
  Locality               |  12.7 |  26.07 |  0.965 | 24.97 | 89.65 |  204.7 |   31.8 |  197.2
  Dual                   |   3.1 |  23.84 |  0.992 | 32.04 | 97.13 |   73.3 |    6.3 |  110.3
  Quantile               |  13.6 |  27.06 |  0.962 | 24.11 | 87.68 |  232.5 |   38.8 |  222.5
  Budget_Matched         |  13.0 |  26.23 |  0.961 | 24.64 | 89.17 |  208.5 |   34.3 |  199.8
  → 161s (15s/stratégie)

[GPU 1] [3/140]  000000000002  (0_random_140)
  Strategy               |     λ | CLIP-W | CLIP-I |  PSNR |  SSIM |  LPIPS |    MSE |     SD
  -----------------------+--------+--------+--------+--------+--------+--------+--------+--------+-
  Baseline               |  13.5 |  26.11 |  0.861 | 19.61 | 77.89 |  312.9 |  109.4 |  313.2
  Exp_Forward_Gate       |  12.3 |  26.48 |  0.871 | 20.96 | 82.28 |  274.1 |   80.1 |  284.3
  Exp_Forward            |  14.1 |  25.88 |  0.869 | 19.93 | 77.14 |  328.6 |  101.7 |  322.4
  Exp_Reverse_Gate       |  17.2 |  27.47 |  0.856 | 17.57 | 69.58 |  385.7 |  174.8 |  357.9
  Exp_Boost              |  12.1 |  26.98 |  0.884 | 21.43 | 84.11 |  255.9 |   72.0 |  277.6
  TwoPhase               |  12.5 |  25.31 |  0.867 | 20.72 | 81.88 |  276.2 |   84.7 |  288.8
  Entropy                |  12.3 |  26.03 |  0.873 | 20.91 | 82.16 |  274.6 |   81.1 |  291.1
  Locality               |  12.3 |  25.39 |  0.873 | 20.71 | 81.88 |  279.8 |   84.8 |  291.9
  Dual                   |   3.4 |  25.36 |  0.906 | 26.93 | 93.92 |  124.9 |   20.3 |  177.8
  Quantile               |  12.2 |  25.44 |  0.871 | 21.69 | 84.99 |  272.1 |   67.8 |  281.0
  Budget_Matched         |  12.7 |  25.89 |  0.872 | 20.31 | 80.51 |  286.8 |   93.2 |  300.1
  → 162s (15s/stratégie)

[GPU 1] [4/140]  000000000003  (0_random_140)
  Strategy               |     λ | CLIP-W | CLIP-I |  PSNR |  SSIM |  LPIPS |    MSE |     SD
  -----------------------+--------+--------+--------+--------+--------+--------+--------+--------+-
  Baseline               |  13.5 |  28.19 |  0.887 | 19.80 | 77.70 |  267.1 |  104.7 |  249.2
  Exp_Forward_Gate       |  12.1 |  29.42 |  0.868 | 20.59 | 80.19 |  251.2 |   87.4 |  234.5
  Exp_Forward            |  14.0 |  27.49 |  0.877 | 20.02 | 76.94 |  283.9 |   99.5 |  260.6
  Exp_Reverse_Gate       |  16.9 |  28.27 |  0.877 | 18.06 | 70.76 |  317.5 |  156.3 |  283.6
  Exp_Boost              |  11.9 |  28.65 |  0.883 | 21.20 | 82.78 |  224.7 |   75.9 |  221.5
  TwoPhase               |  12.4 |  28.35 |  0.865 | 20.36 | 79.82 |  256.8 |   92.0 |  239.6
  Entropy                |  12.1 |  27.64 |  0.869 | 20.16 | 78.83 |  262.7 |   96.3 |  247.0
  Locality               |  12.2 |  28.39 |  0.882 | 20.74 | 79.78 |  256.5 |   84.4 |  246.9
  Dual                   |   3.2 |  30.00 |  0.937 | 29.23 | 95.37 |   88.9 |   11.9 |  121.8
  Quantile               |  11.9 |  29.58 |  0.846 | 21.14 | 82.71 |  245.9 |   76.9 |  236.9
  Budget_Matched         |  12.7 |  28.66 |  0.877 | 20.65 | 80.46 |  244.0 |   86.0 |  238.0
  → 163s (15s/stratégie)

[GPU 1] [5/140]  000000000004  (0_random_140)
  Strategy               |     λ | CLIP-W | CLIP-I |  PSNR |  SSIM |  LPIPS |    MSE |     SD
  -----------------------+--------+--------+--------+--------+--------+--------+--------+--------+-
  Baseline               |  13.5 |  32.49 |  0.695 | 18.39 | 70.81 |  381.0 |  144.8 |  302.8
  Exp_Forward_Gate       |  12.3 |  30.61 |  0.660 | 19.30 | 75.54 |  327.3 |  117.4 |  273.8
  Exp_Forward            |  14.2 |  32.31 |  0.668 | 18.93 | 72.83 |  360.8 |  127.9 |  294.2
  Exp_Reverse_Gate       |  17.0 |  32.35 |  0.644 | 17.65 | 66.23 |  432.2 |  172.0 |  332.5
  Exp_Boost              |  12.5 |  32.22 |  0.687 | 20.61 | 78.83 |  314.8 |   86.9 |  264.3
  TwoPhase               |  12.7 |  32.02 |  0.661 | 20.24 | 76.54 |  329.8 |   94.7 |  277.0
  Entropy                |  12.5 |  29.91 |  0.645 | 20.24 | 77.81 |  315.9 |   94.7 |  265.4
  Locality               |  12.5 |  31.17 |  0.668 | 20.09 | 77.47 |  314.0 |   98.0 |  265.6
  Dual                   |   3.2 |  24.76 |  0.982 | 29.81 | 96.26 |   75.2 |   10.5 |  119.4
  Quantile               |  11.6 |  29.86 |  0.896 | 23.21 | 86.89 |  246.3 |   47.8 |  229.9
  Budget_Matched         |  12.8 |  32.79 |  0.658 | 20.27 | 74.17 |  368.5 |   94.1 |  297.8
  → 163s (15s/stratégie)

[GPU 1] [6/140]  000000000005  (0_random_140)
  Strategy               |     λ | CLIP-W | CLIP-I |  PSNR |  SSIM |  LPIPS |    MSE |     SD
  -----------------------+--------+--------+--------+--------+--------+--------+--------+--------+-
  Baseline               |  13.5 |  19.30 |  0.865 | 20.95 | 84.40 |  228.4 |   80.3 |  237.5
  Exp_Forward_Gate       |  12.3 |  20.79 |  0.882 | 21.89 | 87.69 |  198.0 |   64.8 |  216.8
  Exp_Forward            |  13.9 |  20.35 |  0.874 | 21.16 | 85.65 |  220.9 |   76.5 |  230.2
  Exp_Reverse_Gate       |  16.4 |  20.66 |  0.862 | 19.30 | 79.42 |  280.3 |  117.5 |  282.0
  Exp_Boost              |  12.2 |  19.66 |  0.898 | 22.69 | 88.53 |  194.6 |   53.8 |  207.3
  TwoPhase               |  12.5 |  19.72 |  0.886 | 22.00 | 87.96 |  193.5 |   63.1 |  209.8
  Entropy                |  12.3 |  21.92 |  0.883 | 21.69 | 87.80 |  195.1 |   67.8 |  215.8
  Locality               |  12.3 |  19.88 |  0.886 | 21.79 | 87.26 |  200.5 |   66.2 |  214.1
  Dual                   |   3.2 |  18.46 |  0.987 | 31.17 | 96.67 |   79.2 |    7.6 |  123.0
  Quantile               |  12.4 |  18.35 |  0.923 | 22.68 | 89.24 |  194.1 |   53.9 |  212.0
  Budget_Matched         |  12.7 |  19.06 |  0.882 | 21.27 | 85.99 |  207.0 |   74.7 |  225.5
  → 163s (15s/stratégie)

[GPU 1] [7/140]  000000000006  (0_random_140)
  Strategy               |     λ | CLIP-W | CLIP-I |  PSNR |  SSIM |  LPIPS |    MSE |     SD
  -----------------------+--------+--------+--------+--------+--------+--------+--------+--------+-
  Baseline               |  13.5 |  32.31 |  0.825 | 22.09 | 83.20 |  216.7 |   61.9 |  268.4
  Exp_Forward_Gate       |  13.0 |  32.50 |  0.838 | 25.12 | 87.13 |  190.9 |   30.7 |  241.9
  Exp_Forward            |  14.0 |  33.27 |  0.793 | 23.59 | 84.62 |  216.9 |   43.7 |  261.5
  Exp_Reverse_Gate       |  15.3 |  32.79 |  0.813 | 21.65 | 81.67 |  252.8 |   68.4 |  290.1
  Exp_Boost              |  12.7 |  33.59 |  0.804 | 24.39 | 87.41 |  187.1 |   36.4 |  241.2
  TwoPhase               |  13.1 |  31.45 |  0.869 | 25.19 | 88.01 |  192.7 |   30.2 |  244.1
  Entropy                |  12.8 |  33.60 |  0.809 | 23.78 | 86.82 |  194.7 |   41.9 |  246.0
  Locality               |  13.0 |  32.23 |  0.797 | 25.13 | 87.40 |  198.9 |   30.7 |  243.5
  Dual                   |   3.1 |  20.98 |  0.994 | 34.95 | 96.96 |   57.1 |    3.2 |  124.2
  Quantile               |  11.8 |  32.86 |  0.887 | 27.91 | 89.69 |  228.6 |   16.2 |  255.7
  Budget_Matched         |  13.2 |  33.44 |  0.789 | 24.26 | 85.80 |  199.9 |   37.5 |  250.4
  → 163s (15s/stratégie)

[GPU 1] [8/140]  000000000007  (0_random_140)
  Strategy               |     λ | CLIP-W | CLIP-I |  PSNR |  SSIM |  LPIPS |    MSE |     SD
  -----------------------+--------+--------+--------+--------+--------+--------+--------+--------+-
  Baseline               |  13.5 |  28.71 |  0.934 | 21.75 | 85.66 |  176.1 |   66.9 |  178.2
  Exp_Forward_Gate       |  12.6 |  27.94 |  0.942 | 22.69 | 85.59 |  188.1 |   53.9 |  191.4
  Exp_Forward            |  13.9 |  27.73 |  0.941 | 22.11 | 86.39 |  164.5 |   61.4 |  169.2
  Exp_Reverse_Gate       |  15.3 |  28.34 |  0.934 | 20.97 | 84.40 |  179.3 |   80.0 |  181.1
  Exp_Boost              |  12.3 |  28.22 |  0.939 | 22.65 | 87.39 |  159.4 |   54.4 |  165.5
  TwoPhase               |  12.8 |  27.75 |  0.953 | 22.72 | 87.36 |  155.6 |   53.5 |  162.5
  Entropy                |  12.6 |  28.72 |  0.941 | 22.49 | 87.22 |  159.0 |   56.3 |  166.1
  Locality               |  12.7 |  27.83 |  0.949 | 22.49 | 87.23 |  160.9 |   56.4 |  167.5
  Dual                   |   3.1 |  26.81 |  0.990 | 30.82 | 95.74 |   72.8 |    8.3 |   94.7
  Quantile               |  12.3 |  27.53 |  0.973 | 26.01 | 89.99 |  157.9 |   25.1 |  167.4
  Budget_Matched         |  12.9 |  28.07 |  0.937 | 22.08 | 86.77 |  160.1 |   62.0 |  162.5
  → 163s (15s/stratégie)

[GPU 1] [9/140]  000000000008  (0_random_140)
  Strategy               |     λ | CLIP-W | CLIP-I |  PSNR |  SSIM |  LPIPS |    MSE |     SD
  -----------------------+--------+--------+--------+--------+--------+--------+--------+--------+-
  Baseline               |  13.5 |  28.08 |  0.902 | 21.44 | 81.27 |  270.6 |   71.8 |  258.0
  Exp_Forward_Gate       |  12.6 |  26.61 |  0.913 | 22.76 | 83.03 |  256.8 |   52.9 |  259.6
  Exp_Forward            |  14.0 |  27.49 |  0.904 | 22.03 | 81.65 |  251.3 |   62.7 |  258.5
  Exp_Reverse_Gate       |  16.0 |  28.36 |  0.885 | 20.07 | 74.31 |  340.4 |   98.3 |  305.2
  Exp_Boost              |  12.4 |  27.63 |  0.902 | 22.49 | 82.78 |  262.1 |   56.3 |  258.6
  TwoPhase               |  12.7 |  27.21 |  0.911 | 22.32 | 83.40 |  246.8 |   58.6 |  246.5
  Entropy                |  12.5 |  27.39 |  0.908 | 22.34 | 84.05 |  234.1 |   58.3 |  235.6
  Locality               |  12.5 |  27.34 |  0.895 | 22.49 | 83.46 |  241.6 |   56.4 |  244.3
  Dual                   |   3.2 |  21.42 |  0.943 | 29.31 | 95.68 |   77.2 |   11.7 |  137.0
  Quantile               |  12.3 |  26.35 |  0.886 | 22.74 | 84.11 |  252.0 |   53.3 |  254.9
  Budget_Matched         |  12.9 |  27.32 |  0.910 | 22.02 | 82.91 |  244.3 |   62.8 |  247.7
  → 162s (15s/stratégie)

[GPU 1] [10/140]  000000000009  (0_random_140)
  Strategy               |     λ | CLIP-W | CLIP-I |  PSNR |  SSIM |  LPIPS |    MSE |     SD
  -----------------------+--------+--------+--------+--------+--------+--------+--------+--------+-
  Baseline               |  13.5 |  25.35 |  0.614 | 17.77 | 79.30 |  250.5 |  167.0 |  395.6
  Exp_Forward_Gate       |  12.2 |  26.25 |  0.623 | 18.72 | 81.99 |  247.6 |  134.2 |  405.1
  Exp_Forward            |  14.2 |  25.72 |  0.619 | 18.38 | 80.93 |  251.1 |  145.1 |  396.5
  Exp_Reverse_Gate       |  17.8 |  24.78 |  0.591 | 16.71 | 77.31 |  267.4 |  213.5 |  398.7
  Exp_Boost              |  12.4 |  26.58 |  0.626 | 19.61 | 83.41 |  249.9 |  109.3 |  414.7
  TwoPhase               |  12.5 |  26.60 |  0.624 | 18.83 | 82.64 |  246.6 |  130.9 |  399.9
  Entropy                |  12.2 |  26.64 |  0.638 | 19.14 | 82.42 |  245.3 |  121.9 |  401.4
  Locality               |  12.3 |  26.62 |  0.628 | 18.98 | 82.36 |  249.9 |  126.6 |  399.1
  Dual                   |   3.3 |  17.94 |  0.953 | 29.66 | 96.46 |   81.1 |   10.8 |  266.6
  Quantile               |  13.0 |  28.01 |  0.675 | 18.77 | 83.00 |  285.3 |  132.6 |  443.9
  Budget_Matched         |  12.6 |  26.54 |  0.634 | 18.61 | 81.61 |  247.8 |  137.7 |  389.9
  → 163s (15s/stratégie)

[GPU 1] [11/140]  000000000010  (0_random_140)
  Strategy               |     λ | CLIP-W | CLIP-I |  PSNR |  SSIM |  LPIPS |    MSE |     SD
  -----------------------+--------+--------+--------+--------+--------+--------+--------+--------+-
  Baseline               |  13.5 |  32.65 |  0.800 | 18.28 | 78.75 |  223.7 |  148.6 |  259.8
  Exp_Forward_Gate       |  12.4 |  37.35 |  0.828 | 20.55 | 84.67 |  183.1 |   88.0 |  232.7
  Exp_Forward            |  14.2 |  33.43 |  0.805 | 18.65 | 79.41 |  220.4 |  136.6 |  258.6
  Exp_Reverse_Gate       |  17.1 |  32.89 |  0.793 | 17.10 | 74.77 |  270.9 |  194.8 |  304.6
  Exp_Boost              |  12.4 |  34.36 |  0.841 | 20.87 | 84.68 |  187.5 |   81.8 |  236.4
  TwoPhase               |  12.6 |  32.16 |  0.811 | 19.53 | 81.00 |  212.5 |  111.4 |  245.3
  Entropy                |  12.4 |  34.62 |  0.816 | 19.95 | 82.41 |  205.2 |  101.1 |  240.8
  Locality               |  12.4 |  32.67 |  0.811 | 19.45 | 81.50 |  207.0 |  113.6 |  245.5
  Dual                   |   3.3 |  26.79 |  0.977 | 27.80 | 95.90 |   78.9 |   16.6 |  143.6
  Quantile               |  11.4 |  30.19 |  0.812 | 22.59 | 87.90 |  197.6 |   55.1 |  245.7
  Budget_Matched         |  12.7 |  33.71 |  0.819 | 19.15 | 80.74 |  211.4 |  121.5 |  251.4
  → 162s (15s/stratégie)

[GPU 1] [12/140]  000000000011  (0_random_140)
  Strategy               |     λ | CLIP-W | CLIP-I |  PSNR |  SSIM |  LPIPS |    MSE |     SD
  -----------------------+--------+--------+--------+--------+--------+--------+--------+--------+-
  Baseline               |  13.5 |  26.23 |  0.826 | 21.51 | 88.44 |  225.4 |   70.6 |  219.1
  Exp_Forward_Gate       |  12.3 |  25.98 |  0.847 | 22.61 | 89.96 |  220.7 |   54.9 |  215.2
  Exp_Forward            |  13.9 |  26.10 |  0.817 | 22.01 | 89.06 |  227.6 |   62.9 |  219.7
  Exp_Reverse_Gate       |  16.0 |  25.28 |  0.821 | 20.51 | 86.43 |  256.6 |   88.9 |  226.4
  Exp_Boost              |  12.0 |  25.64 |  0.836 | 22.93 | 90.25 |  225.2 |   50.9 |  218.1
  TwoPhase               |  12.5 |  25.36 |  0.820 | 22.78 | 90.02 |  215.5 |   52.7 |  212.7
  Entropy                |  12.3 |  26.45 |  0.824 | 22.38 | 89.48 |  222.3 |   57.9 |  219.3
  Locality               |  12.3 |  25.92 |  0.816 | 22.36 | 89.57 |  218.2 |   58.1 |  216.2
  Dual                   |   3.1 |  19.70 |  0.995 | 33.99 | 97.83 |   84.7 |    4.0 |  151.1
  Quantile               |  11.9 |  24.81 |  0.897 | 24.53 | 91.67 |  239.7 |   35.3 |  238.3
  Budget_Matched         |  12.7 |  26.08 |  0.829 | 22.14 | 89.62 |  221.1 |   61.1 |  212.9
  → 162s (15s/stratégie)

[GPU 1] [13/140]  000000000012  (0_random_140)
  Strategy               |     λ | CLIP-W | CLIP-I |  PSNR |  SSIM |  LPIPS |    MSE |     SD
  -----------------------+--------+--------+--------+--------+--------+--------+--------+--------+-
  Baseline               |  13.5 |  21.55 |  0.825 | 18.60 | 78.23 |  270.0 |  138.0 |  294.6
  Exp_Forward_Gate       |  12.3 |  22.07 |  0.865 | 20.07 | 81.87 |  235.8 |   98.5 |  274.1
  Exp_Forward            |  14.0 |  22.68 |  0.841 | 19.45 | 80.20 |  251.9 |  113.4 |  292.7
  Exp_Reverse_Gate       |  17.0 |  22.79 |  0.804 | 17.39 | 72.86 |  329.8 |  182.6 |  330.1
  Exp_Boost              |  12.2 |  22.23 |  0.854 | 20.35 | 83.16 |  221.8 |   92.3 |  275.2
  TwoPhase               |  12.4 |  22.57 |  0.869 | 19.85 | 81.59 |  229.7 |  103.6 |  278.8
  Entropy                |  12.2 |  22.23 |  0.859 | 19.92 | 81.89 |  227.1 |  102.0 |  276.0
  Locality               |  12.3 |  22.09 |  0.865 | 20.30 | 83.54 |  220.8 |   93.4 |  271.6
  Dual                   |   3.1 |  15.45 |  0.988 | 30.70 | 95.55 |   54.9 |    8.5 |  136.1
  Quantile               |  12.2 |  19.23 |  0.917 | 21.35 | 85.17 |  211.3 |   73.2 |  282.6
  Budget_Matched         |  12.7 |  21.44 |  0.856 | 19.68 | 81.27 |  229.6 |  107.7 |  264.8
  → 163s (15s/stratégie)

[GPU 1] [14/140]  000000000013  (0_random_140)
  Strategy               |     λ | CLIP-W | CLIP-I |  PSNR |  SSIM |  LPIPS |    MSE |     SD
  -----------------------+--------+--------+--------+--------+--------+--------+--------+--------+-
  Baseline               |  13.5 |  22.89 |  0.861 | 22.51 | 88.19 |  167.2 |   56.1 |  329.4
  Exp_Forward_Gate       |  12.7 |  23.45 |  0.869 | 22.73 | 89.08 |  163.8 |   53.3 |  340.4
  Exp_Forward            |  14.1 |  23.04 |  0.858 | 22.38 | 88.22 |  177.3 |   57.9 |  363.0
  Exp_Reverse_Gate       |  15.8 |  24.04 |  0.860 | 20.05 | 84.32 |  199.2 |   99.0 |  329.4
  Exp_Boost              |  12.9 |  24.24 |  0.865 | 23.13 | 89.42 |  164.0 |   48.6 |  370.6
  TwoPhase               |  12.9 |  23.25 |  0.867 | 22.79 | 89.23 |  163.6 |   52.6 |  354.1
  Entropy                |  12.7 |  23.50 |  0.875 | 22.89 | 89.85 |  154.0 |   51.4 |  343.6
  Locality               |  12.8 |  23.63 |  0.875 | 22.90 | 89.39 |  156.9 |   51.2 |  354.7
  Dual                   |   3.3 |  16.27 |  0.980 | 31.87 | 97.96 |   61.1 |    6.5 |  265.9
  Quantile               |  12.4 |  22.36 |  0.884 | 25.59 | 92.84 |  159.3 |   27.6 |  408.1
  Budget_Matched         |  13.0 |  23.52 |  0.869 | 23.13 | 89.53 |  160.1 |   48.7 |  352.7
  → 162s (15s/stratégie)

[GPU 1] [15/140]  000000000014  (0_random_140)
  Strategy               |     λ | CLIP-W | CLIP-I |  PSNR |  SSIM |  LPIPS |    MSE |     SD
  -----------------------+--------+--------+--------+--------+--------+--------+--------+--------+-
  Baseline               |  13.5 |  21.71 |  0.891 | 24.37 | 89.82 |  143.8 |   36.5 |  231.0
  Exp_Forward_Gate       |  12.8 |  20.48 |  0.887 | 25.91 | 92.38 |  125.3 |   25.6 |  213.7
  Exp_Forward            |  13.9 |  21.25 |  0.897 | 25.39 | 91.72 |  134.6 |   28.9 |  221.3
  Exp_Reverse_Gate       |  14.8 |  19.37 |  0.871 | 24.19 | 89.92 |  150.7 |   38.1 |  231.7
  Exp_Boost              |  12.7 |  20.86 |  0.906 | 26.11 | 92.54 |  126.8 |   24.5 |  218.5
  TwoPhase               |  13.1 |  20.15 |  0.888 | 25.83 | 92.08 |  132.0 |   26.1 |  220.0
  Entropy                |  12.9 |  21.18 |  0.914 | 26.18 | 92.08 |  130.8 |   24.1 |  218.2
  Locality               |  12.9 |  21.66 |  0.893 | 25.79 | 91.78 |  129.8 |   26.4 |  218.9
  Dual                   |   3.1 |  19.34 |  0.984 | 35.40 | 97.51 |   47.4 |    2.9 |  137.9
  Quantile               |  13.7 |  20.56 |  0.943 | 27.64 | 92.72 |  151.5 |   17.2 |  241.6
  Budget_Matched         |  13.1 |  20.74 |  0.888 | 25.01 | 91.34 |  134.3 |   31.5 |  221.8
  → 163s (15s/stratégie)

[GPU 1] [16/140]  000000000015  (0_random_140)
  Strategy               |     λ | CLIP-W | CLIP-I |  PSNR |  SSIM |  LPIPS |    MSE |     SD
  -----------------------+--------+--------+--------+--------+--------+--------+--------+--------+-
  Baseline               |  13.5 |  24.20 |  0.751 | 21.96 | 85.29 |  248.5 |   63.7 |  325.2
  Exp_Forward_Gate       |  12.4 |  24.49 |  0.858 | 22.79 | 89.01 |  188.2 |   52.6 |  290.9
  Exp_Forward            |  14.0 |  23.97 |  0.787 | 22.13 | 86.34 |  244.2 |   61.2 |  326.9
  Exp_Reverse_Gate       |  16.3 |  24.20 |  0.803 | 20.17 | 82.72 |  273.8 |   96.3 |  335.0
  Exp_Boost              |  12.2 |  23.97 |  0.852 | 23.31 | 88.51 |  216.6 |   46.7 |  308.6
  TwoPhase               |  12.6 |  24.37 |  0.832 | 22.96 | 87.75 |  220.4 |   50.6 |  312.6
  Entropy                |  12.4 |  24.43 |  0.857 | 23.26 | 88.72 |  209.4 |   47.2 |  303.1
  Locality               |  12.5 |  24.08 |  0.838 | 23.38 | 89.18 |  194.0 |   46.0 |  295.4
  Dual                   |   3.2 |  12.61 |  0.979 | 31.84 | 97.98 |   62.7 |    6.6 |  174.2
  Quantile               |  11.7 |  20.72 |  0.837 | 24.54 | 91.14 |  197.8 |   35.2 |  311.2
  Budget_Matched         |  12.8 |  24.22 |  0.861 | 22.60 | 86.68 |  224.4 |   54.9 |  309.3
  → 163s (15s/stratégie)

[GPU 1] [17/140]  000000000016  (0_random_140)
  Strategy               |     λ | CLIP-W | CLIP-I |  PSNR |  SSIM |  LPIPS |    MSE |     SD
  -----------------------+--------+--------+--------+--------+--------+--------+--------+--------+-
  Baseline               |  13.5 |  23.50 |  0.947 | 23.09 | 90.70 |  139.0 |   49.1 |  210.4
  Exp_Forward_Gate       |  12.6 |  23.86 |  0.948 | 23.79 | 92.03 |  132.4 |   41.8 |  200.4
  Exp_Forward            |  13.8 |  23.49 |  0.946 | 22.54 | 91.16 |  142.8 |   55.7 |  204.8
  Exp_Reverse_Gate       |  15.6 |  23.83 |  0.923 | 20.86 | 85.55 |  196.8 |   82.0 |  255.4
  Exp_Boost              |  12.3 |  23.83 |  0.952 | 23.79 | 92.74 |  128.8 |   41.7 |  197.0
  TwoPhase               |  12.7 |  24.19 |  0.931 | 23.22 | 91.85 |  134.5 |   47.6 |  199.4
  Entropy                |  12.6 |  23.51 |  0.955 | 24.40 | 92.27 |  127.1 |   36.3 |  195.1
  Locality               |  12.6 |  24.08 |  0.944 | 23.79 | 91.80 |  137.6 |   41.7 |  202.4
  Dual                   |   3.1 |  21.61 |  0.977 | 32.99 | 97.95 |   45.0 |    5.0 |  110.4
  Quantile               |  12.7 |  23.12 |  0.947 | 25.20 | 93.11 |  160.2 |   30.2 |  216.9
  Budget_Matched         |  12.9 |  23.23 |  0.949 | 23.97 | 91.02 |  143.6 |   40.1 |  211.0
  → 163s (15s/stratégie)

[GPU 1] [18/140]  000000000017  (0_random_140)
  Strategy               |     λ | CLIP-W | CLIP-I |  PSNR |  SSIM |  LPIPS |    MSE |     SD
  -----------------------+--------+--------+--------+--------+--------+--------+--------+--------+-
  Baseline               |  13.5 |  19.71 |  0.956 | 22.10 | 87.81 |  173.4 |   61.7 |  176.0
  Exp_Forward_Gate       |  12.6 |  19.09 |  0.964 | 22.59 | 89.11 |  156.6 |   55.1 |  165.9
  Exp_Forward            |  13.9 |  19.58 |  0.961 | 22.65 | 88.42 |  170.4 |   54.3 |  181.3
  Exp_Reverse_Gate       |  15.4 |  20.10 |  0.952 | 20.79 | 84.08 |  201.3 |   83.4 |  207.7
  Exp_Boost              |  12.3 |  19.11 |  0.964 | 23.26 | 90.43 |  145.0 |   47.2 |  162.5
  TwoPhase               |  12.8 |  19.36 |  0.957 | 23.23 | 89.22 |  167.3 |   47.6 |  179.8
  Entropy                |  12.7 |  19.21 |  0.965 | 23.02 | 89.63 |  153.0 |   49.9 |  168.7
  Locality               |  12.6 |  18.31 |  0.946 | 22.88 | 89.38 |  157.6 |   51.5 |  171.6
  Dual                   |   3.1 |  16.83 |  0.994 | 32.20 | 97.55 |   57.7 |    6.0 |   85.7
  Quantile               |  13.4 |  18.61 |  0.951 | 23.25 | 89.51 |  179.4 |   47.3 |  189.4
  Budget_Matched         |  12.9 |  19.15 |  0.963 | 22.52 | 89.08 |  156.2 |   56.0 |  170.4
  → 163s (15s/stratégie)

[GPU 1] [19/140]  000000000018  (0_random_140)
  Strategy               |     λ | CLIP-W | CLIP-I |  PSNR |  SSIM |  LPIPS |    MSE |     SD
  -----------------------+--------+--------+--------+--------+--------+--------+--------+--------+-
  Baseline               |  13.5 |  28.68 |  0.960 | 17.37 | 72.23 |  251.7 |  183.4 |  317.0
  Exp_Forward_Gate       |  12.4 |  29.79 |  0.952 | 19.04 | 77.91 |  230.6 |  124.7 |  289.9
  Exp_Forward            |  14.3 |  29.07 |  0.916 | 17.86 | 73.25 |  252.6 |  163.8 |  314.9
  Exp_Reverse_Gate       |  18.1 |  30.67 |  0.943 | 14.97 | 63.32 |  314.5 |  318.5 |  362.4
  Exp_Boost              |  12.4 |  29.99 |  0.954 | 20.04 | 80.60 |  217.3 |   99.2 |  284.5
  TwoPhase               |  12.7 |  27.99 |  0.941 | 19.10 | 77.65 |  227.1 |  122.9 |  289.9
  Entropy                |  12.3 |  30.09 |  0.918 | 18.90 | 77.83 |  228.1 |  128.8 |  289.4
  Locality               |  12.4 |  28.96 |  0.942 | 18.86 | 76.87 |  238.3 |  130.1 |  294.6
  Dual                   |   3.3 |  23.99 |  0.991 | 27.85 | 95.27 |   76.5 |   16.4 |  165.0
  Quantile               |  11.6 |  25.66 |  0.944 | 19.59 | 81.90 |  209.2 |  109.8 |  284.0
  Budget_Matched         |  12.6 |  29.30 |  0.942 | 18.41 | 76.10 |  234.7 |  144.2 |  296.3
  → 163s (15s/stratégie)

[GPU 1] [20/140]  000000000019  (0_random_140)
  Strategy               |     λ | CLIP-W | CLIP-I |  PSNR |  SSIM |  LPIPS |    MSE |     SD
  -----------------------+--------+--------+--------+--------+--------+--------+--------+--------+-
  Baseline               |  13.5 |  23.79 |  0.842 | 20.24 | 83.39 |  196.9 |   94.7 |  186.6
  Exp_Forward_Gate       |  12.4 |  23.84 |  0.838 | 21.13 | 85.43 |  181.2 |   77.2 |  171.6
  Exp_Forward            |  13.9 |  24.85 |  0.848 | 19.74 | 83.33 |  202.9 |  106.2 |  188.7
  Exp_Reverse_Gate       |  16.1 |  25.28 |  0.829 | 18.80 | 79.81 |  231.2 |  131.7 |  206.8
  Exp_Boost              |  12.1 |  23.98 |  0.842 | 21.32 | 86.08 |  181.5 |   73.8 |  167.9
  TwoPhase               |  12.5 |  24.76 |  0.847 | 20.66 | 84.88 |  185.3 |   85.9 |  173.4
  Entropy                |  12.3 |  24.86 |  0.849 | 20.18 | 84.65 |  186.9 |   95.9 |  171.6
  Locality               |  12.4 |  23.95 |  0.841 | 20.90 | 84.83 |  188.8 |   81.2 |  175.8
  Dual                   |   3.4 |  20.81 |  0.870 | 23.96 | 91.84 |  104.5 |   40.2 |  112.7
  Quantile               |  12.4 |  22.21 |  0.823 | 20.46 | 84.41 |  220.7 |   89.9 |  186.7
  Budget_Matched         |  12.7 |  24.94 |  0.856 | 19.59 | 83.45 |  193.0 |  110.0 |  181.1
  → 163s (15s/stratégie)

[GPU 1] [21/140]  000000000020  (0_random_140)
  Strategy               |     λ | CLIP-W | CLIP-I |  PSNR |  SSIM |  LPIPS |    MSE |     SD
  -----------------------+--------+--------+--------+--------+--------+--------+--------+--------+-
  Baseline               |  13.5 |  29.26 |  0.816 | 19.69 | 80.83 |  270.6 |  107.5 |  272.7
  Exp_Forward_Gate       |  12.3 |  29.63 |  0.824 | 20.95 | 83.91 |  247.2 |   80.4 |  247.5
  Exp_Forward            |  14.1 |  29.41 |  0.809 | 19.90 | 81.07 |  271.0 |  102.3 |  269.3
  Exp_Reverse_Gate       |  16.7 |  29.52 |  0.820 | 18.78 | 77.36 |  307.0 |  132.4 |  306.7
  Exp_Boost              |  12.2 |  29.33 |  0.831 | 21.41 | 84.06 |  246.0 |   72.4 |  246.7
  TwoPhase               |  12.5 |  29.39 |  0.825 | 20.75 | 83.02 |  252.7 |   84.1 |  253.0
  Entropy                |  12.4 |  28.86 |  0.823 | 21.49 | 84.62 |  242.2 |   71.0 |  244.8
  Locality               |  12.5 |  28.49 |  0.821 | 21.20 | 83.13 |  252.0 |   75.8 |  259.2
  Dual                   |   3.2 |  18.78 |  0.983 | 29.81 | 96.86 |   83.1 |   10.4 |  128.3
  Quantile               |  11.9 |  24.88 |  0.913 | 22.99 | 88.87 |  233.7 |   50.2 |  228.0
  Budget_Matched         |  12.7 |  29.31 |  0.797 | 20.09 | 81.45 |  260.3 |   98.0 |  261.8
  → 163s (15s/stratégie)

[GPU 1] [22/140]  000000000021  (0_random_140)
  Strategy               |     λ | CLIP-W | CLIP-I |  PSNR |  SSIM |  LPIPS |    MSE |     SD
  -----------------------+--------+--------+--------+--------+--------+--------+--------+--------+-
  Baseline               |  13.5 |  30.27 |  0.895 | 17.95 | 74.72 |  290.2 |  160.2 |  268.1
  Exp_Forward_Gate       |  12.3 |  29.55 |  0.935 | 19.15 | 78.32 |  259.9 |  121.5 |  246.0
  Exp_Forward            |  14.3 |  30.47 |  0.910 | 18.34 | 73.84 |  308.4 |  146.7 |  274.4
  Exp_Reverse_Gate       |  17.7 |  30.99 |  0.854 | 16.06 | 63.16 |  390.6 |  248.0 |  336.9
  Exp_Boost              |  12.4 |  29.19 |  0.940 | 20.32 | 81.39 |  235.4 |   92.8 |  231.8
  TwoPhase               |  12.5 |  29.89 |  0.919 | 19.07 | 77.55 |  268.8 |  123.9 |  252.6
  Entropy                |  12.3 |  29.74 |  0.905 | 19.38 | 77.87 |  268.6 |  115.2 |  253.9
  Locality               |  12.3 |  30.50 |  0.921 | 19.26 | 77.14 |  279.1 |  118.6 |  253.8
  Dual                   |   3.4 |  26.56 |  0.966 | 25.92 | 92.59 |   95.2 |   25.6 |  136.1
  Quantile               |  11.8 |  28.26 |  0.956 | 21.48 | 83.71 |  224.0 |   71.2 |  222.3
  Budget_Matched         |  12.6 |  29.00 |  0.905 | 18.69 | 76.15 |  283.2 |  135.2 |  259.6
  → 163s (15s/stratégie)

[GPU 1] [23/140]  000000000022  (0_random_140)
  Strategy               |     λ | CLIP-W | CLIP-I |  PSNR |  SSIM |  LPIPS |    MSE |     SD
  -----------------------+--------+--------+--------+--------+--------+--------+--------+--------+-
  Baseline               |  13.5 |  22.40 |  0.968 | 19.86 | 86.36 |  177.8 |  103.2 |  203.7
  Exp_Forward_Gate       |  12.3 |  21.85 |  0.972 | 21.65 | 89.50 |  148.4 |   68.4 |  186.7
  Exp_Forward            |  13.8 |  22.97 |  0.964 | 20.71 | 87.57 |  172.5 |   85.0 |  201.1
  Exp_Reverse_Gate       |  16.4 |  22.53 |  0.959 | 18.60 | 82.87 |  212.4 |  138.1 |  231.0
  Exp_Boost              |  12.0 |  23.33 |  0.967 | 21.79 | 89.70 |  151.5 |   66.2 |  187.2
  TwoPhase               |  12.4 |  22.15 |  0.969 | 21.42 | 89.08 |  156.1 |   72.1 |  189.6
  Entropy                |  12.3 |  20.41 |  0.975 | 21.47 | 89.18 |  150.9 |   71.3 |  185.0
  Locality               |  12.2 |  21.81 |  0.972 | 21.26 | 88.91 |  157.2 |   74.8 |  188.7
  Dual                   |   3.2 |  16.88 |  0.994 | 28.31 | 96.35 |   64.2 |   14.7 |  116.1
  Quantile               |  12.0 |  19.47 |  0.978 | 21.73 | 89.34 |  171.0 |   67.1 |  211.2
  Budget_Matched         |  12.7 |  24.48 |  0.939 | 20.43 | 87.11 |  173.7 |   90.7 |  198.5
  → 163s (15s/stratégie)

[GPU 1] [24/140]  000000000023  (0_random_140)
  Strategy               |     λ | CLIP-W | CLIP-I |  PSNR |  SSIM |  LPIPS |    MSE |     SD
  -----------------------+--------+--------+--------+--------+--------+--------+--------+--------+-
  Baseline               |  13.5 |  26.41 |  0.977 | 21.34 | 86.43 |  160.4 |   73.5 |  167.6
  Exp_Forward_Gate       |  12.6 |  27.15 |  0.983 | 21.65 | 87.48 |  154.1 |   68.3 |  163.1
  Exp_Forward            |  13.9 |  26.63 |  0.972 | 20.82 | 85.64 |  171.1 |   82.9 |  174.2
  Exp_Reverse_Gate       |  15.4 |  26.54 |  0.972 | 20.24 | 84.49 |  170.9 |   94.7 |  181.2
  Exp_Boost              |  12.3 |  26.94 |  0.985 | 21.73 | 87.09 |  160.6 |   67.1 |  169.4
  TwoPhase               |  12.8 |  26.87 |  0.977 | 21.86 | 87.47 |  153.2 |   65.1 |  163.5
  Entropy                |  12.6 |  27.20 |  0.981 | 21.76 | 87.63 |  151.8 |   66.7 |  163.1
  Locality               |  12.7 |  26.92 |  0.979 | 22.33 | 88.23 |  149.0 |   58.4 |  160.8
  Dual                   |   3.2 |  27.02 |  0.977 | 27.80 | 95.29 |   72.4 |   16.6 |  103.5
  Quantile               |  13.0 |  27.47 |  0.987 | 21.93 | 87.11 |  181.7 |   64.1 |  189.3
  Budget_Matched         |  12.9 |  27.22 |  0.974 | 21.82 | 87.47 |  153.1 |   65.8 |  163.9
  → 163s (15s/stratégie)

[GPU 1] [25/140]  000000000024  (0_random_140)
  Strategy               |     λ | CLIP-W | CLIP-I |  PSNR |  SSIM |  LPIPS |    MSE |     SD
  -----------------------+--------+--------+--------+--------+--------+--------+--------+--------+-
  Baseline               |  13.5 |  26.49 |  0.949 | 20.15 | 81.53 |  258.5 |   96.6 |  204.2
  Exp_Forward_Gate       |  12.6 |  27.10 |  0.960 | 21.01 | 84.41 |  229.6 |   79.2 |  184.1
  Exp_Forward            |  14.1 |  27.48 |  0.958 | 20.04 | 81.84 |  258.4 |   99.2 |  201.1
  Exp_Reverse_Gate       |  16.0 |  27.40 |  0.934 | 18.19 | 76.38 |  304.0 |  151.8 |  231.1
  Exp_Boost              |  12.5 |  26.91 |  0.963 | 21.53 | 84.67 |  231.9 |   70.3 |  185.9
  TwoPhase               |  12.8 |  27.33 |  0.960 | 20.71 | 83.28 |  242.9 |   85.0 |  192.7
  Entropy                |  12.6 |  27.40 |  0.955 | 20.94 | 83.79 |  237.7 |   80.5 |  186.6
  Locality               |  12.7 |  27.27 |  0.964 | 21.31 | 84.36 |  235.0 |   74.0 |  184.2
  Dual                   |   3.3 |  25.35 |  0.982 | 25.34 | 93.77 |  125.8 |   29.3 |  107.3
  Quantile               |  13.1 |  27.10 |  0.973 | 21.27 | 84.07 |  246.5 |   74.6 |  202.6
  Budget_Matched         |  13.0 |  27.02 |  0.961 | 20.72 | 83.38 |  239.7 |   84.7 |  185.9
  → 163s (15s/stratégie)

[GPU 1] [26/140]  000000000025  (0_random_140)
  Strategy               |     λ | CLIP-W | CLIP-I |  PSNR |  SSIM |  LPIPS |    MSE |     SD
  -----------------------+--------+--------+--------+--------+--------+--------+--------+--------+-
  Baseline               |  13.5 |  27.49 |  0.680 | 21.81 | 85.68 |  169.8 |   66.0 |  206.1
  Exp_Forward_Gate       |  12.5 |  33.84 |  0.755 | 22.93 | 88.92 |  146.4 |   50.9 |  181.8
  Exp_Forward            |  13.9 |  30.67 |  0.716 | 21.60 | 85.40 |  175.4 |   69.2 |  208.2
  Exp_Reverse_Gate       |  16.0 |  30.67 |  0.611 | 20.20 | 80.87 |  214.7 |   95.5 |  239.3
  Exp_Boost              |  12.1 |  31.85 |  0.777 | 23.65 | 89.83 |  142.4 |   43.2 |  177.9
  TwoPhase               |  12.6 |  27.48 |  0.695 | 22.68 | 88.19 |  147.7 |   54.0 |  184.1
  Entropy                |  12.5 |  33.58 |  0.736 | 22.59 | 87.60 |  153.2 |   55.1 |  189.0
  Locality               |  12.4 |  30.25 |  0.717 | 22.89 | 88.79 |  143.3 |   51.4 |  179.8
  Dual                   |   3.0 |  21.14 |  0.994 | 36.69 | 98.68 |   27.0 |    2.1 |   65.5
  Quantile               |  11.0 |  23.51 |  0.830 | 23.78 | 91.00 |  142.1 |   41.9 |  179.5
  Budget_Matched         |  12.8 |  24.94 |  0.747 | 23.40 | 89.34 |  139.0 |   45.7 |  183.0
  → 163s (15s/stratégie)

[GPU 1] [27/140]  000000000026  (0_random_140)
  Strategy               |     λ | CLIP-W | CLIP-I |  PSNR |  SSIM |  LPIPS |    MSE |     SD
  -----------------------+--------+--------+--------+--------+--------+--------+--------+--------+-
  Baseline               |  13.5 |  30.21 |  0.720 | 22.46 | 86.47 |  193.4 |   56.8 |  201.8
  Exp_Forward_Gate       |  12.5 |  29.79 |  0.721 | 23.81 | 87.16 |  194.0 |   41.6 |  204.7
  Exp_Forward            |  13.9 |  30.37 |  0.728 | 23.07 | 85.93 |  208.6 |   49.3 |  212.7
  Exp_Reverse_Gate       |  16.0 |  29.65 |  0.698 | 21.26 | 83.25 |  217.0 |   74.7 |  222.9
  Exp_Boost              |  12.3 |  29.33 |  0.695 | 24.43 | 88.44 |  184.5 |   36.1 |  202.2
  TwoPhase               |  12.6 |  30.80 |  0.721 | 23.50 | 86.45 |  205.9 |   44.7 |  206.5
  Entropy                |  12.4 |  30.38 |  0.717 | 23.41 | 87.11 |  195.1 |   45.6 |  202.4
  Locality               |  12.5 |  30.21 |  0.695 | 23.63 | 87.48 |  190.9 |   43.4 |  198.6
  Dual                   |   3.2 |  14.74 |  0.968 | 31.61 | 97.36 |   61.4 |    6.9 |  106.4
  Quantile               |  11.7 |  29.63 |  0.729 | 25.19 | 88.93 |  207.3 |   30.2 |  222.1
  Budget_Matched         |  12.8 |  30.08 |  0.732 | 23.30 | 87.20 |  191.3 |   46.8 |  199.9
  → 163s (15s/stratégie)

[GPU 1] [28/140]  000000000027  (0_random_140)
  Strategy               |     λ | CLIP-W | CLIP-I |  PSNR |  SSIM |  LPIPS |    MSE |     SD
  -----------------------+--------+--------+--------+--------+--------+--------+--------+--------+-
  Baseline               |  13.5 |  22.36 |  0.943 | 21.03 | 85.36 |  196.6 |   78.8 |  174.4
  Exp_Forward_Gate       |  12.7 |  21.70 |  0.950 | 22.02 | 88.67 |  168.8 |   62.8 |  156.5
  Exp_Forward            |  14.0 |  21.97 |  0.945 | 21.39 | 86.67 |  190.5 |   72.6 |  168.2
  Exp_Reverse_Gate       |  15.4 |  22.37 |  0.937 | 19.82 | 82.17 |  226.6 |  104.2 |  190.5
  Exp_Boost              |  12.6 |  22.15 |  0.943 | 22.28 | 88.76 |  171.1 |   59.1 |  156.7
  TwoPhase               |  12.8 |  22.30 |  0.949 | 21.85 | 87.68 |  184.9 |   65.4 |  163.8
  Entropy                |  12.6 |  22.60 |  0.951 | 21.59 | 87.37 |  185.0 |   69.4 |  164.2
  Locality               |  12.7 |  22.50 |  0.939 | 21.98 | 88.35 |  173.0 |   63.4 |  156.8
  Dual                   |   3.1 |  16.39 |  0.990 | 32.26 | 98.24 |   49.3 |    5.9 |   64.1
  Quantile               |  12.6 |  21.93 |  0.955 | 22.54 | 89.41 |  196.3 |   55.8 |  168.8
  Budget_Matched         |  13.0 |  22.99 |  0.933 | 21.94 | 88.60 |  163.5 |   64.0 |  150.2
  → 163s (15s/stratégie)

[GPU 1] [29/140]  000000000028  (0_random_140)
  Strategy               |     λ | CLIP-W | CLIP-I |  PSNR |  SSIM |  LPIPS |    MSE |     SD
  -----------------------+--------+--------+--------+--------+--------+--------+--------+--------+-
  Baseline               |  13.5 |  27.42 |  0.957 | 23.44 | 88.26 |  227.6 |   45.3 |  310.2
  Exp_Forward_Gate       |  12.6 |  28.11 |  0.941 | 24.22 | 89.24 |  228.5 |   37.9 |  316.4
  Exp_Forward            |  14.0 |  30.22 |  0.887 | 23.97 | 88.87 |  233.3 |   40.0 |  319.8
  Exp_Reverse_Gate       |  15.9 |  29.57 |  0.932 | 22.19 | 86.21 |  251.7 |   60.5 |  324.8
  Exp_Boost              |  12.5 |  27.91 |  0.957 | 24.20 | 89.12 |  233.7 |   38.0 |  325.9
  TwoPhase               |  12.7 |  29.01 |  0.938 | 23.93 | 89.13 |  228.3 |   40.4 |  317.3
  Entropy                |  12.6 |  27.73 |  0.952 | 24.34 | 89.11 |  230.4 |   36.8 |  316.9
  Locality               |  12.6 |  30.31 |  0.909 | 24.10 | 88.40 |  244.7 |   38.9 |  332.0
  Dual                   |   3.2 |  24.38 |  0.982 | 33.80 | 98.26 |   63.8 |    4.2 |  207.3
  Quantile               |  12.9 |  28.93 |  0.886 | 24.26 | 89.28 |  276.2 |   37.5 |  360.2
  Budget_Matched         |  12.9 |  26.67 |  0.959 | 23.91 | 88.33 |  232.4 |   40.6 |  311.1
  → 163s (15s/stratégie)

[GPU 1] [30/140]  000000000029  (0_random_140)
  Strategy               |     λ | CLIP-W | CLIP-I |  PSNR |  SSIM |  LPIPS |    MSE |     SD
  -----------------------+--------+--------+--------+--------+--------+--------+--------+--------+-
  Baseline               |  13.5 |  27.45 |  0.777 | 21.70 | 87.34 |  192.7 |   67.6 |  198.5
  Exp_Forward_Gate       |  12.4 |  28.10 |  0.772 | 21.51 | 86.98 |  205.9 |   70.6 |  209.4
  Exp_Forward            |  13.9 |  26.00 |  0.787 | 21.21 | 87.12 |  194.1 |   75.7 |  200.8
  Exp_Reverse_Gate       |  16.0 |  27.52 |  0.789 | 20.24 | 85.43 |  222.1 |   94.5 |  216.5
  Exp_Boost              |  12.3 |  28.11 |  0.770 | 22.24 | 87.71 |  209.1 |   59.7 |  206.7
  TwoPhase               |  12.6 |  26.39 |  0.779 | 20.90 | 86.69 |  193.6 |   81.3 |  203.2
  Entropy                |  12.4 |  26.94 |  0.761 | 21.42 | 87.43 |  194.4 |   72.1 |  199.8
  Locality               |  12.4 |  26.74 |  0.792 | 21.75 | 87.69 |  199.8 |   66.8 |  206.1
  Dual                   |   3.2 |  20.93 |  0.818 | 28.66 | 95.22 |   91.5 |   13.6 |  138.5
  Quantile               |  11.9 |  25.94 |  0.786 | 22.97 | 87.13 |  247.9 |   50.5 |  240.9
  Budget_Matched         |  12.8 |  25.38 |  0.746 | 21.91 | 87.69 |  185.8 |   64.4 |  195.8
  → 162s (15s/stratégie)

[GPU 1] [31/140]  000000000030  (0_random_140)
  Strategy               |     λ | CLIP-W | CLIP-I |  PSNR |  SSIM |  LPIPS |    MSE |     SD
  -----------------------+--------+--------+--------+--------+--------+--------+--------+--------+-
  Baseline               |  13.5 |  27.36 |  0.878 | 24.69 | 88.65 |  190.6 |   33.9 |  166.0
  Exp_Forward_Gate       |  12.7 |  26.07 |  0.913 | 24.65 | 89.13 |  177.9 |   34.2 |  161.2
  Exp_Forward            |  13.8 |  27.60 |  0.887 | 24.44 | 88.41 |  191.3 |   36.0 |  166.9
  Exp_Reverse_Gate       |  15.1 |  27.82 |  0.890 | 23.30 | 86.48 |  201.2 |   46.8 |  177.7
  Exp_Boost              |  12.6 |  25.72 |  0.908 | 25.74 | 89.88 |  172.9 |   26.7 |  155.6
  TwoPhase               |  12.9 |  26.51 |  0.892 | 25.34 | 89.78 |  175.9 |   29.2 |  155.5
  Entropy                |  12.7 |  25.69 |  0.917 | 25.22 | 89.98 |  172.5 |   30.1 |  153.0
  Locality               |  12.7 |  25.50 |  0.925 | 24.98 | 89.32 |  176.2 |   31.8 |  160.4
  Dual                   |   3.1 |  19.99 |  0.996 | 33.31 | 97.21 |   64.3 |    4.7 |   78.1
  Quantile               |  12.6 |  21.80 |  0.948 | 25.28 | 89.07 |  199.2 |   29.7 |  172.0
  Budget_Matched         |  13.1 |  27.24 |  0.894 | 25.30 | 89.77 |  177.8 |   29.5 |  156.2
  → 163s (15s/stratégie)

[GPU 1] [32/140]  000000000031  (0_random_140)
  Strategy               |     λ | CLIP-W | CLIP-I |  PSNR |  SSIM |  LPIPS |    MSE |     SD
  -----------------------+--------+--------+--------+--------+--------+--------+--------+--------+-
  Baseline               |  13.5 |  17.70 |  0.968 | 23.27 | 55.70 |  176.3 |   47.1 |  369.9
  Exp_Forward_Gate       |  13.0 |  18.76 |  0.972 | 24.02 | 59.00 |  168.0 |   39.6 |  401.9
  Exp_Forward            |  14.3 |  17.96 |  0.954 | 22.86 | 57.22 |  182.2 |   51.8 |  357.1
  Exp_Reverse_Gate       |  15.2 |  17.56 |  0.964 | 21.32 | 53.15 |  204.2 |   73.9 |  389.0
  Exp_Boost              |  13.3 |  18.38 |  0.959 | 24.20 | 59.87 |  168.1 |   38.0 |  390.1
  TwoPhase               |  13.2 |  18.65 |  0.971 | 23.73 | 59.70 |  162.1 |   42.3 |  367.9
  Entropy                |  13.1 |  18.35 |  0.960 | 23.84 | 57.69 |  165.3 |   41.3 |  373.6
  Locality               |  13.2 |  18.08 |  0.951 | 24.89 | 59.18 |  165.8 |   32.5 |  388.3
  Dual                   |   3.4 |  18.77 |  0.986 | 34.76 | 76.57 |   44.9 |    3.3 |  243.5
  Quantile               |  12.4 |  18.30 |  0.956 | 26.76 | 64.76 |  194.7 |   21.1 |  461.5
  Budget_Matched         |  13.1 |  18.36 |  0.964 | 22.87 | 56.03 |  177.1 |   51.6 |  399.6
  → 162s (15s/stratégie)

[GPU 1] [33/140]  000000000032  (0_random_140)
  Strategy               |     λ | CLIP-W | CLIP-I |  PSNR |  SSIM |  LPIPS |    MSE |     SD
  -----------------------+--------+--------+--------+--------+--------+--------+--------+--------+-
  Baseline               |  13.5 |  19.73 |  0.954 | 25.25 | 91.35 |  130.2 |   29.8 |  174.5
  Exp_Forward_Gate       |  12.8 |  19.73 |  0.961 | 26.37 | 93.04 |  124.0 |   23.1 |  166.7
  Exp_Forward            |  13.9 |  19.63 |  0.931 | 25.13 | 91.26 |  138.9 |   30.7 |  179.1
  Exp_Reverse_Gate       |  15.1 |  20.92 |  0.937 | 23.96 | 89.63 |  148.8 |   40.2 |  184.4
  Exp_Boost              |  12.7 |  18.43 |  0.974 | 27.14 | 93.47 |  122.5 |   19.3 |  167.7
  TwoPhase               |  12.9 |  19.89 |  0.962 | 25.90 | 91.88 |  132.9 |   25.7 |  174.8
  Entropy                |  12.8 |  18.94 |  0.965 | 26.06 | 92.31 |  126.1 |   24.8 |  171.4
  Locality               |  12.8 |  19.52 |  0.967 | 26.37 | 92.97 |  118.4 |   23.1 |  166.3
  Dual                   |   3.1 |  16.84 |  0.997 | 36.26 | 98.19 |   38.5 |    2.4 |   91.6
  Quantile               |  14.0 |  19.32 |  0.954 | 27.11 | 91.04 |  183.5 |   19.4 |  216.1
  Budget_Matched         |  13.1 |  19.69 |  0.952 | 26.08 | 92.53 |  121.0 |   24.6 |  169.4
  → 163s (15s/stratégie)

[GPU 1] [34/140]  000000000033  (0_random_140)
  Strategy               |     λ | CLIP-W | CLIP-I |  PSNR |  SSIM |  LPIPS |    MSE |     SD
  -----------------------+--------+--------+--------+--------+--------+--------+--------+--------+-
  Baseline               |  13.5 |  34.57 |  0.823 | 20.74 | 89.52 |  121.4 |   84.4 |  323.8
  Exp_Forward_Gate       |  12.7 |  32.85 |  0.820 | 21.74 | 91.08 |  132.9 |   67.0 |  444.7
  Exp_Forward            |  14.2 |  32.82 |  0.840 | 21.42 | 91.03 |  118.1 |   72.1 |  369.2
  Exp_Reverse_Gate       |  16.3 |  34.65 |  0.834 | 19.75 | 86.86 |  162.4 |  105.9 |  385.3
  Exp_Boost              |  12.8 |  34.13 |  0.832 | 22.39 | 92.05 |  113.1 |   57.6 |  430.5
  TwoPhase               |  12.9 |  33.87 |  0.840 | 21.91 | 91.26 |  110.0 |   64.5 |  409.3
  Entropy                |  12.7 |  32.39 |  0.854 | 21.69 | 91.26 |  122.5 |   67.8 |  444.1
  Locality               |  12.7 |  33.73 |  0.843 | 21.76 | 91.31 |  118.4 |   66.7 |  428.3
  Dual                   |   3.3 |  33.29 |  0.942 | 35.00 | 99.20 |   34.8 |    3.2 |  357.9
  Quantile               |  12.6 |  34.32 |  0.852 | 23.05 | 93.34 |  132.3 |   49.5 |  539.9
  Budget_Matched         |  12.9 |  33.33 |  0.854 | 21.74 | 91.45 |  129.7 |   67.0 |  490.1
  → 163s (15s/stratégie)

[GPU 1] [35/140]  000000000034  (0_random_140)
  Strategy               |     λ | CLIP-W | CLIP-I |  PSNR |  SSIM |  LPIPS |    MSE |     SD
  -----------------------+--------+--------+--------+--------+--------+--------+--------+--------+-
  Baseline               |  13.5 |  24.14 |  0.882 | 19.80 | 85.39 |  219.6 |  104.7 |  172.9
  Exp_Forward_Gate       |  12.8 |  24.22 |  0.880 | 20.51 | 86.74 |  215.8 |   89.0 |  169.7
  Exp_Forward            |  14.1 |  24.65 |  0.875 | 19.92 | 85.09 |  227.5 |  101.8 |  178.5
  Exp_Reverse_Gate       |  15.6 |  23.73 |  0.865 | 18.41 | 81.69 |  260.9 |  144.3 |  191.9
  Exp_Boost              |  12.7 |  24.43 |  0.880 | 21.16 | 87.06 |  217.8 |   76.5 |  174.5
  TwoPhase               |  12.8 |  24.03 |  0.878 | 20.33 | 86.77 |  213.5 |   92.7 |  170.3
  Entropy                |  12.7 |  24.66 |  0.869 | 20.51 | 86.27 |  214.8 |   89.0 |  173.8
  Locality               |  12.7 |  24.27 |  0.878 | 20.41 | 86.21 |  211.4 |   91.0 |  170.4
  Dual                   |   3.3 |  23.78 |  0.949 | 27.70 | 95.95 |   94.6 |   17.0 |  103.7
  Quantile               |  12.1 |  24.43 |  0.934 | 24.86 | 89.51 |  223.0 |   32.6 |  181.8
  Budget_Matched         |  12.9 |  23.98 |  0.864 | 19.96 | 85.72 |  217.9 |  100.8 |  170.5
  → 163s (15s/stratégie)

[GPU 1] [36/140]  000000000035  (0_random_140)
  Strategy               |     λ | CLIP-W | CLIP-I |  PSNR |  SSIM |  LPIPS |    MSE |     SD
  -----------------------+--------+--------+--------+--------+--------+--------+--------+--------+-
  Baseline               |  13.5 |  27.44 |  0.675 | 23.68 | 91.34 |  205.8 |   42.8 |  166.0
  Exp_Forward_Gate       |  12.5 |  27.88 |  0.681 | 24.50 | 92.06 |  198.9 |   35.5 |  159.8
  Exp_Forward            |  13.8 |  26.54 |  0.705 | 23.85 | 91.24 |  207.1 |   41.2 |  172.4
  Exp_Reverse_Gate       |  15.4 |  29.12 |  0.754 | 22.89 | 91.12 |  205.2 |   51.4 |  163.9
  Exp_Boost              |  12.3 |  27.86 |  0.632 | 24.31 | 91.22 |  218.5 |   37.1 |  169.0
  TwoPhase               |  12.6 |  24.95 |  0.629 | 24.02 | 91.54 |  205.9 |   39.6 |  163.5
  Entropy                |  12.5 |  26.85 |  0.668 | 24.34 | 91.72 |  200.2 |   36.8 |  162.3
  Locality               |  12.6 |  27.96 |  0.690 | 24.28 | 91.74 |  201.3 |   37.3 |  164.7
  Dual                   |   3.1 |  21.88 |  0.983 | 34.26 | 98.10 |   80.7 |    3.7 |   85.7
  Quantile               |  13.0 |  28.61 |  0.738 | 24.30 | 88.68 |  268.3 |   37.1 |  193.6
  Budget_Matched         |  12.9 |  27.77 |  0.698 | 23.42 | 91.22 |  205.1 |   45.5 |  167.1
  → 163s (15s/stratégie)

[GPU 1] [37/140]  000000000036  (0_random_140)
  Strategy               |     λ | CLIP-W | CLIP-I |  PSNR |  SSIM |  LPIPS |    MSE |     SD
  -----------------------+--------+--------+--------+--------+--------+--------+--------+--------+-
  Baseline               |  13.5 |  14.61 |  0.927 | 24.22 | 91.70 |  149.7 |   37.9 |  206.3
  Exp_Forward_Gate       |  12.8 |  13.20 |  0.943 | 25.79 | 92.93 |  137.2 |   26.4 |  198.3
  Exp_Forward            |  13.9 |  13.93 |  0.901 | 24.42 | 91.63 |  153.4 |   36.1 |  211.7
  Exp_Reverse_Gate       |  15.1 |  15.39 |  0.946 | 23.48 | 90.01 |  160.3 |   44.9 |  219.7
  Exp_Boost              |  12.6 |  14.31 |  0.905 | 25.77 | 93.40 |  134.5 |   26.5 |  193.8
  TwoPhase               |  13.0 |  14.20 |  0.938 | 25.71 | 93.27 |  137.2 |   26.9 |  195.2
  Entropy                |  12.7 |  13.61 |  0.908 | 25.92 | 93.37 |  135.1 |   25.6 |  193.5
  Locality               |  12.8 |  14.11 |  0.901 | 25.84 | 93.57 |  131.8 |   26.1 |  192.4
  Dual                   |   3.3 |  13.23 |  0.999 | 34.33 | 98.49 |   41.8 |    3.7 |  112.9
  Quantile               |  13.4 |  14.72 |  0.976 | 23.94 | 92.15 |  157.2 |   40.4 |  214.3
  Budget_Matched         |  13.0 |  14.23 |  0.931 | 24.41 | 92.56 |  137.8 |   36.2 |  199.8
  → 163s (15s/stratégie)

[GPU 1] [38/140]  000000000037  (0_random_140)
  Strategy               |     λ | CLIP-W | CLIP-I |  PSNR |  SSIM |  LPIPS |    MSE |     SD
  -----------------------+--------+--------+--------+--------+--------+--------+--------+--------+-
  Baseline               |  13.5 |  24.25 |  0.974 | 28.07 | 96.32 |  125.2 |   15.6 |  153.7
  Exp_Forward_Gate       |  13.1 |  24.01 |  0.978 | 29.25 | 96.59 |  127.5 |   11.9 |  152.4
  Exp_Forward            |  13.8 |  24.18 |  0.980 | 28.67 | 96.09 |  136.5 |   13.6 |  158.4
  Exp_Reverse_Gate       |  14.2 |  24.74 |  0.968 | 27.25 | 95.29 |  140.3 |   18.8 |  167.3
  Exp_Boost              |  13.0 |  24.68 |  0.981 | 29.33 | 96.56 |  126.2 |   11.7 |  154.9
  TwoPhase               |  13.1 |  24.31 |  0.977 | 28.13 | 96.14 |  134.5 |   15.4 |  157.7
  Entropy                |  13.1 |  24.50 |  0.976 | 29.22 | 96.36 |  123.2 |   12.0 |  156.6
  Locality               |  13.1 |  24.48 |  0.977 | 29.18 | 96.40 |  125.9 |   12.1 |  157.3
  Dual                   |   3.1 |  24.30 |  0.991 | 34.91 | 98.54 |   81.3 |    3.2 |  112.4
  Quantile               |  12.6 |  23.89 |  0.963 | 29.14 | 95.01 |  180.1 |   12.2 |  193.6
  Budget_Matched         |  13.3 |  25.19 |  0.977 | 28.76 | 96.03 |  125.0 |   13.3 |  163.0
  → 162s (15s/stratégie)

[GPU 1] [39/140]  000000000038  (0_random_140)
  Strategy               |     λ | CLIP-W | CLIP-I |  PSNR |  SSIM |  LPIPS |    MSE |     SD
  -----------------------+--------+--------+--------+--------+--------+--------+--------+--------+-
  Baseline               |  13.5 |  31.31 |  0.968 | 23.41 | 89.10 |  164.0 |   45.6 |  211.7
  Exp_Forward_Gate       |  12.8 |  30.58 |  0.973 | 25.20 | 91.97 |  135.8 |   30.2 |  191.5
  Exp_Forward            |  14.1 |  30.79 |  0.965 | 24.41 | 90.02 |  163.7 |   36.2 |  212.2
  Exp_Reverse_Gate       |  15.5 |  31.24 |  0.959 | 21.74 | 85.84 |  190.1 |   67.0 |  231.6
  Exp_Boost              |  12.9 |  31.37 |  0.962 | 25.23 | 91.34 |  161.6 |   30.0 |  205.8
  TwoPhase               |  12.8 |  31.14 |  0.974 | 25.36 | 92.00 |  137.1 |   29.1 |  193.0
  Entropy                |  12.9 |  30.70 |  0.970 | 25.06 | 91.61 |  147.9 |   31.2 |  197.7
  Locality               |  12.7 |  30.82 |  0.973 | 24.78 | 91.33 |  146.5 |   33.3 |  196.0
  Dual                   |   3.2 |  27.17 |  0.994 | 32.78 | 97.58 |   56.6 |    5.3 |  118.6
  Quantile               |  12.4 |  32.86 |  0.913 | 25.43 | 89.49 |  202.7 |   28.7 |  230.3
  Budget_Matched         |  13.0 |  30.23 |  0.979 | 24.62 | 91.51 |  137.2 |   34.5 |  189.9
  → 162s (15s/stratégie)

[GPU 1] [40/140]  000000000039  (0_random_140)
  Strategy               |     λ | CLIP-W | CLIP-I |  PSNR |  SSIM |  LPIPS |    MSE |     SD
  -----------------------+--------+--------+--------+--------+--------+--------+--------+--------+-
  Baseline               |  13.5 |  24.41 |  0.965 | 18.13 | 79.74 |  286.5 |  153.9 |  208.5
  Exp_Forward_Gate       |  12.5 |  24.49 |  0.972 | 19.19 | 81.90 |  270.4 |  120.4 |  197.3
  Exp_Forward            |  14.1 |  24.52 |  0.970 | 18.30 | 79.27 |  296.1 |  148.0 |  208.6
  Exp_Reverse_Gate       |  16.9 |  24.91 |  0.962 | 16.41 | 74.77 |  321.2 |  228.7 |  229.8
  Exp_Boost              |  12.4 |  24.69 |  0.963 | 19.33 | 82.42 |  266.4 |  116.7 |  199.9
  TwoPhase               |  12.7 |  24.82 |  0.967 | 19.25 | 82.61 |  265.9 |  118.8 |  194.3
  Entropy                |  12.4 |  24.87 |  0.962 | 18.56 | 80.76 |  275.6 |  139.2 |  202.9
  Locality               |  12.5 |  24.60 |  0.966 | 19.23 | 82.29 |  261.6 |  119.5 |  193.3
  Dual                   |   3.3 |  21.71 |  0.955 | 26.74 | 95.17 |  118.1 |   21.2 |  104.8
  Quantile               |  11.8 |  22.86 |  0.971 | 21.23 | 84.88 |  270.9 |   75.3 |  200.0
  Budget_Matched         |  12.7 |  25.22 |  0.962 | 18.29 | 80.23 |  279.8 |  148.4 |  203.8
  → 162s (15s/stratégie)

[GPU 1] [41/140]  000000000040  (0_random_140)
  Strategy               |     λ | CLIP-W | CLIP-I |  PSNR |  SSIM |  LPIPS |    MSE |     SD
  -----------------------+--------+--------+--------+--------+--------+--------+--------+--------+-
  Baseline               |  13.5 |  21.02 |  0.858 | 19.64 | 76.87 |  284.4 |  108.7 |  253.3
  Exp_Forward_Gate       |  12.7 |  26.70 |  0.889 | 22.00 | 84.90 |  225.0 |   63.1 |  225.3
  Exp_Forward            |  14.2 |  27.53 |  0.844 | 21.15 | 80.22 |  266.5 |   76.7 |  243.6
  Exp_Reverse_Gate       |  16.6 |  29.69 |  0.827 | 18.08 | 71.92 |  333.2 |  155.7 |  281.6
  Exp_Boost              |  12.7 |  23.89 |  0.862 | 21.53 | 82.00 |  265.3 |   70.4 |  249.0
  TwoPhase               |  13.0 |  29.57 |  0.832 | 21.25 | 80.94 |  258.9 |   74.9 |  239.3
  Entropy                |  12.8 |  24.33 |  0.846 | 21.34 | 81.41 |  269.4 |   73.4 |  244.4
  Locality               |  12.8 |  22.90 |  0.883 | 21.47 | 81.75 |  264.7 |   71.2 |  244.2
  Dual                   |   3.1 |  26.86 |  0.985 | 33.36 | 97.85 |   51.4 |    4.6 |  103.7
  Quantile               |  12.4 |  26.16 |  0.858 | 23.12 | 84.57 |  302.3 |   48.7 |  264.4
  Budget_Matched         |  12.9 |  29.69 |  0.834 | 20.86 | 81.32 |  253.3 |   82.1 |  237.7
  → 162s (15s/stratégie)

[GPU 1] [42/140]  000000000041  (0_random_140)
  Strategy               |     λ | CLIP-W | CLIP-I |  PSNR |  SSIM |  LPIPS |    MSE |     SD
  -----------------------+--------+--------+--------+--------+--------+--------+--------+--------+-
  Baseline               |  13.5 |  25.40 |  0.940 | 28.13 | 86.28 |  175.7 |   15.4 |  171.1
  Exp_Forward_Gate       |  13.0 |  26.30 |  0.915 | 27.33 | 87.27 |  172.0 |   18.5 |  171.0
  Exp_Forward            |  13.9 |  27.24 |  0.908 | 27.18 | 85.99 |  198.0 |   19.1 |  185.4
  Exp_Reverse_Gate       |  14.1 |  26.50 |  0.947 | 28.18 | 88.71 |  168.6 |   15.2 |  165.1
  Exp_Boost              |  13.2 |  22.85 |  0.962 | 29.18 | 88.08 |  174.8 |   12.1 |  172.1
  TwoPhase               |  13.2 |  24.05 |  0.951 | 28.16 | 87.16 |  187.3 |   15.3 |  178.3
  Entropy                |  13.2 |  26.09 |  0.928 | 28.09 | 87.42 |  178.6 |   15.5 |  177.0
  Locality               |  13.1 |  27.52 |  0.896 | 27.25 | 87.81 |  183.9 |   18.8 |  177.0
  Dual                   |   3.2 |  21.48 |  0.986 | 34.73 | 94.04 |   90.0 |    3.4 |  116.2
  Quantile               |  13.7 |  21.83 |  0.952 | 27.70 | 84.99 |  237.5 |   17.0 |  223.2
  Budget_Matched         |  13.3 |  26.25 |  0.917 | 27.99 | 86.41 |  181.7 |   15.9 |  173.3
  → 162s (15s/stratégie)

[GPU 1] [43/140]  000000000042  (0_random_140)
  Strategy               |     λ | CLIP-W | CLIP-I |  PSNR |  SSIM |  LPIPS |    MSE |     SD
  -----------------------+--------+--------+--------+--------+--------+--------+--------+--------+-
  Baseline               |  13.5 |  31.15 |  0.766 | 22.91 | 87.65 |  265.4 |   51.2 |  255.2
  Exp_Forward_Gate       |  12.8 |  29.30 |  0.799 | 23.09 | 87.50 |  272.5 |   49.1 |  262.7
  Exp_Forward            |  14.1 |  32.36 |  0.767 | 22.59 | 87.69 |  259.7 |   55.1 |  262.9
  Exp_Reverse_Gate       |  15.6 |  32.48 |  0.799 | 21.11 | 85.05 |  292.6 |   77.5 |  274.3
  Exp_Boost              |  12.7 |  30.12 |  0.813 | 24.15 | 90.57 |  230.2 |   38.5 |  245.6
  TwoPhase               |  12.8 |  31.57 |  0.792 | 22.67 | 87.65 |  264.1 |   54.1 |  254.9
  Entropy                |  12.9 |  30.28 |  0.770 | 24.19 | 89.06 |  254.0 |   38.1 |  248.8
  Locality               |  12.8 |  30.55 |  0.800 | 23.35 | 88.20 |  264.3 |   46.2 |  257.1
  Dual                   |   3.2 |  23.65 |  0.988 | 36.44 | 98.49 |   64.7 |    2.3 |  129.8
  Quantile               |  11.8 |  28.50 |  0.844 | 28.51 | 92.30 |  233.6 |   14.1 |  246.4
  Budget_Matched         |  13.1 |  30.14 |  0.816 | 24.56 | 89.69 |  245.7 |   35.0 |  234.8
  → 162s (15s/stratégie)

[GPU 1] [44/140]  000000000043  (0_random_140)
  Strategy               |     λ | CLIP-W | CLIP-I |  PSNR |  SSIM |  LPIPS |    MSE |     SD
  -----------------------+--------+--------+--------+--------+--------+--------+--------+--------+-
  Baseline               |  13.5 |  25.23 |  0.927 | 25.26 | 92.51 |  134.7 |   29.8 |  209.4
  Exp_Forward_Gate       |  12.6 |  25.69 |  0.921 | 25.25 | 91.49 |  146.6 |   29.8 |  221.0
  Exp_Forward            |  13.9 |  25.59 |  0.927 | 25.10 | 91.57 |  145.2 |   30.9 |  222.1
  Exp_Reverse_Gate       |  15.4 |  25.96 |  0.910 | 23.30 | 88.70 |  165.3 |   46.7 |  235.0
  Exp_Boost              |  12.6 |  25.18 |  0.941 | 26.93 | 93.53 |  132.3 |   20.3 |  211.6
  TwoPhase               |  12.9 |  26.23 |  0.924 | 25.26 | 92.09 |  141.4 |   29.8 |  217.3
  Entropy                |  12.7 |  25.98 |  0.927 | 25.17 | 91.76 |  142.3 |   30.4 |  214.4
  Locality               |  12.6 |  25.37 |  0.929 | 25.32 | 91.55 |  143.6 |   29.4 |  222.3
  Dual                   |   3.2 |  22.83 |  0.995 | 34.06 | 98.29 |   56.7 |    3.9 |  143.6
  Quantile               |  12.8 |  22.33 |  0.946 | 25.34 | 91.59 |  194.7 |   29.3 |  259.2
  Budget_Matched         |  13.0 |  24.77 |  0.946 | 25.53 | 92.94 |  134.1 |   28.0 |  210.6
  → 162s (15s/stratégie)

[GPU 1] [45/140]  000000000044  (0_random_140)
  Strategy               |     λ | CLIP-W | CLIP-I |  PSNR |  SSIM |  LPIPS |    MSE |     SD
  -----------------------+--------+--------+--------+--------+--------+--------+--------+--------+-
  Baseline               |  13.5 |  24.15 |  0.933 | 20.67 | 85.54 |  212.6 |   85.8 |  176.8
  Exp_Forward_Gate       |  12.5 |  23.99 |  0.947 | 21.72 | 87.65 |  195.6 |   67.3 |  164.6
  Exp_Forward            |  14.0 |  25.35 |  0.928 | 21.01 | 85.40 |  229.1 |   79.2 |  183.0
  Exp_Reverse_Gate       |  16.0 |  24.92 |  0.902 | 19.72 | 83.22 |  248.8 |  106.6 |  193.6
  Exp_Boost              |  12.5 |  23.91 |  0.954 | 23.09 | 88.80 |  194.8 |   49.1 |  170.2
  TwoPhase               |  12.7 |  24.16 |  0.948 | 21.59 | 86.78 |  198.2 |   69.3 |  173.5
  Entropy                |  12.4 |  23.55 |  0.946 | 21.43 | 87.20 |  204.2 |   72.0 |  171.1
  Locality               |  12.6 |  23.92 |  0.953 | 22.28 | 88.67 |  185.3 |   59.1 |  164.0
  Dual                   |   3.1 |  20.40 |  0.990 | 32.58 | 97.86 |   56.4 |    5.5 |   83.7
  Quantile               |  11.7 |  22.98 |  0.953 | 23.89 | 89.49 |  191.6 |   40.8 |  174.2
  Budget_Matched         |  12.8 |  24.73 |  0.940 | 21.19 | 86.51 |  214.6 |   76.0 |  177.4
  → 163s (15s/stratégie)

[GPU 1] [46/140]  000000000045  (0_random_140)
  Strategy               |     λ | CLIP-W | CLIP-I |  PSNR |  SSIM |  LPIPS |    MSE |     SD
  -----------------------+--------+--------+--------+--------+--------+--------+--------+--------+-
  Baseline               |  13.5 |  30.50 |  0.928 | 19.73 | 82.24 |  269.4 |  106.5 |  361.9
  Exp_Forward_Gate       |  12.3 |  30.87 |  0.941 | 21.62 | 86.84 |  217.4 |   68.9 |  329.4
  Exp_Forward            |  14.2 |  31.41 |  0.932 | 20.08 | 83.85 |  247.7 |   98.2 |  352.9
  Exp_Reverse_Gate       |  17.4 |  30.17 |  0.883 | 17.90 | 76.51 |  330.7 |  162.4 |  411.8
  Exp_Boost              |  12.4 |  31.36 |  0.941 | 21.98 | 87.59 |  214.1 |   63.3 |  334.3
  TwoPhase               |  12.6 |  30.56 |  0.931 | 20.98 | 86.51 |  219.3 |   79.7 |  332.3
  Entropy                |  12.3 |  31.26 |  0.934 | 21.42 | 87.74 |  206.2 |   72.1 |  322.1
  Locality               |  12.4 |  30.53 |  0.947 | 21.72 | 87.48 |  205.7 |   67.2 |  322.1
  Dual                   |   3.3 |  25.92 |  0.983 | 30.58 | 97.42 |   70.2 |    8.7 |  202.6
  Quantile               |  12.6 |  31.20 |  0.953 | 21.87 | 87.61 |  230.5 |   65.0 |  350.0
  Budget_Matched         |  12.7 |  29.60 |  0.937 | 20.63 | 85.42 |  231.5 |   86.6 |  342.4
  → 163s (15s/stratégie)

[GPU 1] [47/140]  000000000046  (0_random_140)
  Strategy               |     λ | CLIP-W | CLIP-I |  PSNR |  SSIM |  LPIPS |    MSE |     SD
  -----------------------+--------+--------+--------+--------+--------+--------+--------+--------+-
  Baseline               |  13.5 |  24.10 |  0.864 | 25.18 | 91.40 |  273.8 |   30.3 |  359.2
  Exp_Forward_Gate       |  12.8 |  24.23 |  0.829 | 25.07 | 91.83 |  276.0 |   31.1 |  370.5
  Exp_Forward            |  14.1 |  23.43 |  0.815 | 25.09 | 91.22 |  283.7 |   30.9 |  372.3
  Exp_Reverse_Gate       |  15.5 |  24.15 |  0.851 | 23.31 | 88.65 |  325.4 |   46.7 |  395.2
  Exp_Boost              |  12.9 |  23.37 |  0.827 | 25.82 | 92.76 |  244.2 |   26.2 |  350.7
  TwoPhase               |  13.0 |  24.01 |  0.836 | 25.47 | 91.97 |  260.0 |   28.4 |  359.0
  Entropy                |  12.9 |  23.85 |  0.847 | 25.32 | 92.06 |  251.7 |   29.4 |  354.4
  Locality               |  12.9 |  23.59 |  0.863 | 24.73 | 91.10 |  260.4 |   33.7 |  374.3
  Dual                   |   3.3 |  23.83 |  0.958 | 31.69 | 97.72 |   90.5 |    6.8 |  245.4
  Quantile               |  12.3 |  24.50 |  0.877 | 26.26 | 93.78 |  215.8 |   23.7 |  348.2
  Budget_Matched         |  13.0 |  23.21 |  0.864 | 24.65 | 91.25 |  264.5 |   34.3 |  365.1
  → 163s (15s/stratégie)

[GPU 1] [48/140]  000000000047  (0_random_140)
  Strategy               |     λ | CLIP-W | CLIP-I |  PSNR |  SSIM |  LPIPS |    MSE |     SD
  -----------------------+--------+--------+--------+--------+--------+--------+--------+--------+-
  Baseline               |  13.5 |  23.03 |  0.960 | 18.35 | 80.85 |  245.9 |  146.3 |  214.8
  Exp_Forward_Gate       |  12.3 |  23.13 |  0.969 | 17.88 | 78.46 |  266.2 |  162.8 |  228.0
  Exp_Forward            |  14.0 |  22.64 |  0.935 | 18.97 | 82.18 |  237.9 |  126.8 |  212.8
  Exp_Reverse_Gate       |  17.2 |  25.49 |  0.927 | 15.07 | 66.76 |  350.8 |  311.2 |  274.2
  Exp_Boost              |  12.3 |  22.66 |  0.968 | 19.07 | 81.77 |  251.5 |  123.8 |  218.7
  TwoPhase               |  12.7 |  23.13 |  0.977 | 19.63 | 83.38 |  233.5 |  108.9 |  207.6
  Entropy                |  12.5 |  23.12 |  0.974 | 19.97 | 84.60 |  223.3 |  100.7 |  200.9
  Locality               |  12.5 |  23.40 |  0.964 | 19.66 | 83.86 |  222.8 |  108.1 |  201.4
  Dual                   |   3.2 |  22.30 |  0.996 | 28.77 | 96.76 |   88.8 |   13.3 |  103.1
  Quantile               |  12.9 |  23.66 |  0.968 | 19.27 | 81.02 |  268.9 |  118.4 |  236.6
  Budget_Matched         |  12.7 |  23.16 |  0.932 | 18.53 | 81.27 |  247.4 |  140.3 |  213.3
  → 163s (15s/stratégie)

[GPU 1] [49/140]  000000000048  (0_random_140)
  Strategy               |     λ | CLIP-W | CLIP-I |  PSNR |  SSIM |  LPIPS |    MSE |     SD
  -----------------------+--------+--------+--------+--------+--------+--------+--------+--------+-
  Baseline               |  13.5 |  22.97 |  0.977 | 29.30 | 90.41 |  107.4 |   11.8 |  235.1
  Exp_Forward_Gate       |  13.0 |  21.98 |  0.975 | 29.68 | 90.26 |  108.8 |   10.8 |  239.9
  Exp_Forward            |  13.8 |  23.08 |  0.973 | 29.55 | 89.94 |  107.5 |   11.1 |  238.1
  Exp_Reverse_Gate       |  14.4 |  22.74 |  0.967 | 28.30 | 88.95 |  122.6 |   14.8 |  248.8
  Exp_Boost              |  12.8 |  22.60 |  0.979 | 29.52 | 90.11 |  103.0 |   11.2 |  239.6
  TwoPhase               |  13.1 |  23.26 |  0.976 | 29.95 | 90.58 |  100.7 |   10.1 |  233.7
  Entropy                |  13.0 |  21.50 |  0.978 | 29.66 | 89.76 |  106.7 |   10.8 |  238.6
  Locality               |  13.0 |  22.28 |  0.975 | 29.55 | 89.97 |  110.3 |   11.1 |  241.4
  Dual                   |   3.1 |  19.89 |  0.993 | 35.47 | 91.95 |   34.6 |    2.8 |  172.1
  Quantile               |  12.8 |  22.29 |  0.934 | 31.03 | 89.74 |  145.1 |    7.9 |  266.8
  Budget_Matched         |  13.2 |  22.60 |  0.979 | 29.64 | 90.33 |  104.2 |   10.9 |  236.9
  → 163s (15s/stratégie)

[GPU 1] [50/140]  000000000049  (0_random_140)
  Strategy               |     λ | CLIP-W | CLIP-I |  PSNR |  SSIM |  LPIPS |    MSE |     SD
  -----------------------+--------+--------+--------+--------+--------+--------+--------+--------+-
  Baseline               |  13.5 |  20.16 |  0.966 | 23.24 | 88.49 |  167.4 |   47.4 |  319.8
  Exp_Forward_Gate       |  12.7 |  19.61 |  0.981 | 26.09 | 91.90 |  128.4 |   24.6 |  300.8
  Exp_Forward            |  13.9 |  19.82 |  0.972 | 24.73 | 90.01 |  152.4 |   33.6 |  315.3
  Exp_Reverse_Gate       |  15.8 |  19.52 |  0.950 | 22.38 | 83.51 |  220.9 |   57.8 |  355.0
  Exp_Boost              |  12.7 |  19.83 |  0.980 | 26.73 | 93.68 |  131.2 |   21.2 |  301.1
  TwoPhase               |  12.8 |  19.54 |  0.977 | 25.06 | 91.27 |  134.1 |   31.2 |  300.3
  Entropy                |  12.6 |  19.80 |  0.972 | 24.86 | 90.10 |  149.5 |   32.6 |  307.2
  Locality               |  12.7 |  20.04 |  0.972 | 25.30 | 91.15 |  136.4 |   29.5 |  298.8
  Dual                   |   3.1 |  19.71 |  0.995 | 35.69 | 98.60 |   41.3 |    2.7 |  199.4
  Quantile               |  13.4 |  20.24 |  0.976 | 26.16 | 92.88 |  166.8 |   24.2 |  331.1
  Budget_Matched         |  12.9 |  19.03 |  0.964 | 23.98 | 88.47 |  165.9 |   40.0 |  313.9
  → 163s (15s/stratégie)

[GPU 1] [51/140]  000000000050  (0_random_140)
  Strategy               |     λ | CLIP-W | CLIP-I |  PSNR |  SSIM |  LPIPS |    MSE |     SD
  -----------------------+--------+--------+--------+--------+--------+--------+--------+--------+-
  Baseline               |  13.5 |  30.43 |  0.821 | 21.87 | 85.23 |  214.7 |   65.0 |  197.8
  Exp_Forward_Gate       |  12.4 |  29.89 |  0.839 | 22.27 | 85.82 |  209.3 |   59.3 |  197.2
  Exp_Forward            |  14.0 |  30.27 |  0.791 | 21.31 | 84.30 |  219.4 |   73.9 |  202.0
  Exp_Reverse_Gate       |  16.1 |  31.36 |  0.793 | 20.17 | 81.60 |  239.7 |   96.1 |  219.7
