[GPU 2] Chunk 1/5 — 140 images (140→279)
[GPU 2] Chargement SD3-medium (visible=2) …
Loading pipeline components...:   0%|          | 0/9 [00:00<?, ?it/s]`torch_dtype` is deprecated! Use `dtype` instead!
Loading pipeline components...:  11%|█         | 1/9 [00:00<00:01,  5.32it/s]
Loading checkpoint shards:   0%|          | 0/2 [00:00<?, ?it/s][A
Loading checkpoint shards:  50%|█████     | 1/2 [00:00<00:00,  4.88it/s][A
Loading checkpoint shards: 100%|██████████| 2/2 [00:00<00:00,  5.03it/s][ALoading checkpoint shards: 100%|██████████| 2/2 [00:00<00:00,  5.00it/s]
Loading pipeline components...:  22%|██▏       | 2/9 [00:00<00:02,  3.05it/s]Loading pipeline components...:  56%|█████▌    | 5/9 [00:00<00:00,  5.55it/s]You set `add_prefix_space`. The tokenizer needs to be converted from the slow tokenizers
Loading pipeline components...:  89%|████████▉ | 8/9 [00:01<00:00,  6.68it/s]Loading pipeline components...: 100%|██████████| 9/9 [00:01<00:00,  6.39it/s]Loading pipeline components...: 100%|██████████| 9/9 [00:01<00:00,  5.91it/s]
/shared/ssd_14T/home/ahmadou/miniconda3/envs/pytorch_env/lib/python3.10/site-packages/torchvision/models/_utils.py:208: UserWarning: The parameter 'pretrained' is deprecated since 0.13 and may be removed in the future, please use 'weights' instead.
  warnings.warn(
/shared/ssd_14T/home/ahmadou/miniconda3/envs/pytorch_env/lib/python3.10/site-packages/torchvision/models/_utils.py:223: UserWarning: Arguments other than a weight enum or `None` for 'weights' are deprecated since 0.13 and may be removed in the future. The current behavior is equivalent to passing `weights=VGG16_Weights.IMAGENET1K_V1`. You can also use `weights=VGG16_Weights.DEFAULT` to get the most up-to-date weights.
  warnings.warn(msg)
Setting up [LPIPS] perceptual loss: trunk [vgg], v[0.1], spatial [off]
Loading model from: /shared/ssd_14T/home/ahmadou/miniconda3/envs/pytorch_env/lib/python3.10/site-packages/lpips/weights/v0.1/vgg.pth

[GPU 2] [1/140]  111000000000  (1_animal)
  Strategy               |     λ | CLIP-W | CLIP-I |  PSNR |  SSIM |  LPIPS |    MSE |     SD
  -----------------------+--------+--------+--------+--------+--------+--------+--------+--------+-
  Baseline               |  13.5 |  20.48 |  0.893 | 16.66 | 62.49 |  345.0 |  215.6 |  327.4
  Exp_Forward_Gate       |  12.1 |  17.78 |  0.927 | 18.59 | 70.90 |  274.3 |  138.2 |  283.6
  Exp_Forward            |  14.3 |  19.38 |  0.903 | 17.54 | 65.93 |  313.1 |  176.3 |  313.6
  Exp_Reverse_Gate       |  18.7 |  22.56 |  0.844 | 14.59 | 52.48 |  427.0 |  347.2 |  376.8
  Exp_Boost              |  11.9 |  14.12 |  0.962 | 19.57 | 74.48 |  247.5 |  110.4 |  271.5
  TwoPhase               |  12.4 |  16.90 |  0.898 | 18.62 | 71.00 |  278.1 |  137.5 |  289.6
  Entropy                |  12.2 |  16.81 |  0.939 | 18.85 | 72.58 |  260.9 |  130.3 |  277.4
  Locality               |  12.1 |  18.36 |  0.915 | 18.72 | 72.09 |  265.3 |  134.2 |  278.8
  Dual                   |   3.2 |  13.54 |  0.977 | 29.86 | 93.86 |   43.6 |   10.3 |  106.9
  Quantile               |  11.0 |  13.32 |  0.956 | 21.30 | 81.55 |  190.9 |   74.2 |  237.3
  Budget_Matched         |  12.5 |  19.78 |  0.899 | 17.82 | 68.11 |  294.3 |  165.3 |  300.5
  → 173s (16s/stratégie)

[GPU 2] [2/140]  111000000001  (1_animal)
  Strategy               |     λ | CLIP-W | CLIP-I |  PSNR |  SSIM |  LPIPS |    MSE |     SD
  -----------------------+--------+--------+--------+--------+--------+--------+--------+--------+-
  Baseline               |  13.5 |  36.43 |  0.805 | 15.70 | 64.91 |  392.5 |  269.0 |  430.4
  Exp_Forward_Gate       |  12.1 |  37.75 |  0.814 | 17.03 | 72.19 |  343.1 |  198.0 |  401.3
  Exp_Forward            |  14.5 |  38.97 |  0.796 | 15.83 | 66.46 |  400.4 |  261.4 |  433.3
  Exp_Reverse_Gate       |  19.9 |  36.80 |  0.803 | 14.00 | 55.33 |  469.8 |  397.7 |  467.1
  Exp_Boost              |  12.4 |  36.32 |  0.798 | 17.74 | 75.21 |  334.7 |  168.4 |  393.6
  TwoPhase               |  12.5 |  38.09 |  0.811 | 17.29 | 73.63 |  337.7 |  186.6 |  399.5
  Entropy                |  12.1 |  38.21 |  0.811 | 17.00 | 70.93 |  356.4 |  199.6 |  415.8
  Locality               |  12.1 |  37.47 |  0.808 | 17.05 | 73.22 |  340.5 |  197.1 |  398.4
  Dual                   |   3.3 |  23.38 |  0.980 | 29.19 | 97.14 |   57.6 |   12.1 |  203.6
  Quantile               |  11.6 |  34.09 |  0.868 | 18.91 | 82.06 |  281.3 |  128.5 |  361.5
  Budget_Matched         |  12.4 |  38.45 |  0.806 | 16.48 | 69.45 |  362.3 |  225.1 |  415.7
  → 184s (17s/stratégie)

[GPU 2] [3/140]  111000000002  (1_animal)
  Strategy               |     λ | CLIP-W | CLIP-I |  PSNR |  SSIM |  LPIPS |    MSE |     SD
  -----------------------+--------+--------+--------+--------+--------+--------+--------+--------+-
  Baseline               |  13.5 |  22.12 |  0.767 | 18.75 | 76.22 |  366.0 |  133.3 |  480.0
  Exp_Forward_Gate       |  12.2 |  24.18 |  0.792 | 19.08 | 77.27 |  371.7 |  123.6 |  505.0
  Exp_Forward            |  14.3 |  24.06 |  0.793 | 18.99 | 76.46 |  376.1 |  126.2 |  512.4
  Exp_Reverse_Gate       |  18.7 |  24.92 |  0.793 | 16.50 | 67.03 |  447.6 |  223.6 |  524.4
  Exp_Boost              |  12.4 |  23.40 |  0.779 | 19.98 | 79.56 |  365.3 |  100.6 |  513.4
  TwoPhase               |  12.5 |  24.23 |  0.784 | 19.23 | 78.25 |  349.7 |  119.5 |  497.6
  Entropy                |  12.2 |  24.30 |  0.799 | 19.32 | 78.46 |  351.7 |  116.8 |  494.4
  Locality               |  12.3 |  24.73 |  0.793 | 19.97 | 79.95 |  331.5 |  100.7 |  485.7
  Dual                   |   3.6 |  12.77 |  0.985 | 27.66 | 95.18 |   97.5 |   17.1 |  344.7
  Quantile               |  11.6 |  24.01 |  0.764 | 20.14 | 80.69 |  381.1 |   96.8 |  535.3
  Budget_Matched         |  12.5 |  24.68 |  0.783 | 19.20 | 77.93 |  362.0 |  120.1 |  491.4
  → 184s (17s/stratégie)

[GPU 2] [4/140]  111000000003  (1_animal)
  Strategy               |     λ | CLIP-W | CLIP-I |  PSNR |  SSIM |  LPIPS |    MSE |     SD
  -----------------------+--------+--------+--------+--------+--------+--------+--------+--------+-
  Baseline               |  13.5 |  29.41 |  0.828 | 18.49 | 77.07 |  264.9 |  141.7 |  364.5
  Exp_Forward_Gate       |  12.1 |  28.54 |  0.842 | 19.24 | 78.60 |  251.7 |  119.2 |  376.0
  Exp_Forward            |  14.2 |  27.75 |  0.786 | 18.68 | 76.39 |  283.1 |  135.5 |  391.7
  Exp_Reverse_Gate       |  17.3 |  26.77 |  0.823 | 17.43 | 72.69 |  304.3 |  180.9 |  384.2
  Exp_Boost              |  12.3 |  28.60 |  0.827 | 19.91 | 79.38 |  274.6 |  102.2 |  385.9
  TwoPhase               |  12.6 |  27.90 |  0.863 | 20.58 | 80.64 |  240.0 |   87.4 |  366.8
  Entropy                |  12.1 |  28.65 |  0.817 | 19.11 | 76.99 |  277.5 |  122.7 |  392.0
  Locality               |  12.3 |  28.60 |  0.848 | 19.58 | 79.71 |  245.2 |  110.1 |  367.0
  Dual                   |   3.4 |  19.79 |  0.935 | 28.65 | 95.49 |   78.3 |   13.7 |  249.2
  Quantile               |  11.7 |  28.32 |  0.878 | 22.44 | 85.85 |  228.1 |   57.0 |  374.3
  Budget_Matched         |  12.6 |  28.33 |  0.839 | 18.99 | 77.67 |  264.6 |  126.3 |  373.0
  → 183s (17s/stratégie)

[GPU 2] [5/140]  111000000004  (1_animal)
  Strategy               |     λ | CLIP-W | CLIP-I |  PSNR |  SSIM |  LPIPS |    MSE |     SD
  -----------------------+--------+--------+--------+--------+--------+--------+--------+--------+-
  Baseline               |  13.5 |  29.34 |  0.897 | 19.72 | 81.59 |  185.8 |  106.6 |  456.3
  Exp_Forward_Gate       |  12.4 |  31.45 |  0.925 | 20.23 | 83.01 |  193.9 |   94.8 |  506.0
  Exp_Forward            |  14.2 |  29.69 |  0.888 | 20.10 | 81.86 |  199.1 |   97.8 |  506.2
  Exp_Reverse_Gate       |  16.5 |  27.33 |  0.959 | 18.60 | 79.04 |  192.8 |  137.9 |  426.5
  Exp_Boost              |  12.6 |  29.48 |  0.912 | 21.22 | 84.53 |  204.0 |   75.5 |  537.6
  TwoPhase               |  12.7 |  30.38 |  0.922 | 20.69 | 83.89 |  183.4 |   85.3 |  506.0
  Entropy                |  12.5 |  26.17 |  0.816 | 20.90 | 83.88 |  182.6 |   81.2 |  508.3
  Locality               |  12.5 |  28.22 |  0.892 | 20.93 | 83.86 |  195.5 |   80.8 |  511.8
  Dual                   |   3.5 |  27.73 |  0.981 | 29.97 | 96.45 |   60.5 |   10.1 |  399.9
  Quantile               |  12.4 |  29.79 |  0.954 | 22.03 | 86.13 |  246.3 |   62.7 |  565.6
  Budget_Matched         |  12.8 |  28.95 |  0.955 | 20.37 | 83.17 |  186.8 |   91.7 |  481.5
  → 183s (17s/stratégie)

[GPU 2] [6/140]  111000000005  (1_animal)
  Strategy               |     λ | CLIP-W | CLIP-I |  PSNR |  SSIM |  LPIPS |    MSE |     SD
  -----------------------+--------+--------+--------+--------+--------+--------+--------+--------+-
  Baseline               |  13.5 |  30.75 |  0.818 | 20.89 | 85.93 |  196.0 |   81.5 |  229.1
  Exp_Forward_Gate       |  12.5 |  30.48 |  0.836 | 21.75 | 87.73 |  182.3 |   66.9 |  218.6
  Exp_Forward            |  14.0 |  30.60 |  0.791 | 20.45 | 84.63 |  210.1 |   90.2 |  236.6
  Exp_Reverse_Gate       |  16.4 |  30.14 |  0.771 | 19.05 | 80.74 |  261.1 |  124.4 |  259.5
  Exp_Boost              |  12.4 |  30.72 |  0.857 | 22.34 | 88.52 |  175.7 |   58.4 |  217.7
  TwoPhase               |  12.7 |  30.00 |  0.818 | 22.16 | 88.11 |  176.3 |   60.9 |  213.3
  Entropy                |  12.5 |  30.27 |  0.832 | 22.00 | 87.54 |  189.2 |   63.1 |  222.1
  Locality               |  12.5 |  29.68 |  0.839 | 21.66 | 87.59 |  178.3 |   68.2 |  216.1
  Dual                   |   3.3 |  20.74 |  0.978 | 32.55 | 97.56 |   61.1 |    5.6 |  129.7
  Quantile               |  12.0 |  28.38 |  0.888 | 24.56 | 90.77 |  177.9 |   35.0 |  226.1
  Budget_Matched         |  12.8 |  30.00 |  0.827 | 21.34 | 86.47 |  193.4 |   73.4 |  224.7
  → 184s (17s/stratégie)

[GPU 2] [7/140]  111000000006  (1_animal)
  Strategy               |     λ | CLIP-W | CLIP-I |  PSNR |  SSIM |  LPIPS |    MSE |     SD
  -----------------------+--------+--------+--------+--------+--------+--------+--------+--------+-
  Baseline               |  13.5 |  27.04 |  0.885 | 24.03 | 93.56 |   75.1 |   39.5 |  505.8
  Exp_Forward_Gate       |  13.3 |  26.85 |  0.902 | 25.69 | 94.04 |   99.1 |   27.0 |  579.6
  Exp_Forward            |  14.3 |  29.76 |  0.835 | 23.67 | 90.83 |   99.9 |   42.9 |  515.5
  Exp_Reverse_Gate       |  14.9 |  28.38 |  0.893 | 23.46 | 91.38 |   81.7 |   45.1 |  419.5
  Exp_Boost              |  13.6 |  27.55 |  0.905 | 25.41 | 94.32 |  126.8 |   28.8 |  628.7
  TwoPhase               |  13.3 |  26.97 |  0.900 | 25.19 | 94.28 |   99.0 |   30.3 |  535.3
  Entropy                |  13.3 |  26.82 |  0.938 | 25.45 | 94.60 |   60.6 |   28.5 |  525.4
  Locality               |  13.2 |  27.41 |  0.905 | 24.52 | 94.47 |   67.0 |   35.3 |  560.6
  Dual                   |   3.5 |  27.62 |  0.933 | 30.31 | 93.57 |   32.2 |    9.3 |  436.3
  Quantile               |  12.4 |  25.09 |  0.918 | 25.83 | 95.24 |  117.4 |   26.1 |  681.5
  Budget_Matched         |  13.1 |  28.47 |  0.908 | 24.12 | 94.90 |   64.5 |   38.7 |  501.7
  → 183s (17s/stratégie)

[GPU 2] [8/140]  111000000007  (1_animal)
  Strategy               |     λ | CLIP-W | CLIP-I |  PSNR |  SSIM |  LPIPS |    MSE |     SD
  -----------------------+--------+--------+--------+--------+--------+--------+--------+--------+-
  Baseline               |  13.5 |  28.41 |  0.711 | 18.36 | 78.64 |  280.4 |  145.9 |  328.2
  Exp_Forward_Gate       |  12.0 |  28.14 |  0.724 | 19.56 | 81.72 |  258.9 |  110.8 |  313.0
  Exp_Forward            |  14.1 |  29.17 |  0.720 | 18.78 | 79.01 |  281.8 |  132.3 |  331.1
  Exp_Reverse_Gate       |  17.7 |  28.37 |  0.704 | 17.35 | 76.21 |  301.1 |  184.3 |  344.6
  Exp_Boost              |  11.9 |  28.14 |  0.747 | 20.20 | 82.72 |  261.3 |   95.4 |  315.1
  TwoPhase               |  12.3 |  25.35 |  0.773 | 19.85 | 82.90 |  250.3 |  103.5 |  307.5
  Entropy                |  12.0 |  29.08 |  0.697 | 19.35 | 81.27 |  264.3 |  116.1 |  316.3
  Locality               |  12.0 |  28.07 |  0.712 | 19.53 | 81.87 |  258.3 |  111.5 |  312.1
  Dual                   |   3.2 |  17.82 |  0.984 | 31.79 | 97.86 |   53.9 |    6.6 |  171.4
  Quantile               |  11.6 |  24.10 |  0.764 | 20.59 | 84.50 |  259.8 |   87.4 |  328.8
  Budget_Matched         |  12.4 |  27.43 |  0.702 | 19.05 | 79.69 |  273.6 |  124.6 |  323.0
  → 184s (17s/stratégie)

[GPU 2] [9/140]  111000000008  (1_animal)
  Strategy               |     λ | CLIP-W | CLIP-I |  PSNR |  SSIM |  LPIPS |    MSE |     SD
  -----------------------+--------+--------+--------+--------+--------+--------+--------+--------+-
  Baseline               |  13.5 |  34.41 |  0.792 | 18.83 | 74.70 |  243.1 |  130.9 |  293.5
  Exp_Forward_Gate       |  12.1 |  31.25 |  0.814 | 19.79 | 76.83 |  227.6 |  104.9 |  288.0
  Exp_Forward            |  14.1 |  33.93 |  0.700 | 19.15 | 74.83 |  248.7 |  121.6 |  300.1
  Exp_Reverse_Gate       |  18.3 |  36.62 |  0.757 | 16.36 | 65.65 |  326.9 |  231.0 |  337.1
  Exp_Boost              |  12.0 |  30.96 |  0.756 | 19.98 | 77.90 |  239.0 |  100.6 |  293.7
  TwoPhase               |  12.3 |  32.27 |  0.704 | 19.47 | 76.51 |  235.8 |  112.9 |  290.6
  Entropy                |  12.1 |  32.73 |  0.756 | 19.68 | 76.43 |  244.8 |  107.7 |  296.0
  Locality               |  12.1 |  32.26 |  0.769 | 19.69 | 77.37 |  233.8 |  107.4 |  285.8
  Dual                   |   3.4 |  25.56 |  0.972 | 27.91 | 90.77 |   77.3 |   16.2 |  181.5
  Quantile               |  11.4 |  27.19 |  0.933 | 21.94 | 80.46 |  234.2 |   63.9 |  297.3
  Budget_Matched         |  12.5 |  34.35 |  0.771 | 19.08 | 75.08 |  240.9 |  123.5 |  292.5
  → 183s (17s/stratégie)

[GPU 2] [10/140]  111000000009  (1_animal)
  Strategy               |     λ | CLIP-W | CLIP-I |  PSNR |  SSIM |  LPIPS |    MSE |     SD
  -----------------------+--------+--------+--------+--------+--------+--------+--------+--------+-
  Baseline               |  13.5 |  30.50 |  0.752 | 15.81 | 72.76 |  292.6 |  262.7 |  328.5
  Exp_Forward_Gate       |  12.1 |  26.55 |  0.746 | 16.93 | 76.25 |  276.2 |  202.5 |  315.3
  Exp_Forward            |  14.2 |  26.71 |  0.739 | 16.71 | 74.91 |  282.3 |  213.4 |  316.6
  Exp_Reverse_Gate       |  18.6 |  25.57 |  0.758 | 14.11 | 65.47 |  347.9 |  387.8 |  368.3
  Exp_Boost              |  12.2 |  28.14 |  0.781 | 18.21 | 79.43 |  255.4 |  151.1 |  317.8
  TwoPhase               |  12.4 |  27.07 |  0.764 | 17.24 | 77.81 |  265.4 |  188.9 |  315.5
  Entropy                |  12.1 |  26.79 |  0.758 | 17.25 | 75.94 |  273.7 |  188.4 |  320.8
  Locality               |  12.1 |  28.07 |  0.766 | 16.91 | 76.37 |  267.8 |  203.5 |  308.0
  Dual                   |   3.3 |  16.13 |  0.977 | 27.54 | 96.58 |   68.2 |   17.6 |  176.1
  Quantile               |  11.4 |  25.01 |  0.813 | 18.73 | 82.46 |  245.4 |  133.9 |  318.8
  Budget_Matched         |  12.5 |  27.79 |  0.749 | 16.42 | 74.46 |  286.8 |  228.1 |  324.0
  → 183s (17s/stratégie)

[GPU 2] [11/140]  112000000000  (2_human)
  Strategy               |     λ | CLIP-W | CLIP-I |  PSNR |  SSIM |  LPIPS |    MSE |     SD
  -----------------------+--------+--------+--------+--------+--------+--------+--------+--------+-
  Baseline               |  13.5 |  27.25 |  0.782 | 21.72 | 75.40 |  233.8 |   67.3 |  303.5
  Exp_Forward_Gate       |  12.4 |  27.19 |  0.812 | 22.49 | 79.38 |  220.2 |   56.3 |  289.9
  Exp_Forward            |  14.0 |  26.58 |  0.806 | 21.89 | 76.82 |  233.7 |   64.8 |  301.6
  Exp_Reverse_Gate       |  16.4 |  28.18 |  0.686 | 19.45 | 67.39 |  316.7 |  113.6 |  356.5
  Exp_Boost              |  12.5 |  26.13 |  0.822 | 23.39 | 80.63 |  215.6 |   45.9 |  284.0
  TwoPhase               |  12.6 |  27.76 |  0.804 | 22.42 | 78.41 |  229.8 |   57.3 |  296.7
  Entropy                |  12.5 |  26.27 |  0.848 | 22.59 | 79.64 |  203.4 |   55.1 |  281.3
  Locality               |  12.6 |  27.24 |  0.812 | 23.14 | 79.58 |  222.7 |   48.6 |  290.3
  Dual                   |   3.2 |  22.11 |  0.970 | 32.72 | 96.17 |   44.9 |    5.3 |  143.3
  Quantile               |  12.3 |  24.34 |  0.874 | 24.80 | 83.96 |  201.9 |   33.1 |  275.0
  Budget_Matched         |  12.9 |  26.11 |  0.798 | 22.37 | 78.79 |  227.0 |   57.9 |  295.3
  → 183s (17s/stratégie)

[GPU 2] [12/140]  112000000001  (2_human)
  Strategy               |     λ | CLIP-W | CLIP-I |  PSNR |  SSIM |  LPIPS |    MSE |     SD
  -----------------------+--------+--------+--------+--------+--------+--------+--------+--------+-
  Baseline               |  13.5 |  23.99 |  0.878 | 23.50 | 88.46 |  166.5 |   44.7 |  222.9
  Exp_Forward_Gate       |  12.6 |  24.11 |  0.883 | 24.07 | 89.09 |  169.7 |   39.2 |  227.7
  Exp_Forward            |  13.9 |  24.74 |  0.855 | 23.99 | 88.56 |  167.1 |   39.9 |  233.3
  Exp_Reverse_Gate       |  15.2 |  22.22 |  0.812 | 23.09 | 86.85 |  179.5 |   49.1 |  237.8
  Exp_Boost              |  12.4 |  24.11 |  0.878 | 24.64 | 90.51 |  148.0 |   34.4 |  219.3
  TwoPhase               |  12.7 |  25.04 |  0.894 | 23.86 | 89.62 |  157.9 |   41.1 |  220.3
  Entropy                |  12.6 |  24.04 |  0.911 | 24.00 | 88.84 |  160.5 |   39.8 |  224.4
  Locality               |  12.6 |  24.27 |  0.871 | 24.40 | 89.76 |  155.8 |   36.3 |  220.8
  Dual                   |   3.2 |  19.77 |  0.936 | 32.75 | 98.06 |   48.4 |    5.3 |  124.1
  Quantile               |  12.7 |  22.81 |  0.864 | 24.77 | 90.11 |  177.9 |   33.3 |  239.4
  Budget_Matched         |  12.9 |  24.56 |  0.863 | 23.58 | 88.01 |  166.3 |   43.9 |  227.6
  → 184s (17s/stratégie)

[GPU 2] [13/140]  112000000002  (2_human)
  Strategy               |     λ | CLIP-W | CLIP-I |  PSNR |  SSIM |  LPIPS |    MSE |     SD
  -----------------------+--------+--------+--------+--------+--------+--------+--------+--------+-
  Baseline               |  13.5 |  28.85 |  0.859 | 20.38 | 90.45 |  110.9 |   91.5 |  405.4
  Exp_Forward_Gate       |  12.7 |  26.47 |  0.904 | 22.40 | 93.66 |   86.1 |   57.6 |  378.1
  Exp_Forward            |  14.1 |  27.22 |  0.905 | 21.50 | 91.85 |  113.8 |   70.8 |  484.3
  Exp_Reverse_Gate       |  15.8 |  29.11 |  0.853 | 19.81 | 89.32 |  105.8 |  104.4 |  227.3
  Exp_Boost              |  12.9 |  27.43 |  0.914 | 23.19 | 94.34 |   64.9 |   47.9 |  237.1
  TwoPhase               |  12.8 |  22.92 |  0.928 | 22.30 | 93.19 |   72.6 |   58.9 |  219.5
  Entropy                |  12.6 |  23.34 |  0.932 | 22.02 | 92.77 |   72.0 |   62.9 |  216.6
  Locality               |  12.6 |  24.97 |  0.918 | 21.93 | 92.77 |   98.5 |   64.1 |  394.5
  Dual                   |   3.4 |  21.31 |  0.988 | 30.68 | 98.55 |   24.3 |    8.6 |  162.5
  Quantile               |  12.5 |  29.24 |  0.897 | 22.49 | 94.14 |   83.6 |   56.4 |  420.8
  Budget_Matched         |  12.9 |  22.55 |  0.920 | 21.45 | 91.96 |  119.1 |   71.7 |  436.5
  → 183s (17s/stratégie)

[GPU 2] [14/140]  112000000003  (2_human)
  Strategy               |     λ | CLIP-W | CLIP-I |  PSNR |  SSIM |  LPIPS |    MSE |     SD
  -----------------------+--------+--------+--------+--------+--------+--------+--------+--------+-
  Baseline               |  13.5 |  31.15 |  0.809 | 22.24 | 93.08 |   74.3 |   59.7 |  338.0
  Exp_Forward_Gate       |  13.0 |  31.07 |  0.845 | 23.86 | 94.71 |   67.6 |   41.1 |  452.3
  Exp_Forward            |  14.2 |  30.83 |  0.839 | 23.23 | 94.41 |   71.7 |   47.5 |  454.7
  Exp_Reverse_Gate       |  15.2 |  31.92 |  0.837 | 21.97 | 92.50 |   73.4 |   63.6 |  207.3
  Exp_Boost              |  13.1 |  31.98 |  0.853 | 24.09 | 94.74 |   69.2 |   39.0 |  451.5
  TwoPhase               |  13.1 |  29.49 |  0.765 | 23.89 | 94.85 |   67.7 |   40.8 |  423.7
  Entropy                |  13.0 |  31.47 |  0.874 | 23.90 | 94.79 |   67.1 |   40.7 |  426.2
  Locality               |  13.0 |  29.87 |  0.784 | 23.65 | 94.69 |   70.0 |   43.1 |  470.0
  Dual                   |   3.4 |  24.92 |  0.963 | 33.59 | 99.31 |   16.8 |    4.4 |  184.6
  Quantile               |  12.8 |  29.21 |  0.841 | 24.11 | 95.19 |  130.2 |   38.8 |  668.7
  Budget_Matched         |  13.1 |  30.36 |  0.819 | 23.65 | 94.68 |   69.2 |   43.2 |  444.8
  → 183s (17s/stratégie)

[GPU 2] [15/140]  112000000004  (2_human)
  Strategy               |     λ | CLIP-W | CLIP-I |  PSNR |  SSIM |  LPIPS |    MSE |     SD
  -----------------------+--------+--------+--------+--------+--------+--------+--------+--------+-
  Baseline               |  13.5 |  27.24 |  0.839 | 19.87 | 80.78 |  236.9 |  103.1 |  293.1
  Exp_Forward_Gate       |  12.3 |  27.03 |  0.799 | 20.92 | 83.05 |  227.1 |   81.0 |  279.9
  Exp_Forward            |  14.0 |  26.58 |  0.829 | 20.91 | 82.47 |  235.0 |   81.1 |  295.4
  Exp_Reverse_Gate       |  17.2 |  27.67 |  0.841 | 18.43 | 76.67 |  265.5 |  143.4 |  302.3
  Exp_Boost              |  12.1 |  26.15 |  0.802 | 21.40 | 84.86 |  219.6 |   72.4 |  274.3
  TwoPhase               |  12.5 |  25.60 |  0.853 | 21.20 | 83.81 |  216.4 |   75.9 |  278.3
  Entropy                |  12.2 |  27.39 |  0.850 | 21.09 | 84.27 |  214.4 |   77.7 |  273.9
  Locality               |  12.3 |  27.80 |  0.833 | 20.85 | 82.58 |  235.1 |   82.1 |  292.2
  Dual                   |   3.2 |  23.86 |  0.996 | 31.55 | 96.67 |   62.9 |    7.0 |  162.2
  Quantile               |  11.8 |  25.94 |  0.902 | 23.82 | 88.34 |  231.7 |   41.5 |  275.3
  Budget_Matched         |  12.7 |  27.47 |  0.842 | 20.54 | 82.52 |  218.5 |   88.3 |  278.4
  → 183s (17s/stratégie)

[GPU 2] [16/140]  112000000005  (2_human)
  Strategy               |     λ | CLIP-W | CLIP-I |  PSNR |  SSIM |  LPIPS |    MSE |     SD
  -----------------------+--------+--------+--------+--------+--------+--------+--------+--------+-
  Baseline               |  13.5 |  31.81 |  0.851 | 21.76 | 85.58 |  197.1 |   66.7 |  262.0
  Exp_Forward_Gate       |  12.9 |  28.65 |  0.910 | 22.95 | 88.66 |  168.4 |   50.8 |  247.9
  Exp_Forward            |  14.1 |  30.27 |  0.877 | 22.04 | 86.45 |  190.8 |   62.5 |  261.1
  Exp_Reverse_Gate       |  15.6 |  32.10 |  0.823 | 20.43 | 82.05 |  231.2 |   90.6 |  277.4
  Exp_Boost              |  12.8 |  30.72 |  0.889 | 23.56 | 89.18 |  161.8 |   44.0 |  247.9
  TwoPhase               |  13.0 |  30.85 |  0.885 | 22.72 | 87.50 |  179.3 |   53.4 |  260.8
  Entropy                |  12.8 |  31.04 |  0.899 | 22.46 | 87.86 |  174.4 |   56.7 |  252.7
  Locality               |  12.8 |  30.84 |  0.872 | 22.68 | 88.16 |  168.5 |   54.0 |  252.0
  Dual                   |   3.2 |  24.39 |  0.977 | 31.97 | 97.91 |   45.3 |    6.4 |  142.8
  Quantile               |  12.2 |  28.27 |  0.926 | 24.50 | 89.03 |  150.8 |   35.5 |  258.1
  Budget_Matched         |  13.0 |  26.48 |  0.921 | 22.73 | 88.82 |  162.4 |   53.4 |  246.2
  → 183s (17s/stratégie)

[GPU 2] [17/140]  112000000006  (2_human)
  Strategy               |     λ | CLIP-W | CLIP-I |  PSNR |  SSIM |  LPIPS |    MSE |     SD
  -----------------------+--------+--------+--------+--------+--------+--------+--------+--------+-
  Baseline               |  13.5 |  23.69 |  0.983 | 21.95 | 66.63 |  159.0 |   63.9 |  470.6
  Exp_Forward_Gate       |  12.8 |  23.31 |  0.985 | 23.52 | 69.04 |  153.0 |   44.5 |  482.6
  Exp_Forward            |  14.2 |  22.56 |  0.951 | 21.73 | 65.30 |  186.5 |   67.1 |  477.7
  Exp_Reverse_Gate       |  15.9 |  24.23 |  0.934 | 20.74 | 62.97 |  176.5 |   84.3 |  421.6
  Exp_Boost              |  12.7 |  23.53 |  0.983 | 23.37 | 69.40 |  154.9 |   46.1 |  502.1
  TwoPhase               |  12.9 |  23.91 |  0.974 | 22.90 | 66.19 |  173.8 |   51.3 |  485.0
  Entropy                |  12.7 |  22.79 |  0.972 | 22.97 | 67.04 |  142.0 |   50.5 |  421.0
  Locality               |  12.7 |  23.34 |  0.954 | 22.60 | 67.25 |  171.5 |   55.0 |  479.0
  Dual                   |   3.4 |  23.23 |  0.992 | 33.33 | 75.30 |   62.6 |    4.6 |  429.7
  Quantile               |  12.7 |  23.01 |  0.969 | 22.27 | 70.43 |  164.8 |   59.3 |  540.6
  Budget_Matched         |  12.9 |  23.81 |  0.981 | 22.62 | 67.23 |  153.5 |   54.6 |  437.1
  → 182s (17s/stratégie)

[GPU 2] [18/140]  112000000007  (2_human)
  Strategy               |     λ | CLIP-W | CLIP-I |  PSNR |  SSIM |  LPIPS |    MSE |     SD
  -----------------------+--------+--------+--------+--------+--------+--------+--------+--------+-
  Baseline               |  13.5 |  23.76 |  0.961 | 23.29 | 89.87 |  138.7 |   46.9 |  172.8
  Exp_Forward_Gate       |  12.7 |  23.39 |  0.957 | 23.84 | 90.37 |  135.2 |   41.3 |  172.2
  Exp_Forward            |  13.9 |  24.56 |  0.959 | 23.79 | 89.41 |  150.5 |   41.8 |  184.8
  Exp_Reverse_Gate       |  15.8 |  24.84 |  0.927 | 20.87 | 82.77 |  214.5 |   81.9 |  230.7
  Exp_Boost              |  12.6 |  23.11 |  0.966 | 24.54 | 91.08 |  128.8 |   35.2 |  168.6
  TwoPhase               |  12.9 |  23.62 |  0.970 | 25.03 | 91.58 |  120.5 |   31.4 |  165.5
  Entropy                |  12.8 |  23.27 |  0.961 | 24.52 | 91.29 |  124.2 |   35.3 |  168.1
  Locality               |  12.8 |  23.37 |  0.960 | 24.87 | 91.50 |  123.8 |   32.6 |  161.8
  Dual                   |   3.1 |  22.82 |  0.982 | 32.68 | 97.32 |   47.3 |    5.4 |   87.1
  Quantile               |  12.6 |  23.90 |  0.982 | 26.52 | 90.71 |  157.6 |   22.3 |  192.5
  Budget_Matched         |  13.0 |  23.21 |  0.933 | 23.54 | 90.10 |  133.6 |   44.3 |  173.3
  → 184s (17s/stratégie)

[GPU 2] [19/140]  112000000008  (2_human)
  Strategy               |     λ | CLIP-W | CLIP-I |  PSNR |  SSIM |  LPIPS |    MSE |     SD
  -----------------------+--------+--------+--------+--------+--------+--------+--------+--------+-
  Baseline               |  13.5 |  25.42 |  0.935 | 23.40 | 90.33 |  157.1 |   45.7 |  301.6
  Exp_Forward_Gate       |  12.3 |  24.53 |  0.929 | 24.65 | 91.77 |  145.1 |   34.3 |  300.1
  Exp_Forward            |  13.9 |  24.75 |  0.943 | 24.11 | 91.40 |  152.0 |   38.9 |  303.9
  Exp_Reverse_Gate       |  16.3 |  24.90 |  0.938 | 22.34 | 87.75 |  192.1 |   58.4 |  320.7
  Exp_Boost              |  12.3 |  24.92 |  0.914 | 24.90 | 92.48 |  137.4 |   32.4 |  297.2
  TwoPhase               |  12.5 |  24.12 |  0.886 | 24.63 | 91.85 |  144.1 |   34.5 |  302.6
  Entropy                |  12.5 |  24.70 |  0.926 | 24.96 | 91.99 |  143.2 |   31.9 |  303.0
  Locality               |  12.4 |  24.71 |  0.945 | 24.58 | 91.91 |  139.0 |   34.8 |  297.8
  Dual                   |   3.2 |  26.27 |  0.992 | 33.88 | 98.42 |   39.8 |    4.1 |  202.3
  Quantile               |  12.8 |  23.20 |  0.897 | 25.27 | 90.94 |  177.6 |   29.7 |  346.4
  Budget_Matched         |  12.7 |  25.66 |  0.914 | 24.19 | 90.94 |  156.7 |   38.1 |  307.5
  → 183s (17s/stratégie)

[GPU 2] [20/140]  112000000009  (2_human)
  Strategy               |     λ | CLIP-W | CLIP-I |  PSNR |  SSIM |  LPIPS |    MSE |     SD
  -----------------------+--------+--------+--------+--------+--------+--------+--------+--------+-
  Baseline               |  13.5 |  27.09 |  0.947 | 20.06 | 84.22 |  201.0 |   98.6 |  250.5
  Exp_Forward_Gate       |  12.4 |  26.27 |  0.940 | 21.30 | 86.62 |  185.7 |   74.1 |  241.0
  Exp_Forward            |  14.0 |  27.73 |  0.933 | 20.79 | 85.85 |  195.2 |   83.3 |  244.7
  Exp_Reverse_Gate       |  16.3 |  26.59 |  0.918 | 18.66 | 79.51 |  254.2 |  136.2 |  279.4
  Exp_Boost              |  12.3 |  26.25 |  0.958 | 22.16 | 88.59 |  166.9 |   60.8 |  231.6
  TwoPhase               |  12.6 |  26.53 |  0.942 | 21.20 | 86.85 |  179.2 |   75.8 |  236.2
  Entropy                |  12.4 |  26.37 |  0.946 | 21.33 | 86.37 |  190.7 |   73.6 |  242.1
  Locality               |  12.4 |  26.72 |  0.950 | 21.01 | 86.22 |  189.0 |   79.3 |  241.0
  Dual                   |   3.3 |  23.60 |  0.987 | 29.03 | 97.01 |   61.3 |   12.5 |  139.1
  Quantile               |  12.2 |  26.12 |  0.968 | 21.85 | 88.13 |  187.4 |   65.3 |  250.8
  Budget_Matched         |  12.8 |  26.90 |  0.946 | 21.23 | 86.94 |  178.4 |   75.3 |  237.3
  → 184s (17s/stratégie)

[GPU 2] [21/140]  113000000000  (3_indoor)
  Strategy               |     λ | CLIP-W | CLIP-I |  PSNR |  SSIM |  LPIPS |    MSE |     SD
  -----------------------+--------+--------+--------+--------+--------+--------+--------+--------+-
  Baseline               |  13.5 |  29.50 |  0.879 | 22.70 | 89.40 |  179.0 |   53.7 |  150.5
  Exp_Forward_Gate       |  12.7 |  26.49 |  0.862 | 23.64 | 89.91 |  177.3 |   43.2 |  159.8
  Exp_Forward            |  14.0 |  26.08 |  0.885 | 23.37 | 90.95 |  157.5 |   46.0 |  139.1
  Exp_Reverse_Gate       |  15.7 |  26.86 |  0.835 | 20.71 | 85.70 |  216.8 |   84.9 |  176.1
  Exp_Boost              |  12.3 |  27.51 |  0.871 | 23.78 | 90.85 |  149.0 |   41.9 |  142.7
  TwoPhase               |  12.6 |  26.62 |  0.856 | 22.16 | 88.93 |  175.1 |   60.8 |  153.1
  Entropy                |  12.8 |  26.96 |  0.885 | 23.26 | 89.61 |  182.4 |   47.2 |  155.5
  Locality               |  12.6 |  26.81 |  0.884 | 23.31 | 90.52 |  153.8 |   46.7 |  141.7
  Dual                   |   3.1 |  18.52 |  0.991 | 35.50 | 98.65 |   28.5 |    2.8 |   57.1
  Quantile               |  12.4 |  24.83 |  0.920 | 23.72 | 90.46 |  183.7 |   42.4 |  163.9
  Budget_Matched         |  12.9 |  27.12 |  0.869 | 22.71 | 89.57 |  171.0 |   53.6 |  150.0
  → 184s (17s/stratégie)

[GPU 2] [22/140]  113000000001  (3_indoor)
  Strategy               |     λ | CLIP-W | CLIP-I |  PSNR |  SSIM |  LPIPS |    MSE |     SD
  -----------------------+--------+--------+--------+--------+--------+--------+--------+--------+-
  Baseline               |  13.5 |  19.11 |  0.802 | 22.52 | 87.16 |  200.7 |   55.9 |  296.6
  Exp_Forward_Gate       |  12.3 |  18.95 |  0.784 | 22.94 | 87.72 |  205.8 |   50.8 |  303.3
  Exp_Forward            |  13.8 |  19.29 |  0.800 | 22.20 | 85.70 |  232.8 |   60.3 |  322.3
  Exp_Reverse_Gate       |  16.1 |  18.88 |  0.787 | 21.44 | 85.36 |  221.3 |   71.8 |  304.9
  Exp_Boost              |  12.2 |  18.87 |  0.802 | 23.65 | 88.37 |  205.9 |   43.2 |  307.6
  TwoPhase               |  12.5 |  19.48 |  0.796 | 23.16 | 87.71 |  214.3 |   48.3 |  305.4
  Entropy                |  12.3 |  18.47 |  0.806 | 22.78 | 87.02 |  208.6 |   52.8 |  311.4
  Locality               |  12.3 |  18.03 |  0.798 | 22.72 | 87.65 |  206.2 |   53.5 |  305.9
  Dual                   |   3.3 |  15.03 |  0.974 | 29.86 | 94.76 |   93.5 |   10.3 |  232.5
  Quantile               |  12.1 |  17.43 |  0.889 | 24.51 | 89.14 |  254.0 |   35.4 |  335.6
  Budget_Matched         |  12.8 |  18.93 |  0.801 | 22.86 | 87.31 |  205.8 |   51.8 |  300.3
  → 183s (17s/stratégie)

[GPU 2] [23/140]  113000000002  (3_indoor)
  Strategy               |     λ | CLIP-W | CLIP-I |  PSNR |  SSIM |  LPIPS |    MSE |     SD
  -----------------------+--------+--------+--------+--------+--------+--------+--------+--------+-
  Baseline               |  13.5 |  30.30 |  0.788 | 24.00 | 88.80 |  199.6 |   39.8 |  312.0
  Exp_Forward_Gate       |  12.7 |  28.33 |  0.835 | 24.69 | 90.43 |  187.0 |   34.0 |  308.4
  Exp_Forward            |  14.0 |  29.01 |  0.860 | 24.68 | 89.62 |  197.5 |   34.1 |  313.0
  Exp_Reverse_Gate       |  15.4 |  28.71 |  0.839 | 22.96 | 85.81 |  232.0 |   50.5 |  332.8
  Exp_Boost              |  12.7 |  27.95 |  0.839 | 25.33 | 90.80 |  177.5 |   29.3 |  313.3
  TwoPhase               |  12.9 |  27.89 |  0.865 | 24.99 | 90.60 |  179.3 |   31.7 |  306.4
  Entropy                |  12.7 |  27.34 |  0.876 | 24.59 | 90.67 |  188.2 |   34.7 |  315.5
  Locality               |  12.6 |  29.31 |  0.810 | 24.61 | 90.16 |  186.3 |   34.6 |  308.1
  Dual                   |   3.4 |  18.45 |  0.886 | 29.59 | 96.80 |   86.4 |   11.0 |  231.4
  Quantile               |  13.6 |  28.30 |  0.829 | 23.33 | 87.30 |  246.5 |   46.4 |  377.4
  Budget_Matched         |  13.0 |  26.76 |  0.870 | 25.07 | 90.19 |  192.0 |   31.1 |  307.9
  → 183s (17s/stratégie)

[GPU 2] [24/140]  113000000003  (3_indoor)
  Strategy               |     λ | CLIP-W | CLIP-I |  PSNR |  SSIM |  LPIPS |    MSE |     SD
  -----------------------+--------+--------+--------+--------+--------+--------+--------+--------+-
  Baseline               |  13.5 |  27.29 |  0.894 | 20.70 | 83.52 |  229.0 |   85.1 |  273.1
  Exp_Forward_Gate       |  12.4 |  27.21 |  0.898 | 22.11 | 86.19 |  210.8 |   61.5 |  277.1
  Exp_Forward            |  14.0 |  28.17 |  0.876 | 21.26 | 84.27 |  238.3 |   74.8 |  284.5
  Exp_Reverse_Gate       |  16.4 |  30.36 |  0.872 | 19.45 | 79.58 |  261.4 |  113.6 |  291.9
  Exp_Boost              |  12.2 |  24.62 |  0.933 | 23.00 | 88.27 |  206.3 |   50.1 |  273.5
  TwoPhase               |  12.6 |  26.61 |  0.891 | 21.81 | 87.47 |  204.0 |   65.9 |  271.5
  Entropy                |  12.4 |  26.46 |  0.912 | 22.11 | 86.94 |  197.7 |   61.5 |  267.3
  Locality               |  12.3 |  26.27 |  0.898 | 22.11 | 86.41 |  223.5 |   61.5 |  278.0
  Dual                   |   3.4 |  20.28 |  0.975 | 27.70 | 95.12 |   95.0 |   17.0 |  207.3
  Quantile               |  12.5 |  22.52 |  0.949 | 23.14 | 88.79 |  238.3 |   48.5 |  296.8
  Budget_Matched         |  12.7 |  26.74 |  0.917 | 21.46 | 84.48 |  235.3 |   71.4 |  281.4
  → 183s (17s/stratégie)

[GPU 2] [25/140]  113000000004  (3_indoor)
  Strategy               |     λ | CLIP-W | CLIP-I |  PSNR |  SSIM |  LPIPS |    MSE |     SD
  -----------------------+--------+--------+--------+--------+--------+--------+--------+--------+-
  Baseline               |  13.5 |  32.56 |  0.946 | 20.01 | 76.35 |  323.9 |   99.8 |  310.9
  Exp_Forward_Gate       |  12.4 |  33.13 |  0.915 | 21.22 | 80.65 |  293.9 |   75.5 |  281.5
  Exp_Forward            |  14.2 |  32.88 |  0.959 | 20.11 | 78.26 |  294.2 |   97.4 |  302.7
  Exp_Reverse_Gate       |  17.7 |  34.24 |  0.919 | 16.92 | 64.11 |  433.2 |  203.4 |  380.4
  Exp_Boost              |  12.3 |  30.54 |  0.949 | 22.01 | 82.31 |  280.9 |   62.9 |  284.2
  TwoPhase               |  12.5 |  32.03 |  0.949 | 20.58 | 79.25 |  300.1 |   87.5 |  296.7
  Entropy                |  12.3 |  32.89 |  0.926 | 20.93 | 77.87 |  320.0 |   80.6 |  310.0
  Locality               |  12.3 |  33.18 |  0.949 | 21.46 | 81.46 |  269.5 |   71.4 |  279.3
  Dual                   |   3.3 |  27.65 |  0.995 | 28.73 | 95.61 |   78.1 |   13.4 |  153.7
  Quantile               |  12.3 |  31.47 |  0.975 | 21.84 | 84.80 |  235.4 |   65.5 |  276.3
  Budget_Matched         |  12.7 |  31.46 |  0.957 | 20.24 | 77.51 |  300.2 |   94.7 |  306.0
  → 184s (17s/stratégie)

[GPU 2] [26/140]  113000000005  (3_indoor)
  Strategy               |     λ | CLIP-W | CLIP-I |  PSNR |  SSIM |  LPIPS |    MSE |     SD
  -----------------------+--------+--------+--------+--------+--------+--------+--------+--------+-
  Baseline               |  13.5 |  20.52 |  0.937 | 26.56 | 92.56 |  157.6 |   22.1 |  216.7
  Exp_Forward_Gate       |  12.7 |  21.71 |  0.948 | 28.28 | 94.09 |  144.1 |   14.9 |  209.3
  Exp_Forward            |  13.7 |  20.82 |  0.943 | 27.29 | 93.13 |  147.1 |   18.6 |  212.9
  Exp_Reverse_Gate       |  14.7 |  21.28 |  0.963 | 27.50 | 92.93 |  148.1 |   17.8 |  215.3
  Exp_Boost              |  12.5 |  20.90 |  0.950 | 28.64 | 94.51 |  130.1 |   13.7 |  200.0
  TwoPhase               |  12.8 |  20.62 |  0.957 | 27.77 | 93.77 |  138.5 |   16.7 |  204.6
  Entropy                |  12.6 |  20.78 |  0.956 | 27.57 | 93.75 |  139.7 |   17.5 |  207.3
  Locality               |  12.6 |  23.19 |  0.842 | 27.44 | 93.78 |  134.7 |   18.0 |  202.8
  Dual                   |   3.0 |  19.35 |  0.992 | 37.32 | 98.59 |   53.3 |    1.9 |  145.4
  Quantile               |  12.8 |  18.93 |  0.910 | 27.74 | 93.58 |  187.4 |   16.8 |  232.0
  Budget_Matched         |  13.1 |  20.79 |  0.955 | 27.84 | 92.99 |  143.2 |   16.5 |  209.9
  → 183s (17s/stratégie)

[GPU 2] [27/140]  113000000006  (3_indoor)
  Strategy               |     λ | CLIP-W | CLIP-I |  PSNR |  SSIM |  LPIPS |    MSE |     SD
  -----------------------+--------+--------+--------+--------+--------+--------+--------+--------+-
  Baseline               |  13.5 |  26.45 |  0.922 | 25.81 | 91.17 |  122.9 |   26.3 |  210.0
  Exp_Forward_Gate       |  13.0 |  26.71 |  0.942 | 28.42 | 94.68 |   88.1 |   14.4 |  183.4
  Exp_Forward            |  13.8 |  26.49 |  0.933 | 27.09 | 92.79 |  111.7 |   19.5 |  201.9
  Exp_Reverse_Gate       |  14.9 |  26.01 |  0.915 | 25.19 | 90.17 |  131.0 |   30.3 |  227.6
  Exp_Boost              |  12.7 |  26.40 |  0.930 | 27.88 | 94.46 |   95.8 |   16.3 |  183.0
  TwoPhase               |  13.1 |  26.26 |  0.931 | 28.71 | 94.61 |   95.0 |   13.4 |  186.6
  Entropy                |  12.8 |  26.74 |  0.935 | 27.38 | 93.51 |  102.6 |   18.3 |  193.7
  Locality               |  12.7 |  26.40 |  0.933 | 27.19 | 92.65 |  110.8 |   19.1 |  202.5
  Dual                   |   3.0 |  25.82 |  0.994 | 37.55 | 98.83 |   34.9 |    1.8 |  100.2
  Quantile               |  13.9 |  27.75 |  0.939 | 27.51 | 93.47 |  140.4 |   17.8 |  214.2
  Budget_Matched         |  13.1 |  26.35 |  0.924 | 26.62 | 92.74 |  108.8 |   21.8 |  199.3
  → 184s (17s/stratégie)

[GPU 2] [28/140]  113000000007  (3_indoor)
  Strategy               |     λ | CLIP-W | CLIP-I |  PSNR |  SSIM |  LPIPS |    MSE |     SD
  -----------------------+--------+--------+--------+--------+--------+--------+--------+--------+-
  Baseline               |  13.5 |  25.96 |  0.955 | 26.68 | 93.64 |   96.2 |   21.5 |  207.6
  Exp_Forward_Gate       |  12.7 |  26.45 |  0.958 | 26.85 | 94.25 |   89.6 |   20.7 |  203.8
  Exp_Forward            |  13.8 |  25.99 |  0.953 | 27.11 | 93.99 |   93.9 |   19.4 |  209.0
  Exp_Reverse_Gate       |  14.9 |  27.05 |  0.900 | 24.81 | 91.31 |  118.8 |   33.0 |  224.3
  Exp_Boost              |  12.6 |  26.63 |  0.933 | 27.31 | 94.55 |   89.3 |   18.6 |  204.1
  TwoPhase               |  12.9 |  26.61 |  0.935 | 26.53 | 94.10 |   92.0 |   22.2 |  204.0
  Entropy                |  12.8 |  26.49 |  0.951 | 26.79 | 94.09 |   95.3 |   20.9 |  207.0
  Locality               |  12.8 |  26.29 |  0.969 | 27.16 | 94.45 |   86.1 |   19.2 |  200.6
  Dual                   |   3.1 |  23.35 |  0.992 | 30.88 | 97.57 |   41.1 |    8.2 |  151.2
  Quantile               |  13.7 |  25.57 |  0.951 | 27.10 | 94.01 |  133.1 |   19.5 |  243.3
  Budget_Matched         |  13.0 |  27.11 |  0.950 | 26.11 | 93.47 |   98.6 |   24.5 |  210.0
  → 184s (17s/stratégie)

[GPU 2] [29/140]  113000000008  (3_indoor)
  Strategy               |     λ | CLIP-W | CLIP-I |  PSNR |  SSIM |  LPIPS |    MSE |     SD
  -----------------------+--------+--------+--------+--------+--------+--------+--------+--------+-
  Baseline               |  13.5 |  26.81 |  0.812 | 20.21 | 80.85 |  253.7 |   95.2 |  249.9
  Exp_Forward_Gate       |  12.2 |  25.95 |  0.824 | 20.95 | 84.01 |  223.5 |   80.3 |  232.3
  Exp_Forward            |  13.9 |  24.15 |  0.831 | 20.61 | 81.30 |  252.8 |   86.8 |  250.8
  Exp_Reverse_Gate       |  16.3 |  25.98 |  0.774 | 18.73 | 75.20 |  294.7 |  134.1 |  283.5
  Exp_Boost              |  11.8 |  25.15 |  0.848 | 21.48 | 84.67 |  220.3 |   71.1 |  228.4
  TwoPhase               |  12.5 |  24.01 |  0.874 | 21.63 | 85.03 |  223.5 |   68.8 |  224.4
  Entropy                |  12.3 |  26.85 |  0.804 | 21.66 | 85.50 |  206.2 |   68.2 |  216.9
  Locality               |  12.4 |  26.09 |  0.840 | 21.88 | 85.60 |  211.8 |   64.8 |  222.0
  Dual                   |   3.1 |  21.41 |  0.996 | 31.43 | 97.53 |   66.8 |    7.2 |  104.4
  Quantile               |  12.2 |  25.04 |  0.914 | 22.55 | 87.31 |  222.5 |   55.6 |  221.3
  Budget_Matched         |  12.7 |  24.95 |  0.799 | 20.86 | 82.80 |  241.3 |   82.1 |  239.9
  → 184s (17s/stratégie)

[GPU 2] [30/140]  113000000009  (3_indoor)
  Strategy               |     λ | CLIP-W | CLIP-I |  PSNR |  SSIM |  LPIPS |    MSE |     SD
  -----------------------+--------+--------+--------+--------+--------+--------+--------+--------+-
  Baseline               |  13.5 |  33.72 |  0.892 | 19.80 | 81.77 |  288.0 |  104.7 |  192.6
  Exp_Forward_Gate       |  12.6 |  34.07 |  0.891 | 20.84 | 83.71 |  274.0 |   82.4 |  182.0
  Exp_Forward            |  13.9 |  32.27 |  0.898 | 19.70 | 81.42 |  288.3 |  107.0 |  193.6
  Exp_Reverse_Gate       |  15.9 |  33.42 |  0.893 | 17.96 | 77.49 |  325.2 |  159.9 |  215.4
  Exp_Boost              |  12.5 |  33.17 |  0.909 | 21.56 | 84.93 |  269.7 |   69.8 |  180.5
  TwoPhase               |  12.7 |  32.58 |  0.900 | 20.79 | 84.04 |  279.2 |   83.3 |  180.9
  Entropy                |  12.6 |  33.31 |  0.890 | 21.00 | 84.19 |  270.5 |   79.4 |  180.6
  Locality               |  12.6 |  32.83 |  0.912 | 21.57 | 85.55 |  256.3 |   69.7 |  174.8
  Dual                   |   3.1 |  27.06 |  0.988 | 28.72 | 94.86 |  144.2 |   13.4 |  109.8
  Quantile               |  12.9 |  31.61 |  0.926 | 20.77 | 83.41 |  278.7 |   83.7 |  197.7
  Budget_Matched         |  12.9 |  32.64 |  0.908 | 20.69 | 83.33 |  282.7 |   85.4 |  182.0
  → 183s (17s/stratégie)

[GPU 2] [31/140]  114000000000  (4_outdoor)
  Strategy               |     λ | CLIP-W | CLIP-I |  PSNR |  SSIM |  LPIPS |    MSE |     SD
  -----------------------+--------+--------+--------+--------+--------+--------+--------+--------+-
  Baseline               |  13.5 |  32.27 |  0.771 | 24.18 | 88.35 |  172.5 |   38.2 |  233.7
  Exp_Forward_Gate       |  12.8 |  31.46 |  0.742 | 24.12 | 88.59 |  176.0 |   38.7 |  247.2
  Exp_Forward            |  13.9 |  30.05 |  0.868 | 23.69 | 88.94 |  158.1 |   42.8 |  233.5
  Exp_Reverse_Gate       |  15.3 |  33.67 |  0.794 | 22.69 | 85.15 |  189.8 |   53.8 |  263.2
  Exp_Boost              |  12.8 |  28.08 |  0.833 | 24.67 | 89.33 |  154.7 |   34.1 |  237.7
  TwoPhase               |  13.1 |  32.43 |  0.838 | 25.00 | 91.15 |  141.5 |   31.6 |  223.1
  Entropy                |  12.8 |  28.73 |  0.835 | 25.24 | 90.17 |  149.5 |   29.9 |  230.5
  Locality               |  12.8 |  28.59 |  0.865 | 24.94 | 90.09 |  151.9 |   32.1 |  228.9
  Dual                   |   3.2 |  22.31 |  0.924 | 31.37 | 95.67 |   69.1 |    7.3 |  158.5
  Quantile               |  12.5 |  29.12 |  0.826 | 24.92 | 87.26 |  200.2 |   32.2 |  285.0
  Budget_Matched         |  13.0 |  30.18 |  0.750 | 23.86 | 87.62 |  185.2 |   41.1 |  251.4
  → 183s (17s/stratégie)

[GPU 2] [32/140]  114000000001  (4_outdoor)
  Strategy               |     λ | CLIP-W | CLIP-I |  PSNR |  SSIM |  LPIPS |    MSE |     SD
  -----------------------+--------+--------+--------+--------+--------+--------+--------+--------+-
  Baseline               |  13.5 |  37.30 |  0.837 | 23.13 | 84.80 |  103.8 |   48.7 |  425.5
  Exp_Forward_Gate       |  12.8 |  36.17 |  0.847 | 24.59 | 85.11 |   92.8 |   34.8 |  484.9
  Exp_Forward            |  14.1 |  35.13 |  0.841 | 23.34 | 82.26 |  114.7 |   46.4 |  505.9
  Exp_Reverse_Gate       |  15.3 |  36.89 |  0.842 | 22.74 | 83.50 |  102.4 |   53.2 |  418.1
  Exp_Boost              |  12.8 |  36.63 |  0.832 | 24.26 | 85.33 |  104.6 |   37.5 |  522.8
  TwoPhase               |  13.0 |  36.82 |  0.835 | 24.06 | 84.79 |   94.4 |   39.2 |  487.5
  Entropy                |  12.8 |  37.03 |  0.833 | 24.06 | 85.58 |  110.2 |   39.3 |  486.3
  Locality               |  12.7 |  34.99 |  0.843 | 23.47 | 84.06 |  107.4 |   44.9 |  491.4
  Dual                   |   3.4 |  27.24 |  0.925 | 31.69 | 84.25 |   47.3 |    6.8 |  417.7
  Quantile               |  12.4 |  37.10 |  0.822 | 26.63 | 85.14 |  155.6 |   21.7 |  602.4
  Budget_Matched         |  13.0 |  35.20 |  0.844 | 23.90 | 85.99 |   96.9 |   40.7 |  460.5
  → 183s (17s/stratégie)

[GPU 2] [33/140]  114000000002  (4_outdoor)
  Strategy               |     λ | CLIP-W | CLIP-I |  PSNR |  SSIM |  LPIPS |    MSE |     SD
  -----------------------+--------+--------+--------+--------+--------+--------+--------+--------+-
  Baseline               |  13.5 |  22.80 |  0.921 | 23.21 | 87.43 |  203.4 |   47.7 |  231.4
  Exp_Forward_Gate       |  12.6 |  22.68 |  0.912 | 23.29 | 86.83 |  208.8 |   46.9 |  233.1
  Exp_Forward            |  14.0 |  23.89 |  0.921 | 23.43 | 88.12 |  202.9 |   45.4 |  225.2
  Exp_Reverse_Gate       |  15.4 |  24.55 |  0.917 | 21.94 | 83.73 |  252.1 |   64.0 |  262.3
  Exp_Boost              |  12.9 |  22.53 |  0.927 | 25.81 | 91.37 |  165.6 |   26.2 |  200.7
  TwoPhase               |  13.0 |  22.18 |  0.921 | 24.62 | 89.74 |  180.3 |   34.5 |  213.1
  Entropy                |  12.7 |  22.96 |  0.913 | 23.89 | 88.67 |  190.1 |   40.8 |  217.7
  Locality               |  12.7 |  23.47 |  0.921 | 24.33 | 89.67 |  175.1 |   36.9 |  211.4
  Dual                   |   3.2 |  22.69 |  0.984 | 31.85 | 97.67 |   49.9 |    6.5 |  102.8
  Quantile               |  12.0 |  22.68 |  0.955 | 26.40 | 91.70 |  183.5 |   22.9 |  212.7
  Budget_Matched         |  12.9 |  23.20 |  0.903 | 23.24 | 86.99 |  211.8 |   47.4 |  235.1
  → 182s (17s/stratégie)

[GPU 2] [34/140]  114000000003  (4_outdoor)
  Strategy               |     λ | CLIP-W | CLIP-I |  PSNR |  SSIM |  LPIPS |    MSE |     SD
  -----------------------+--------+--------+--------+--------+--------+--------+--------+--------+-
  Baseline               |  13.5 |  30.43 |  0.868 | 21.29 | 82.31 |  199.7 |   74.3 |  270.8
  Exp_Forward_Gate       |  12.2 |  30.19 |  0.883 | 21.38 | 83.97 |  183.8 |   72.7 |  257.6
  Exp_Forward            |  14.0 |  30.58 |  0.852 | 20.76 | 81.83 |  204.2 |   84.0 |  273.5
  Exp_Reverse_Gate       |  16.8 |  33.19 |  0.843 | 19.15 | 75.69 |  246.1 |  121.5 |  309.5
  Exp_Boost              |  12.1 |  30.55 |  0.843 | 22.54 | 84.55 |  189.6 |   55.7 |  262.0
  TwoPhase               |  12.5 |  30.95 |  0.836 | 21.62 | 83.01 |  198.0 |   68.9 |  266.3
  Entropy                |  12.3 |  29.03 |  0.890 | 22.98 | 85.96 |  169.4 |   50.4 |  251.5
  Locality               |  12.2 |  29.80 |  0.850 | 21.63 | 83.03 |  199.6 |   68.7 |  266.9
  Dual                   |   3.2 |  21.28 |  0.985 | 31.61 | 96.88 |   50.6 |    6.9 |  138.6
  Quantile               |  12.3 |  22.32 |  0.897 | 21.26 | 83.89 |  205.1 |   74.9 |  278.9
  Budget_Matched         |  12.8 |  27.76 |  0.915 | 22.29 | 86.07 |  168.8 |   59.0 |  246.4
  → 184s (17s/stratégie)

[GPU 2] [35/140]  114000000004  (4_outdoor)
  Strategy               |     λ | CLIP-W | CLIP-I |  PSNR |  SSIM |  LPIPS |    MSE |     SD
  -----------------------+--------+--------+--------+--------+--------+--------+--------+--------+-
  Baseline               |  13.5 |  29.52 |  0.880 | 23.09 | 84.29 |  205.0 |   49.1 |  217.4
  Exp_Forward_Gate       |  12.5 |  29.41 |  0.875 | 23.69 | 85.83 |  190.3 |   42.7 |  208.7
  Exp_Forward            |  13.9 |  30.26 |  0.905 | 23.24 | 85.39 |  203.4 |   47.5 |  214.4
  Exp_Reverse_Gate       |  15.8 |  30.64 |  0.906 | 21.92 | 81.65 |  214.3 |   64.2 |  228.5
  Exp_Boost              |  12.2 |  29.92 |  0.900 | 24.11 | 86.89 |  184.2 |   38.8 |  202.8
  TwoPhase               |  12.7 |  31.25 |  0.889 | 24.01 | 86.18 |  201.0 |   39.8 |  208.1
  Entropy                |  12.5 |  30.10 |  0.891 | 23.63 | 85.91 |  195.0 |   43.3 |  205.8
  Locality               |  12.5 |  30.60 |  0.923 | 23.58 | 85.87 |  198.8 |   43.8 |  209.7
  Dual                   |   3.2 |  27.97 |  0.982 | 32.51 | 95.93 |   58.1 |    5.6 |  107.3
  Quantile               |  12.2 |  31.34 |  0.905 | 24.49 | 86.81 |  189.6 |   35.6 |  212.4
  Budget_Matched         |  12.8 |  30.64 |  0.862 | 23.43 | 85.23 |  196.4 |   45.4 |  213.2
  → 183s (17s/stratégie)

[GPU 2] [36/140]  114000000005  (4_outdoor)
  Strategy               |     λ | CLIP-W | CLIP-I |  PSNR |  SSIM |  LPIPS |    MSE |     SD
  -----------------------+--------+--------+--------+--------+--------+--------+--------+--------+-
  Baseline               |  13.5 |  26.36 |  0.671 | 21.71 | 79.81 |  262.9 |   67.4 |  278.0
  Exp_Forward_Gate       |  12.5 |  27.30 |  0.712 | 22.88 | 81.76 |  244.6 |   51.6 |  263.2
  Exp_Forward            |  14.0 |  27.52 |  0.675 | 22.17 | 79.63 |  264.3 |   60.6 |  281.3
  Exp_Reverse_Gate       |  16.7 |  27.11 |  0.651 | 19.07 | 70.51 |  320.4 |  123.8 |  329.0
  Exp_Boost              |  12.4 |  26.74 |  0.682 | 22.67 | 80.35 |  259.2 |   54.0 |  277.8
  TwoPhase               |  12.6 |  26.65 |  0.717 | 22.62 | 81.68 |  240.9 |   54.8 |  264.7
  Entropy                |  12.4 |  27.57 |  0.728 | 23.15 | 84.06 |  224.1 |   48.5 |  248.1
  Locality               |  12.3 |  28.33 |  0.732 | 22.04 | 79.90 |  254.6 |   62.5 |  275.6
  Dual                   |   3.4 |  21.58 |  0.984 | 29.84 | 94.49 |   95.9 |   10.4 |  160.7
  Quantile               |  11.7 |  28.79 |  0.763 | 23.97 | 82.57 |  260.5 |   40.1 |  280.8
  Budget_Matched         |  12.8 |  27.71 |  0.722 | 21.93 | 81.20 |  244.3 |   64.1 |  269.0
  → 184s (17s/stratégie)

[GPU 2] [37/140]  114000000006  (4_outdoor)
  Strategy               |     λ | CLIP-W | CLIP-I |  PSNR |  SSIM |  LPIPS |    MSE |     SD
  -----------------------+--------+--------+--------+--------+--------+--------+--------+--------+-
  Baseline               |  13.5 |  25.71 |  0.870 | 23.31 | 85.52 |  311.3 |   46.7 |  288.5
  Exp_Forward_Gate       |  12.5 |  24.09 |  0.904 | 24.55 | 87.88 |  273.6 |   35.0 |  275.8
  Exp_Forward            |  14.0 |  27.74 |  0.871 | 23.34 | 85.08 |  298.8 |   46.4 |  290.3
  Exp_Reverse_Gate       |  16.1 |  25.56 |  0.862 | 22.09 | 82.10 |  346.2 |   61.8 |  311.4
  Exp_Boost              |  12.5 |  23.73 |  0.931 | 25.43 | 89.37 |  252.7 |   28.6 |  270.6
  TwoPhase               |  12.7 |  23.06 |  0.929 | 24.57 | 88.19 |  253.2 |   34.9 |  271.7
  Entropy                |  12.6 |  25.07 |  0.862 | 24.46 | 87.47 |  285.7 |   35.8 |  278.4
  Locality               |  12.5 |  25.98 |  0.895 | 24.24 | 87.39 |  279.8 |   37.7 |  279.9
  Dual                   |   3.2 |  19.73 |  0.989 | 34.44 | 97.97 |   71.6 |    3.6 |  161.0
  Quantile               |  12.2 |  21.72 |  0.928 | 24.24 | 87.51 |  268.6 |   37.7 |  300.0
  Budget_Matched         |  12.8 |  26.08 |  0.903 | 23.53 | 86.31 |  284.3 |   44.4 |  278.1
  → 183s (17s/stratégie)

[GPU 2] [38/140]  114000000007  (4_outdoor)
  Strategy               |     λ | CLIP-W | CLIP-I |  PSNR |  SSIM |  LPIPS |    MSE |     SD
  -----------------------+--------+--------+--------+--------+--------+--------+--------+--------+-
  Baseline               |  13.5 |  28.35 |  0.830 | 23.85 | 88.19 |  197.6 |   41.2 |  218.9
  Exp_Forward_Gate       |  12.6 |  30.17 |  0.831 | 24.53 | 89.62 |  182.0 |   35.3 |  202.5
  Exp_Forward            |  13.9 |  27.99 |  0.820 | 24.06 | 88.40 |  198.5 |   39.2 |  207.8
  Exp_Reverse_Gate       |  15.3 |  27.89 |  0.811 | 22.84 | 86.36 |  209.4 |   52.0 |  230.2
  Exp_Boost              |  12.8 |  28.15 |  0.850 | 25.82 | 89.85 |  193.6 |   26.2 |  200.6
  TwoPhase               |  12.9 |  28.63 |  0.826 | 25.22 | 88.55 |  208.7 |   30.1 |  211.4
  Entropy                |  12.7 |  27.84 |  0.827 | 25.21 | 89.13 |  198.6 |   30.1 |  207.1
  Locality               |  12.7 |  28.67 |  0.822 | 24.48 | 88.17 |  204.2 |   35.7 |  214.9
  Dual                   |   3.2 |  19.78 |  0.982 | 33.31 | 97.63 |   73.4 |    4.7 |  117.7
  Quantile               |  12.1 |  25.38 |  0.876 | 26.05 | 90.06 |  221.9 |   24.8 |  225.1
  Budget_Matched         |  13.0 |  28.10 |  0.825 | 24.41 | 88.16 |  204.9 |   36.2 |  213.1
  → 183s (17s/stratégie)

[GPU 2] [39/140]  114000000008  (4_outdoor)
  Strategy               |     λ | CLIP-W | CLIP-I |  PSNR |  SSIM |  LPIPS |    MSE |     SD
  -----------------------+--------+--------+--------+--------+--------+--------+--------+--------+-
  Baseline               |  13.5 |  27.29 |  0.958 | 24.12 | 89.99 |  157.4 |   38.7 |  238.7
  Exp_Forward_Gate       |  12.7 |  27.28 |  0.959 | 25.22 | 91.85 |  141.6 |   30.1 |  228.2
  Exp_Forward            |  13.9 |  27.27 |  0.965 | 24.45 | 90.48 |  156.0 |   35.9 |  239.7
  Exp_Reverse_Gate       |  15.7 |  28.05 |  0.934 | 21.43 | 85.46 |  207.5 |   71.9 |  273.4
  Exp_Boost              |  12.5 |  27.09 |  0.959 | 25.76 | 91.99 |  139.5 |   26.6 |  226.4
  TwoPhase               |  12.9 |  26.75 |  0.961 | 25.16 | 91.88 |  147.8 |   30.5 |  230.9
  Entropy                |  12.8 |  27.31 |  0.968 | 26.54 | 92.28 |  138.4 |   22.2 |  225.4
  Locality               |  12.7 |  27.15 |  0.954 | 24.83 | 91.10 |  147.3 |   32.9 |  230.6
  Dual                   |   3.2 |  25.69 |  0.993 | 32.96 | 97.63 |   48.5 |    5.1 |  141.3
  Quantile               |  13.1 |  25.43 |  0.966 | 25.11 | 89.25 |  185.6 |   30.9 |  273.1
  Budget_Matched         |  13.0 |  27.26 |  0.956 | 24.58 | 91.46 |  144.3 |   34.8 |  226.9
  → 183s (17s/stratégie)

[GPU 2] [40/140]  114000000009  (4_outdoor)
  Strategy               |     λ | CLIP-W | CLIP-I |  PSNR |  SSIM |  LPIPS |    MSE |     SD
  -----------------------+--------+--------+--------+--------+--------+--------+--------+--------+-
  Baseline               |  13.5 |  23.48 |  0.990 | 27.96 | 93.95 |  104.7 |   16.0 |  172.0
  Exp_Forward_Gate       |  12.9 |  23.39 |  0.990 | 28.04 | 93.99 |  110.5 |   15.7 |  177.3
  Exp_Forward            |  13.8 |  23.44 |  0.989 | 27.97 | 94.04 |  111.2 |   15.9 |  180.0
  Exp_Reverse_Gate       |  14.7 |  23.67 |  0.987 | 26.50 | 93.02 |  119.0 |   22.4 |  183.9
  Exp_Boost              |  12.7 |  23.27 |  0.990 | 27.92 | 93.83 |  110.9 |   16.1 |  179.1
  TwoPhase               |  13.1 |  23.26 |  0.993 | 28.36 | 94.00 |  107.0 |   14.6 |  172.0
  Entropy                |  12.9 |  23.54 |  0.988 | 27.91 | 93.87 |  107.8 |   16.2 |  174.1
  Locality               |  13.0 |  23.43 |  0.987 | 28.21 | 94.18 |  109.9 |   15.1 |  176.8
  Dual                   |   3.1 |  22.26 |  0.998 | 34.05 | 97.04 |   52.8 |    3.9 |  117.4
  Quantile               |  13.6 |  23.01 |  0.979 | 27.98 | 91.28 |  190.3 |   15.9 |  226.1
  Budget_Matched         |  13.1 |  23.12 |  0.989 | 27.38 | 93.22 |  114.6 |   18.3 |  177.7
  → 183s (17s/stratégie)

[GPU 2] [41/140]  121000000000  (1_animal)
  Strategy               |     λ | CLIP-W | CLIP-I |  PSNR |  SSIM |  LPIPS |    MSE |     SD
  -----------------------+--------+--------+--------+--------+--------+--------+--------+--------+-
  Baseline               |  13.5 |  29.97 |  0.843 | 20.21 | 83.24 |  244.8 |   95.3 |  191.1
  Exp_Forward_Gate       |  12.6 |  33.53 |  0.786 | 21.92 | 86.15 |  210.9 |   64.3 |  171.8
  Exp_Forward            |  14.2 |  36.53 |  0.775 | 21.26 | 83.65 |  254.2 |   74.9 |  191.6
  Exp_Reverse_Gate       |  16.2 |  33.41 |  0.795 | 20.05 | 80.92 |  276.2 |   98.8 |  205.2
  Exp_Boost              |  13.0 |  29.19 |  0.844 | 21.82 | 84.93 |  234.0 |   65.7 |  192.7
  TwoPhase               |  12.9 |  32.48 |  0.802 | 20.47 | 82.47 |  248.4 |   89.7 |  197.9
  Entropy                |  12.5 |  30.28 |  0.807 | 20.57 | 83.82 |  233.3 |   87.7 |  189.7
  Locality               |  12.5 |  35.31 |  0.781 | 20.87 | 83.83 |  229.0 |   81.9 |  193.4
  Dual                   |   3.2 |  20.42 |  0.981 | 30.92 | 97.31 |   59.2 |    8.1 |   83.2
  Quantile               |  12.8 |  28.61 |  0.900 | 23.03 | 88.21 |  215.0 |   49.8 |  181.0
  Budget_Matched         |  12.9 |  28.41 |  0.835 | 21.33 | 85.12 |  237.1 |   73.6 |  184.4
  → 181s (16s/stratégie)

[GPU 2] [42/140]  121000000001  (1_animal)
  Strategy               |     λ | CLIP-W | CLIP-I |  PSNR |  SSIM |  LPIPS |    MSE |     SD
  -----------------------+--------+--------+--------+--------+--------+--------+--------+--------+-
  Baseline               |  13.5 |  30.18 |  0.713 | 16.36 | 62.87 |  417.2 |  231.0 |  339.3
  Exp_Forward_Gate       |  12.5 |  28.66 |  0.713 | 18.37 | 72.61 |  349.0 |  145.7 |  291.4
  Exp_Forward            |  14.4 |  29.68 |  0.713 | 16.89 | 65.63 |  419.7 |  204.4 |  332.0
  Exp_Reverse_Gate       |  19.0 |  30.63 |  0.672 | 13.92 | 52.02 |  494.1 |  405.9 |  394.9
  Exp_Boost              |  12.4 |  29.19 |  0.708 | 18.64 | 75.85 |  322.7 |  136.8 |  278.6
  TwoPhase               |  12.7 |  29.96 |  0.721 | 18.41 | 71.86 |  368.7 |  144.3 |  298.7
  Entropy                |  12.3 |  29.45 |  0.711 | 17.08 | 69.87 |  375.5 |  195.8 |  301.5
  Locality               |  12.4 |  28.84 |  0.706 | 17.48 | 68.25 |  376.2 |  178.8 |  314.5
  Dual                   |   3.3 |  20.81 |  0.937 | 29.17 | 96.21 |   74.4 |   12.1 |  117.3
  Quantile               |  11.5 |  30.95 |  0.715 | 21.38 | 83.91 |  258.1 |   72.8 |  244.7
  Budget_Matched         |  12.6 |  30.16 |  0.727 | 16.83 | 65.60 |  393.5 |  207.5 |  323.9
  → 182s (17s/stratégie)

[GPU 2] [43/140]  121000000002  (1_animal)
  Strategy               |     λ | CLIP-W | CLIP-I |  PSNR |  SSIM |  LPIPS |    MSE |     SD
  -----------------------+--------+--------+--------+--------+--------+--------+--------+--------+-
  Baseline               |  13.5 |  25.95 |  0.828 | 17.93 | 77.03 |  279.0 |  160.9 |  222.6
  Exp_Forward_Gate       |  12.2 |  26.29 |  0.767 | 18.71 | 79.29 |  261.0 |  134.6 |  212.4
  Exp_Forward            |  14.1 |  26.72 |  0.779 | 17.76 | 76.58 |  284.3 |  167.5 |  224.1
  Exp_Reverse_Gate       |  17.3 |  26.48 |  0.802 | 16.07 | 71.81 |  315.6 |  247.0 |  248.7
  Exp_Boost              |  12.1 |  26.65 |  0.802 | 19.13 | 79.22 |  267.1 |  122.3 |  213.3
  TwoPhase               |  12.5 |  25.51 |  0.801 | 18.58 | 79.14 |  264.3 |  138.6 |  211.5
  Entropy                |  12.2 |  25.48 |  0.825 | 18.72 | 79.36 |  267.4 |  134.2 |  210.8
  Locality               |  12.2 |  26.39 |  0.792 | 18.55 | 77.75 |  272.8 |  139.7 |  217.0
  Dual                   |   3.3 |  16.75 |  0.983 | 25.33 | 93.62 |  124.7 |   29.3 |  110.5
  Quantile               |  11.9 |  25.07 |  0.899 | 20.54 | 83.44 |  247.5 |   88.4 |  201.0
  Budget_Matched         |  12.6 |  26.06 |  0.779 | 17.81 | 77.45 |  283.4 |  165.6 |  217.1
  → 184s (17s/stratégie)

[GPU 2] [44/140]  121000000003  (1_animal)
  Strategy               |     λ | CLIP-W | CLIP-I |  PSNR |  SSIM |  LPIPS |    MSE |     SD
  -----------------------+--------+--------+--------+--------+--------+--------+--------+--------+-
  Baseline               |  13.5 |  28.23 |  0.755 | 18.49 | 81.92 |  232.0 |  141.6 |  190.0
  Exp_Forward_Gate       |  12.2 |  31.42 |  0.760 | 19.51 | 84.36 |  218.4 |  112.0 |  175.0
  Exp_Forward            |  14.0 |  29.00 |  0.764 | 19.23 | 82.78 |  230.6 |  119.3 |  187.6
  Exp_Reverse_Gate       |  17.0 |  29.76 |  0.737 | 17.74 | 79.42 |  251.0 |  168.1 |  208.4
  Exp_Boost              |  12.2 |  28.26 |  0.764 | 19.87 | 83.87 |  226.8 |  103.0 |  183.2
  TwoPhase               |  12.3 |  31.10 |  0.746 | 19.02 | 83.94 |  224.8 |  125.4 |  179.1
  Entropy                |  12.2 |  30.99 |  0.747 | 19.64 | 84.65 |  211.7 |  108.6 |  174.2
  Locality               |  12.2 |  28.92 |  0.763 | 19.43 | 83.41 |  224.7 |  114.1 |  183.2
  Dual                   |   3.2 |  20.68 |  0.958 | 29.48 | 96.83 |   71.5 |   11.3 |   83.1
  Quantile               |  11.8 |  27.72 |  0.761 | 20.84 | 85.06 |  232.9 |   82.4 |  189.7
  Budget_Matched         |  12.5 |  31.01 |  0.763 | 18.65 | 83.77 |  216.6 |  136.6 |  176.0
  → 183s (17s/stratégie)

[GPU 2] [45/140]  121000000004  (1_animal)
  Strategy               |     λ | CLIP-W | CLIP-I |  PSNR |  SSIM |  LPIPS |    MSE |     SD
  -----------------------+--------+--------+--------+--------+--------+--------+--------+--------+-
  Baseline               |  13.5 |  28.97 |  0.900 | 22.12 | 90.17 |  180.3 |   61.3 |  298.5
  Exp_Forward_Gate       |  12.5 |  27.09 |  0.895 | 22.93 | 90.59 |  205.1 |   50.9 |  319.3
  Exp_Forward            |  13.9 |  27.80 |  0.898 | 22.11 | 89.13 |  220.7 |   61.5 |  328.3
  Exp_Reverse_Gate       |  15.7 |  27.31 |  0.894 | 21.25 | 88.42 |  186.8 |   75.0 |  307.0
  Exp_Boost              |  12.3 |  26.96 |  0.886 | 23.54 | 91.25 |  217.6 |   44.2 |  327.5
  TwoPhase               |  12.6 |  25.83 |  0.903 | 22.90 | 90.74 |  206.0 |   51.3 |  315.7
  Entropy                |  12.5 |  26.97 |  0.889 | 22.99 | 90.83 |  203.2 |   50.2 |  317.8
  Locality               |  12.6 |  28.69 |  0.885 | 23.15 | 91.25 |  198.2 |   48.4 |  311.4
