[GPU 3] Chunk 2/5 — 140 images (280→419)
[GPU 3] Chargement SD3-medium (visible=3) …
Loading pipeline components...:   0%|          | 0/9 [00:00<?, ?it/s]Loading pipeline components...:  11%|█         | 1/9 [00:00<00:01,  5.93it/s]You set `add_prefix_space`. The tokenizer needs to be converted from the slow tokenizers
Loading pipeline components...:  22%|██▏       | 2/9 [00:00<00:01,  6.01it/s]`torch_dtype` is deprecated! Use `dtype` instead!
Loading pipeline components...:  33%|███▎      | 3/9 [00:00<00:00,  6.64it/s]
Loading checkpoint shards:   0%|          | 0/2 [00:00<?, ?it/s][A
Loading checkpoint shards:  50%|█████     | 1/2 [00:00<00:00,  4.79it/s][A
Loading checkpoint shards: 100%|██████████| 2/2 [00:00<00:00,  5.59it/s][ALoading checkpoint shards: 100%|██████████| 2/2 [00:00<00:00,  5.45it/s]
Loading pipeline components...:  78%|███████▊  | 7/9 [00:00<00:00,  7.72it/s]Loading pipeline components...:  89%|████████▉ | 8/9 [00:01<00:00,  6.83it/s]Loading pipeline components...: 100%|██████████| 9/9 [00:01<00:00,  7.49it/s]
/shared/ssd_14T/home/ahmadou/miniconda3/envs/pytorch_env/lib/python3.10/site-packages/torchvision/models/_utils.py:208: UserWarning: The parameter 'pretrained' is deprecated since 0.13 and may be removed in the future, please use 'weights' instead.
  warnings.warn(
/shared/ssd_14T/home/ahmadou/miniconda3/envs/pytorch_env/lib/python3.10/site-packages/torchvision/models/_utils.py:223: UserWarning: Arguments other than a weight enum or `None` for 'weights' are deprecated since 0.13 and may be removed in the future. The current behavior is equivalent to passing `weights=VGG16_Weights.IMAGENET1K_V1`. You can also use `weights=VGG16_Weights.DEFAULT` to get the most up-to-date weights.
  warnings.warn(msg)
Setting up [LPIPS] perceptual loss: trunk [vgg], v[0.1], spatial [off]
Loading model from: /shared/ssd_14T/home/ahmadou/miniconda3/envs/pytorch_env/lib/python3.10/site-packages/lpips/weights/v0.1/vgg.pth

[GPU 3] [1/140]  223000000000  (3_indoor)
  Strategy               |     λ | CLIP-W | CLIP-I |  PSNR |  SSIM |  LPIPS |    MSE |     SD
  -----------------------+--------+--------+--------+--------+--------+--------+--------+--------+-
  Baseline               |  13.5 |  21.20 |  0.775 | 25.35 | 90.39 |  143.0 |   29.2 |  343.7
  Exp_Forward_Gate       |  13.0 |  21.86 |  0.728 | 26.55 | 93.05 |  126.8 |   22.1 |  359.6
  Exp_Forward            |  14.1 |  24.11 |  0.722 | 25.80 | 91.52 |  141.3 |   26.3 |  382.2
  Exp_Reverse_Gate       |  14.9 |  21.67 |  0.721 | 24.70 | 89.16 |  151.1 |   33.9 |  347.2
  Exp_Boost              |  13.1 |  21.41 |  0.708 | 26.68 | 92.91 |  131.5 |   21.5 |  376.2
  TwoPhase               |  13.1 |  23.38 |  0.662 | 26.46 | 92.16 |  146.5 |   22.6 |  359.9
  Entropy                |  13.0 |  22.68 |  0.739 | 26.70 | 92.26 |  133.6 |   21.4 |  369.2
  Locality               |  13.0 |  21.67 |  0.765 | 26.72 | 92.86 |  124.1 |   21.3 |  362.6
  Dual                   |   3.2 |  14.02 |  0.990 | 37.34 | 99.07 |   41.1 |    1.8 |  270.5
  Quantile               |  11.8 |  15.90 |  0.934 | 27.22 | 93.96 |  170.5 |   19.0 |  441.8
  Budget_Matched         |  13.1 |  22.54 |  0.681 | 25.70 | 92.02 |  135.7 |   26.9 |  351.7
  → 159s (14s/stratégie)

[GPU 3] [2/140]  223000000001  (3_indoor)
  Strategy               |     λ | CLIP-W | CLIP-I |  PSNR |  SSIM |  LPIPS |    MSE |     SD
  -----------------------+--------+--------+--------+--------+--------+--------+--------+--------+-
  Baseline               |  13.5 |  32.70 |  0.700 | 25.20 | 93.30 |  144.9 |   30.2 |  403.9
  Exp_Forward_Gate       |  12.9 |  37.36 |  0.794 | 27.46 | 94.58 |  153.0 |   17.9 |  459.0
  Exp_Forward            |  14.1 |  34.11 |  0.675 | 26.06 | 93.99 |  158.2 |   24.8 |  455.4
  Exp_Reverse_Gate       |  15.0 |  35.31 |  0.669 | 24.85 | 92.58 |  157.6 |   32.7 |  398.5
  Exp_Boost              |  13.3 |  33.53 |  0.743 | 27.74 | 95.12 |  144.6 |   16.8 |  477.6
  TwoPhase               |  13.1 |  34.02 |  0.704 | 25.45 | 92.99 |  166.7 |   28.5 |  475.1
  Entropy                |  13.1 |  33.39 |  0.841 | 27.12 | 94.77 |  146.3 |   19.4 |  439.0
  Locality               |  13.0 |  35.32 |  0.710 | 27.77 | 95.46 |  137.1 |   16.7 |  436.1
  Dual                   |   3.3 |  27.06 |  0.975 | 35.91 | 99.11 |   44.8 |    2.6 |  355.7
  Quantile               |  13.7 |  33.62 |  0.808 | 27.42 | 95.58 |  179.8 |   18.1 |  564.6
  Budget_Matched         |  13.1 |  33.36 |  0.681 | 26.92 | 94.53 |  154.1 |   20.3 |  463.5
  → 167s (15s/stratégie)

[GPU 3] [3/140]  223000000002  (3_indoor)
  Strategy               |     λ | CLIP-W | CLIP-I |  PSNR |  SSIM |  LPIPS |    MSE |     SD
  -----------------------+--------+--------+--------+--------+--------+--------+--------+--------+-
  Baseline               |  13.5 |  25.42 |  0.953 | 19.46 | 78.47 |  253.5 |  113.3 |  296.7
  Exp_Forward_Gate       |  12.5 |  24.80 |  0.953 | 21.19 | 82.25 |  232.6 |   76.1 |  291.6
  Exp_Forward            |  14.1 |  24.54 |  0.956 | 19.71 | 77.99 |  270.1 |  106.9 |  316.3
  Exp_Reverse_Gate       |  17.2 |  26.17 |  0.950 | 17.17 | 69.50 |  322.9 |  191.9 |  343.8
  Exp_Boost              |  12.5 |  22.83 |  0.966 | 22.13 | 85.09 |  217.5 |   61.3 |  281.0
  TwoPhase               |  12.6 |  24.80 |  0.955 | 20.71 | 81.63 |  241.9 |   84.9 |  297.7
  Entropy                |  12.4 |  24.44 |  0.956 | 20.78 | 81.34 |  245.9 |   83.5 |  296.0
  Locality               |  12.4 |  24.25 |  0.958 | 20.88 | 82.14 |  234.6 |   81.7 |  289.3
  Dual                   |   3.4 |  21.72 |  0.984 | 27.95 | 92.88 |   99.1 |   16.0 |  189.9
  Quantile               |  13.0 |  22.93 |  0.951 | 19.18 | 76.04 |  292.6 |  120.7 |  338.1
  Budget_Matched         |  12.8 |  23.34 |  0.965 | 20.93 | 81.07 |  238.0 |   80.6 |  297.0
  → 168s (15s/stratégie)

[GPU 3] [4/140]  223000000003  (3_indoor)
  Strategy               |     λ | CLIP-W | CLIP-I |  PSNR |  SSIM |  LPIPS |    MSE |     SD
  -----------------------+--------+--------+--------+--------+--------+--------+--------+--------+-
  Baseline               |  13.5 |  34.43 |  0.918 | 26.79 | 95.16 |  100.7 |   20.9 |  396.5
  Exp_Forward_Gate       |  13.2 |  32.14 |  0.923 | 27.69 | 95.63 |  117.4 |   17.0 |  432.5
  Exp_Forward            |  14.0 |  30.33 |  0.932 | 27.51 | 95.29 |  129.5 |   17.8 |  423.2
  Exp_Reverse_Gate       |  14.5 |  30.86 |  0.935 | 27.14 | 95.67 |   89.8 |   19.3 |  372.7
  Exp_Boost              |  13.2 |  30.90 |  0.971 | 28.73 | 96.39 |  131.3 |   13.4 |  435.0
  TwoPhase               |  13.2 |  33.49 |  0.876 | 27.98 | 95.58 |  115.1 |   15.9 |  427.2
  Entropy                |  13.2 |  31.03 |  0.911 | 27.81 | 95.31 |  127.2 |   16.6 |  453.6
  Locality               |  13.2 |  31.62 |  0.922 | 28.03 | 96.01 |  124.8 |   15.7 |  425.7
  Dual                   |   3.3 |  30.24 |  0.990 | 36.76 | 99.34 |   41.4 |    2.1 |  341.9
  Quantile               |  12.6 |  29.98 |  0.961 | 29.34 | 96.36 |  205.6 |   11.6 |  496.7
  Budget_Matched         |  13.2 |  31.51 |  0.954 | 28.80 | 96.34 |  108.0 |   13.2 |  393.2
  → 167s (15s/stratégie)

[GPU 3] [5/140]  223000000004  (3_indoor)
  Strategy               |     λ | CLIP-W | CLIP-I |  PSNR |  SSIM |  LPIPS |    MSE |     SD
  -----------------------+--------+--------+--------+--------+--------+--------+--------+--------+-
  Baseline               |  13.5 |  28.94 |  0.958 | 22.61 | 89.04 |  205.9 |   54.8 |  355.0
  Exp_Forward_Gate       |  12.8 |  28.43 |  0.948 | 23.42 | 90.49 |  201.5 |   45.5 |  376.6
  Exp_Forward            |  14.1 |  28.55 |  0.954 | 23.07 | 89.69 |  210.7 |   49.3 |  373.4
  Exp_Reverse_Gate       |  15.5 |  28.56 |  0.959 | 21.69 | 86.84 |  221.9 |   67.8 |  358.0
  Exp_Boost              |  12.9 |  26.41 |  0.950 | 23.65 | 90.70 |  203.3 |   43.2 |  389.0
  TwoPhase               |  13.0 |  28.70 |  0.960 | 23.50 | 90.45 |  198.8 |   44.7 |  367.4
  Entropy                |  12.9 |  29.47 |  0.959 | 24.15 | 90.80 |  186.3 |   38.5 |  362.7
  Locality               |  12.8 |  28.53 |  0.954 | 23.64 | 90.59 |  197.4 |   43.2 |  370.6
  Dual                   |   3.3 |  32.23 |  0.978 | 32.76 | 98.26 |   70.6 |    5.3 |  249.0
  Quantile               |  12.0 |  29.08 |  0.958 | 26.37 | 93.56 |  181.8 |   23.1 |  388.0
  Budget_Matched         |  13.0 |  28.45 |  0.957 | 22.99 | 89.69 |  200.2 |   50.3 |  359.6
  → 168s (15s/stratégie)

[GPU 3] [6/140]  223000000005  (3_indoor)
  Strategy               |     λ | CLIP-W | CLIP-I |  PSNR |  SSIM |  LPIPS |    MSE |     SD
  -----------------------+--------+--------+--------+--------+--------+--------+--------+--------+-
  Baseline               |  13.5 |  24.15 |  0.945 | 21.98 | 84.20 |  226.0 |   63.3 |  214.2
  Exp_Forward_Gate       |  12.6 |  24.09 |  0.950 | 23.78 | 87.53 |  203.0 |   41.9 |  196.4
  Exp_Forward            |  14.0 |  24.16 |  0.958 | 22.87 | 85.31 |  229.7 |   51.7 |  211.6
  Exp_Reverse_Gate       |  16.1 |  24.10 |  0.944 | 20.37 | 79.14 |  261.7 |   91.8 |  240.8
  Exp_Boost              |  12.4 |  24.45 |  0.967 | 24.13 | 88.46 |  198.6 |   38.7 |  194.1
  TwoPhase               |  12.8 |  24.05 |  0.964 | 23.24 | 86.69 |  214.2 |   47.4 |  200.2
  Entropy                |  12.6 |  23.31 |  0.971 | 23.63 | 87.44 |  209.9 |   43.4 |  197.9
  Locality               |  12.7 |  23.11 |  0.963 | 23.98 | 87.95 |  204.4 |   40.0 |  198.9
  Dual                   |   3.2 |  19.88 |  0.997 | 30.28 | 96.64 |   70.2 |    9.4 |   99.8
  Quantile               |  12.3 |  23.89 |  0.953 | 23.53 | 85.65 |  247.5 |   44.4 |  215.4
  Budget_Matched         |  12.9 |  21.96 |  0.977 | 23.12 | 87.21 |  198.6 |   48.7 |  188.6
  → 168s (15s/stratégie)

[GPU 3] [7/140]  223000000006  (3_indoor)
  Strategy               |     λ | CLIP-W | CLIP-I |  PSNR |  SSIM |  LPIPS |    MSE |     SD
  -----------------------+--------+--------+--------+--------+--------+--------+--------+--------+-
  Baseline               |  13.5 |  23.64 |  0.972 | 25.06 | 93.21 |  181.1 |   31.2 |  365.6
  Exp_Forward_Gate       |  12.9 |  23.25 |  0.977 | 25.26 | 93.78 |  170.4 |   29.8 |  353.9
  Exp_Forward            |  14.2 |  23.93 |  0.972 | 24.81 | 92.37 |  183.5 |   33.0 |  368.8
  Exp_Reverse_Gate       |  15.6 |  23.20 |  0.970 | 22.01 | 89.83 |  218.2 |   62.9 |  377.3
  Exp_Boost              |  13.0 |  23.63 |  0.977 | 25.60 | 94.16 |  169.2 |   27.5 |  355.4
  TwoPhase               |  13.0 |  23.23 |  0.977 | 25.00 | 93.02 |  175.7 |   31.7 |  361.3
  Entropy                |  12.8 |  23.98 |  0.973 | 24.36 | 92.97 |  185.6 |   36.7 |  387.3
  Locality               |  12.9 |  23.04 |  0.972 | 24.99 | 93.91 |  169.2 |   31.7 |  371.0
  Dual                   |   3.3 |  23.57 |  0.994 | 32.46 | 98.65 |   61.1 |    5.7 |  249.0
  Quantile               |  12.2 |  24.09 |  0.976 | 24.87 | 93.93 |  190.7 |   32.6 |  391.7
  Budget_Matched         |  13.1 |  22.82 |  0.968 | 24.44 | 92.80 |  173.6 |   35.9 |  352.2
  → 168s (15s/stratégie)

[GPU 3] [8/140]  223000000007  (3_indoor)
  Strategy               |     λ | CLIP-W | CLIP-I |  PSNR |  SSIM |  LPIPS |    MSE |     SD
  -----------------------+--------+--------+--------+--------+--------+--------+--------+--------+-
  Baseline               |  13.5 |  30.35 |  0.838 | 23.76 | 90.94 |  167.2 |   42.1 |  162.4
  Exp_Forward_Gate       |  12.8 |  25.31 |  0.980 | 24.92 | 91.80 |  172.2 |   32.2 |  171.6
  Exp_Forward            |  14.0 |  30.55 |  0.866 | 23.58 | 88.36 |  210.6 |   43.9 |  191.1
  Exp_Reverse_Gate       |  15.0 |  31.55 |  0.830 | 22.78 | 89.39 |  180.6 |   52.8 |  176.3
  Exp_Boost              |  12.4 |  30.81 |  0.866 | 23.20 | 88.68 |  206.4 |   47.9 |  182.3
  TwoPhase               |  12.9 |  31.52 |  0.934 | 24.44 | 91.26 |  169.5 |   36.0 |  164.2
  Entropy                |  12.7 |  25.79 |  0.973 | 24.67 | 91.76 |  172.2 |   34.1 |  166.4
  Locality               |  12.8 |  25.78 |  0.971 | 24.95 | 91.60 |  173.4 |   32.0 |  168.0
  Dual                   |   3.2 |  24.74 |  0.997 | 35.06 | 98.44 |   64.1 |    3.1 |   91.5
  Quantile               |  13.1 |  32.23 |  0.806 | 25.23 | 89.59 |  228.6 |   30.0 |  204.0
  Budget_Matched         |  13.1 |  31.13 |  0.880 | 24.50 | 91.45 |  162.3 |   35.5 |  161.5
  → 168s (15s/stratégie)

[GPU 3] [9/140]  223000000008  (3_indoor)
  Strategy               |     λ | CLIP-W | CLIP-I |  PSNR |  SSIM |  LPIPS |    MSE |     SD
  -----------------------+--------+--------+--------+--------+--------+--------+--------+--------+-
  Baseline               |  13.5 |  27.95 |  0.954 | 21.22 | 78.98 |  242.0 |   75.6 |  260.9
  Exp_Forward_Gate       |  12.6 |  28.62 |  0.949 | 21.67 | 80.54 |  237.9 |   68.0 |  248.4
  Exp_Forward            |  14.2 |  28.19 |  0.950 | 21.22 | 78.36 |  240.8 |   75.6 |  257.8
  Exp_Reverse_Gate       |  15.6 |  27.83 |  0.947 | 19.60 | 74.59 |  274.2 |  109.6 |  285.4
  Exp_Boost              |  12.9 |  28.97 |  0.952 | 22.86 | 81.65 |  225.0 |   51.7 |  243.0
  TwoPhase               |  12.9 |  28.16 |  0.952 | 21.85 | 79.95 |  263.6 |   65.3 |  248.7
  Entropy                |  12.8 |  28.80 |  0.956 | 21.83 | 80.41 |  229.5 |   65.5 |  248.0
  Locality               |  12.8 |  28.61 |  0.961 | 21.84 | 80.52 |  234.7 |   65.4 |  248.3
  Dual                   |   3.1 |  29.78 |  0.996 | 33.19 | 96.90 |   49.6 |    4.8 |   94.5
  Quantile               |  12.4 |  28.68 |  0.957 | 23.58 | 84.25 |  209.0 |   43.9 |  229.0
  Budget_Matched         |  13.0 |  28.62 |  0.956 | 21.36 | 79.39 |  243.6 |   73.1 |  256.0
  → 169s (15s/stratégie)

[GPU 3] [10/140]  223000000009  (3_indoor)
  Strategy               |     λ | CLIP-W | CLIP-I |  PSNR |  SSIM |  LPIPS |    MSE |     SD
  -----------------------+--------+--------+--------+--------+--------+--------+--------+--------+-
  Baseline               |  13.5 |  22.38 |  0.908 | 21.67 | 85.91 |  237.2 |   68.1 |  346.2
  Exp_Forward_Gate       |  12.5 |  23.71 |  0.973 | 24.61 | 89.39 |  180.2 |   34.6 |  313.6
  Exp_Forward            |  13.8 |  24.31 |  0.926 | 22.04 | 86.56 |  217.8 |   62.5 |  325.5
  Exp_Reverse_Gate       |  15.9 |  25.01 |  0.942 | 21.88 | 83.82 |  252.7 |   64.9 |  358.9
  Exp_Boost              |  11.8 |  24.08 |  0.937 | 22.68 | 87.83 |  206.0 |   54.0 |  320.2
  TwoPhase               |  12.1 |  23.52 |  0.942 | 22.18 | 87.33 |  205.7 |   60.5 |  323.7
  Entropy                |  12.6 |  23.33 |  0.977 | 25.34 | 91.25 |  153.9 |   29.2 |  291.8
  Locality               |  12.5 |  23.55 |  0.964 | 24.48 | 89.97 |  175.5 |   35.6 |  302.0
  Dual                   |   3.1 |  21.89 |  0.996 | 33.39 | 98.35 |   47.4 |    4.6 |  192.4
  Quantile               |  12.3 |  22.33 |  0.977 | 24.06 | 91.63 |  178.4 |   39.3 |  318.3
  Budget_Matched         |  12.9 |  23.03 |  0.972 | 23.87 | 89.02 |  184.1 |   41.1 |  308.8
  → 168s (15s/stratégie)

[GPU 3] [11/140]  224000000000  (4_outdoor)
  Strategy               |     λ | CLIP-W | CLIP-I |  PSNR |  SSIM |  LPIPS |    MSE |     SD
  -----------------------+--------+--------+--------+--------+--------+--------+--------+--------+-
  Baseline               |  13.5 |  19.59 |  0.965 | 26.78 | 95.17 |  105.1 |   21.0 |  252.1
  Exp_Forward_Gate       |  13.2 |  19.09 |  0.961 | 27.75 | 95.87 |  111.8 |   16.8 |  258.3
  Exp_Forward            |  14.0 |  19.11 |  0.959 | 27.24 | 95.53 |  116.7 |   18.9 |  265.3
  Exp_Reverse_Gate       |  14.3 |  19.90 |  0.964 | 26.97 | 95.17 |  102.9 |   20.1 |  243.5
  Exp_Boost              |  13.3 |  19.32 |  0.959 | 28.46 | 96.25 |  119.1 |   14.3 |  268.3
  TwoPhase               |  13.3 |  19.88 |  0.975 | 27.80 | 95.87 |  113.8 |   16.6 |  262.9
  Entropy                |  13.1 |  19.31 |  0.964 | 27.65 | 95.66 |  118.2 |   17.2 |  260.8
  Locality               |  13.2 |  19.28 |  0.958 | 27.73 | 95.78 |  116.0 |   16.9 |  264.4
  Dual                   |   3.3 |  20.16 |  0.976 | 31.89 | 98.22 |   72.7 |    6.5 |  206.5
  Quantile               |  13.6 |  19.34 |  0.943 | 26.59 | 93.63 |  203.2 |   21.9 |  341.4
  Budget_Matched         |  13.3 |  19.60 |  0.974 | 27.94 | 95.84 |  108.6 |   16.1 |  250.8
  → 168s (15s/stratégie)

[GPU 3] [12/140]  224000000001  (4_outdoor)
  Strategy               |     λ | CLIP-W | CLIP-I |  PSNR |  SSIM |  LPIPS |    MSE |     SD
  -----------------------+--------+--------+--------+--------+--------+--------+--------+--------+-
  Baseline               |  13.5 |  31.61 |  0.932 | 21.72 | 87.82 |  250.8 |   67.3 |  228.5
  Exp_Forward_Gate       |  12.9 |  31.02 |  0.953 | 22.98 | 90.34 |  203.3 |   50.3 |  206.9
  Exp_Forward            |  14.2 |  31.40 |  0.956 | 22.78 | 89.02 |  232.0 |   52.7 |  216.4
  Exp_Reverse_Gate       |  15.0 |  31.95 |  0.903 | 20.53 | 84.33 |  288.7 |   88.5 |  250.0
  Exp_Boost              |  13.5 |  31.23 |  0.954 | 24.14 | 90.62 |  214.6 |   38.5 |  207.8
  TwoPhase               |  13.4 |  31.03 |  0.956 | 23.17 | 89.53 |  236.0 |   48.2 |  219.8
  Entropy                |  12.8 |  31.45 |  0.959 | 23.87 | 90.95 |  186.8 |   41.0 |  192.2
  Locality               |  13.1 |  28.09 |  0.756 | 23.51 | 89.21 |  229.8 |   44.5 |  218.9
  Dual                   |   3.3 |  29.15 |  0.972 | 31.11 | 97.18 |   86.4 |    7.7 |  123.9
  Quantile               |  13.0 |  34.08 |  0.936 | 24.15 | 89.47 |  239.2 |   38.4 |  228.2
  Budget_Matched         |  13.2 |  31.43 |  0.933 | 22.08 | 88.04 |  244.7 |   61.9 |  225.7
  → 168s (15s/stratégie)

[GPU 3] [13/140]  224000000002  (4_outdoor)
  Strategy               |     λ | CLIP-W | CLIP-I |  PSNR |  SSIM |  LPIPS |    MSE |     SD
  -----------------------+--------+--------+--------+--------+--------+--------+--------+--------+-
  Baseline               |  13.5 |  23.91 |  0.974 | 24.41 | 92.88 |  114.0 |   36.2 |  139.4
  Exp_Forward_Gate       |  13.0 |  23.00 |  0.976 | 25.71 | 93.56 |  114.3 |   26.9 |  141.8
  Exp_Forward            |  13.9 |  22.10 |  0.973 | 24.88 | 92.71 |  124.7 |   32.5 |  149.9
  Exp_Reverse_Gate       |  14.8 |  23.88 |  0.968 | 23.76 | 92.04 |  120.9 |   42.1 |  148.8
  Exp_Boost              |  12.9 |  22.34 |  0.981 | 25.70 | 93.64 |  114.8 |   26.9 |  143.7
  TwoPhase               |  13.1 |  22.98 |  0.982 | 25.30 | 92.94 |  124.1 |   29.5 |  149.9
  Entropy                |  12.9 |  23.24 |  0.974 | 25.26 | 93.57 |  108.9 |   29.8 |  136.8
  Locality               |  13.0 |  22.83 |  0.971 | 25.55 | 93.46 |  113.4 |   27.8 |  141.4
  Dual                   |   3.1 |  21.40 |  0.995 | 32.59 | 98.26 |   41.2 |    5.5 |   69.4
  Quantile               |  12.9 |  21.12 |  0.980 | 25.92 | 91.84 |  143.2 |   25.6 |  173.9
  Budget_Matched         |  13.1 |  23.67 |  0.977 | 24.75 | 93.05 |  114.8 |   33.5 |  146.3
  → 168s (15s/stratégie)

[GPU 3] [14/140]  224000000003  (4_outdoor)
  Strategy               |     λ | CLIP-W | CLIP-I |  PSNR |  SSIM |  LPIPS |    MSE |     SD
  -----------------------+--------+--------+--------+--------+--------+--------+--------+--------+-
  Baseline               |  13.5 |  24.47 |  0.889 | 26.34 | 92.29 |  127.8 |   23.2 |  151.5
  Exp_Forward_Gate       |  13.0 |  24.55 |  0.864 | 27.17 | 93.80 |  108.6 |   19.2 |  137.5
  Exp_Forward            |  14.0 |  24.74 |  0.859 | 26.09 | 92.12 |  130.1 |   24.6 |  153.4
  Exp_Reverse_Gate       |  14.4 |  24.22 |  0.794 | 25.19 | 91.35 |  129.5 |   30.3 |  155.8
  Exp_Boost              |  13.1 |  24.19 |  0.875 | 26.89 | 92.94 |  123.6 |   20.5 |  148.4
  TwoPhase               |  13.2 |  23.27 |  0.840 | 26.81 | 93.29 |  110.1 |   20.9 |  143.5
  Entropy                |  13.2 |  23.99 |  0.859 | 26.61 | 92.96 |  122.9 |   21.9 |  149.9
  Locality               |  13.1 |  25.17 |  0.871 | 26.89 | 93.30 |  112.5 |   20.4 |  143.4
  Dual                   |   3.0 |  23.32 |  0.993 | 35.67 | 98.80 |   33.3 |    2.7 |   56.9
  Quantile               |  12.2 |  24.77 |  0.924 | 27.93 | 93.61 |  128.5 |   16.1 |  146.4
  Budget_Matched         |  13.2 |  22.76 |  0.848 | 26.80 | 93.44 |  111.2 |   20.9 |  138.1
  → 168s (15s/stratégie)

[GPU 3] [15/140]  224000000004  (4_outdoor)
  Strategy               |     λ | CLIP-W | CLIP-I |  PSNR |  SSIM |  LPIPS |    MSE |     SD
  -----------------------+--------+--------+--------+--------+--------+--------+--------+--------+-
  Baseline               |  13.5 |  20.98 |  0.983 | 25.54 | 92.78 |  123.9 |   27.9 |  153.3
  Exp_Forward_Gate       |  12.8 |  22.22 |  0.974 | 26.17 | 93.90 |   94.1 |   24.2 |  134.7
  Exp_Forward            |  14.0 |  23.02 |  0.972 | 25.18 | 91.51 |  136.2 |   30.4 |  166.7
  Exp_Reverse_Gate       |  14.9 |  24.85 |  0.965 | 23.99 | 91.03 |  137.2 |   39.9 |  162.6
  Exp_Boost              |  12.7 |  22.75 |  0.969 | 26.68 | 94.33 |   94.4 |   21.5 |  125.8
  TwoPhase               |  13.1 |  21.17 |  0.970 | 26.16 | 92.59 |  128.6 |   24.2 |  156.6
  Entropy                |  12.8 |  21.80 |  0.982 | 27.49 | 95.03 |   81.6 |   17.8 |  121.0
  Locality               |  12.9 |  20.77 |  0.983 | 27.27 | 95.02 |   83.5 |   18.8 |  118.4
  Dual                   |   3.1 |  17.92 |  0.998 | 33.73 | 97.76 |   48.4 |    4.2 |   80.7
  Quantile               |  14.0 |  20.69 |  0.982 | 26.40 | 90.41 |  162.9 |   22.9 |  186.4
  Budget_Matched         |  13.2 |  22.15 |  0.980 | 26.19 | 92.76 |  115.9 |   24.0 |  150.9
  → 168s (15s/stratégie)

[GPU 3] [16/140]  224000000005  (4_outdoor)
  Strategy               |     λ | CLIP-W | CLIP-I |  PSNR |  SSIM |  LPIPS |    MSE |     SD
  -----------------------+--------+--------+--------+--------+--------+--------+--------+--------+-
  Baseline               |  13.5 |  35.68 |  0.775 | 22.43 | 87.99 |  190.0 |   57.1 |  299.1
  Exp_Forward_Gate       |  12.8 |  35.05 |  0.790 | 23.83 | 90.91 |  178.5 |   41.4 |  281.1
  Exp_Forward            |  14.1 |  35.26 |  0.747 | 24.00 | 90.40 |  176.5 |   39.8 |  289.7
  Exp_Reverse_Gate       |  15.6 |  35.36 |  0.718 | 21.89 | 86.02 |  207.2 |   64.7 |  306.3
  Exp_Boost              |  12.8 |  34.22 |  0.744 | 24.11 | 90.96 |  177.5 |   38.8 |  293.6
  TwoPhase               |  13.0 |  35.30 |  0.775 | 23.75 | 89.74 |  187.9 |   42.1 |  303.5
  Entropy                |  12.8 |  35.31 |  0.816 | 23.84 | 90.20 |  187.1 |   41.3 |  296.0
  Locality               |  12.7 |  33.55 |  0.717 | 23.36 | 89.04 |  210.0 |   46.1 |  305.7
  Dual                   |   3.2 |  26.01 |  0.983 | 32.63 | 98.04 |   60.1 |    5.5 |  195.1
  Quantile               |  12.0 |  31.31 |  0.856 | 23.92 | 90.66 |  222.1 |   40.6 |  317.3
  Budget_Matched         |  12.9 |  35.53 |  0.764 | 23.35 | 90.07 |  178.6 |   46.3 |  284.8
  → 167s (15s/stratégie)

[GPU 3] [17/140]  224000000006  (4_outdoor)
  Strategy               |     λ | CLIP-W | CLIP-I |  PSNR |  SSIM |  LPIPS |    MSE |     SD
  -----------------------+--------+--------+--------+--------+--------+--------+--------+--------+-
  Baseline               |  13.5 |  26.51 |  0.906 | 27.79 | 95.65 |  106.7 |   16.6 |  175.4
  Exp_Forward_Gate       |  13.2 |  27.65 |  0.921 | 28.47 | 96.28 |  100.6 |   14.2 |  170.3
  Exp_Forward            |  13.8 |  26.87 |  0.875 | 27.41 | 95.45 |  112.6 |   18.1 |  178.2
  Exp_Reverse_Gate       |  14.2 |  27.25 |  0.854 | 27.48 | 95.61 |  104.9 |   17.9 |  172.4
  Exp_Boost              |  13.1 |  25.62 |  0.956 | 28.48 | 95.99 |  106.8 |   14.2 |  173.6
  TwoPhase               |  13.3 |  25.51 |  0.910 | 29.45 | 96.27 |  100.9 |   11.4 |  169.2
  Entropy                |  13.2 |  25.51 |  0.930 | 29.13 | 96.13 |  101.6 |   12.2 |  171.6
  Locality               |  13.1 |  26.23 |  0.931 | 28.58 | 95.99 |  108.5 |   13.9 |  174.2
  Dual                   |   3.2 |  22.13 |  0.992 | 36.71 | 98.74 |   53.5 |    2.1 |  116.9
  Quantile               |  12.4 |  25.21 |  0.956 | 30.16 | 94.13 |  169.9 |    9.6 |  216.3
  Budget_Matched         |  13.3 |  27.75 |  0.909 | 28.29 | 95.90 |  108.7 |   14.8 |  172.1
  → 167s (15s/stratégie)

[GPU 3] [18/140]  224000000007  (4_outdoor)
  Strategy               |     λ | CLIP-W | CLIP-I |  PSNR |  SSIM |  LPIPS |    MSE |     SD
  -----------------------+--------+--------+--------+--------+--------+--------+--------+--------+-
  Baseline               |  13.5 |  23.15 |  0.900 | 27.92 | 95.35 |  103.0 |   16.1 |  284.0
  Exp_Forward_Gate       |  13.0 |  19.08 |  0.965 | 29.09 | 96.41 |   92.0 |   12.3 |  272.5
  Exp_Forward            |  13.9 |  18.69 |  0.974 | 28.34 | 95.78 |  103.2 |   14.7 |  285.9
  Exp_Reverse_Gate       |  14.7 |  19.62 |  0.940 | 26.46 | 93.97 |  132.4 |   22.6 |  301.7
  Exp_Boost              |  12.9 |  19.11 |  0.966 | 29.37 | 96.48 |   93.8 |   11.6 |  280.8
  TwoPhase               |  13.1 |  19.22 |  0.955 | 29.02 | 96.34 |   93.1 |   12.5 |  279.6
  Entropy                |  13.0 |  19.11 |  0.966 | 29.72 | 96.67 |   89.4 |   10.7 |  273.4
  Locality               |  13.0 |  18.98 |  0.970 | 28.90 | 96.38 |   90.5 |   12.9 |  275.3
  Dual                   |   3.4 |  19.07 |  0.995 | 38.94 | 99.08 |   44.1 |    1.3 |  201.2
  Quantile               |  12.6 |  19.35 |  0.917 | 29.75 | 96.02 |  134.1 |   10.6 |  310.4
  Budget_Matched         |  13.1 |  17.99 |  0.964 | 27.99 | 95.86 |   97.0 |   15.9 |  281.9
  → 168s (15s/stratégie)

[GPU 3] [19/140]  224000000008  (4_outdoor)
  Strategy               |     λ | CLIP-W | CLIP-I |  PSNR |  SSIM |  LPIPS |    MSE |     SD
  -----------------------+--------+--------+--------+--------+--------+--------+--------+--------+-
  Baseline               |  13.5 |  28.11 |  0.842 | 25.02 | 86.74 |  246.7 |   31.5 |  252.3
  Exp_Forward_Gate       |  12.6 |  28.73 |  0.849 | 25.76 | 88.68 |  225.6 |   26.6 |  246.3
  Exp_Forward            |  13.9 |  28.17 |  0.847 | 26.00 | 88.48 |  235.0 |   25.1 |  253.1
  Exp_Reverse_Gate       |  15.5 |  29.67 |  0.819 | 23.53 | 85.26 |  255.3 |   44.4 |  262.9
  Exp_Boost              |  12.6 |  27.77 |  0.859 | 26.03 | 89.11 |  223.3 |   24.9 |  251.9
  TwoPhase               |  12.9 |  29.71 |  0.843 | 25.58 | 88.94 |  235.3 |   27.7 |  250.3
  Entropy                |  12.7 |  29.43 |  0.801 | 26.13 | 89.10 |  234.0 |   24.4 |  246.7
  Locality               |  12.7 |  27.28 |  0.883 | 25.55 | 89.01 |  235.4 |   27.9 |  250.8
  Dual                   |   3.4 |  19.44 |  0.824 | 29.48 | 94.19 |  149.8 |   11.3 |  186.3
  Quantile               |  13.5 |  27.37 |  0.871 | 26.19 | 89.82 |  252.1 |   24.0 |  262.1
  Budget_Matched         |  13.0 |  28.06 |  0.840 | 25.93 | 88.69 |  228.0 |   25.5 |  252.7
  → 168s (15s/stratégie)

[GPU 3] [20/140]  224000000009  (4_outdoor)
  Strategy               |     λ | CLIP-W | CLIP-I |  PSNR |  SSIM |  LPIPS |    MSE |     SD
  -----------------------+--------+--------+--------+--------+--------+--------+--------+--------+-
  Baseline               |  13.5 |  25.46 |  0.914 | 25.75 | 94.74 |  107.2 |   26.6 |  183.1
  Exp_Forward_Gate       |  13.0 |  25.09 |  0.928 | 26.68 | 95.00 |  110.6 |   21.5 |  176.4
  Exp_Forward            |  13.8 |  25.69 |  0.944 | 26.92 | 95.35 |  100.4 |   20.3 |  173.7
  Exp_Reverse_Gate       |  14.5 |  24.41 |  0.939 | 26.08 | 94.36 |  115.6 |   24.6 |  176.3
  Exp_Boost              |  12.9 |  24.53 |  0.935 | 27.46 | 95.37 |  105.5 |   17.9 |  175.7
  TwoPhase               |  13.1 |  25.30 |  0.941 | 27.09 | 95.19 |  103.5 |   19.5 |  178.5
  Entropy                |  13.0 |  25.30 |  0.909 | 27.27 | 94.96 |  113.9 |   18.8 |  180.0
  Locality               |  13.0 |  24.52 |  0.932 | 27.18 | 95.02 |  114.8 |   19.1 |  181.1
  Dual                   |   3.1 |  23.97 |  0.997 | 35.74 | 98.67 |   50.4 |    2.7 |  114.1
  Quantile               |  13.6 |  26.39 |  0.922 | 25.50 | 92.47 |  160.3 |   28.2 |  224.8
  Budget_Matched         |  13.2 |  28.03 |  0.933 | 28.41 | 95.14 |  105.1 |   14.4 |  177.5
  → 168s (15s/stratégie)

[GPU 3] [21/140]  311000000000  (1_animal)
  Strategy               |     λ | CLIP-W | CLIP-I |  PSNR |  SSIM |  LPIPS |    MSE |     SD
  -----------------------+--------+--------+--------+--------+--------+--------+--------+--------+-
  Baseline               |  13.5 |  21.23 |  0.880 | 21.38 | 85.73 |  197.1 |   72.8 |  418.7
  Exp_Forward_Gate       |  12.5 |  21.20 |  0.899 | 21.76 | 87.33 |  188.3 |   66.6 |  498.7
  Exp_Forward            |  14.3 |  20.87 |  0.876 | 22.18 | 87.20 |  196.3 |   60.5 |  497.8
  Exp_Reverse_Gate       |  17.4 |  22.24 |  0.846 | 19.45 | 83.32 |  221.8 |  113.6 |  430.3
  Exp_Boost              |  12.5 |  20.64 |  0.901 | 22.95 | 88.74 |  180.0 |   50.7 |  485.6
  TwoPhase               |  12.7 |  20.74 |  0.858 | 22.12 | 87.60 |  186.1 |   61.4 |  393.8
  Entropy                |  12.4 |  21.23 |  0.904 | 22.54 | 88.02 |  183.0 |   55.7 |  421.3
  Locality               |  12.4 |  21.32 |  0.889 | 22.51 | 88.06 |  185.3 |   56.1 |  453.2
  Dual                   |   3.4 |  20.30 |  0.978 | 34.04 | 98.43 |   25.9 |    3.9 |  315.5
  Quantile               |  11.4 |  17.98 |  0.901 | 23.94 | 90.89 |  159.6 |   40.4 |  595.3
  Budget_Matched         |  12.7 |  20.50 |  0.888 | 22.08 | 87.97 |  180.6 |   61.9 |  410.5
  → 167s (15s/stratégie)

[GPU 3] [22/140]  311000000001  (1_animal)
  Strategy               |     λ | CLIP-W | CLIP-I |  PSNR |  SSIM |  LPIPS |    MSE |     SD
  -----------------------+--------+--------+--------+--------+--------+--------+--------+--------+-
  Baseline               |  13.5 |  25.10 |  0.721 | 20.93 | 90.66 |  136.4 |   80.7 |  240.3
  Exp_Forward_Gate       |  12.6 |  23.64 |  0.936 | 24.22 | 94.24 |  110.0 |   37.9 |  210.2
  Exp_Forward            |  13.7 |  25.86 |  0.779 | 22.15 | 92.05 |  132.5 |   61.0 |  226.6
  Exp_Reverse_Gate       |  15.9 |  26.32 |  0.883 | 21.29 | 89.74 |  192.8 |   74.4 |  297.8
  Exp_Boost              |  12.1 |  24.26 |  0.892 | 22.80 | 93.17 |  108.6 |   52.5 |  213.2
  TwoPhase               |  12.4 |  26.35 |  0.800 | 22.11 | 92.35 |  128.3 |   61.5 |  221.9
  Entropy                |  12.3 |  25.20 |  0.766 | 22.72 | 92.58 |  120.1 |   53.5 |  222.1
  Locality               |  12.4 |  28.45 |  0.844 | 23.06 | 93.12 |  113.7 |   49.4 |  218.3
  Dual                   |   3.3 |  22.24 |  0.956 | 31.61 | 98.32 |   47.3 |    6.9 |  160.6
  Quantile               |  13.2 |  23.27 |  0.858 | 20.91 | 91.46 |  155.9 |   81.2 |  251.2
  Budget_Matched         |  12.8 |  27.00 |  0.834 | 22.94 | 93.31 |  108.0 |   50.8 |  213.1
  → 168s (15s/stratégie)

[GPU 3] [23/140]  311000000002  (1_animal)
  Strategy               |     λ | CLIP-W | CLIP-I |  PSNR |  SSIM |  LPIPS |    MSE |     SD
  -----------------------+--------+--------+--------+--------+--------+--------+--------+--------+-
  Baseline               |  13.5 |  33.92 |  0.898 | 19.56 | 81.41 |  218.2 |  110.7 |  266.1
  Exp_Forward_Gate       |  12.4 |  33.92 |  0.966 | 20.84 | 85.41 |  186.7 |   82.3 |  242.2
  Exp_Forward            |  14.0 |  33.41 |  0.972 | 20.30 | 83.37 |  199.5 |   93.4 |  259.0
  Exp_Reverse_Gate       |  16.6 |  33.79 |  0.895 | 18.03 | 75.40 |  273.2 |  157.5 |  313.5
  Exp_Boost              |  12.3 |  33.03 |  0.980 | 21.83 | 87.72 |  169.8 |   65.6 |  230.0
  TwoPhase               |  12.7 |  33.73 |  0.968 | 20.97 | 86.22 |  182.0 |   79.9 |  236.1
  Entropy                |  12.4 |  33.90 |  0.966 | 20.66 | 85.63 |  182.1 |   85.8 |  239.0
  Locality               |  12.4 |  33.08 |  0.969 | 21.13 | 86.12 |  178.1 |   77.1 |  234.8
  Dual                   |   3.5 |  31.80 |  0.966 | 24.75 | 93.26 |   98.3 |   33.5 |  169.0
  Quantile               |  12.6 |  32.37 |  0.967 | 20.21 | 83.64 |  211.9 |   95.3 |  266.0
  Budget_Matched         |  12.8 |  32.91 |  0.972 | 20.52 | 84.76 |  188.3 |   88.8 |  245.2
  → 167s (15s/stratégie)

[GPU 3] [24/140]  311000000003  (1_animal)
  Strategy               |     λ | CLIP-W | CLIP-I |  PSNR |  SSIM |  LPIPS |    MSE |     SD
  -----------------------+--------+--------+--------+--------+--------+--------+--------+--------+-
  Baseline               |  13.5 |  26.46 |  0.969 | 22.07 | 87.40 |  209.2 |   62.1 |  332.7
  Exp_Forward_Gate       |  12.8 |  27.24 |  0.963 | 22.58 | 87.54 |  209.9 |   55.2 |  358.3
  Exp_Forward            |  14.1 |  28.57 |  0.947 | 22.02 | 86.04 |  229.2 |   62.8 |  365.6
  Exp_Reverse_Gate       |  16.0 |  31.20 |  0.841 | 19.72 | 82.00 |  256.6 |  106.6 |  350.1
  Exp_Boost              |  12.8 |  28.66 |  0.916 | 22.40 | 87.06 |  228.2 |   57.6 |  368.9
  TwoPhase               |  13.0 |  27.16 |  0.959 | 22.97 | 87.72 |  207.1 |   50.5 |  357.1
  Entropy                |  12.7 |  28.51 |  0.948 | 22.20 | 86.69 |  218.0 |   60.3 |  358.4
  Locality               |  12.8 |  27.55 |  0.967 | 22.87 | 87.92 |  208.7 |   51.7 |  354.8
  Dual                   |   3.5 |  26.07 |  0.981 | 28.36 | 95.38 |   82.0 |   14.6 |  245.3
  Quantile               |  11.5 |  26.59 |  0.959 | 23.97 | 89.48 |  223.9 |   40.1 |  384.3
  Budget_Matched         |  12.9 |  28.85 |  0.923 | 21.82 | 86.10 |  223.0 |   65.8 |  364.4
  → 167s (15s/stratégie)

[GPU 3] [25/140]  311000000004  (1_animal)
  Strategy               |     λ | CLIP-W | CLIP-I |  PSNR |  SSIM |  LPIPS |    MSE |     SD
  -----------------------+--------+--------+--------+--------+--------+--------+--------+--------+-
  Baseline               |  13.5 |  30.91 |  0.848 | 17.92 | 85.47 |  173.6 |  161.3 |  433.0
  Exp_Forward_Gate       |  12.6 |  30.62 |  0.841 | 19.43 | 88.64 |  147.8 |  114.1 |  445.1
  Exp_Forward            |  14.3 |  31.76 |  0.880 | 19.09 | 87.80 |  154.7 |  123.2 |  443.8
  Exp_Reverse_Gate       |  16.7 |  33.64 |  0.849 | 17.49 | 84.73 |  175.6 |  178.2 |  394.2
  Exp_Boost              |  12.8 |  30.62 |  0.825 | 19.91 | 90.08 |  148.2 |  102.2 |  478.6
  TwoPhase               |  12.8 |  30.30 |  0.871 | 18.98 | 88.23 |  148.8 |  126.5 |  446.3
  Entropy                |  12.7 |  33.23 |  0.883 | 20.21 | 91.33 |  119.2 |   95.2 |  398.2
  Locality               |  12.7 |  32.86 |  0.876 | 20.04 | 90.73 |  128.3 |   99.1 |  421.7
  Dual                   |   3.5 |  30.42 |  0.981 | 30.20 | 98.55 |   53.4 |    9.6 |  371.8
  Quantile               |  12.2 |  32.89 |  0.849 | 20.92 | 90.95 |  168.2 |   80.9 |  591.6
  Budget_Matched         |  12.9 |  31.97 |  0.873 | 19.66 | 90.04 |  137.4 |  108.0 |  363.2
  → 167s (15s/stratégie)

[GPU 3] [26/140]  311000000005  (1_animal)
  Strategy               |     λ | CLIP-W | CLIP-I |  PSNR |  SSIM |  LPIPS |    MSE |     SD
  -----------------------+--------+--------+--------+--------+--------+--------+--------+--------+-
  Baseline               |  13.5 |  32.94 |  0.877 | 18.69 | 83.06 |  172.0 |  135.3 |  375.6
  Exp_Forward_Gate       |  12.4 |  32.50 |  0.895 | 19.81 | 85.72 |  157.8 |  104.4 |  412.1
  Exp_Forward            |  14.2 |  31.25 |  0.869 | 18.73 | 83.27 |  171.7 |  133.8 |  417.8
  Exp_Reverse_Gate       |  17.4 |  33.21 |  0.853 | 17.15 | 79.19 |  205.0 |  192.6 |  391.4
  Exp_Boost              |  12.3 |  32.08 |  0.916 | 20.71 | 87.68 |  145.7 |   85.0 |  417.7
  TwoPhase               |  12.6 |  30.46 |  0.923 | 19.78 | 85.60 |  155.0 |  105.2 |  399.5
  Entropy                |  12.4 |  30.96 |  0.921 | 20.27 | 86.42 |  153.4 |   94.0 |  404.6
  Locality               |  12.4 |  31.43 |  0.919 | 20.31 | 87.04 |  143.9 |   93.1 |  395.9
  Dual                   |   3.5 |  30.00 |  0.974 | 27.87 | 96.38 |   62.1 |   16.3 |  316.8
  Quantile               |  12.2 |  32.61 |  0.876 | 19.63 | 86.40 |  180.1 |  109.0 |  492.7
  Budget_Matched         |  12.6 |  31.00 |  0.896 | 19.20 | 84.91 |  157.3 |  120.3 |  392.5
  → 168s (15s/stratégie)

[GPU 3] [27/140]  311000000006  (1_animal)
  Strategy               |     λ | CLIP-W | CLIP-I |  PSNR |  SSIM |  LPIPS |    MSE |     SD
  -----------------------+--------+--------+--------+--------+--------+--------+--------+--------+-
  Baseline               |  13.5 |  30.76 |  0.803 | 21.35 | 84.99 |  173.3 |   73.3 |  505.1
  Exp_Forward_Gate       |  12.8 |  30.17 |  0.866 | 23.02 | 89.43 |  140.6 |   49.9 |  465.0
  Exp_Forward            |  14.3 |  31.50 |  0.843 | 21.94 | 86.01 |  168.9 |   64.0 |  468.2
  Exp_Reverse_Gate       |  16.2 |  29.75 |  0.800 | 19.91 | 80.95 |  224.7 |  102.2 |  553.4
  Exp_Boost              |  12.9 |  29.67 |  0.870 | 22.98 | 88.61 |  149.5 |   50.3 |  481.2
  TwoPhase               |  13.0 |  31.17 |  0.878 | 22.37 | 86.95 |  157.4 |   58.0 |  456.4
  Entropy                |  12.8 |  31.84 |  0.791 | 22.94 | 87.98 |  157.8 |   50.8 |  482.7
  Locality               |  12.8 |  31.43 |  0.876 | 22.65 | 87.36 |  156.7 |   54.3 |  442.4
  Dual                   |   3.3 |  21.51 |  0.955 | 35.52 | 98.58 |   29.7 |    2.8 |  308.3
  Quantile               |  11.5 |  27.01 |  0.865 | 24.44 | 92.71 |  130.1 |   36.0 |  541.4
  Budget_Matched         |  12.9 |  31.22 |  0.864 | 21.92 | 86.07 |  165.3 |   64.2 |  444.4
  → 167s (15s/stratégie)

[GPU 3] [28/140]  311000000007  (1_animal)
  Strategy               |     λ | CLIP-W | CLIP-I |  PSNR |  SSIM |  LPIPS |    MSE |     SD
  -----------------------+--------+--------+--------+--------+--------+--------+--------+--------+-
  Baseline               |  13.5 |  24.92 |  0.911 | 21.58 | 88.06 |  185.5 |   69.5 |  195.9
  Exp_Forward_Gate       |  12.6 |  24.81 |  0.922 | 24.01 | 91.08 |  143.1 |   39.7 |  176.5
  Exp_Forward            |  14.0 |  22.16 |  0.882 | 23.04 | 87.35 |  195.9 |   49.7 |  204.5
  Exp_Reverse_Gate       |  16.0 |  20.61 |  0.812 | 20.33 | 85.04 |  214.6 |   92.7 |  213.2
  Exp_Boost              |  12.5 |  24.23 |  0.910 | 24.04 | 90.67 |  152.0 |   39.5 |  181.2
  TwoPhase               |  12.9 |  24.89 |  0.919 | 23.46 | 90.37 |  157.9 |   45.1 |  180.7
  Entropy                |  12.6 |  24.98 |  0.907 | 23.86 | 90.91 |  150.9 |   41.1 |  178.7
  Locality               |  12.7 |  24.15 |  0.931 | 24.18 | 91.09 |  152.3 |   38.2 |  173.6
  Dual                   |   3.2 |  18.53 |  0.909 | 30.82 | 97.16 |   66.2 |    8.3 |  111.0
  Quantile               |  11.8 |  21.35 |  0.859 | 25.09 | 90.92 |  187.1 |   31.0 |  207.9
  Budget_Matched         |  13.0 |  25.49 |  0.913 | 23.36 | 89.69 |  162.6 |   46.1 |  186.2
  → 167s (15s/stratégie)

[GPU 3] [29/140]  311000000008  (1_animal)
  Strategy               |     λ | CLIP-W | CLIP-I |  PSNR |  SSIM |  LPIPS |    MSE |     SD
  -----------------------+--------+--------+--------+--------+--------+--------+--------+--------+-
  Baseline               |  13.5 |  28.18 |  0.921 | 19.90 | 75.86 |  317.1 |  102.3 |  307.2
  Exp_Forward_Gate       |  12.7 |  28.32 |  0.910 | 20.56 | 78.17 |  301.0 |   88.0 |  302.9
  Exp_Forward            |  14.2 |  28.89 |  0.918 | 20.02 | 76.93 |  305.5 |   99.5 |  299.6
  Exp_Reverse_Gate       |  16.3 |  28.07 |  0.906 | 18.30 | 69.89 |  352.7 |  147.9 |  330.4
  Exp_Boost              |  12.6 |  28.33 |  0.919 | 21.23 | 81.22 |  281.8 |   75.3 |  287.2
  TwoPhase               |  13.0 |  28.33 |  0.910 | 20.56 | 78.33 |  296.7 |   87.9 |  299.6
  Entropy                |  12.7 |  27.47 |  0.920 | 20.77 | 78.93 |  291.8 |   83.8 |  298.2
  Locality               |  12.7 |  27.54 |  0.918 | 20.68 | 79.21 |  293.3 |   85.5 |  296.8
  Dual                   |   3.3 |  27.55 |  0.987 | 29.08 | 95.82 |   87.8 |   12.3 |  161.6
  Quantile               |  12.1 |  26.89 |  0.947 | 22.84 | 84.87 |  263.9 |   52.0 |  285.5
  Budget_Matched         |  13.0 |  28.47 |  0.917 | 20.22 | 77.55 |  292.5 |   95.1 |  297.6
  → 167s (15s/stratégie)

[GPU 3] [30/140]  311000000009  (1_animal)
  Strategy               |     λ | CLIP-W | CLIP-I |  PSNR |  SSIM |  LPIPS |    MSE |     SD
  -----------------------+--------+--------+--------+--------+--------+--------+--------+--------+-
  Baseline               |  13.5 |  24.78 |  0.989 | 20.87 | 79.45 |  228.9 |   81.8 |  316.9
  Exp_Forward_Gate       |  12.6 |  24.94 |  0.986 | 21.74 | 82.05 |  220.5 |   67.0 |  317.5
  Exp_Forward            |  14.2 |  25.30 |  0.986 | 21.11 | 80.37 |  233.6 |   77.5 |  325.8
  Exp_Reverse_Gate       |  16.5 |  25.21 |  0.982 | 18.49 | 71.24 |  288.9 |  141.4 |  348.5
  Exp_Boost              |  12.6 |  24.46 |  0.992 | 22.64 | 83.66 |  186.6 |   54.4 |  305.8
  TwoPhase               |  12.8 |  24.74 |  0.988 | 21.99 | 81.17 |  218.1 |   63.2 |  312.2
  Entropy                |  12.5 |  24.83 |  0.988 | 21.48 | 80.73 |  232.1 |   71.2 |  319.1
  Locality               |  12.6 |  24.70 |  0.985 | 21.28 | 80.96 |  221.4 |   74.5 |  312.1
  Dual                   |   3.3 |  25.63 |  0.995 | 31.57 | 92.67 |   55.2 |    7.0 |  195.0
  Quantile               |  12.2 |  24.53 |  0.989 | 21.42 | 81.18 |  233.5 |   72.2 |  347.4
  Budget_Matched         |  12.9 |  25.05 |  0.985 | 21.33 | 79.49 |  227.2 |   73.6 |  318.5
  → 167s (15s/stratégie)

[GPU 3] [31/140]  312000000000  (2_human)
  Strategy               |     λ | CLIP-W | CLIP-I |  PSNR |  SSIM |  LPIPS |    MSE |     SD
  -----------------------+--------+--------+--------+--------+--------+--------+--------+--------+-
  Baseline               |  13.5 |  24.99 |  0.967 | 23.65 | 90.12 |  168.3 |   43.2 |  212.5
  Exp_Forward_Gate       |  12.6 |  24.98 |  0.967 | 24.81 | 91.36 |  161.8 |   33.1 |  209.1
  Exp_Forward            |  13.9 |  25.30 |  0.956 | 22.62 | 87.91 |  207.2 |   54.7 |  233.2
  Exp_Reverse_Gate       |  15.8 |  25.17 |  0.952 | 22.05 | 86.09 |  222.9 |   62.4 |  248.8
  Exp_Boost              |  12.3 |  24.80 |  0.959 | 24.79 | 91.20 |  169.1 |   33.2 |  214.3
  TwoPhase               |  12.6 |  24.31 |  0.960 | 23.80 | 89.95 |  172.2 |   41.7 |  215.5
  Entropy                |  12.5 |  25.19 |  0.963 | 24.45 | 90.80 |  170.3 |   35.9 |  214.2
  Locality               |  12.6 |  25.18 |  0.964 | 24.48 | 91.08 |  165.1 |   35.6 |  212.2
  Dual                   |   3.4 |  23.89 |  0.991 | 32.91 | 98.00 |   53.9 |    5.1 |  131.3
  Quantile               |  12.8 |  25.64 |  0.973 | 25.21 | 91.40 |  172.6 |   30.1 |  232.0
  Budget_Matched         |  12.9 |  25.20 |  0.959 | 23.80 | 89.90 |  178.0 |   41.7 |  220.9
  → 168s (15s/stratégie)

[GPU 3] [32/140]  312000000001  (2_human)
  Strategy               |     λ | CLIP-W | CLIP-I |  PSNR |  SSIM |  LPIPS |    MSE |     SD
  -----------------------+--------+--------+--------+--------+--------+--------+--------+--------+-
  Baseline               |  13.5 |  26.18 |  0.960 | 22.71 | 87.68 |  163.2 |   53.6 |  204.5
  Exp_Forward_Gate       |  12.6 |  26.03 |  0.968 | 24.05 | 89.62 |  148.2 |   39.3 |  194.3
  Exp_Forward            |  13.9 |  26.28 |  0.954 | 23.18 | 88.35 |  164.3 |   48.1 |  203.3
  Exp_Reverse_Gate       |  15.6 |  26.77 |  0.954 | 21.20 | 84.03 |  199.0 |   75.9 |  230.2
  Exp_Boost              |  12.5 |  26.10 |  0.961 | 24.26 | 89.99 |  154.1 |   37.5 |  192.4
  TwoPhase               |  12.8 |  25.82 |  0.965 | 23.84 | 89.46 |  153.9 |   41.3 |  194.0
  Entropy                |  12.6 |  25.69 |  0.953 | 23.97 | 89.46 |  153.5 |   40.1 |  194.3
  Locality               |  12.6 |  25.40 |  0.966 | 23.69 | 89.48 |  157.5 |   42.7 |  193.2
  Dual                   |   3.2 |  21.20 |  0.993 | 31.69 | 97.69 |   55.1 |    6.8 |  105.9
  Quantile               |  12.1 |  24.98 |  0.973 | 26.06 | 90.73 |  181.7 |   24.8 |  208.4
  Budget_Matched         |  12.9 |  26.08 |  0.960 | 23.38 | 88.76 |  158.0 |   46.0 |  199.9
  → 168s (15s/stratégie)

[GPU 3] [33/140]  312000000002  (2_human)
  Strategy               |     λ | CLIP-W | CLIP-I |  PSNR |  SSIM |  LPIPS |    MSE |     SD
  -----------------------+--------+--------+--------+--------+--------+--------+--------+--------+-
  Baseline               |  13.5 |  22.14 |  0.840 | 21.78 | 83.35 |  203.7 |   66.4 |  263.5
  Exp_Forward_Gate       |  12.3 |  21.50 |  0.825 | 22.10 | 83.95 |  213.5 |   61.7 |  271.2
  Exp_Forward            |  13.9 |  21.57 |  0.834 | 21.82 | 83.51 |  211.1 |   65.8 |  274.3
  Exp_Reverse_Gate       |  16.1 |  22.83 |  0.831 | 20.68 | 80.86 |  222.8 |   85.6 |  275.5
  Exp_Boost              |  12.3 |  22.02 |  0.884 | 23.42 | 87.67 |  190.7 |   45.5 |  257.9
  TwoPhase               |  12.5 |  22.72 |  0.811 | 21.35 | 83.45 |  226.1 |   73.3 |  274.5
  Entropy                |  12.3 |  22.10 |  0.845 | 21.95 | 84.10 |  209.8 |   63.9 |  270.7
  Locality               |  12.4 |  21.46 |  0.846 | 22.60 | 85.40 |  207.1 |   55.0 |  270.7
  Dual                   |   3.4 |  21.38 |  0.967 | 27.33 | 93.75 |  105.0 |   18.5 |  195.3
  Quantile               |  12.8 |  24.11 |  0.926 | 22.29 | 87.25 |  217.7 |   59.0 |  281.3
  Budget_Matched         |  12.7 |  22.32 |  0.812 | 21.69 | 83.82 |  207.9 |   67.8 |  269.0
  → 168s (15s/stratégie)

[GPU 3] [34/140]  312000000003  (2_human)
  Strategy               |     λ | CLIP-W | CLIP-I |  PSNR |  SSIM |  LPIPS |    MSE |     SD
  -----------------------+--------+--------+--------+--------+--------+--------+--------+--------+-
  Baseline               |  13.5 |  26.49 |  0.935 | 21.13 | 81.65 |  191.8 |   77.0 |  311.6
  Exp_Forward_Gate       |  12.5 |  27.14 |  0.941 | 22.05 | 86.03 |  168.7 |   62.4 |  303.1
  Exp_Forward            |  14.1 |  26.61 |  0.922 | 21.56 | 83.94 |  189.2 |   69.8 |  307.7
  Exp_Reverse_Gate       |  16.4 |  26.28 |  0.900 | 19.20 | 75.83 |  256.7 |  120.3 |  357.7
  Exp_Boost              |  12.4 |  27.90 |  0.926 | 22.66 | 86.86 |  170.3 |   54.2 |  294.7
  TwoPhase               |  12.7 |  28.18 |  0.920 | 21.92 | 85.68 |  179.7 |   64.3 |  298.4
  Entropy                |  12.5 |  26.74 |  0.933 | 22.31 | 86.33 |  168.1 |   58.7 |  294.4
  Locality               |  12.4 |  28.94 |  0.930 | 22.19 | 86.90 |  170.0 |   60.4 |  293.2
  Dual                   |   3.2 |  26.38 |  0.984 | 30.95 | 96.52 |   47.6 |    8.0 |  175.5
  Quantile               |  12.3 |  28.18 |  0.947 | 22.92 | 88.11 |  176.3 |   51.0 |  303.2
  Budget_Matched         |  12.9 |  27.38 |  0.932 | 22.25 | 86.77 |  164.2 |   59.5 |  281.4
  → 169s (15s/stratégie)

[GPU 3] [35/140]  312000000004  (2_human)
  Strategy               |     λ | CLIP-W | CLIP-I |  PSNR |  SSIM |  LPIPS |    MSE |     SD
  -----------------------+--------+--------+--------+--------+--------+--------+--------+--------+-
  Baseline               |  13.5 |  28.78 |  0.869 | 24.46 | 93.19 |   95.5 |   35.8 |  405.0
  Exp_Forward_Gate       |  12.7 |  27.77 |  0.874 | 24.99 | 93.81 |  100.2 |   31.7 |  430.9
  Exp_Forward            |  14.1 |  27.97 |  0.860 | 24.48 | 92.82 |  111.2 |   35.6 |  419.3
  Exp_Reverse_Gate       |  15.7 |  28.60 |  0.822 | 22.39 | 90.56 |  119.4 |   57.6 |  366.5
  Exp_Boost              |  12.8 |  28.22 |  0.873 | 25.75 | 94.29 |  107.4 |   26.6 |  436.3
  TwoPhase               |  12.9 |  27.36 |  0.881 | 25.72 | 94.33 |   97.9 |   26.8 |  412.6
  Entropy                |  12.8 |  27.45 |  0.876 | 25.20 | 93.80 |  119.1 |   30.2 |  435.5
  Locality               |  12.8 |  29.23 |  0.877 | 25.32 | 93.75 |  126.6 |   29.4 |  395.4
  Dual                   |   3.5 |  25.97 |  0.949 | 30.02 | 97.52 |   70.6 |   10.0 |  401.8
  Quantile               |  12.9 |  26.79 |  0.877 | 25.13 | 93.61 |  171.8 |   30.7 |  531.4
  Budget_Matched         |  13.0 |  28.61 |  0.882 | 25.79 | 94.34 |  101.7 |   26.4 |  406.8
  → 167s (15s/stratégie)

[GPU 3] [36/140]  312000000005  (2_human)
  Strategy               |     λ | CLIP-W | CLIP-I |  PSNR |  SSIM |  LPIPS |    MSE |     SD
  -----------------------+--------+--------+--------+--------+--------+--------+--------+--------+-
  Baseline               |  13.5 |  30.41 |  0.860 | 19.69 | 86.49 |  169.7 |  107.3 |  525.0
  Exp_Forward_Gate       |  12.7 |  31.98 |  0.894 | 21.20 | 89.89 |  146.5 |   75.8 |  503.7
  Exp_Forward            |  14.3 |  31.80 |  0.880 | 20.38 | 88.23 |  151.9 |   91.6 |  508.6
  Exp_Reverse_Gate       |  16.8 |  31.05 |  0.829 | 17.53 | 81.74 |  187.1 |  176.5 |  486.2
  Exp_Boost              |  12.7 |  31.96 |  0.893 | 22.45 | 92.11 |  111.8 |   56.8 |  370.2
  TwoPhase               |  12.8 |  31.76 |  0.898 | 21.22 | 90.32 |  127.1 |   75.5 |  341.4
  Entropy                |  12.6 |  32.16 |  0.896 | 20.92 | 89.13 |  144.1 |   80.9 |  446.2
  Locality               |  12.6 |  29.99 |  0.851 | 20.71 | 88.74 |  147.1 |   85.0 |  440.6
  Dual                   |   3.6 |  31.81 |  0.969 | 28.88 | 97.40 |   51.1 |   12.9 |  448.8
  Quantile               |  12.1 |  31.93 |  0.948 | 24.63 | 93.43 |  108.8 |   34.4 |  505.5
  Budget_Matched         |  12.8 |  32.62 |  0.878 | 19.98 | 87.36 |  158.2 |  100.4 |  531.2
  → 167s (15s/stratégie)

[GPU 3] [37/140]  312000000006  (2_human)
  Strategy               |     λ | CLIP-W | CLIP-I |  PSNR |  SSIM |  LPIPS |    MSE |     SD
  -----------------------+--------+--------+--------+--------+--------+--------+--------+--------+-
  Baseline               |  13.5 |  21.91 |  0.969 | 20.58 | 76.23 |  312.4 |   87.5 |  300.6
  Exp_Forward_Gate       |  12.7 |  21.68 |  0.963 | 21.73 | 78.97 |  277.9 |   67.2 |  283.8
  Exp_Forward            |  14.2 |  22.19 |  0.964 | 20.75 | 75.76 |  311.6 |   84.2 |  300.9
  Exp_Reverse_Gate       |  16.8 |  22.39 |  0.896 | 18.57 | 67.17 |  401.8 |  139.1 |  351.5
  Exp_Boost              |  12.5 |  21.76 |  0.973 | 21.44 | 79.13 |  285.6 |   71.8 |  286.4
  TwoPhase               |  12.8 |  21.77 |  0.962 | 21.46 | 78.11 |  288.6 |   71.5 |  290.2
  Entropy                |  12.6 |  21.57 |  0.969 | 21.81 | 79.77 |  279.9 |   65.9 |  280.8
  Locality               |  12.6 |  21.07 |  0.966 | 21.84 | 78.88 |  288.3 |   65.5 |  290.1
  Dual                   |   3.2 |  20.77 |  0.996 | 30.58 | 95.71 |   78.6 |    8.8 |  158.0
  Quantile               |  12.2 |  22.16 |  0.979 | 22.39 | 84.07 |  253.6 |   57.7 |  268.4
  Budget_Matched         |  12.8 |  21.58 |  0.964 | 20.59 | 76.08 |  304.9 |   87.4 |  297.5
  → 167s (15s/stratégie)

[GPU 3] [38/140]  312000000007  (2_human)
  Strategy               |     λ | CLIP-W | CLIP-I |  PSNR |  SSIM |  LPIPS |    MSE |     SD
  -----------------------+--------+--------+--------+--------+--------+--------+--------+--------+-
  Baseline               |  13.5 |  32.19 |  0.855 | 22.35 | 88.64 |  191.5 |   58.2 |  325.4
  Exp_Forward_Gate       |  12.6 |  32.40 |  0.846 | 23.95 | 90.62 |  162.6 |   40.2 |  326.3
  Exp_Forward            |  14.0 |  32.65 |  0.830 | 22.63 | 88.22 |  198.8 |   54.5 |  344.8
  Exp_Reverse_Gate       |  16.5 |  33.01 |  0.815 | 20.67 | 83.25 |  260.0 |   85.6 |  349.2
  Exp_Boost              |  12.5 |  32.40 |  0.857 | 24.14 | 91.38 |  148.3 |   38.5 |  299.3
  TwoPhase               |  12.7 |  31.16 |  0.865 | 23.99 | 91.08 |  147.9 |   39.9 |  288.8
  Entropy                |  12.5 |  31.12 |  0.872 | 23.95 | 90.59 |  160.0 |   40.3 |  319.1
  Locality               |  12.6 |  32.57 |  0.862 | 24.07 | 91.38 |  143.4 |   39.2 |  288.6
  Dual                   |   3.4 |  27.46 |  0.871 | 29.59 | 96.88 |   63.3 |   11.0 |  260.5
  Quantile               |  13.9 |  30.70 |  0.849 | 22.03 | 87.96 |  214.2 |   62.6 |  377.5
  Budget_Matched         |  12.9 |  32.10 |  0.844 | 23.70 | 90.30 |  153.2 |   42.6 |  272.3
  → 168s (15s/stratégie)

[GPU 3] [39/140]  312000000008  (2_human)
  Strategy               |     λ | CLIP-W | CLIP-I |  PSNR |  SSIM |  LPIPS |    MSE |     SD
  -----------------------+--------+--------+--------+--------+--------+--------+--------+--------+-
  Baseline               |  13.5 |  25.71 |  0.844 | 18.65 | 77.45 |  280.9 |  136.5 |  398.3
  Exp_Forward_Gate       |  12.2 |  26.52 |  0.700 | 20.10 | 82.54 |  251.9 |   97.8 |  382.5
  Exp_Forward            |  14.2 |  25.68 |  0.855 | 19.86 | 80.04 |  270.4 |  103.3 |  394.0
  Exp_Reverse_Gate       |  17.4 |  25.88 |  0.844 | 16.93 | 70.12 |  365.3 |  202.6 |  455.3
  Exp_Boost              |  12.3 |  24.23 |  0.895 | 20.83 | 83.13 |  241.5 |   82.5 |  386.0
  TwoPhase               |  12.6 |  24.91 |  0.891 | 20.35 | 82.50 |  243.3 |   92.2 |  379.5
  Entropy                |  12.3 |  24.71 |  0.872 | 20.35 | 82.43 |  270.2 |   92.3 |  395.8
  Locality               |  12.5 |  24.16 |  0.906 | 21.35 | 84.75 |  231.4 |   73.4 |  370.5
  Dual                   |   3.3 |  23.95 |  0.989 | 29.94 | 97.06 |   54.9 |   10.1 |  231.5
  Quantile               |  12.0 |  25.25 |  0.920 | 21.31 | 85.30 |  239.6 |   73.9 |  396.8
  Budget_Matched         |  12.7 |  24.27 |  0.891 | 19.98 | 81.47 |  260.0 |  100.5 |  394.1
  → 167s (15s/stratégie)

[GPU 3] [40/140]  312000000009  (2_human)
  Strategy               |     λ | CLIP-W | CLIP-I |  PSNR |  SSIM |  LPIPS |    MSE |     SD
  -----------------------+--------+--------+--------+--------+--------+--------+--------+--------+-
  Baseline               |  13.5 |  28.80 |  0.954 | 22.39 | 89.39 |  134.4 |   57.7 |  342.3
  Exp_Forward_Gate       |  12.8 |  29.43 |  0.955 | 23.65 | 91.60 |  130.0 |   43.2 |  350.6
  Exp_Forward            |  14.0 |  28.79 |  0.977 | 23.89 | 91.85 |  126.4 |   40.8 |  349.6
  Exp_Reverse_Gate       |  15.2 |  28.60 |  0.936 | 22.40 | 89.36 |  132.0 |   57.5 |  324.9
  Exp_Boost              |  12.7 |  28.02 |  0.980 | 24.91 | 92.90 |  119.3 |   32.3 |  345.9
  TwoPhase               |  12.8 |  27.82 |  0.976 | 23.50 | 91.60 |  129.1 |   44.7 |  351.2
  Entropy                |  12.8 |  29.20 |  0.963 | 23.89 | 91.94 |  123.0 |   40.8 |  346.9
  Locality               |  12.8 |  28.37 |  0.981 | 24.10 | 92.39 |  117.9 |   38.9 |  340.9
  Dual                   |   3.3 |  27.83 |  0.995 | 33.94 | 98.49 |   47.7 |    4.0 |  271.8
  Quantile               |  12.8 |  28.55 |  0.969 | 23.90 | 91.68 |  184.8 |   40.7 |  419.3
  Budget_Matched         |  13.0 |  28.79 |  0.956 | 23.48 | 90.97 |  127.7 |   44.9 |  345.9
  → 167s (15s/stratégie)

[GPU 3] [41/140]  313000000000  (3_indoor)
  Strategy               |     λ | CLIP-W | CLIP-I |  PSNR |  SSIM |  LPIPS |    MSE |     SD
  -----------------------+--------+--------+--------+--------+--------+--------+--------+--------+-
  Baseline               |  13.5 |  29.45 |  0.672 | 22.86 | 91.41 |  149.2 |   51.8 |  150.1
  Exp_Forward_Gate       |  12.5 |  30.15 |  0.751 | 22.97 | 91.75 |  144.1 |   50.5 |  151.6
  Exp_Forward            |  13.8 |  29.94 |  0.743 | 22.62 | 90.71 |  159.0 |   54.7 |  158.8
  Exp_Reverse_Gate       |  15.4 |  28.18 |  0.681 | 21.67 | 89.66 |  161.0 |   68.0 |  157.6
  Exp_Boost              |  12.4 |  29.85 |  0.729 | 23.24 | 92.10 |  147.7 |   47.4 |  151.4
  TwoPhase               |  12.9 |  29.39 |  0.774 | 24.50 | 93.39 |  132.2 |   35.5 |  141.9
  Entropy                |  12.7 |  29.02 |  0.794 | 23.89 | 92.52 |  139.8 |   40.8 |  151.0
  Locality               |  12.6 |  29.61 |  0.855 | 24.09 | 92.82 |  134.8 |   39.0 |  144.4
  Dual                   |   3.1 |  28.21 |  0.911 | 29.90 | 97.53 |   63.3 |   10.2 |   85.0
  Quantile               |  12.5 |  31.46 |  0.715 | 22.26 | 88.86 |  211.4 |   59.4 |  196.5
  Budget_Matched         |  13.0 |  29.96 |  0.728 | 23.36 | 91.71 |  146.1 |   46.1 |  151.3
  → 168s (15s/stratégie)

[GPU 3] [42/140]  313000000001  (3_indoor)
  Strategy               |     λ | CLIP-W | CLIP-I |  PSNR |  SSIM |  LPIPS |    MSE |     SD
  -----------------------+--------+--------+--------+--------+--------+--------+--------+--------+-
  Baseline               |  13.5 |  24.35 |  0.805 | 24.65 | 90.75 |  126.7 |   34.3 |  518.3
  Exp_Forward_Gate       |  12.7 |  21.82 |  0.794 | 25.64 | 91.34 |  122.7 |   27.3 |  648.6
  Exp_Forward            |  14.1 |  23.65 |  0.856 | 27.94 | 94.56 |   87.5 |   16.1 |  545.0
  Exp_Reverse_Gate       |  15.7 |  25.53 |  0.802 | 23.95 | 90.31 |  142.7 |   40.2 |  419.8
  Exp_Boost              |  13.0 |  23.22 |  0.821 | 26.88 | 92.27 |  133.0 |   20.5 |  676.3
  TwoPhase               |  13.1 |  20.88 |  0.871 | 27.56 | 94.67 |   88.9 |   17.5 |  574.6
  Entropy                |  12.8 |  23.28 |  0.774 | 26.70 | 93.31 |  107.2 |   21.4 |  577.6
  Locality               |  12.9 |  23.47 |  0.859 | 27.55 | 93.19 |  110.0 |   17.6 |  595.7
  Dual                   |   3.6 |  21.43 |  0.887 | 31.62 | 97.59 |   38.7 |    6.9 |  482.4
  Quantile               |  13.4 |  23.54 |  0.829 | 26.34 | 93.31 |  205.3 |   23.2 |  745.5
  Budget_Matched         |  13.0 |  23.06 |  0.844 | 26.74 | 93.95 |  107.2 |   21.2 |  559.4
  → 167s (15s/stratégie)

[GPU 3] [43/140]  313000000002  (3_indoor)
  Strategy               |     λ | CLIP-W | CLIP-I |  PSNR |  SSIM |  LPIPS |    MSE |     SD
  -----------------------+--------+--------+--------+--------+--------+--------+--------+--------+-
  Baseline               |  13.5 |  23.39 |  0.992 | 22.51 | 85.64 |  168.3 |   56.2 |  288.9
  Exp_Forward_Gate       |  12.8 |  23.22 |  0.991 | 24.34 | 88.56 |  158.2 |   36.8 |  283.2
  Exp_Forward            |  14.1 |  23.28 |  0.990 | 22.98 | 85.53 |  185.8 |   50.3 |  308.2
  Exp_Reverse_Gate       |  15.2 |  23.56 |  0.991 | 21.90 | 83.81 |  184.2 |   64.5 |  298.7
  Exp_Boost              |  12.7 |  23.37 |  0.992 | 24.35 | 88.76 |  168.3 |   36.7 |  293.6
  TwoPhase               |  13.1 |  23.39 |  0.993 | 24.43 | 88.75 |  158.6 |   36.1 |  289.8
  Entropy                |  12.8 |  23.22 |  0.993 | 24.26 | 88.91 |  149.3 |   37.5 |  282.0
  Locality               |  12.8 |  23.48 |  0.992 | 24.60 | 88.90 |  154.5 |   34.7 |  287.0
  Dual                   |   3.3 |  23.60 |  0.994 | 30.15 | 97.12 |   64.3 |    9.7 |  202.4
  Quantile               |  12.9 |  23.28 |  0.986 | 25.12 | 90.34 |  185.6 |   30.8 |  312.3
  Budget_Matched         |  13.0 |  23.36 |  0.992 | 23.86 | 88.01 |  155.6 |   41.1 |  280.3
  → 167s (15s/stratégie)

[GPU 3] [44/140]  313000000003  (3_indoor)
  Strategy               |     λ | CLIP-W | CLIP-I |  PSNR |  SSIM |  LPIPS |    MSE |     SD
  -----------------------+--------+--------+--------+--------+--------+--------+--------+--------+-
  Baseline               |  13.5 |  24.92 |  0.968 | 22.06 | 87.56 |  169.1 |   62.2 |  188.1
  Exp_Forward_Gate       |  12.5 |  25.31 |  0.950 | 23.67 | 90.49 |  146.3 |   43.0 |  174.4
  Exp_Forward            |  13.8 |  27.41 |  0.947 | 21.58 | 86.61 |  183.2 |   69.5 |  197.6
  Exp_Reverse_Gate       |  16.0 |  28.23 |  0.945 | 19.56 | 80.81 |  240.6 |  110.7 |  231.9
  Exp_Boost              |  12.5 |  26.31 |  0.959 | 23.28 | 89.86 |  161.0 |   47.0 |  178.2
  TwoPhase               |  12.6 |  26.19 |  0.965 | 22.30 | 88.31 |  174.5 |   58.9 |  187.4
  Entropy                |  12.5 |  24.21 |  0.961 | 23.68 | 90.15 |  152.3 |   42.9 |  178.2
  Locality               |  12.6 |  25.62 |  0.967 | 23.04 | 89.44 |  153.5 |   49.6 |  176.0
  Dual                   |   3.1 |  23.09 |  0.993 | 30.70 | 97.17 |   60.8 |    8.5 |  100.0
  Quantile               |  13.9 |  25.25 |  0.965 | 22.52 | 86.64 |  218.2 |   56.0 |  205.8
  Budget_Matched         |  12.9 |  24.31 |  0.969 | 22.59 | 88.96 |  161.3 |   55.1 |  182.1
  → 167s (15s/stratégie)

[GPU 3] [45/140]  313000000004  (3_indoor)
  Strategy               |     λ | CLIP-W | CLIP-I |  PSNR |  SSIM |  LPIPS |    MSE |     SD
  -----------------------+--------+--------+--------+--------+--------+--------+--------+--------+-
  Baseline               |  13.5 |  19.93 |  0.818 | 25.38 | 88.48 |  153.0 |   29.0 |  264.3
  Exp_Forward_Gate       |  12.7 |  19.51 |  0.817 | 25.75 | 88.97 |  146.9 |   26.6 |  273.8
  Exp_Forward            |  14.0 |  20.92 |  0.805 | 24.95 | 87.12 |  174.6 |   32.0 |  293.0
  Exp_Reverse_Gate       |  15.6 |  21.79 |  0.725 | 23.32 | 83.05 |  225.6 |   46.6 |  318.6
  Exp_Boost              |  12.7 |  19.37 |  0.835 | 26.76 | 89.98 |  142.5 |   21.1 |  281.3
  TwoPhase               |  12.9 |  19.56 |  0.815 | 25.84 | 88.18 |  155.9 |   26.1 |  283.2
  Entropy                |  12.7 |  20.21 |  0.755 | 26.02 | 89.06 |  147.4 |   25.0 |  289.8
  Locality               |  12.7 |  18.68 |  0.861 | 26.44 | 89.30 |  145.0 |   22.7 |  274.7
  Dual                   |   3.1 |  14.08 |  0.993 | 36.19 | 97.57 |   28.8 |    2.4 |  144.7
  Quantile               |  14.1 |  17.16 |  0.904 | 25.53 | 88.32 |  174.4 |   28.0 |  328.3
  Budget_Matched         |  12.9 |  19.52 |  0.787 | 25.06 | 87.87 |  160.8 |   31.2 |  280.5
  → 168s (15s/stratégie)

[GPU 3] [46/140]  313000000005  (3_indoor)
  Strategy               |     λ | CLIP-W | CLIP-I |  PSNR |  SSIM |  LPIPS |    MSE |     SD
  -----------------------+--------+--------+--------+--------+--------+--------+--------+--------+-
  Baseline               |  13.5 |  23.94 |  0.966 | 23.98 | 88.61 |  147.3 |   40.0 |  241.4
  Exp_Forward_Gate       |  12.8 |  22.36 |  0.974 | 25.38 | 90.40 |  130.6 |   29.0 |  230.2
  Exp_Forward            |  13.9 |  24.54 |  0.942 | 24.79 | 89.95 |  141.7 |   33.2 |  239.2
  Exp_Reverse_Gate       |  15.2 |  25.06 |  0.959 | 22.69 | 84.81 |  179.3 |   53.8 |  272.3
  Exp_Boost              |  12.9 |  22.97 |  0.979 | 26.25 | 91.90 |  117.1 |   23.7 |  221.9
  TwoPhase               |  13.0 |  23.73 |  0.967 | 25.33 | 90.56 |  129.2 |   29.3 |  228.1
  Entropy                |  12.8 |  24.19 |  0.972 | 25.23 | 90.33 |  135.2 |   30.0 |  232.3
  Locality               |  12.9 |  23.62 |  0.971 | 26.19 | 91.54 |  124.0 |   24.0 |  224.4
  Dual                   |   3.2 |  22.97 |  0.990 | 33.19 | 97.07 |   47.7 |    4.8 |  146.5
  Quantile               |  13.0 |  22.72 |  0.973 | 23.78 | 87.79 |  170.4 |   41.9 |  270.4
  Budget_Matched         |  13.0 |  24.56 |  0.967 | 24.74 | 89.44 |  140.4 |   33.6 |  229.2
  → 168s (15s/stratégie)

[GPU 3] [47/140]  313000000006  (3_indoor)
  Strategy               |     λ | CLIP-W | CLIP-I |  PSNR |  SSIM |  LPIPS |    MSE |     SD
  -----------------------+--------+--------+--------+--------+--------+--------+--------+--------+-
  Baseline               |  13.5 |  21.25 |  0.970 | 28.24 | 95.23 |   94.5 |   15.0 |  390.5
  Exp_Forward_Gate       |  12.9 |  21.30 |  0.956 | 28.57 | 94.74 |  106.1 |   13.9 |  419.7
  Exp_Forward            |  14.0 |  22.28 |  0.958 | 28.85 | 94.72 |  113.5 |   13.0 |  417.9
  Exp_Reverse_Gate       |  15.1 |  21.87 |  0.961 | 27.26 | 93.18 |  110.3 |   18.8 |  383.2
  Exp_Boost              |  13.1 |  21.64 |  0.959 | 29.75 | 95.67 |  112.4 |   10.6 |  477.7
  TwoPhase               |  13.1 |  20.84 |  0.961 | 28.40 | 95.22 |  112.7 |   14.4 |  445.4
  Entropy                |  12.9 |  21.41 |  0.959 | 30.37 | 95.16 |  100.4 |    9.2 |  436.8
  Locality               |  13.0 |  21.25 |  0.954 | 29.05 | 94.74 |  110.6 |   12.5 |  447.8
  Dual                   |   3.5 |  20.74 |  0.980 | 34.69 | 98.32 |   55.9 |    3.4 |  426.5
  Quantile               |  13.5 |  23.12 |  0.928 | 25.15 | 91.86 |  159.5 |   30.5 |  504.3
  Budget_Matched         |  13.1 |  21.09 |  0.957 | 28.43 | 94.90 |  102.3 |   14.3 |  425.3
  → 168s (15s/stratégie)

[GPU 3] [48/140]  313000000007  (3_indoor)
  Strategy               |     λ | CLIP-W | CLIP-I |  PSNR |  SSIM |  LPIPS |    MSE |     SD
  -----------------------+--------+--------+--------+--------+--------+--------+--------+--------+-
  Baseline               |  13.5 |  25.82 |  0.925 | 21.77 | 86.25 |  167.1 |   66.5 |  145.7
  Exp_Forward_Gate       |  12.6 |  25.44 |  0.921 | 22.85 | 86.28 |  174.2 |   51.9 |  151.7
  Exp_Forward            |  13.9 |  25.97 |  0.920 | 22.10 | 85.66 |  182.5 |   61.7 |  155.6
  Exp_Reverse_Gate       |  15.6 |  24.93 |  0.922 | 20.96 | 84.68 |  186.1 |   80.2 |  156.2
  Exp_Boost              |  12.5 |  25.89 |  0.886 | 23.35 | 86.79 |  174.8 |   46.3 |  152.3
  TwoPhase               |  12.8 |  24.94 |  0.935 | 22.79 | 86.95 |  176.0 |   52.6 |  151.9
  Entropy                |  12.5 |  25.29 |  0.934 | 22.42 | 85.96 |  177.0 |   57.3 |  156.4
  Locality               |  12.5 |  25.22 |  0.940 | 22.73 | 86.12 |  173.4 |   53.3 |  153.9
  Dual                   |   3.3 |  24.34 |  0.983 | 31.95 | 94.89 |   79.4 |    6.4 |   95.5
  Quantile               |  12.5 |  26.29 |  0.912 | 22.37 | 85.40 |  219.9 |   57.9 |  185.4
  Budget_Matched         |  12.9 |  24.91 |  0.949 | 22.44 | 86.74 |  162.9 |   57.0 |  147.0
  → 168s (15s/stratégie)

[GPU 3] [49/140]  313000000008  (3_indoor)
  Strategy               |     λ | CLIP-W | CLIP-I |  PSNR |  SSIM |  LPIPS |    MSE |     SD
  -----------------------+--------+--------+--------+--------+--------+--------+--------+--------+-
  Baseline               |  13.5 |  26.29 |  0.949 | 22.01 | 83.54 |  247.9 |   62.9 |  310.4
  Exp_Forward_Gate       |  12.6 |  27.03 |  0.958 | 22.53 | 86.47 |  210.3 |   55.9 |  298.1
  Exp_Forward            |  14.0 |  26.95 |  0.960 | 21.75 | 83.82 |  240.8 |   66.8 |  312.7
  Exp_Reverse_Gate       |  16.2 |  27.14 |  0.941 | 19.96 | 78.61 |  291.8 |  100.9 |  345.8
  Exp_Boost              |  12.4 |  26.55 |  0.965 | 23.23 | 87.21 |  222.3 |   47.6 |  303.1
  TwoPhase               |  12.6 |  26.63 |  0.952 | 22.29 | 85.30 |  229.3 |   59.0 |  302.1
  Entropy                |  12.4 |  26.29 |  0.956 | 21.84 | 84.07 |  232.6 |   65.4 |  312.5
  Locality               |  12.5 |  26.28 |  0.958 | 22.39 | 85.01 |  225.2 |   57.6 |  306.5
  Dual                   |   3.4 |  26.24 |  0.986 | 28.74 | 95.90 |   84.4 |   13.4 |  195.0
  Quantile               |  11.8 |  26.56 |  0.956 | 23.56 | 87.48 |  241.0 |   44.1 |  330.4
