[GPU 4] Chunk 3/5 — 140 images (420→559)
[GPU 4] Chargement SD3-medium (visible=4) …
Loading pipeline components...:   0%|          | 0/9 [00:00<?, ?it/s]Loading pipeline components...:  11%|█         | 1/9 [00:00<00:01,  5.30it/s]`torch_dtype` is deprecated! Use `dtype` instead!

Loading checkpoint shards:   0%|          | 0/2 [00:00<?, ?it/s][A
Loading checkpoint shards:  50%|█████     | 1/2 [00:00<00:00,  4.81it/s][A
Loading checkpoint shards: 100%|██████████| 2/2 [00:00<00:00,  6.92it/s][ALoading checkpoint shards: 100%|██████████| 2/2 [00:00<00:00,  6.49it/s]
Loading pipeline components...:  44%|████▍     | 4/9 [00:00<00:00,  6.98it/s]Loading pipeline components...:  56%|█████▌    | 5/9 [00:00<00:00,  7.12it/s]You set `add_prefix_space`. The tokenizer needs to be converted from the slow tokenizers
Loading pipeline components...:  67%|██████▋   | 6/9 [00:00<00:00,  6.83it/s]Loading pipeline components...:  89%|████████▉ | 8/9 [00:01<00:00,  7.35it/s]Loading pipeline components...: 100%|██████████| 9/9 [00:01<00:00,  7.97it/s]
/shared/ssd_14T/home/ahmadou/miniconda3/envs/pytorch_env/lib/python3.10/site-packages/torchvision/models/_utils.py:208: UserWarning: The parameter 'pretrained' is deprecated since 0.13 and may be removed in the future, please use 'weights' instead.
  warnings.warn(
/shared/ssd_14T/home/ahmadou/miniconda3/envs/pytorch_env/lib/python3.10/site-packages/torchvision/models/_utils.py:223: UserWarning: Arguments other than a weight enum or `None` for 'weights' are deprecated since 0.13 and may be removed in the future. The current behavior is equivalent to passing `weights=VGG16_Weights.IMAGENET1K_V1`. You can also use `weights=VGG16_Weights.DEFAULT` to get the most up-to-date weights.
  warnings.warn(msg)
Setting up [LPIPS] perceptual loss: trunk [vgg], v[0.1], spatial [off]
Loading model from: /shared/ssd_14T/home/ahmadou/miniconda3/envs/pytorch_env/lib/python3.10/site-packages/lpips/weights/v0.1/vgg.pth

[GPU 4] [1/140]  511000000000  (1_animal)
  Strategy               |     λ | CLIP-W | CLIP-I |  PSNR |  SSIM |  LPIPS |    MSE |     SD
  -----------------------+--------+--------+--------+--------+--------+--------+--------+--------+-
  Baseline               |  13.5 |  25.34 |  0.833 | 25.50 | 96.53 |   63.3 |   28.2 |  376.1
  Exp_Forward_Gate       |  13.0 |  25.86 |  0.811 | 25.78 | 96.20 |   60.8 |   26.4 |  463.5
  Exp_Forward            |  14.1 |  24.07 |  0.641 | 24.26 | 95.24 |   81.2 |   37.5 |  421.9
  Exp_Reverse_Gate       |  15.2 |  26.49 |  0.841 | 23.82 | 95.70 |   49.7 |   41.5 |  144.9
  Exp_Boost              |  12.9 |  26.05 |  0.851 | 25.04 | 96.13 |   51.5 |   31.3 |  460.6
  TwoPhase               |  13.1 |  22.86 |  0.853 | 25.68 | 96.39 |   47.1 |   27.0 |  157.9
  Entropy                |  12.8 |  24.94 |  0.851 | 26.23 | 96.51 |   50.1 |   23.8 |  354.2
  Locality               |  13.0 |  24.08 |  0.849 | 25.46 | 96.24 |   48.5 |   28.4 |  376.0
  Dual                   |   3.4 |  22.52 |  0.944 | 33.94 | 99.07 |   16.4 |    4.0 |  275.8
  Quantile               |  13.1 |  23.64 |  0.820 | 26.43 | 96.90 |   72.0 |   22.8 |  517.6
  Budget_Matched         |  13.1 |  24.93 |  0.835 | 25.08 | 96.08 |   66.4 |   31.0 |  470.8
  → 160s (15s/stratégie)

[GPU 4] [2/140]  511000000001  (1_animal)
  Strategy               |     λ | CLIP-W | CLIP-I |  PSNR |  SSIM |  LPIPS |    MSE |     SD
  -----------------------+--------+--------+--------+--------+--------+--------+--------+--------+-
  Baseline               |  13.5 |  32.30 |  0.910 | 17.38 | 83.44 |  193.2 |  183.0 |  391.9
  Exp_Forward_Gate       |  12.4 |  31.37 |  0.923 | 18.29 | 85.73 |  176.1 |  148.1 |  465.8
  Exp_Forward            |  14.4 |  31.56 |  0.916 | 17.67 | 84.26 |  207.6 |  171.1 |  428.7
  Exp_Reverse_Gate       |  17.4 |  31.73 |  0.894 | 16.05 | 78.97 |  226.5 |  248.5 |  365.5
  Exp_Boost              |  12.6 |  31.16 |  0.913 | 18.78 | 87.12 |  185.8 |  132.4 |  476.9
  TwoPhase               |  12.6 |  31.64 |  0.929 | 18.34 | 86.11 |  170.5 |  146.5 |  459.3
  Entropy                |  12.4 |  30.82 |  0.911 | 19.01 | 87.99 |  171.4 |  125.6 |  448.8
  Locality               |  12.4 |  31.24 |  0.918 | 18.42 | 86.73 |  165.3 |  143.8 |  454.1
  Dual                   |   3.4 |  31.27 |  0.983 | 30.53 | 98.67 |   44.8 |    8.9 |  250.3
  Quantile               |  12.1 |  30.92 |  0.881 | 19.83 | 90.83 |  174.4 |  104.0 |  531.3
  Budget_Matched         |  12.7 |  31.47 |  0.926 | 18.06 | 85.69 |  186.2 |  156.4 |  404.3
  → 168s (15s/stratégie)

[GPU 4] [3/140]  511000000002  (1_animal)
  Strategy               |     λ | CLIP-W | CLIP-I |  PSNR |  SSIM |  LPIPS |    MSE |     SD
  -----------------------+--------+--------+--------+--------+--------+--------+--------+--------+-
  Baseline               |  13.5 |  25.69 |  0.882 | 21.28 | 85.43 |  163.8 |   74.5 |  283.9
  Exp_Forward_Gate       |  12.8 |  24.31 |  0.925 | 23.04 | 90.00 |  121.2 |   49.6 |  410.5
  Exp_Forward            |  14.3 |  25.23 |  0.892 | 21.24 | 87.00 |  146.7 |   75.1 |  413.6
  Exp_Reverse_Gate       |  15.9 |  25.56 |  0.864 | 21.31 | 85.00 |  166.6 |   73.9 |  312.2
  Exp_Boost              |  12.9 |  24.43 |  0.914 | 22.61 | 88.53 |  141.7 |   54.9 |  462.5
  TwoPhase               |  12.9 |  24.55 |  0.927 | 22.82 | 89.67 |  127.2 |   52.2 |  374.1
  Entropy                |  12.7 |  24.76 |  0.900 | 21.89 | 87.86 |  151.4 |   64.6 |  403.4
  Locality               |  12.7 |  24.74 |  0.923 | 22.68 | 89.11 |  134.2 |   54.0 |  426.6
  Dual                   |   3.5 |  20.39 |  0.964 | 29.97 | 97.65 |   40.2 |   10.1 |  193.9
  Quantile               |  12.6 |  22.79 |  0.902 | 21.08 | 88.14 |  181.8 |   78.0 |  580.3
  Budget_Matched         |  12.9 |  25.39 |  0.917 | 22.71 | 88.89 |  131.7 |   53.6 |  342.1
  → 168s (15s/stratégie)

[GPU 4] [4/140]  511000000003  (1_animal)
  Strategy               |     λ | CLIP-W | CLIP-I |  PSNR |  SSIM |  LPIPS |    MSE |     SD
  -----------------------+--------+--------+--------+--------+--------+--------+--------+--------+-
  Baseline               |  13.5 |  27.99 |  0.903 | 20.53 | 85.53 |  156.8 |   88.4 |  391.0
  Exp_Forward_Gate       |  12.7 |  27.93 |  0.922 | 22.00 | 88.35 |  151.3 |   63.1 |  418.8
  Exp_Forward            |  14.3 |  28.51 |  0.926 | 21.26 | 86.63 |  168.2 |   74.8 |  439.3
  Exp_Reverse_Gate       |  16.0 |  28.13 |  0.907 | 19.96 | 83.31 |  196.1 |  100.8 |  471.1
  Exp_Boost              |  12.8 |  28.77 |  0.933 | 22.26 | 88.72 |  149.3 |   59.5 |  457.0
  TwoPhase               |  12.9 |  27.79 |  0.920 | 21.69 | 87.85 |  147.8 |   67.7 |  430.5
  Entropy                |  12.7 |  28.32 |  0.930 | 21.91 | 89.02 |  134.6 |   64.4 |  416.0
  Locality               |  12.8 |  28.16 |  0.911 | 22.06 | 88.00 |  147.9 |   62.2 |  449.1
  Dual                   |   3.4 |  27.40 |  0.983 | 30.27 | 97.20 |   43.3 |    9.4 |  338.4
  Quantile               |  12.9 |  28.12 |  0.946 | 22.03 | 88.59 |  169.0 |   62.7 |  534.3
  Budget_Matched         |  12.9 |  28.14 |  0.916 | 21.22 | 86.91 |  153.1 |   75.5 |  406.2
  → 169s (15s/stratégie)

[GPU 4] [5/140]  511000000004  (1_animal)
  Strategy               |     λ | CLIP-W | CLIP-I |  PSNR |  SSIM |  LPIPS |    MSE |     SD
  -----------------------+--------+--------+--------+--------+--------+--------+--------+--------+-
  Baseline               |  13.5 |  25.30 |  0.982 | 18.71 | 70.83 |  244.3 |  134.5 |  398.4
  Exp_Forward_Gate       |  12.5 |  25.46 |  0.987 | 20.96 | 76.41 |  193.6 |   80.2 |  370.6
  Exp_Forward            |  14.2 |  25.59 |  0.981 | 19.72 | 76.80 |  222.9 |  106.6 |  390.8
  Exp_Reverse_Gate       |  17.1 |  25.44 |  0.976 | 17.48 | 70.74 |  262.2 |  178.8 |  354.1
  Exp_Boost              |  12.5 |  25.48 |  0.983 | 20.71 | 76.38 |  208.2 |   85.0 |  392.6
  TwoPhase               |  12.7 |  25.28 |  0.985 | 20.12 | 74.03 |  215.9 |   97.3 |  379.3
  Entropy                |  12.4 |  25.16 |  0.982 | 20.36 | 74.84 |  203.9 |   92.0 |  369.2
  Locality               |  12.4 |  25.07 |  0.985 | 20.25 | 75.43 |  209.4 |   94.3 |  378.7
  Dual                   |   3.6 |  25.86 |  0.987 | 27.11 | 82.98 |   87.5 |   19.4 |  293.6
  Quantile               |  12.1 |  26.55 |  0.983 | 20.86 | 76.33 |  220.2 |   82.0 |  424.4
  Budget_Matched         |  12.7 |  25.46 |  0.987 | 19.83 | 74.92 |  214.5 |  104.1 |  382.2
  → 169s (15s/stratégie)

[GPU 4] [6/140]  512000000000  (2_human)
  Strategy               |     λ | CLIP-W | CLIP-I |  PSNR |  SSIM |  LPIPS |    MSE |     SD
  -----------------------+--------+--------+--------+--------+--------+--------+--------+--------+-
  Baseline               |  13.5 |  30.31 |  0.805 | 24.46 | 60.36 |  116.2 |   35.8 |  374.6
  Exp_Forward_Gate       |  13.2 |  30.47 |  0.768 | 25.96 | 64.21 |  100.3 |   25.3 |  469.4
  Exp_Forward            |  14.2 |  29.06 |  0.817 | 25.14 | 65.52 |  116.4 |   30.6 |  418.4
  Exp_Reverse_Gate       |  14.8 |  31.36 |  0.825 | 24.89 | 66.07 |   90.3 |   32.4 |  261.7
  Exp_Boost              |  13.2 |  30.88 |  0.793 | 26.98 | 58.80 |  119.7 |   20.1 |  510.8
  TwoPhase               |  13.2 |  30.00 |  0.806 | 25.95 | 61.00 |  105.3 |   25.4 |  487.5
  Entropy                |  13.1 |  30.88 |  0.808 | 25.58 | 66.45 |   95.7 |   27.7 |  417.7
  Locality               |  13.2 |  31.98 |  0.807 | 25.66 | 64.37 |  112.2 |   27.1 |  444.8
  Dual                   |   3.5 |  21.80 |  0.914 | 34.87 | 63.46 |   57.1 |    3.3 |  458.2
  Quantile               |  12.1 |  30.76 |  0.807 | 27.37 | 69.55 |  150.5 |   18.3 |  596.0
  Budget_Matched         |  13.1 |  30.16 |  0.829 | 25.43 | 67.25 |   93.5 |   28.7 |  349.6
  → 169s (15s/stratégie)

[GPU 4] [7/140]  512000000001  (2_human)
  Strategy               |     λ | CLIP-W | CLIP-I |  PSNR |  SSIM |  LPIPS |    MSE |     SD
  -----------------------+--------+--------+--------+--------+--------+--------+--------+--------+-
  Baseline               |  13.5 |  28.93 |  0.943 | 22.93 | 88.04 |  201.9 |   50.9 |  291.0
  Exp_Forward_Gate       |  12.7 |  29.02 |  0.949 | 23.90 | 90.22 |  170.1 |   40.7 |  275.3
  Exp_Forward            |  14.0 |  29.21 |  0.937 | 23.40 | 88.78 |  197.0 |   45.7 |  293.2
  Exp_Reverse_Gate       |  15.4 |  29.76 |  0.939 | 21.66 | 85.36 |  235.1 |   68.2 |  315.0
  Exp_Boost              |  12.7 |  30.30 |  0.959 | 24.45 | 90.30 |  184.4 |   35.9 |  284.9
  TwoPhase               |  12.9 |  31.23 |  0.944 | 24.09 | 89.98 |  188.1 |   39.0 |  281.4
  Entropy                |  12.8 |  29.46 |  0.966 | 24.41 | 90.52 |  176.2 |   36.2 |  275.6
  Locality               |  12.7 |  29.19 |  0.944 | 23.95 | 90.02 |  181.9 |   40.3 |  281.1
  Dual                   |   3.3 |  29.37 |  0.995 | 33.82 | 97.99 |   57.3 |    4.2 |  183.2
  Quantile               |  12.6 |  30.55 |  0.959 | 23.88 | 89.44 |  208.2 |   41.0 |  308.7
  Budget_Matched         |  13.0 |  29.45 |  0.950 | 23.35 | 89.06 |  191.2 |   46.3 |  284.6
  → 170s (15s/stratégie)

[GPU 4] [8/140]  512000000002  (2_human)
  Strategy               |     λ | CLIP-W | CLIP-I |  PSNR |  SSIM |  LPIPS |    MSE |     SD
  -----------------------+--------+--------+--------+--------+--------+--------+--------+--------+-
  Baseline               |  13.5 |  24.99 |  0.825 | 19.80 | 87.44 |  172.2 |  104.7 |  250.0
  Exp_Forward_Gate       |  12.4 |  24.30 |  0.819 | 20.26 | 88.42 |  166.9 |   94.1 |  248.8
  Exp_Forward            |  14.1 |  25.08 |  0.837 | 20.18 | 87.98 |  169.1 |   96.0 |  252.9
  Exp_Reverse_Gate       |  15.9 |  27.39 |  0.803 | 19.08 | 84.58 |  201.0 |  123.6 |  268.8
  Exp_Boost              |  12.5 |  25.47 |  0.830 | 20.95 | 89.15 |  175.9 |   80.4 |  264.7
  TwoPhase               |  12.8 |  25.15 |  0.862 | 20.38 | 88.74 |  159.2 |   91.7 |  244.0
  Entropy                |  12.5 |  26.34 |  0.860 | 20.95 | 89.25 |  158.2 |   80.4 |  245.3
  Locality               |  12.6 |  25.08 |  0.855 | 20.96 | 89.17 |  153.1 |   80.2 |  235.2
  Dual                   |   3.2 |  23.05 |  0.957 | 32.80 | 98.37 |   45.1 |    5.2 |  153.0
  Quantile               |  11.7 |  24.87 |  0.864 | 23.62 | 90.35 |  185.8 |   43.5 |  293.0
  Budget_Matched         |  12.9 |  23.36 |  0.861 | 20.90 | 88.90 |  168.6 |   81.3 |  249.1
  → 170s (15s/stratégie)

[GPU 4] [9/140]  512000000003  (2_human)
  Strategy               |     λ | CLIP-W | CLIP-I |  PSNR |  SSIM |  LPIPS |    MSE |     SD
  -----------------------+--------+--------+--------+--------+--------+--------+--------+--------+-
  Baseline               |  13.5 |  27.16 |  0.928 | 25.76 | 91.40 |  148.9 |   26.5 |  330.0
  Exp_Forward_Gate       |  12.9 |  25.96 |  0.930 | 27.53 | 93.65 |  117.2 |   17.7 |  315.4
  Exp_Forward            |  13.9 |  27.15 |  0.917 | 26.02 | 91.52 |  146.6 |   25.0 |  332.0
  Exp_Reverse_Gate       |  15.0 |  27.69 |  0.955 | 25.70 | 91.35 |  145.3 |   26.9 |  308.4
  Exp_Boost              |  12.6 |  25.37 |  0.945 | 27.38 | 93.35 |  129.7 |   18.3 |  330.2
  TwoPhase               |  13.0 |  27.03 |  0.947 | 27.65 | 93.60 |  124.9 |   17.2 |  321.3
  Entropy                |  12.8 |  27.89 |  0.939 | 26.63 | 92.43 |  139.2 |   21.7 |  331.0
  Locality               |  12.6 |  27.07 |  0.913 | 25.49 | 90.95 |  161.0 |   28.2 |  341.2
  Dual                   |   3.3 |  26.84 |  0.992 | 35.93 | 98.07 |   46.5 |    2.6 |  232.7
  Quantile               |  12.1 |  25.45 |  0.926 | 27.53 | 92.26 |  184.0 |   17.7 |  387.6
  Budget_Matched         |  13.0 |  26.78 |  0.934 | 26.20 | 91.86 |  145.6 |   24.0 |  330.6
  → 170s (15s/stratégie)

[GPU 4] [10/140]  512000000004  (2_human)
  Strategy               |     λ | CLIP-W | CLIP-I |  PSNR |  SSIM |  LPIPS |    MSE |     SD
  -----------------------+--------+--------+--------+--------+--------+--------+--------+--------+-
  Baseline               |  13.5 |  27.00 |  0.880 | 24.03 | 92.06 |  118.0 |   39.6 |  210.4
  Exp_Forward_Gate       |  13.0 |  26.29 |  0.894 | 25.00 | 92.96 |  110.3 |   31.7 |  220.0
  Exp_Forward            |  14.1 |  27.46 |  0.896 | 24.60 | 91.87 |  124.3 |   34.7 |  237.7
  Exp_Reverse_Gate       |  15.0 |  27.23 |  0.875 | 23.59 | 90.75 |  138.6 |   43.8 |  311.4
  Exp_Boost              |  13.1 |  26.61 |  0.881 | 25.31 | 93.00 |  111.8 |   29.4 |  282.7
  TwoPhase               |  13.1 |  27.90 |  0.886 | 24.36 | 92.34 |  114.4 |   36.6 |  244.8
  Entropy                |  13.0 |  26.72 |  0.903 | 25.65 | 93.21 |  106.2 |   27.2 |  249.2
  Locality               |  13.0 |  26.70 |  0.886 | 25.55 | 93.08 |  110.4 |   27.9 |  282.8
  Dual                   |   3.3 |  23.86 |  0.984 | 31.18 | 98.26 |   37.0 |    7.6 |  253.6
  Quantile               |  12.7 |  24.16 |  0.950 | 27.27 | 93.83 |  118.5 |   18.7 |  339.1
  Budget_Matched         |  13.1 |  28.19 |  0.870 | 24.41 | 92.22 |  111.4 |   36.3 |  238.5
  → 170s (15s/stratégie)

[GPU 4] [11/140]  513000000000  (3_indoor)
  Strategy               |     λ | CLIP-W | CLIP-I |  PSNR |  SSIM |  LPIPS |    MSE |     SD
  -----------------------+--------+--------+--------+--------+--------+--------+--------+--------+-
  Baseline               |  13.5 |  23.96 |  0.905 | 23.92 | 86.76 |  199.1 |   40.5 |  275.0
  Exp_Forward_Gate       |  12.5 |  23.16 |  0.904 | 25.18 | 89.33 |  176.1 |   30.3 |  262.0
  Exp_Forward            |  13.8 |  24.15 |  0.925 | 25.06 | 88.37 |  189.5 |   31.2 |  276.3
  Exp_Reverse_Gate       |  16.1 |  23.90 |  0.880 | 21.51 | 77.43 |  280.3 |   70.7 |  344.1
  Exp_Boost              |  12.2 |  22.24 |  0.931 | 24.67 | 89.03 |  181.9 |   34.1 |  265.8
  TwoPhase               |  12.7 |  24.01 |  0.940 | 25.27 | 90.21 |  163.5 |   29.7 |  247.1
  Entropy                |  12.6 |  22.65 |  0.951 | 25.48 | 88.31 |  211.3 |   28.3 |  284.9
  Locality               |  12.5 |  23.77 |  0.945 | 25.35 | 90.06 |  156.7 |   29.2 |  251.4
  Dual                   |   3.2 |  23.85 |  0.991 | 34.18 | 97.76 |   56.0 |    3.8 |  157.9
  Quantile               |  12.9 |  23.46 |  0.965 | 24.52 | 88.40 |  195.6 |   35.3 |  289.8
  Budget_Matched         |  13.0 |  23.63 |  0.921 | 25.19 | 89.68 |  174.1 |   30.3 |  256.7
  → 170s (15s/stratégie)

[GPU 4] [12/140]  513000000001  (3_indoor)
  Strategy               |     λ | CLIP-W | CLIP-I |  PSNR |  SSIM |  LPIPS |    MSE |     SD
  -----------------------+--------+--------+--------+--------+--------+--------+--------+--------+-
  Baseline               |  13.5 |  29.50 |  0.935 | 27.04 | 94.82 |  113.1 |   19.8 |  292.8
  Exp_Forward_Gate       |  13.1 |  28.95 |  0.932 | 28.31 | 96.14 |   95.4 |   14.8 |  277.2
  Exp_Forward            |  14.0 |  29.12 |  0.937 | 26.99 | 95.04 |  118.7 |   20.0 |  307.4
  Exp_Reverse_Gate       |  14.5 |  29.12 |  0.949 | 26.57 | 95.08 |  104.8 |   22.0 |  274.5
  Exp_Boost              |  12.9 |  28.71 |  0.916 | 28.00 | 95.80 |  101.4 |   15.8 |  290.0
  TwoPhase               |  13.1 |  28.97 |  0.935 | 27.48 | 95.75 |   97.4 |   17.9 |  283.2
  Entropy                |  13.0 |  28.72 |  0.937 | 28.38 | 96.23 |   97.5 |   14.5 |  279.0
  Locality               |  13.0 |  29.21 |  0.932 | 27.48 | 95.55 |  102.5 |   17.9 |  284.3
  Dual                   |   3.2 |  28.35 |  0.975 | 35.06 | 99.03 |   40.1 |    3.1 |  219.2
  Quantile               |  12.2 |  28.30 |  0.884 | 27.70 | 95.50 |  143.8 |   17.0 |  331.1
  Budget_Matched         |  13.2 |  29.60 |  0.949 | 27.49 | 95.35 |  112.4 |   17.8 |  289.4
  → 169s (15s/stratégie)

[GPU 4] [13/140]  513000000002  (3_indoor)
  Strategy               |     λ | CLIP-W | CLIP-I |  PSNR |  SSIM |  LPIPS |    MSE |     SD
  -----------------------+--------+--------+--------+--------+--------+--------+--------+--------+-
  Baseline               |  13.5 |  25.79 |  0.953 | 23.11 | 84.28 |  224.3 |   48.9 |  249.8
  Exp_Forward_Gate       |  12.5 |  24.64 |  0.956 | 24.36 | 86.67 |  198.5 |   36.7 |  235.8
  Exp_Forward            |  13.9 |  24.47 |  0.956 | 23.79 | 84.14 |  229.7 |   41.8 |  255.4
  Exp_Reverse_Gate       |  15.6 |  25.81 |  0.962 | 21.73 | 79.74 |  274.0 |   67.2 |  280.9
  Exp_Boost              |  12.4 |  25.30 |  0.956 | 24.05 | 86.01 |  220.5 |   39.3 |  244.4
  TwoPhase               |  12.7 |  24.72 |  0.975 | 24.36 | 86.09 |  209.6 |   36.7 |  243.1
  Entropy                |  12.5 |  25.26 |  0.955 | 23.92 | 86.33 |  202.9 |   40.6 |  238.1
  Locality               |  12.6 |  24.68 |  0.966 | 24.42 | 87.22 |  197.9 |   36.1 |  230.4
  Dual                   |   3.2 |  25.00 |  0.981 | 30.29 | 94.81 |   95.9 |    9.4 |  152.2
  Quantile               |  12.7 |  24.52 |  0.966 | 22.50 | 82.41 |  245.3 |   56.2 |  281.4
  Budget_Matched         |  12.9 |  24.93 |  0.960 | 23.92 | 86.09 |  206.0 |   40.6 |  239.2
  → 170s (15s/stratégie)

[GPU 4] [14/140]  513000000003  (3_indoor)
  Strategy               |     λ | CLIP-W | CLIP-I |  PSNR |  SSIM |  LPIPS |    MSE |     SD
  -----------------------+--------+--------+--------+--------+--------+--------+--------+--------+-
  Baseline               |  13.5 |  28.75 |  0.972 | 21.91 | 86.55 |  189.2 |   64.5 |  203.7
  Exp_Forward_Gate       |  12.5 |  27.87 |  0.959 | 22.01 | 86.69 |  196.3 |   62.9 |  204.3
  Exp_Forward            |  14.0 |  27.87 |  0.962 | 21.68 | 84.80 |  219.2 |   67.9 |  217.9
  Exp_Reverse_Gate       |  15.9 |  27.87 |  0.956 | 19.62 | 81.38 |  227.9 |  109.2 |  232.4
  Exp_Boost              |  12.1 |  28.40 |  0.967 | 23.61 | 90.65 |  145.5 |   43.5 |  173.5
  TwoPhase               |  12.6 |  27.70 |  0.961 | 23.42 | 90.08 |  153.8 |   45.5 |  182.3
  Entropy                |  12.4 |  28.25 |  0.973 | 23.13 | 89.87 |  152.6 |   48.6 |  184.1
  Locality               |  12.3 |  28.47 |  0.965 | 21.78 | 85.73 |  188.6 |   66.4 |  202.0
  Dual                   |   3.1 |  30.29 |  0.977 | 29.76 | 97.24 |   53.2 |   10.6 |   98.4
  Quantile               |  11.8 |  30.83 |  0.970 | 19.97 | 84.26 |  211.5 |  100.7 |  227.7
  Budget_Matched         |  12.9 |  27.37 |  0.960 | 23.12 | 89.23 |  171.7 |   48.7 |  190.1
  → 170s (15s/stratégie)

[GPU 4] [15/140]  513000000004  (3_indoor)
  Strategy               |     λ | CLIP-W | CLIP-I |  PSNR |  SSIM |  LPIPS |    MSE |     SD
  -----------------------+--------+--------+--------+--------+--------+--------+--------+--------+-
  Baseline               |  13.5 |  26.98 |  0.968 | 23.34 | 86.93 |  161.8 |   46.4 |  275.2
  Exp_Forward_Gate       |  12.6 |  27.90 |  0.977 | 23.23 | 87.48 |  171.9 |   47.5 |  292.4
  Exp_Forward            |  14.0 |  28.02 |  0.981 | 23.13 | 86.42 |  179.0 |   48.7 |  297.7
  Exp_Reverse_Gate       |  15.4 |  27.97 |  0.959 | 21.76 | 84.28 |  202.8 |   66.7 |  305.2
  Exp_Boost              |  12.8 |  27.09 |  0.938 | 24.55 | 89.23 |  157.2 |   35.0 |  295.3
  TwoPhase               |  12.8 |  29.12 |  0.942 | 23.38 | 87.26 |  174.7 |   46.0 |  298.1
  Entropy                |  12.7 |  28.51 |  0.966 | 23.75 | 88.25 |  159.3 |   42.2 |  280.8
  Locality               |  12.7 |  27.87 |  0.955 | 24.55 | 89.39 |  154.0 |   35.1 |  288.3
  Dual                   |   3.2 |  24.50 |  0.994 | 32.69 | 97.87 |   47.8 |    5.4 |  184.2
  Quantile               |  12.8 |  26.81 |  0.975 | 26.94 | 92.08 |  153.5 |   20.2 |  300.7
  Budget_Matched         |  13.0 |  26.03 |  0.959 | 23.58 | 88.36 |  158.9 |   43.8 |  283.4
  → 169s (15s/stratégie)

[GPU 4] [16/140]  514000000000  (4_outdoor)
  Strategy               |     λ | CLIP-W | CLIP-I |  PSNR |  SSIM |  LPIPS |    MSE |     SD
  -----------------------+--------+--------+--------+--------+--------+--------+--------+--------+-
  Baseline               |  13.5 |  26.77 |  0.933 | 22.60 | 89.24 |  187.4 |   55.0 |  179.5
  Exp_Forward_Gate       |  12.8 |  25.86 |  0.946 | 23.73 | 91.21 |  166.2 |   42.3 |  166.8
  Exp_Forward            |  13.9 |  25.73 |  0.922 | 23.01 | 89.95 |  182.3 |   50.0 |  174.4
  Exp_Reverse_Gate       |  15.4 |  25.59 |  0.912 | 20.59 | 85.40 |  223.4 |   87.4 |  205.9
  Exp_Boost              |  12.6 |  26.02 |  0.948 | 23.92 | 91.06 |  173.1 |   40.6 |  169.6
  TwoPhase               |  12.9 |  26.45 |  0.941 | 23.53 | 90.80 |  178.6 |   44.3 |  171.7
  Entropy                |  12.8 |  26.90 |  0.942 | 23.31 | 90.87 |  174.4 |   46.6 |  169.2
  Locality               |  12.7 |  25.74 |  0.930 | 23.09 | 90.18 |  182.0 |   49.0 |  174.7
  Dual                   |   3.1 |  25.69 |  0.995 | 32.91 | 97.99 |   55.0 |    5.1 |   82.0
  Quantile               |  12.7 |  26.34 |  0.972 | 23.43 | 90.79 |  193.2 |   45.4 |  185.7
  Budget_Matched         |  13.0 |  25.74 |  0.944 | 23.42 | 91.26 |  167.3 |   45.5 |  163.0
  → 169s (15s/stratégie)

[GPU 4] [17/140]  514000000001  (4_outdoor)
  Strategy               |     λ | CLIP-W | CLIP-I |  PSNR |  SSIM |  LPIPS |    MSE |     SD
  -----------------------+--------+--------+--------+--------+--------+--------+--------+--------+-
  Baseline               |  13.5 |  27.48 |  0.976 | 22.57 | 86.35 |  195.5 |   55.4 |  220.8
  Exp_Forward_Gate       |  12.8 |  27.24 |  0.984 | 24.04 | 89.03 |  170.7 |   39.4 |  210.1
  Exp_Forward            |  14.0 |  26.66 |  0.983 | 23.15 | 87.61 |  185.9 |   48.4 |  220.4
  Exp_Reverse_Gate       |  15.5 |  27.90 |  0.975 | 20.95 | 81.47 |  242.9 |   80.3 |  249.7
  Exp_Boost              |  12.8 |  27.06 |  0.987 | 24.27 | 89.82 |  169.8 |   37.4 |  209.1
  TwoPhase               |  12.8 |  27.34 |  0.984 | 23.18 | 88.59 |  177.2 |   48.1 |  215.6
  Entropy                |  12.8 |  26.95 |  0.973 | 23.62 | 89.22 |  168.4 |   43.4 |  207.0
  Locality               |  12.8 |  26.97 |  0.988 | 23.74 | 88.87 |  169.6 |   42.3 |  208.5
  Dual                   |   3.3 |  25.68 |  0.988 | 27.78 | 95.68 |   75.6 |   16.7 |  131.9
  Quantile               |  12.3 |  27.46 |  0.985 | 23.75 | 88.49 |  207.7 |   42.2 |  236.0
  Budget_Matched         |  13.0 |  27.53 |  0.981 | 23.05 | 87.82 |  184.3 |   49.6 |  213.8
  → 169s (15s/stratégie)

[GPU 4] [18/140]  514000000002  (4_outdoor)
  Strategy               |     λ | CLIP-W | CLIP-I |  PSNR |  SSIM |  LPIPS |    MSE |     SD
  -----------------------+--------+--------+--------+--------+--------+--------+--------+--------+-
  Baseline               |  13.5 |  32.73 |  0.986 | 22.29 | 90.09 |  174.0 |   59.1 |  173.2
  Exp_Forward_Gate       |  12.8 |  32.63 |  0.987 | 23.37 | 90.88 |  164.8 |   46.0 |  171.7
  Exp_Forward            |  13.9 |  32.60 |  0.983 | 22.77 | 89.89 |  181.1 |   52.8 |  180.7
  Exp_Reverse_Gate       |  15.2 |  33.43 |  0.978 | 20.96 | 86.31 |  214.3 |   80.2 |  204.9
  Exp_Boost              |  12.5 |  32.37 |  0.987 | 23.81 | 91.55 |  161.2 |   41.6 |  169.9
  TwoPhase               |  12.9 |  33.00 |  0.979 | 23.24 | 90.34 |  173.6 |   47.5 |  178.2
  Entropy                |  12.7 |  32.92 |  0.984 | 23.34 | 91.01 |  165.6 |   46.3 |  170.2
  Locality               |  12.7 |  32.96 |  0.985 | 23.35 | 90.92 |  166.3 |   46.3 |  172.8
  Dual                   |   3.1 |  31.74 |  0.994 | 31.83 | 97.91 |   57.4 |    6.6 |   90.1
  Quantile               |  12.7 |  30.72 |  0.984 | 24.26 | 89.90 |  191.6 |   37.5 |  197.6
  Budget_Matched         |  13.0 |  31.57 |  0.922 | 22.41 | 89.60 |  183.2 |   57.4 |  179.9
  → 170s (15s/stratégie)

[GPU 4] [19/140]  514000000003  (4_outdoor)
  Strategy               |     λ | CLIP-W | CLIP-I |  PSNR |  SSIM |  LPIPS |    MSE |     SD
  -----------------------+--------+--------+--------+--------+--------+--------+--------+--------+-
  Baseline               |  13.5 |  24.11 |  0.967 | 22.52 | 84.48 |  191.3 |   56.0 |  275.6
  Exp_Forward_Gate       |  12.6 |  24.44 |  0.975 | 24.19 | 87.89 |  160.1 |   38.1 |  265.6
  Exp_Forward            |  13.9 |  24.17 |  0.966 | 23.37 | 85.41 |  184.1 |   46.0 |  286.1
  Exp_Reverse_Gate       |  16.1 |  24.37 |  0.945 | 20.44 | 76.81 |  266.4 |   90.4 |  334.4
  Exp_Boost              |  12.4 |  25.23 |  0.964 | 23.61 | 86.86 |  166.8 |   43.6 |  273.3
  TwoPhase               |  12.7 |  23.93 |  0.966 | 22.71 | 84.55 |  185.7 |   53.6 |  284.7
  Entropy                |  12.5 |  21.84 |  0.960 | 23.37 | 86.53 |  173.1 |   46.0 |  277.3
  Locality               |  12.5 |  25.36 |  0.965 | 22.85 | 85.30 |  175.9 |   51.8 |  284.8
  Dual                   |   3.4 |  25.08 |  0.976 | 27.63 | 94.60 |   83.5 |   17.3 |  202.6
  Quantile               |  13.5 |  25.80 |  0.930 | 22.53 | 84.08 |  205.3 |   55.9 |  319.2
  Budget_Matched         |  12.8 |  24.12 |  0.969 | 22.53 | 84.83 |  182.4 |   55.9 |  279.3
  → 170s (15s/stratégie)

[GPU 4] [20/140]  514000000004  (4_outdoor)
  Strategy               |     λ | CLIP-W | CLIP-I |  PSNR |  SSIM |  LPIPS |    MSE |     SD
  -----------------------+--------+--------+--------+--------+--------+--------+--------+--------+-
  Baseline               |  13.5 |  26.16 |  0.982 | 25.16 | 89.96 |  165.9 |   30.5 |  361.1
  Exp_Forward_Gate       |  12.7 |  26.21 |  0.981 | 26.33 | 91.70 |  143.6 |   23.3 |  347.7
  Exp_Forward            |  14.0 |  26.30 |  0.972 | 25.48 | 90.49 |  160.0 |   28.3 |  364.4
  Exp_Reverse_Gate       |  15.4 |  25.97 |  0.974 | 24.42 | 88.63 |  175.2 |   36.2 |  359.5
  Exp_Boost              |  12.4 |  26.50 |  0.976 | 25.28 | 90.78 |  157.9 |   29.6 |  366.8
  TwoPhase               |  12.8 |  26.78 |  0.976 | 25.49 | 91.41 |  149.1 |   28.2 |  356.2
  Entropy                |  12.6 |  24.75 |  0.982 | 25.06 | 90.64 |  156.4 |   31.2 |  359.8
  Locality               |  12.7 |  27.34 |  0.978 | 26.35 | 91.52 |  148.7 |   23.2 |  356.1
  Dual                   |   3.3 |  24.87 |  0.994 | 32.03 | 97.14 |   45.6 |    6.3 |  273.4
  Quantile               |  12.9 |  26.95 |  0.947 | 22.96 | 87.47 |  207.6 |   50.5 |  421.7
  Budget_Matched         |  12.8 |  26.76 |  0.974 | 24.75 | 89.64 |  157.5 |   33.5 |  355.2
  → 169s (15s/stratégie)

[GPU 4] [21/140]  521000000000  (1_animal)
  Strategy               |     λ | CLIP-W | CLIP-I |  PSNR |  SSIM |  LPIPS |    MSE |     SD
  -----------------------+--------+--------+--------+--------+--------+--------+--------+--------+-
  Baseline               |  13.5 |  24.59 |  0.903 | 22.89 | 88.47 |  159.9 |   51.5 |  152.6
  Exp_Forward_Gate       |  12.6 |  24.34 |  0.908 | 22.92 | 88.50 |  161.8 |   51.1 |  153.9
  Exp_Forward            |  13.8 |  23.93 |  0.884 | 23.22 | 87.28 |  188.3 |   47.7 |  172.8
  Exp_Reverse_Gate       |  15.0 |  25.15 |  0.902 | 21.98 | 84.45 |  210.8 |   63.4 |  189.1
  Exp_Boost              |  12.5 |  24.05 |  0.906 | 23.83 | 89.17 |  159.1 |   41.4 |  150.8
  TwoPhase               |  12.7 |  24.45 |  0.908 | 23.19 | 87.39 |  189.4 |   48.0 |  173.7
  Entropy                |  12.6 |  24.00 |  0.911 | 23.62 | 89.45 |  152.8 |   43.5 |  150.7
  Locality               |  12.6 |  24.01 |  0.899 | 22.88 | 88.47 |  164.2 |   51.6 |  151.6
  Dual                   |   3.1 |  24.79 |  0.983 | 32.20 | 96.52 |   64.7 |    6.0 |   91.4
  Quantile               |  12.8 |  25.13 |  0.935 | 23.56 | 88.29 |  183.7 |   44.1 |  181.8
  Budget_Matched         |  13.0 |  23.32 |  0.910 | 22.94 | 88.23 |  165.7 |   50.9 |  157.9
  → 169s (15s/stratégie)

[GPU 4] [22/140]  521000000001  (1_animal)
  Strategy               |     λ | CLIP-W | CLIP-I |  PSNR |  SSIM |  LPIPS |    MSE |     SD
  -----------------------+--------+--------+--------+--------+--------+--------+--------+--------+-
  Baseline               |  13.5 |  27.80 |  0.927 | 23.52 | 92.30 |  131.2 |   44.5 |  139.7
  Exp_Forward_Gate       |  12.9 |  28.57 |  0.934 | 24.55 | 93.28 |  114.9 |   35.1 |  129.3
  Exp_Forward            |  13.9 |  28.62 |  0.927 | 23.60 | 92.72 |  120.9 |   43.7 |  129.7
  Exp_Reverse_Gate       |  14.6 |  28.04 |  0.921 | 23.02 | 91.54 |  135.8 |   49.9 |  144.1
  Exp_Boost              |  12.7 |  27.08 |  0.934 | 24.05 | 93.52 |  125.0 |   39.4 |  125.7
  TwoPhase               |  13.1 |  27.74 |  0.939 | 24.35 | 93.45 |  119.1 |   36.7 |  123.7
  Entropy                |  12.8 |  28.19 |  0.945 | 23.84 | 93.56 |  113.3 |   41.3 |  119.2
  Locality               |  12.9 |  29.42 |  0.940 | 24.05 | 92.97 |  123.5 |   39.3 |  127.4
  Dual                   |   3.1 |  28.49 |  0.969 | 33.05 | 98.07 |   52.0 |    5.0 |   70.8
  Quantile               |  11.3 |  30.21 |  0.969 | 26.41 | 93.06 |  161.0 |   22.9 |  151.0
  Budget_Matched         |  13.1 |  27.87 |  0.910 | 23.82 | 92.94 |  119.3 |   41.5 |  129.0
  → 170s (15s/stratégie)

[GPU 4] [23/140]  521000000002  (1_animal)
  Strategy               |     λ | CLIP-W | CLIP-I |  PSNR |  SSIM |  LPIPS |    MSE |     SD
  -----------------------+--------+--------+--------+--------+--------+--------+--------+--------+-
  Baseline               |  13.5 |  27.46 |  0.922 | 19.93 | 83.43 |  276.9 |  101.7 |  242.9
  Exp_Forward_Gate       |  12.6 |  27.70 |  0.931 | 21.20 | 83.96 |  295.2 |   75.8 |  255.1
  Exp_Forward            |  14.2 |  27.54 |  0.926 | 20.55 | 83.90 |  295.2 |   88.2 |  251.6
  Exp_Reverse_Gate       |  16.4 |  26.59 |  0.915 | 18.82 | 80.18 |  310.6 |  131.1 |  260.7
  Exp_Boost              |  12.7 |  27.33 |  0.926 | 21.41 | 84.85 |  291.6 |   72.3 |  256.0
  TwoPhase               |  12.9 |  27.16 |  0.916 | 20.76 | 83.79 |  292.6 |   83.9 |  254.0
  Entropy                |  12.7 |  28.56 |  0.925 | 21.19 | 84.15 |  284.7 |   76.0 |  248.2
  Locality               |  12.7 |  27.18 |  0.919 | 21.46 | 85.51 |  282.0 |   71.5 |  246.0
  Dual                   |   3.2 |  26.27 |  0.976 | 32.32 | 97.72 |   87.2 |    5.9 |  134.8
  Quantile               |  12.0 |  30.20 |  0.923 | 23.34 | 87.12 |  291.4 |   46.4 |  268.6
  Budget_Matched         |  12.9 |  27.07 |  0.927 | 20.53 | 83.58 |  289.2 |   88.4 |  251.6
  → 169s (15s/stratégie)

[GPU 4] [24/140]  521000000003  (1_animal)
  Strategy               |     λ | CLIP-W | CLIP-I |  PSNR |  SSIM |  LPIPS |    MSE |     SD
  -----------------------+--------+--------+--------+--------+--------+--------+--------+--------+-
  Baseline               |  13.5 |  26.29 |  0.899 | 17.93 | 77.55 |  326.6 |  161.0 |  292.4
  Exp_Forward_Gate       |  12.6 |  26.73 |  0.938 | 19.96 | 83.36 |  277.9 |  100.9 |  264.8
  Exp_Forward            |  14.4 |  27.59 |  0.925 | 18.62 | 78.76 |  316.7 |  137.6 |  292.3
  Exp_Reverse_Gate       |  17.7 |  27.99 |  0.888 | 16.49 | 70.23 |  376.7 |  224.6 |  332.8
  Exp_Boost              |  12.7 |  26.79 |  0.943 | 20.36 | 84.59 |  264.9 |   92.0 |  257.6
  TwoPhase               |  12.8 |  27.17 |  0.939 | 19.73 | 82.33 |  284.0 |  106.4 |  270.6
  Entropy                |  12.5 |  27.38 |  0.945 | 19.49 | 82.08 |  290.0 |  112.5 |  276.0
  Locality               |  12.5 |  26.71 |  0.934 | 19.70 | 82.90 |  269.9 |  107.2 |  266.6
  Dual                   |   3.3 |  25.41 |  0.972 | 28.56 | 96.48 |   74.1 |   13.9 |  142.7
  Quantile               |  12.1 |  25.89 |  0.955 | 22.10 | 87.59 |  244.0 |   61.6 |  262.6
  Budget_Matched         |  12.7 |  26.62 |  0.938 | 19.11 | 81.43 |  283.6 |  122.6 |  276.2
  → 170s (15s/stratégie)

[GPU 4] [25/140]  521000000004  (1_animal)
  Strategy               |     λ | CLIP-W | CLIP-I |  PSNR |  SSIM |  LPIPS |    MSE |     SD
  -----------------------+--------+--------+--------+--------+--------+--------+--------+--------+-
  Baseline               |  13.5 |  29.93 |  0.921 | 20.32 | 86.63 |  199.1 |   92.9 |  202.1
  Exp_Forward_Gate       |  12.8 |  29.64 |  0.934 | 21.47 | 88.54 |  193.8 |   71.3 |  189.9
  Exp_Forward            |  14.2 |  29.96 |  0.909 | 20.11 | 85.90 |  216.3 |   97.5 |  215.5
  Exp_Reverse_Gate       |  15.5 |  30.01 |  0.920 | 19.24 | 84.59 |  208.3 |  119.2 |  220.0
  Exp_Boost              |  12.7 |  29.84 |  0.913 | 21.54 | 88.41 |  199.3 |   70.1 |  198.1
  TwoPhase               |  13.0 |  30.35 |  0.922 | 21.36 | 88.06 |  202.0 |   73.1 |  198.3
  Entropy                |  12.7 |  30.17 |  0.920 | 20.82 | 87.82 |  198.6 |   82.8 |  198.2
  Locality               |  12.8 |  29.57 |  0.904 | 20.70 | 86.89 |  215.8 |   85.2 |  207.7
  Dual                   |   3.3 |  31.65 |  0.972 | 28.39 | 96.91 |   77.2 |   14.5 |  103.9
  Quantile               |  12.3 |  29.93 |  0.943 | 22.54 | 89.40 |  222.7 |   55.7 |  205.7
  Budget_Matched         |  13.0 |  30.25 |  0.918 | 20.23 | 87.03 |  212.8 |   94.8 |  202.8
  → 169s (15s/stratégie)

[GPU 4] [26/140]  522000000000  (2_human)
  Strategy               |     λ | CLIP-W | CLIP-I |  PSNR |  SSIM |  LPIPS |    MSE |     SD
  -----------------------+--------+--------+--------+--------+--------+--------+--------+--------+-
  Baseline               |  13.5 |  24.65 |  0.950 | 26.96 | 92.26 |  152.6 |   20.1 |  224.7
  Exp_Forward_Gate       |  13.0 |  24.98 |  0.967 | 27.73 | 92.88 |  147.2 |   16.9 |  224.3
  Exp_Forward            |  13.8 |  24.72 |  0.959 | 27.58 | 92.65 |  151.9 |   17.5 |  227.9
  Exp_Reverse_Gate       |  14.5 |  24.96 |  0.956 | 26.31 | 91.20 |  159.4 |   23.4 |  231.7
  Exp_Boost              |  12.9 |  24.47 |  0.927 | 27.71 | 92.37 |  168.7 |   16.9 |  234.4
  TwoPhase               |  13.1 |  24.48 |  0.965 | 27.77 | 93.05 |  144.4 |   16.7 |  223.7
  Entropy                |  13.1 |  25.10 |  0.962 | 28.61 | 93.67 |  133.2 |   13.8 |  216.3
  Locality               |  12.9 |  25.39 |  0.976 | 27.41 | 92.79 |  143.7 |   18.1 |  224.1
  Dual                   |   3.1 |  25.38 |  0.995 | 38.03 | 97.90 |   47.9 |    1.6 |  134.3
  Quantile               |  12.6 |  25.99 |  0.954 | 29.99 | 93.99 |  161.7 |   10.0 |  234.3
  Budget_Matched         |  13.2 |  24.01 |  0.934 | 27.56 | 92.01 |  166.7 |   17.5 |  233.0
  → 170s (15s/stratégie)

[GPU 4] [27/140]  522000000001  (2_human)
  Strategy               |     λ | CLIP-W | CLIP-I |  PSNR |  SSIM |  LPIPS |    MSE |     SD
  -----------------------+--------+--------+--------+--------+--------+--------+--------+--------+-
  Baseline               |  13.5 |  31.87 |  0.911 | 22.65 | 87.05 |  220.8 |   54.4 |  191.5
  Exp_Forward_Gate       |  12.7 |  32.29 |  0.909 | 23.12 | 88.25 |  209.0 |   48.7 |  186.0
  Exp_Forward            |  14.0 |  33.37 |  0.885 | 22.64 | 86.78 |  220.5 |   54.4 |  196.2
  Exp_Reverse_Gate       |  15.5 |  31.28 |  0.904 | 20.70 | 82.10 |  265.5 |   85.2 |  221.5
  Exp_Boost              |  12.7 |  32.00 |  0.880 | 24.15 | 90.01 |  188.1 |   38.5 |  176.4
  TwoPhase               |  12.9 |  31.12 |  0.929 | 23.92 | 89.56 |  190.1 |   40.5 |  177.5
  Entropy                |  12.7 |  31.60 |  0.908 | 22.84 | 87.94 |  211.5 |   52.0 |  187.8
  Locality               |  12.8 |  31.40 |  0.918 | 23.50 | 89.05 |  200.2 |   44.7 |  183.0
  Dual                   |   3.3 |  30.16 |  0.970 | 32.93 | 97.93 |   63.2 |    5.1 |   92.5
  Quantile               |  12.3 |  28.44 |  0.942 | 25.29 | 90.91 |  205.2 |   29.6 |  189.1
  Budget_Matched         |  13.0 |  32.27 |  0.909 | 22.76 | 87.29 |  217.6 |   53.0 |  192.1
  → 169s (15s/stratégie)

[GPU 4] [28/140]  522000000002  (2_human)
  Strategy               |     λ | CLIP-W | CLIP-I |  PSNR |  SSIM |  LPIPS |    MSE |     SD
  -----------------------+--------+--------+--------+--------+--------+--------+--------+--------+-
  Baseline               |  13.5 |  25.50 |  0.894 | 24.31 | 88.02 |  172.8 |   37.1 |  195.0
  Exp_Forward_Gate       |  12.8 |  24.45 |  0.935 | 25.11 | 89.79 |  167.0 |   30.8 |  191.8
  Exp_Forward            |  14.0 |  24.99 |  0.918 | 24.10 | 88.44 |  174.6 |   38.9 |  196.2
  Exp_Reverse_Gate       |  15.2 |  25.07 |  0.895 | 23.14 | 84.97 |  203.6 |   48.5 |  220.3
  Exp_Boost              |  12.7 |  24.75 |  0.941 | 25.81 | 91.24 |  143.9 |   26.2 |  173.9
  TwoPhase               |  13.0 |  25.63 |  0.935 | 25.17 | 90.14 |  171.5 |   30.4 |  189.7
  Entropy                |  12.9 |  25.48 |  0.917 | 25.06 | 90.04 |  165.8 |   31.2 |  187.5
  Locality               |  12.8 |  25.02 |  0.912 | 24.83 | 89.58 |  158.8 |   32.9 |  186.8
  Dual                   |   3.3 |  23.60 |  0.989 | 33.23 | 97.93 |   53.3 |    4.7 |   96.9
  Quantile               |  12.7 |  24.48 |  0.958 | 24.85 | 90.07 |  188.7 |   32.7 |  196.3
  Budget_Matched         |  13.1 |  24.93 |  0.918 | 25.16 | 89.46 |  161.6 |   30.5 |  190.3
  → 169s (15s/stratégie)

[GPU 4] [29/140]  522000000003  (2_human)
  Strategy               |     λ | CLIP-W | CLIP-I |  PSNR |  SSIM |  LPIPS |    MSE |     SD
  -----------------------+--------+--------+--------+--------+--------+--------+--------+--------+-
  Baseline               |  13.5 |  28.19 |  0.899 | 26.62 | 92.96 |  121.9 |   21.8 |  204.6
  Exp_Forward_Gate       |  12.7 |  29.53 |  0.897 | 26.23 | 92.91 |  126.4 |   23.8 |  201.6
  Exp_Forward            |  13.8 |  28.71 |  0.907 | 26.07 | 92.35 |  134.5 |   24.7 |  214.4
  Exp_Reverse_Gate       |  15.1 |  27.31 |  0.825 | 24.94 | 90.25 |  151.0 |   32.0 |  226.0
  Exp_Boost              |  12.6 |  28.86 |  0.875 | 26.94 | 93.80 |  114.1 |   20.2 |  196.4
  TwoPhase               |  12.9 |  29.52 |  0.919 | 27.13 | 93.45 |  121.5 |   19.3 |  201.8
  Entropy                |  12.7 |  29.22 |  0.908 | 26.95 | 93.73 |  112.1 |   20.2 |  194.9
  Locality               |  12.8 |  27.90 |  0.890 | 27.08 | 93.67 |  122.0 |   19.6 |  198.9
  Dual                   |   3.2 |  26.16 |  0.985 | 34.26 | 98.30 |   46.3 |    3.7 |  121.0
  Quantile               |  13.5 |  30.68 |  0.917 | 24.64 | 90.46 |  173.9 |   34.4 |  248.9
  Budget_Matched         |  13.0 |  28.42 |  0.928 | 26.33 | 93.24 |  119.6 |   23.3 |  201.1
  → 170s (15s/stratégie)

[GPU 4] [30/140]  522000000004  (2_human)
  Strategy               |     λ | CLIP-W | CLIP-I |  PSNR |  SSIM |  LPIPS |    MSE |     SD
  -----------------------+--------+--------+--------+--------+--------+--------+--------+--------+-
  Baseline               |  13.5 |  25.07 |  0.870 | 22.72 | 88.12 |  196.6 |   53.5 |  172.9
  Exp_Forward_Gate       |  12.7 |  25.12 |  0.912 | 23.65 | 90.25 |  184.8 |   43.1 |  157.6
  Exp_Forward            |  13.9 |  26.72 |  0.871 | 22.50 | 87.64 |  211.8 |   56.2 |  173.1
  Exp_Reverse_Gate       |  15.5 |  24.81 |  0.853 | 21.11 | 83.16 |  237.3 |   77.4 |  205.1
  Exp_Boost              |  12.4 |  26.51 |  0.894 | 23.41 | 90.19 |  181.0 |   45.6 |  158.0
  TwoPhase               |  12.9 |  25.04 |  0.894 | 23.85 | 90.32 |  181.2 |   41.2 |  159.5
  Entropy                |  12.7 |  25.90 |  0.879 | 23.49 | 89.89 |  183.7 |   44.7 |  162.4
  Locality               |  12.7 |  26.51 |  0.866 | 23.66 | 89.55 |  190.2 |   43.1 |  163.5
  Dual                   |   3.1 |  24.13 |  0.977 | 32.44 | 97.80 |   63.9 |    5.7 |   77.6
  Quantile               |  12.1 |  28.05 |  0.866 | 23.82 | 89.24 |  219.9 |   41.5 |  172.3
  Budget_Matched         |  12.9 |  28.02 |  0.867 | 23.19 | 88.57 |  200.4 |   48.0 |  169.5
  → 170s (15s/stratégie)

[GPU 4] [31/140]  523000000000  (3_indoor)
  Strategy               |     λ | CLIP-W | CLIP-I |  PSNR |  SSIM |  LPIPS |    MSE |     SD
  -----------------------+--------+--------+--------+--------+--------+--------+--------+--------+-
  Baseline               |  13.5 |  28.80 |  0.948 | 20.98 | 81.54 |  278.5 |   79.9 |  258.6
  Exp_Forward_Gate       |  12.6 |  28.00 |  0.968 | 23.14 | 87.47 |  216.4 |   48.6 |  226.0
  Exp_Forward            |  14.2 |  28.51 |  0.963 | 21.80 | 84.00 |  261.5 |   66.0 |  248.9
  Exp_Reverse_Gate       |  16.0 |  29.04 |  0.954 | 20.48 | 80.23 |  294.6 |   89.6 |  269.5
  Exp_Boost              |  12.7 |  28.41 |  0.964 | 23.34 | 88.10 |  215.7 |   46.3 |  227.6
  TwoPhase               |  12.8 |  28.36 |  0.966 | 22.97 | 87.64 |  212.7 |   50.5 |  225.2
  Entropy                |  12.7 |  28.23 |  0.968 | 22.71 | 87.18 |  213.6 |   53.6 |  224.4
  Locality               |  12.6 |  28.55 |  0.962 | 23.03 | 87.27 |  217.8 |   49.7 |  226.7
  Dual                   |   3.2 |  24.37 |  0.987 | 31.54 | 97.54 |   52.4 |    7.0 |  109.6
  Quantile               |  12.6 |  28.13 |  0.960 | 23.63 | 88.91 |  213.8 |   43.4 |  226.8
  Budget_Matched         |  13.0 |  27.89 |  0.964 | 23.22 | 87.53 |  207.1 |   47.7 |  224.5
  → 170s (15s/stratégie)

[GPU 4] [32/140]  523000000001  (3_indoor)
  Strategy               |     λ | CLIP-W | CLIP-I |  PSNR |  SSIM |  LPIPS |    MSE |     SD
  -----------------------+--------+--------+--------+--------+--------+--------+--------+--------+-
  Baseline               |  13.5 |  29.64 |  0.963 | 19.48 | 79.48 |  269.3 |  112.7 |  234.7
  Exp_Forward_Gate       |  12.6 |  29.40 |  0.970 | 21.33 | 84.89 |  219.7 |   73.6 |  196.2
  Exp_Forward            |  14.1 |  30.69 |  0.944 | 19.64 | 78.90 |  284.3 |  108.6 |  238.6
  Exp_Reverse_Gate       |  16.7 |  30.23 |  0.957 | 17.44 | 71.52 |  350.7 |  180.4 |  276.8
  Exp_Boost              |  12.4 |  29.58 |  0.964 | 21.48 | 84.66 |  220.9 |   71.1 |  200.8
  TwoPhase               |  12.6 |  30.36 |  0.962 | 20.58 | 82.30 |  251.8 |   87.6 |  218.6
  Entropy                |  12.4 |  30.14 |  0.946 | 20.75 | 83.05 |  237.4 |   84.1 |  212.7
  Locality               |  12.6 |  29.33 |  0.962 | 21.30 | 85.32 |  222.1 |   74.1 |  198.0
  Dual                   |   3.3 |  28.92 |  0.981 | 28.98 | 95.73 |   81.6 |   12.7 |  108.6
  Quantile               |  12.6 |  29.74 |  0.970 | 19.56 | 82.85 |  246.5 |  110.7 |  211.4
  Budget_Matched         |  12.8 |  30.05 |  0.969 | 20.15 | 81.89 |  250.0 |   96.5 |  214.3
  → 170s (15s/stratégie)

[GPU 4] [33/140]  523000000002  (3_indoor)
  Strategy               |     λ | CLIP-W | CLIP-I |  PSNR |  SSIM |  LPIPS |    MSE |     SD
  -----------------------+--------+--------+--------+--------+--------+--------+--------+--------+-
  Baseline               |  13.5 |  25.69 |  0.962 | 22.16 | 85.40 |  242.6 |   60.8 |  276.0
  Exp_Forward_Gate       |  12.8 |  25.56 |  0.964 | 23.43 | 88.12 |  214.2 |   45.4 |  268.7
  Exp_Forward            |  14.2 |  25.79 |  0.966 | 22.75 | 85.91 |  237.6 |   53.1 |  280.4
  Exp_Reverse_Gate       |  15.9 |  25.75 |  0.955 | 20.73 | 80.24 |  288.6 |   84.5 |  298.3
  Exp_Boost              |  13.0 |  25.59 |  0.956 | 23.84 | 88.11 |  225.2 |   41.3 |  274.5
  TwoPhase               |  13.0 |  25.40 |  0.954 | 23.70 | 88.30 |  222.6 |   42.7 |  287.8
  Entropy                |  12.9 |  25.72 |  0.967 | 24.01 | 88.95 |  204.8 |   39.7 |  264.7
  Locality               |  12.8 |  25.69 |  0.967 | 23.37 | 87.61 |  226.4 |   46.0 |  274.8
  Dual                   |   3.3 |  24.57 |  0.994 | 32.84 | 97.72 |   64.4 |    5.2 |  159.0
  Quantile               |  12.3 |  25.62 |  0.979 | 26.37 | 92.07 |  194.8 |   23.1 |  271.2
  Budget_Matched         |  13.0 |  25.69 |  0.970 | 23.22 | 87.11 |  217.5 |   47.6 |  268.3
  → 170s (15s/stratégie)

[GPU 4] [34/140]  523000000003  (3_indoor)
  Strategy               |     λ | CLIP-W | CLIP-I |  PSNR |  SSIM |  LPIPS |    MSE |     SD
  -----------------------+--------+--------+--------+--------+--------+--------+--------+--------+-
  Baseline               |  13.5 |  29.11 |  0.959 | 20.52 | 76.51 |  288.9 |   88.6 |  293.5
  Exp_Forward_Gate       |  12.7 |  28.62 |  0.961 | 21.99 | 82.01 |  266.0 |   63.3 |  275.0
  Exp_Forward            |  14.3 |  28.87 |  0.958 | 21.10 | 79.34 |  276.4 |   77.6 |  290.1
  Exp_Reverse_Gate       |  16.1 |  30.30 |  0.959 | 19.04 | 70.43 |  326.9 |  124.7 |  330.9
  Exp_Boost              |  12.9 |  29.66 |  0.959 | 22.93 | 84.36 |  235.3 |   50.9 |  263.3
  TwoPhase               |  13.0 |  29.27 |  0.960 | 22.39 | 83.32 |  245.7 |   57.6 |  264.6
  Entropy                |  12.8 |  29.03 |  0.952 | 21.98 | 80.89 |  265.3 |   63.5 |  273.4
  Locality               |  12.8 |  27.82 |  0.955 | 21.93 | 81.82 |  270.5 |   64.1 |  273.0
  Dual                   |   3.2 |  28.38 |  0.990 | 31.85 | 93.40 |   69.3 |    6.5 |  140.0
  Quantile               |  12.7 |  29.18 |  0.960 | 22.07 | 82.36 |  268.7 |   62.0 |  279.8
  Budget_Matched         |  12.9 |  28.23 |  0.955 | 21.32 | 80.21 |  263.3 |   73.8 |  272.4
  → 170s (15s/stratégie)

[GPU 4] [35/140]  523000000004  (3_indoor)
  Strategy               |     λ | CLIP-W | CLIP-I |  PSNR |  SSIM |  LPIPS |    MSE |     SD
  -----------------------+--------+--------+--------+--------+--------+--------+--------+--------+-
  Baseline               |  13.5 |  25.91 |  0.977 | 24.98 | 91.20 |  142.2 |   31.8 |  307.4
  Exp_Forward_Gate       |  13.1 |  24.83 |  0.954 | 25.87 | 92.00 |  140.6 |   25.9 |  336.2
  Exp_Forward            |  14.1 |  25.83 |  0.967 | 24.81 | 90.32 |  150.4 |   33.0 |  349.1
  Exp_Reverse_Gate       |  14.7 |  25.19 |  0.955 | 23.96 | 88.53 |  153.8 |   40.2 |  325.6
  Exp_Boost              |  13.3 |  25.32 |  0.961 | 25.66 | 91.56 |  153.8 |   27.2 |  357.3
  TwoPhase               |  13.2 |  24.65 |  0.947 | 25.64 | 92.23 |  135.9 |   27.3 |  323.7
  Entropy                |  13.1 |  26.19 |  0.973 | 25.55 | 91.64 |  142.8 |   27.8 |  343.0
  Locality               |  13.1 |  26.20 |  0.976 | 25.90 | 92.10 |  142.8 |   25.7 |  324.2
  Dual                   |   3.3 |  26.83 |  0.990 | 34.03 | 98.60 |   46.1 |    4.0 |  222.5
  Quantile               |  13.4 |  26.35 |  0.970 | 25.89 | 91.87 |  202.4 |   25.8 |  388.3
  Budget_Matched         |  13.2 |  25.89 |  0.968 | 25.61 | 91.65 |  135.6 |   27.5 |  331.1
  → 169s (15s/stratégie)

[GPU 4] [36/140]  524000000000  (4_outdoor)
  Strategy               |     λ | CLIP-W | CLIP-I |  PSNR |  SSIM |  LPIPS |    MSE |     SD
  -----------------------+--------+--------+--------+--------+--------+--------+--------+--------+-
  Baseline               |  13.5 |  24.03 |  0.884 | 25.27 | 91.09 |  173.7 |   29.7 |  174.4
  Exp_Forward_Gate       |  12.7 |  23.93 |  0.900 | 25.99 | 91.83 |  168.4 |   25.2 |  175.3
  Exp_Forward            |  13.8 |  24.03 |  0.887 | 25.07 | 90.41 |  180.0 |   31.1 |  185.0
  Exp_Reverse_Gate       |  14.8 |  23.90 |  0.889 | 24.74 | 89.77 |  188.7 |   33.6 |  187.8
  Exp_Boost              |  12.5 |  24.16 |  0.900 | 26.17 | 91.92 |  163.5 |   24.2 |  173.8
  TwoPhase               |  12.8 |  23.88 |  0.889 | 25.81 | 91.58 |  167.2 |   26.2 |  175.2
  Entropy                |  12.7 |  24.50 |  0.904 | 25.77 | 91.58 |  162.3 |   26.5 |  175.6
  Locality               |  12.7 |  22.54 |  0.871 | 25.68 | 91.27 |  175.6 |   27.0 |  180.4
  Dual                   |   3.1 |  24.21 |  0.968 | 33.49 | 97.82 |   64.1 |    4.5 |   97.5
  Quantile               |  13.4 |  23.71 |  0.885 | 25.05 | 88.43 |  224.0 |   31.2 |  212.6
  Budget_Matched         |  13.0 |  23.61 |  0.882 | 25.87 | 91.76 |  161.3 |   25.9 |  172.9
  → 170s (15s/stratégie)

[GPU 4] [37/140]  524000000001  (4_outdoor)
  Strategy               |     λ | CLIP-W | CLIP-I |  PSNR |  SSIM |  LPIPS |    MSE |     SD
  -----------------------+--------+--------+--------+--------+--------+--------+--------+--------+-
  Baseline               |  13.5 |  31.67 |  0.960 | 26.25 | 93.76 |  133.5 |   23.7 |  138.9
  Exp_Forward_Gate       |  13.0 |  32.84 |  0.954 | 26.43 | 93.92 |  134.9 |   22.8 |  139.6
  Exp_Forward            |  13.8 |  33.32 |  0.913 | 25.42 | 93.56 |  138.4 |   28.7 |  138.7
  Exp_Reverse_Gate       |  14.3 |  33.91 |  0.934 | 25.65 | 93.33 |  136.6 |   27.2 |  142.8
  Exp_Boost              |  13.0 |  31.04 |  0.961 | 27.14 | 94.48 |  132.2 |   19.3 |  136.8
  TwoPhase               |  13.1 |  33.96 |  0.922 | 26.24 | 93.82 |  133.9 |   23.8 |  136.9
  Entropy                |  13.1 |  30.62 |  0.960 | 26.94 | 94.55 |  126.8 |   20.2 |  134.3
  Locality               |  13.0 |  31.80 |  0.959 | 26.47 | 93.90 |  135.2 |   22.6 |  140.4
  Dual                   |   3.1 |  29.07 |  0.995 | 35.05 | 98.51 |   49.5 |    3.1 |   77.0
  Quantile               |  13.3 |  32.38 |  0.941 | 25.41 | 92.58 |  176.8 |   28.8 |  167.2
  Budget_Matched         |  13.2 |  31.92 |  0.956 | 26.58 | 94.05 |  128.1 |   22.0 |  134.1
  → 169s (15s/stratégie)

[GPU 4] [38/140]  524000000002  (4_outdoor)
  Strategy               |     λ | CLIP-W | CLIP-I |  PSNR |  SSIM |  LPIPS |    MSE |     SD
  -----------------------+--------+--------+--------+--------+--------+--------+--------+--------+-
  Baseline               |  13.5 |  29.77 |  0.848 | 21.76 | 83.87 |  228.2 |   66.6 |  234.3
  Exp_Forward_Gate       |  12.7 |  28.76 |  0.874 | 22.46 | 85.54 |  213.5 |   56.8 |  231.7
  Exp_Forward            |  14.1 |  31.13 |  0.846 | 21.85 | 83.27 |  238.7 |   65.3 |  248.9
  Exp_Reverse_Gate       |  15.5 |  30.85 |  0.841 | 20.10 | 79.28 |  260.6 |   97.7 |  266.2
  Exp_Boost              |  12.6 |  28.86 |  0.824 | 22.19 | 84.65 |  236.7 |   60.4 |  245.0
  TwoPhase               |  12.9 |  28.88 |  0.864 | 22.44 | 85.47 |  216.5 |   57.0 |  237.4
  Entropy                |  12.8 |  29.19 |  0.843 | 23.00 | 86.29 |  210.6 |   50.2 |  235.9
  Locality               |  12.8 |  31.59 |  0.859 | 22.62 | 85.84 |  208.7 |   54.7 |  224.9
  Dual                   |   3.1 |  28.61 |  0.967 | 31.16 | 96.43 |   71.6 |    7.7 |  121.7
  Quantile               |  12.6 |  31.30 |  0.803 | 24.06 | 86.84 |  226.2 |   39.2 |  235.8
  Budget_Matched         |  12.9 |  29.47 |  0.815 | 21.42 | 83.10 |  231.0 |   72.1 |  244.6
  → 169s (15s/stratégie)

[GPU 4] [39/140]  524000000003  (4_outdoor)
  Strategy               |     λ | CLIP-W | CLIP-I |  PSNR |  SSIM |  LPIPS |    MSE |     SD
  -----------------------+--------+--------+--------+--------+--------+--------+--------+--------+-
  Baseline               |  13.5 |  26.84 |  0.955 | 28.15 | 89.91 |  120.7 |   15.3 |  269.7
  Exp_Forward_Gate       |  13.2 |  26.24 |  0.945 | 28.94 | 90.75 |  119.6 |   12.8 |  286.9
  Exp_Forward            |  14.0 |  26.50 |  0.941 | 27.70 | 89.23 |  143.2 |   17.0 |  292.4
  Exp_Reverse_Gate       |  14.4 |  26.37 |  0.948 | 27.45 | 89.82 |  119.0 |   18.0 |  272.5
  Exp_Boost              |  13.3 |  26.57 |  0.955 | 29.59 | 91.19 |  126.7 |   11.0 |  293.4
  TwoPhase               |  13.2 |  26.25 |  0.947 | 28.19 | 89.95 |  125.4 |   15.2 |  285.8
  Entropy                |  13.2 |  26.23 |  0.951 | 28.84 | 90.22 |  117.2 |   13.1 |  281.6
  Locality               |  13.1 |  26.27 |  0.945 | 28.54 | 90.19 |  120.2 |   14.0 |  285.3
  Dual                   |   3.2 |  25.57 |  0.973 | 36.21 | 95.60 |   43.8 |    2.4 |  206.7
  Quantile               |  13.3 |  26.11 |  0.959 | 28.64 | 86.78 |  199.3 |   13.7 |  370.2
  Budget_Matched         |  13.3 |  26.80 |  0.956 | 28.71 | 89.23 |  117.4 |   13.5 |  273.7
  → 169s (15s/stratégie)

[GPU 4] [40/140]  524000000004  (4_outdoor)
  Strategy               |     λ | CLIP-W | CLIP-I |  PSNR |  SSIM |  LPIPS |    MSE |     SD
  -----------------------+--------+--------+--------+--------+--------+--------+--------+--------+-
  Baseline               |  13.5 |  24.91 |  0.938 | 20.88 | 84.13 |  205.1 |   81.8 |  209.8
  Exp_Forward_Gate       |  12.6 |  24.67 |  0.942 | 22.55 | 87.36 |  181.4 |   55.6 |  192.4
  Exp_Forward            |  14.1 |  25.91 |  0.946 | 21.25 | 83.91 |  211.3 |   75.0 |  212.0
  Exp_Reverse_Gate       |  16.6 |  25.47 |  0.926 | 18.06 | 75.81 |  270.7 |  156.3 |  250.5
  Exp_Boost              |  12.6 |  26.41 |  0.956 | 22.68 | 87.11 |  184.3 |   53.9 |  194.4
  TwoPhase               |  12.7 |  25.04 |  0.935 | 21.99 | 86.69 |  189.2 |   63.3 |  193.3
  Entropy                |  12.5 |  26.09 |  0.947 | 21.73 | 85.11 |  198.0 |   67.2 |  209.0
  Locality               |  12.5 |  24.81 |  0.936 | 21.90 | 86.24 |  194.8 |   64.5 |  199.9
  Dual                   |   3.2 |  27.32 |  0.988 | 29.98 | 96.83 |   63.2 |   10.0 |   98.7
  Quantile               |  13.6 |  26.82 |  0.934 | 21.37 | 84.59 |  228.5 |   72.9 |  224.6
  Budget_Matched         |  12.9 |  24.67 |  0.944 | 21.60 | 85.85 |  188.8 |   69.3 |  198.2
  → 168s (15s/stratégie)

[GPU 4] [41/140]  611000000000  (1_animal)
  Strategy               |     λ | CLIP-W | CLIP-I |  PSNR |  SSIM |  LPIPS |    MSE |     SD
  -----------------------+--------+--------+--------+--------+--------+--------+--------+--------+-
  Baseline               |  13.5 |  24.97 |  0.942 | 21.74 | 77.61 |  282.4 |   66.9 |  403.6
  Exp_Forward_Gate       |  12.7 |  24.91 |  0.961 | 22.53 | 80.78 |  253.6 |   55.8 |  390.5
  Exp_Forward            |  14.4 |  24.56 |  0.945 | 21.51 | 75.24 |  300.3 |   70.7 |  423.6
  Exp_Reverse_Gate       |  16.2 |  23.63 |  0.945 | 20.01 | 73.37 |  316.3 |   99.7 |  418.9
  Exp_Boost              |  12.9 |  24.68 |  0.959 | 23.30 | 80.66 |  254.8 |   46.7 |  397.5
  TwoPhase               |  13.0 |  23.84 |  0.965 | 22.73 | 79.86 |  255.8 |   53.3 |  394.7
  Entropy                |  12.7 |  23.92 |  0.964 | 22.33 | 80.11 |  257.5 |   58.4 |  398.8
  Locality               |  12.8 |  24.57 |  0.959 | 23.17 | 80.44 |  248.5 |   48.2 |  390.0
  Dual                   |   3.4 |  21.88 |  0.988 | 30.17 | 91.79 |   70.5 |    9.6 |  269.6
  Quantile               |  12.0 |  22.96 |  0.981 | 25.01 | 85.01 |  227.7 |   31.5 |  400.9
  Budget_Matched         |  12.9 |  23.77 |  0.961 | 22.08 | 78.74 |  273.4 |   61.9 |  401.6
  → 169s (15s/stratégie)

[GPU 4] [42/140]  611000000001  (1_animal)
  Strategy               |     λ | CLIP-W | CLIP-I |  PSNR |  SSIM |  LPIPS |    MSE |     SD
  -----------------------+--------+--------+--------+--------+--------+--------+--------+--------+-
  Baseline               |  13.5 |  36.90 |  0.941 | 17.50 | 71.23 |  263.6 |  177.7 |  371.8
  Exp_Forward_Gate       |  12.5 |  35.53 |  0.959 | 18.87 | 74.01 |  224.3 |  129.8 |  360.9
  Exp_Forward            |  14.3 |  36.51 |  0.932 | 18.23 | 73.10 |  247.7 |  150.2 |  374.6
  Exp_Reverse_Gate       |  17.0 |  34.82 |  0.938 | 16.43 | 65.88 |  302.3 |  227.4 |  358.8
  Exp_Boost              |  12.7 |  35.24 |  0.947 | 19.24 | 75.35 |  232.2 |  119.0 |  377.6
  TwoPhase               |  12.7 |  35.76 |  0.952 | 18.96 | 75.22 |  221.5 |  127.1 |  358.8
  Entropy                |  12.5 |  35.33 |  0.955 | 19.12 | 75.74 |  219.6 |  122.5 |  348.8
  Locality               |  12.6 |  35.70 |  0.946 | 18.91 | 74.79 |  227.6 |  128.4 |  353.9
  Dual                   |   3.5 |  32.61 |  0.971 | 24.14 | 83.91 |   90.2 |   38.6 |  260.6
  Quantile               |  12.9 |  33.39 |  0.950 | 18.27 | 74.45 |  269.7 |  148.9 |  408.3
  Budget_Matched         |  12.8 |  36.07 |  0.956 | 18.49 | 74.54 |  220.9 |  141.5 |  342.0
  → 169s (15s/stratégie)

[GPU 4] [43/140]  611000000002  (1_animal)
  Strategy               |     λ | CLIP-W | CLIP-I |  PSNR |  SSIM |  LPIPS |    MSE |     SD
  -----------------------+--------+--------+--------+--------+--------+--------+--------+--------+-
  Baseline               |  13.5 |  24.15 |  0.806 | 19.78 | 75.88 |  357.0 |  105.3 |  333.2
  Exp_Forward_Gate       |  12.5 |  23.74 |  0.859 | 22.59 | 85.73 |  245.2 |   55.1 |  233.5
  Exp_Forward            |  14.2 |  23.53 |  0.885 | 22.32 | 81.11 |  308.4 |   58.6 |  293.9
  Exp_Reverse_Gate       |  16.6 |  23.73 |  0.804 | 18.53 | 73.11 |  372.2 |  140.3 |  344.8
  Exp_Boost              |  12.2 |  24.32 |  0.847 | 20.87 | 79.87 |  331.9 |   81.8 |  298.7
  TwoPhase               |  12.6 |  24.03 |  0.888 | 21.28 | 80.31 |  323.9 |   74.4 |  300.2
  Entropy                |  12.4 |  24.81 |  0.864 | 21.55 | 80.70 |  324.2 |   69.9 |  304.5
  Locality               |  12.4 |  21.96 |  0.877 | 21.70 | 85.90 |  250.6 |   67.6 |  204.0
  Dual                   |   3.1 |  19.61 |  0.909 | 30.34 | 97.51 |   58.7 |    9.2 |   71.7
  Quantile               |  12.1 |  24.05 |  0.917 | 23.76 | 91.25 |  139.6 |   42.1 |  150.4
  Budget_Matched         |  12.8 |  24.11 |  0.890 | 21.18 | 80.14 |  315.7 |   76.2 |  301.5
  → 170s (15s/stratégie)

[GPU 4] [44/140]  611000000003  (1_animal)
  Strategy               |     λ | CLIP-W | CLIP-I |  PSNR |  SSIM |  LPIPS |    MSE |     SD
  -----------------------+--------+--------+--------+--------+--------+--------+--------+--------+-
  Baseline               |  13.5 |  29.99 |  0.974 | 18.24 | 81.20 |  245.1 |  150.1 |  267.0
  Exp_Forward_Gate       |  12.5 |  29.99 |  0.982 | 20.20 | 86.28 |  204.7 |   95.6 |  239.1
  Exp_Forward            |  14.3 |  29.45 |  0.973 | 18.69 | 81.68 |  252.7 |  135.2 |  272.8
  Exp_Reverse_Gate       |  17.3 |  30.67 |  0.962 | 16.52 | 73.83 |  322.3 |  222.8 |  319.0
  Exp_Boost              |  12.5 |  29.11 |  0.977 | 20.30 | 87.03 |  198.8 |   93.2 |  240.2
  TwoPhase               |  12.6 |  29.27 |  0.978 | 19.78 | 85.37 |  210.0 |  105.2 |  246.0
  Entropy                |  12.5 |  30.08 |  0.979 | 20.10 | 85.83 |  207.9 |   97.8 |  242.6
  Locality               |  12.5 |  29.67 |  0.981 | 19.99 | 86.09 |  203.0 |  100.3 |  237.7
  Dual                   |   3.3 |  31.34 |  0.992 | 27.89 | 97.08 |   67.2 |   16.3 |  135.9
  Quantile               |  12.6 |  30.11 |  0.962 | 19.43 | 84.22 |  257.1 |  114.0 |  276.9
  Budget_Matched         |  12.8 |  29.68 |  0.982 | 19.24 | 84.21 |  215.5 |  119.2 |  246.8
  → 170s (15s/stratégie)

[GPU 4] [45/140]  611000000004  (1_animal)
  Strategy               |     λ | CLIP-W | CLIP-I |  PSNR |  SSIM |  LPIPS |    MSE |     SD
  -----------------------+--------+--------+--------+--------+--------+--------+--------+--------+-
  Baseline               |  13.5 |  30.92 |  0.888 | 19.80 | 71.97 |  200.1 |  104.6 |  444.0
  Exp_Forward_Gate       |  12.7 |  31.37 |  0.922 | 20.87 | 75.15 |  182.0 |   81.9 |  445.9
  Exp_Forward            |  14.4 |  30.81 |  0.913 | 20.19 | 74.42 |  192.3 |   95.8 |  468.7
  Exp_Reverse_Gate       |  16.9 |  30.09 |  0.814 | 18.40 | 68.12 |  205.4 |  144.7 |  373.6
  Exp_Boost              |  12.8 |  30.82 |  0.934 | 21.03 | 76.43 |  192.8 |   78.8 |  533.7
  TwoPhase               |  13.0 |  30.85 |  0.935 | 21.13 | 74.64 |  190.6 |   77.1 |  490.9
  Entropy                |  12.7 |  30.15 |  0.939 | 21.09 | 76.30 |  178.7 |   77.7 |  470.3
  Locality               |  12.6 |  31.69 |  0.927 | 20.31 | 73.45 |  192.8 |   93.0 |  482.7
  Dual                   |   3.5 |  23.77 |  0.939 | 29.62 | 72.64 |   43.1 |   10.9 |  229.1
  Quantile               |  12.5 |  30.89 |  0.957 | 22.90 | 80.26 |  197.4 |   51.3 |  603.4
  Budget_Matched         |  12.8 |  30.56 |  0.904 | 20.21 | 70.24 |  191.4 |   95.2 |  504.4
  → 169s (15s/stratégie)

[GPU 4] [46/140]  612000000000  (2_human)
  Strategy               |     λ | CLIP-W | CLIP-I |  PSNR |  SSIM |  LPIPS |    MSE |     SD
  -----------------------+--------+--------+--------+--------+--------+--------+--------+--------+-
  Baseline               |  13.5 |  24.68 |  0.958 | 24.31 | 96.35 |   55.6 |   37.0 |  253.4
  Exp_Forward_Gate       |  13.2 |  24.50 |  0.945 | 25.12 | 96.61 |   56.3 |   30.8 |  291.3
  Exp_Forward            |  14.0 |  24.31 |  0.947 | 24.00 | 96.20 |   71.7 |   39.8 |  335.5
  Exp_Reverse_Gate       |  14.6 |  24.65 |  0.925 | 22.40 | 94.62 |   75.1 |   57.6 |  278.0
  Exp_Boost              |  13.2 |  23.64 |  0.949 | 25.72 | 96.75 |   57.9 |   26.8 |  306.3
  TwoPhase               |  13.3 |  24.48 |  0.944 | 24.89 | 96.46 |   60.5 |   32.5 |  281.6
  Entropy                |  13.1 |  24.14 |  0.961 | 25.38 | 96.80 |   54.9 |   29.0 |  268.9
  Locality               |  13.2 |  24.74 |  0.952 | 25.07 | 96.21 |   61.3 |   31.1 |  284.8
  Dual                   |   3.3 |  24.69 |  0.986 | 33.73 | 98.90 |   26.2 |    4.2 |  201.4
  Quantile               |  14.3 |  24.66 |  0.972 | 26.02 | 96.85 |   88.1 |   25.0 |  377.6
  Budget_Matched         |  13.3 |  24.00 |  0.953 | 25.08 | 96.77 |   51.4 |   31.1 |  267.2
  → 170s (15s/stratégie)

[GPU 4] [47/140]  612000000001  (2_human)
  Strategy               |     λ | CLIP-W | CLIP-I |  PSNR |  SSIM |  LPIPS |    MSE |     SD
  -----------------------+--------+--------+--------+--------+--------+--------+--------+--------+-
  Baseline               |  13.5 |  25.82 |  0.960 | 26.95 | 82.91 |   77.8 |   20.2 |  399.3
  Exp_Forward_Gate       |  13.3 |  25.59 |  0.961 | 27.34 | 81.85 |   90.4 |   18.4 |  464.7
  Exp_Forward            |  14.1 |  26.70 |  0.952 | 27.32 | 82.69 |   73.5 |   18.6 |  412.9
  Exp_Reverse_Gate       |  14.2 |  24.66 |  0.978 | 26.58 | 82.44 |   72.3 |   22.0 |  290.8
  Exp_Boost              |  13.3 |  25.61 |  0.930 | 27.12 | 80.69 |   87.3 |   19.4 |  500.6
  TwoPhase               |  13.5 |  22.94 |  0.961 | 28.05 | 81.22 |   79.2 |   15.7 |  459.2
  Entropy                |  13.2 |  26.15 |  0.950 | 26.26 | 81.30 |   89.9 |   23.7 |  476.1
  Locality               |  13.4 |  21.93 |  0.956 | 28.13 | 82.61 |   76.5 |   15.4 |  429.9
  Dual                   |   3.4 |  21.51 |  0.964 | 35.16 | 77.19 |   40.3 |    3.0 |  375.3
  Quantile               |  14.7 |  22.95 |  0.939 | 26.97 | 80.50 |  142.7 |   20.1 |  575.2
  Budget_Matched         |  13.3 |  27.83 |  0.933 | 26.83 | 82.07 |   79.2 |   20.7 |  419.8
  → 169s (15s/stratégie)

[GPU 4] [48/140]  612000000002  (2_human)
  Strategy               |     λ | CLIP-W | CLIP-I |  PSNR |  SSIM |  LPIPS |    MSE |     SD
  -----------------------+--------+--------+--------+--------+--------+--------+--------+--------+-
  Baseline               |  13.5 |  26.64 |  0.776 | 27.38 | 85.36 |  166.1 |   18.3 |  383.4
  Exp_Forward_Gate       |  13.1 |  27.96 |  0.762 | 27.82 | 86.67 |  167.3 |   16.5 |  408.5
  Exp_Forward            |  14.0 |  27.07 |  0.793 | 26.64 | 84.86 |  181.7 |   21.7 |  414.6
  Exp_Reverse_Gate       |  14.6 |  29.36 |  0.774 | 26.24 | 85.31 |  169.2 |   23.8 |  374.2
  Exp_Boost              |  13.1 |  28.87 |  0.722 | 27.53 | 86.77 |  187.1 |   17.6 |  429.5
  TwoPhase               |  13.2 |  28.09 |  0.772 | 27.46 | 85.77 |  172.8 |   18.0 |  412.2
  Entropy                |  13.1 |  27.39 |  0.780 | 27.41 | 86.33 |  170.4 |   18.1 |  405.4
  Locality               |  13.2 |  26.95 |  0.784 | 27.69 | 86.21 |  174.3 |   17.0 |  408.9
  Dual                   |   3.2 |  21.27 |  0.990 | 35.63 | 95.46 |   66.7 |    2.7 |  316.9
  Quantile               |  13.0 |  27.06 |  0.741 | 26.31 | 86.50 |  232.2 |   23.4 |  488.7
  Budget_Matched         |  13.2 |  26.29 |  0.770 | 27.17 | 85.72 |  159.4 |   19.2 |  406.3
  → 170s (15s/stratégie)

[GPU 4] [49/140]  612000000003  (2_human)
  Strategy               |     λ | CLIP-W | CLIP-I |  PSNR |  SSIM |  LPIPS |    MSE |     SD
  -----------------------+--------+--------+--------+--------+--------+--------+--------+--------+-
  Baseline               |  13.5 |  25.18 |  0.766 | 21.43 | 82.44 |  251.3 |   72.0 |  265.3
  Exp_Forward_Gate       |  12.6 |  26.36 |  0.815 | 22.31 | 85.61 |  231.7 |   58.7 |  242.9
  Exp_Forward            |  14.2 |  26.31 |  0.770 | 22.01 | 83.89 |  249.2 |   62.9 |  262.4
