[GPU 7] Chunk 4/5 — 140 images (560→699)
[GPU 7] Chargement SD3-medium (visible=7) …
Loading pipeline components...:   0%|          | 0/9 [00:00<?, ?it/s]Loading pipeline components...:  11%|█         | 1/9 [00:00<00:01,  6.94it/s]You set `add_prefix_space`. The tokenizer needs to be converted from the slow tokenizers
Loading pipeline components...:  33%|███▎      | 3/9 [00:00<00:00,  7.78it/s]`torch_dtype` is deprecated! Use `dtype` instead!

Loading checkpoint shards:   0%|          | 0/2 [00:00<?, ?it/s][A
Loading checkpoint shards:  50%|█████     | 1/2 [00:00<00:00,  4.99it/s][A
Loading checkpoint shards: 100%|██████████| 2/2 [00:00<00:00,  5.14it/s][ALoading checkpoint shards: 100%|██████████| 2/2 [00:00<00:00,  5.11it/s]
Loading pipeline components...:  67%|██████▋   | 6/9 [00:00<00:00,  6.58it/s]Loading pipeline components...:  89%|████████▉ | 8/9 [00:01<00:00,  6.52it/s]Loading pipeline components...: 100%|██████████| 9/9 [00:01<00:00,  6.72it/s]Loading pipeline components...: 100%|██████████| 9/9 [00:01<00:00,  6.75it/s]
/shared/ssd_14T/home/ahmadou/miniconda3/envs/pytorch_env/lib/python3.10/site-packages/torchvision/models/_utils.py:208: UserWarning: The parameter 'pretrained' is deprecated since 0.13 and may be removed in the future, please use 'weights' instead.
  warnings.warn(
/shared/ssd_14T/home/ahmadou/miniconda3/envs/pytorch_env/lib/python3.10/site-packages/torchvision/models/_utils.py:223: UserWarning: Arguments other than a weight enum or `None` for 'weights' are deprecated since 0.13 and may be removed in the future. The current behavior is equivalent to passing `weights=VGG16_Weights.IMAGENET1K_V1`. You can also use `weights=VGG16_Weights.DEFAULT` to get the most up-to-date weights.
  warnings.warn(msg)
Setting up [LPIPS] perceptual loss: trunk [vgg], v[0.1], spatial [off]
Loading model from: /shared/ssd_14T/home/ahmadou/miniconda3/envs/pytorch_env/lib/python3.10/site-packages/lpips/weights/v0.1/vgg.pth

[GPU 7] [1/140]  813000000000  (3_indoor)
  Strategy               |     λ | CLIP-W | CLIP-I |  PSNR |  SSIM |  LPIPS |    MSE |     SD
  -----------------------+--------+--------+--------+--------+--------+--------+--------+--------+-
  Baseline               |  13.5 |  26.03 |  0.988 | 22.17 | 82.80 |  197.2 |   60.7 |  238.2
  Exp_Forward_Gate       |  12.7 |  26.49 |  0.982 | 23.70 | 84.28 |  188.4 |   42.7 |  231.1
  Exp_Forward            |  13.9 |  26.04 |  0.990 | 23.01 | 84.27 |  188.8 |   50.0 |  238.1
  Exp_Reverse_Gate       |  15.6 |  26.40 |  0.971 | 20.70 | 78.28 |  249.3 |   85.1 |  267.3
  Exp_Boost              |  12.6 |  26.77 |  0.986 | 23.69 | 84.36 |  179.9 |   42.7 |  226.0
  TwoPhase               |  12.8 |  26.60 |  0.989 | 23.44 | 83.54 |  190.6 |   45.3 |  233.0
  Entropy                |  12.7 |  26.80 |  0.986 | 23.66 | 85.42 |  173.1 |   43.1 |  221.6
  Locality               |  12.7 |  26.91 |  0.988 | 23.70 | 85.20 |  174.9 |   42.6 |  222.8
  Dual                   |   3.3 |  25.75 |  0.989 | 29.10 | 91.15 |  104.0 |   12.3 |  166.0
  Quantile               |  12.6 |  26.99 |  0.955 | 22.88 | 81.43 |  243.8 |   51.5 |  259.3
  Budget_Matched         |  13.0 |  26.20 |  0.990 | 22.93 | 83.60 |  192.5 |   50.9 |  235.0
  → 156s (14s/stratégie)

[GPU 7] [2/140]  813000000001  (3_indoor)
  Strategy               |     λ | CLIP-W | CLIP-I |  PSNR |  SSIM |  LPIPS |    MSE |     SD
  -----------------------+--------+--------+--------+--------+--------+--------+--------+--------+-
  Baseline               |  13.5 |  28.09 |  0.966 | 21.76 | 80.07 |  217.1 |   66.6 |  276.0
  Exp_Forward_Gate       |  12.5 |  27.06 |  0.961 | 22.82 | 83.81 |  187.0 |   52.3 |  260.9
  Exp_Forward            |  14.0 |  26.87 |  0.960 | 22.56 | 81.96 |  203.4 |   55.5 |  271.4
  Exp_Reverse_Gate       |  15.9 |  27.74 |  0.959 | 20.41 | 73.57 |  287.0 |   91.0 |  323.0
  Exp_Boost              |  12.4 |  27.35 |  0.968 | 23.00 | 83.53 |  185.4 |   50.1 |  255.8
  TwoPhase               |  12.7 |  28.17 |  0.965 | 22.32 | 80.56 |  231.9 |   58.6 |  277.9
  Entropy                |  12.6 |  27.71 |  0.966 | 22.78 | 82.65 |  189.3 |   52.7 |  259.8
  Locality               |  12.5 |  28.14 |  0.966 | 22.92 | 82.22 |  205.1 |   51.0 |  269.1
  Dual                   |   3.1 |  23.58 |  0.995 | 32.59 | 96.71 |   46.7 |    5.5 |  122.6
  Quantile               |  13.7 |  25.41 |  0.970 | 25.22 | 87.55 |  182.1 |   30.1 |  255.2
  Budget_Matched         |  12.9 |  27.34 |  0.967 | 22.44 | 82.39 |  191.8 |   57.0 |  265.2
  → 165s (15s/stratégie)

[GPU 7] [3/140]  813000000002  (3_indoor)
  Strategy               |     λ | CLIP-W | CLIP-I |  PSNR |  SSIM |  LPIPS |    MSE |     SD
  -----------------------+--------+--------+--------+--------+--------+--------+--------+--------+-
  Baseline               |  13.5 |  24.80 |  0.944 | 22.90 | 86.75 |  178.1 |   51.3 |  275.9
  Exp_Forward_Gate       |  12.6 |  24.79 |  0.946 | 23.70 | 87.83 |  177.8 |   42.7 |  276.4
  Exp_Forward            |  14.0 |  24.83 |  0.927 | 23.02 | 85.93 |  207.3 |   49.9 |  291.6
  Exp_Reverse_Gate       |  15.9 |  25.88 |  0.937 | 21.04 | 80.44 |  248.1 |   78.8 |  325.3
  Exp_Boost              |  12.4 |  24.89 |  0.955 | 24.35 | 88.85 |  167.7 |   36.7 |  266.3
  TwoPhase               |  12.6 |  26.20 |  0.952 | 23.40 | 87.21 |  185.8 |   45.7 |  280.4
  Entropy                |  12.6 |  23.56 |  0.949 | 24.00 | 88.58 |  165.2 |   39.8 |  262.9
  Locality               |  12.5 |  24.03 |  0.935 | 22.97 | 85.72 |  197.2 |   50.5 |  291.5
  Dual                   |   3.2 |  23.18 |  0.995 | 32.81 | 97.26 |   56.4 |    5.2 |  153.6
  Quantile               |  12.2 |  22.83 |  0.948 | 23.61 | 86.48 |  209.0 |   43.5 |  296.3
  Budget_Matched         |  12.8 |  24.02 |  0.939 | 22.58 | 86.26 |  188.3 |   55.2 |  277.8
  → 164s (15s/stratégie)

[GPU 7] [4/140]  813000000003  (3_indoor)
  Strategy               |     λ | CLIP-W | CLIP-I |  PSNR |  SSIM |  LPIPS |    MSE |     SD
  -----------------------+--------+--------+--------+--------+--------+--------+--------+--------+-
  Baseline               |  13.5 |  25.82 |  0.934 | 25.25 | 87.71 |  224.6 |   29.9 |  222.5
  Exp_Forward_Gate       |  12.7 |  24.95 |  0.962 | 27.02 | 89.82 |  199.4 |   19.9 |  213.3
  Exp_Forward            |  13.9 |  25.97 |  0.955 | 25.84 | 88.14 |  208.3 |   26.0 |  224.2
  Exp_Reverse_Gate       |  15.1 |  25.71 |  0.953 | 24.93 | 86.72 |  246.7 |   32.1 |  236.1
  Exp_Boost              |  12.6 |  24.33 |  0.968 | 27.09 | 90.27 |  194.2 |   19.5 |  213.1
  TwoPhase               |  12.7 |  25.28 |  0.975 | 26.36 | 89.08 |  215.3 |   23.1 |  208.6
  Entropy                |  12.7 |  24.84 |  0.972 | 26.78 | 89.84 |  200.5 |   21.0 |  211.9
  Locality               |  12.6 |  25.68 |  0.969 | 26.40 | 89.75 |  194.6 |   22.9 |  211.5
  Dual                   |   3.1 |  23.47 |  0.991 | 34.90 | 96.79 |   95.1 |    3.2 |  133.7
  Quantile               |  12.2 |  24.74 |  0.968 | 28.76 | 91.66 |  242.9 |   13.3 |  225.1
  Budget_Matched         |  12.9 |  25.44 |  0.971 | 25.62 | 88.04 |  213.2 |   27.4 |  222.4
  → 163s (15s/stratégie)

[GPU 7] [5/140]  813000000004  (3_indoor)
  Strategy               |     λ | CLIP-W | CLIP-I |  PSNR |  SSIM |  LPIPS |    MSE |     SD
  -----------------------+--------+--------+--------+--------+--------+--------+--------+--------+-
  Baseline               |  13.5 |  26.91 |  0.972 | 24.96 | 81.13 |  328.3 |   31.9 |  262.0
  Exp_Forward_Gate       |  13.6 |  27.27 |  0.911 | 25.54 | 71.91 |  382.5 |   27.9 |  327.1
  Exp_Forward            |  14.7 |  27.17 |  0.944 | 25.29 | 69.80 |  389.6 |   29.6 |  339.4
  Exp_Reverse_Gate       |  14.8 |  27.87 |  0.919 | 24.19 | 68.74 |  398.9 |   38.1 |  342.0
  Exp_Boost              |  14.1 |  26.91 |  0.889 | 25.51 | 68.25 |  399.0 |   28.1 |  344.3
  TwoPhase               |  13.7 |  27.43 |  0.954 | 24.83 | 73.13 |  380.7 |   32.9 |  319.3
  Entropy                |  12.7 |  27.03 |  0.961 | 26.95 | 87.72 |  258.0 |   20.2 |  205.4
  Locality               |  12.8 |  27.11 |  0.965 | 26.14 | 86.00 |  276.6 |   24.3 |  218.9
  Dual                   |   3.9 |  27.41 |  0.940 | 28.80 | 81.36 |  323.8 |   13.2 |  280.2
  Quantile               |  11.8 |  26.99 |  0.958 | 26.26 | 82.53 |  307.0 |   23.7 |  256.1
  Budget_Matched         |  13.0 |  27.80 |  0.968 | 26.21 | 84.86 |  291.1 |   23.9 |  238.0
  → 163s (15s/stratégie)

[GPU 7] [6/140]  813000000005  (3_indoor)
  Strategy               |     λ | CLIP-W | CLIP-I |  PSNR |  SSIM |  LPIPS |    MSE |     SD
  -----------------------+--------+--------+--------+--------+--------+--------+--------+--------+-
  Baseline               |  13.5 |  26.36 |  0.910 | 22.47 | 81.36 |  258.3 |   56.6 |  289.5
  Exp_Forward_Gate       |  12.5 |  26.68 |  0.938 | 23.86 | 86.12 |  221.7 |   41.2 |  262.0
  Exp_Forward            |  13.9 |  25.96 |  0.900 | 22.59 | 81.60 |  265.1 |   55.1 |  293.1
  Exp_Reverse_Gate       |  15.9 |  27.39 |  0.929 | 21.07 | 76.73 |  306.4 |   78.2 |  324.3
  Exp_Boost              |  12.4 |  25.61 |  0.958 | 25.12 | 87.88 |  206.8 |   30.8 |  252.4
  TwoPhase               |  12.7 |  23.92 |  0.922 | 24.68 | 86.73 |  214.9 |   34.1 |  261.7
  Entropy                |  12.5 |  25.16 |  0.956 | 24.30 | 86.30 |  230.5 |   37.2 |  267.0
  Locality               |  12.5 |  25.98 |  0.914 | 23.65 | 85.49 |  230.1 |   43.2 |  261.7
  Dual                   |   3.1 |  23.97 |  0.991 | 31.77 | 96.53 |   67.0 |    6.6 |  143.1
  Quantile               |  13.6 |  25.88 |  0.957 | 24.57 | 87.06 |  222.8 |   34.9 |  264.8
  Budget_Matched         |  12.8 |  26.63 |  0.924 | 23.45 | 83.26 |  262.9 |   45.2 |  292.9
  → 163s (15s/stratégie)

[GPU 7] [7/140]  813000000006  (3_indoor)
  Strategy               |     λ | CLIP-W | CLIP-I |  PSNR |  SSIM |  LPIPS |    MSE |     SD
  -----------------------+--------+--------+--------+--------+--------+--------+--------+--------+-
  Baseline               |  13.5 |  22.87 |  0.951 | 25.98 | 92.72 |  137.9 |   25.2 |  153.2
  Exp_Forward_Gate       |  12.8 |  23.75 |  0.956 | 26.51 | 92.95 |  133.8 |   22.3 |  158.9
  Exp_Forward            |  13.8 |  23.69 |  0.950 | 26.00 | 92.00 |  153.3 |   25.1 |  165.5
  Exp_Reverse_Gate       |  14.5 |  24.13 |  0.965 | 25.78 | 91.42 |  155.1 |   26.4 |  166.1
  Exp_Boost              |  12.7 |  22.76 |  0.949 | 26.38 | 91.89 |  154.0 |   23.0 |  169.0
  TwoPhase               |  12.8 |  22.86 |  0.931 | 25.66 | 92.78 |  133.2 |   27.2 |  153.4
  Entropy                |  12.8 |  25.18 |  0.938 | 26.89 | 91.75 |  151.1 |   20.5 |  168.0
  Locality               |  12.8 |  23.50 |  0.957 | 26.02 | 91.86 |  156.3 |   25.0 |  168.8
  Dual                   |   3.2 |  21.98 |  0.984 | 30.63 | 96.92 |   71.4 |    8.6 |  109.4
  Quantile               |  13.4 |  21.86 |  0.960 | 23.23 | 89.17 |  190.7 |   47.5 |  199.3
  Budget_Matched         |  13.0 |  23.96 |  0.954 | 25.97 | 92.65 |  142.2 |   25.3 |  154.7
  → 163s (15s/stratégie)

[GPU 7] [8/140]  813000000007  (3_indoor)
  Strategy               |     λ | CLIP-W | CLIP-I |  PSNR |  SSIM |  LPIPS |    MSE |     SD
  -----------------------+--------+--------+--------+--------+--------+--------+--------+--------+-
  Baseline               |  13.5 |  27.30 |  0.987 | 23.37 | 88.26 |  180.5 |   46.0 |  228.2
  Exp_Forward_Gate       |  12.5 |  26.52 |  0.991 | 24.30 | 90.06 |  161.7 |   37.1 |  212.2
  Exp_Forward            |  13.9 |  26.55 |  0.990 | 24.78 | 90.12 |  162.6 |   33.3 |  215.6
  Exp_Reverse_Gate       |  15.4 |  28.05 |  0.981 | 22.82 | 85.55 |  211.9 |   52.2 |  253.7
  Exp_Boost              |  12.5 |  26.51 |  0.989 | 25.59 | 91.98 |  145.2 |   27.6 |  201.0
  TwoPhase               |  12.8 |  26.03 |  0.991 | 24.62 | 90.25 |  157.2 |   34.5 |  210.0
  Entropy                |  12.6 |  26.83 |  0.989 | 24.74 | 90.55 |  159.6 |   33.5 |  211.4
  Locality               |  12.6 |  26.98 |  0.991 | 24.03 | 89.63 |  157.7 |   39.6 |  209.5
  Dual                   |   3.1 |  26.69 |  0.999 | 33.39 | 98.18 |   42.4 |    4.6 |  111.0
  Quantile               |  13.6 |  27.39 |  0.985 | 25.77 | 91.90 |  165.4 |   26.5 |  219.1
  Budget_Matched         |  13.0 |  26.18 |  0.992 | 24.68 | 90.37 |  155.5 |   34.0 |  207.7
  → 163s (15s/stratégie)

[GPU 7] [9/140]  813000000008  (3_indoor)
  Strategy               |     λ | CLIP-W | CLIP-I |  PSNR |  SSIM |  LPIPS |    MSE |     SD
  -----------------------+--------+--------+--------+--------+--------+--------+--------+--------+-
  Baseline               |  13.5 |  26.19 |  0.960 | 24.22 | 87.77 |  162.2 |   37.8 |  244.0
  Exp_Forward_Gate       |  12.5 |  25.09 |  0.983 | 24.84 | 89.04 |  145.7 |   32.8 |  227.0
  Exp_Forward            |  13.8 |  25.68 |  0.979 | 24.82 | 88.37 |  168.1 |   33.0 |  245.2
  Exp_Reverse_Gate       |  15.6 |  26.32 |  0.958 | 22.69 | 84.00 |  201.9 |   53.8 |  274.2
  Exp_Boost              |  12.4 |  26.32 |  0.980 | 25.47 | 89.73 |  143.7 |   28.4 |  225.0
  TwoPhase               |  12.7 |  25.73 |  0.979 | 25.05 | 88.94 |  146.6 |   31.2 |  230.3
  Entropy                |  12.5 |  25.96 |  0.977 | 24.73 | 88.37 |  155.5 |   33.7 |  238.7
  Locality               |  12.5 |  25.96 |  0.977 | 24.78 | 88.50 |  158.1 |   33.3 |  237.1
  Dual                   |   3.2 |  25.65 |  0.992 | 31.61 | 95.91 |   60.8 |    6.9 |  151.0
  Quantile               |  13.7 |  25.59 |  0.937 | 22.24 | 84.61 |  224.7 |   59.7 |  276.1
  Budget_Matched         |  12.9 |  26.35 |  0.978 | 24.40 | 88.60 |  158.1 |   36.3 |  235.5
  → 163s (15s/stratégie)

[GPU 7] [10/140]  813000000009  (3_indoor)
  Strategy               |     λ | CLIP-W | CLIP-I |  PSNR |  SSIM |  LPIPS |    MSE |     SD
  -----------------------+--------+--------+--------+--------+--------+--------+--------+--------+-
  Baseline               |  13.5 |  29.72 |  0.790 | 20.77 | 73.61 |  376.2 |   83.8 |  315.7
  Exp_Forward_Gate       |  12.3 |  29.25 |  0.801 | 21.75 | 76.40 |  356.1 |   66.9 |  300.3
  Exp_Forward            |  14.0 |  29.28 |  0.837 | 21.89 | 76.82 |  359.5 |   64.7 |  297.8
  Exp_Reverse_Gate       |  16.2 |  27.59 |  0.826 | 20.97 | 75.26 |  364.8 |   79.9 |  308.5
  Exp_Boost              |  12.0 |  24.12 |  0.816 | 22.94 | 79.91 |  317.6 |   50.8 |  282.5
  TwoPhase               |  12.5 |  28.66 |  0.828 | 22.35 | 77.08 |  353.2 |   58.3 |  302.5
  Entropy                |  12.3 |  28.93 |  0.802 | 21.80 | 76.80 |  358.8 |   66.1 |  301.6
  Locality               |  12.2 |  27.77 |  0.840 | 21.94 | 78.18 |  320.6 |   63.9 |  285.7
  Dual                   |   3.1 |  24.12 |  0.988 | 34.20 | 97.67 |   63.0 |    3.8 |  115.4
  Quantile               |  12.1 |  22.04 |  0.910 | 21.48 | 86.01 |  230.3 |   71.1 |  252.6
  Budget_Matched         |  12.7 |  29.91 |  0.810 | 22.13 | 77.76 |  351.8 |   61.3 |  294.8
  → 163s (15s/stratégie)

[GPU 7] [11/140]  814000000000  (4_outdoor)
  Strategy               |     λ | CLIP-W | CLIP-I |  PSNR |  SSIM |  LPIPS |    MSE |     SD
  -----------------------+--------+--------+--------+--------+--------+--------+--------+--------+-
  Baseline               |  13.5 |  25.65 |  0.941 | 21.66 | 86.19 |  221.9 |   68.2 |  235.0
  Exp_Forward_Gate       |  12.7 |  26.11 |  0.944 | 23.10 | 87.76 |  210.9 |   49.0 |  226.1
  Exp_Forward            |  14.0 |  25.71 |  0.948 | 21.72 | 85.91 |  233.6 |   67.3 |  243.2
  Exp_Reverse_Gate       |  15.6 |  27.96 |  0.922 | 20.28 | 83.14 |  238.1 |   93.8 |  252.9
  Exp_Boost              |  12.6 |  27.05 |  0.937 | 23.13 | 87.81 |  208.3 |   48.7 |  220.5
  TwoPhase               |  12.8 |  26.63 |  0.946 | 22.35 | 87.24 |  208.4 |   58.2 |  226.2
  Entropy                |  12.7 |  27.07 |  0.942 | 22.47 | 87.28 |  210.6 |   56.6 |  221.4
  Locality               |  12.7 |  25.83 |  0.947 | 22.80 | 88.40 |  189.1 |   52.5 |  209.3
  Dual                   |   3.2 |  24.06 |  0.979 | 29.80 | 97.19 |   64.0 |   10.5 |  112.6
  Quantile               |  12.2 |  26.80 |  0.955 | 23.52 | 86.87 |  235.6 |   44.4 |  238.6
  Budget_Matched         |  12.9 |  25.80 |  0.946 | 21.75 | 85.81 |  213.0 |   66.9 |  236.1
  → 162s (15s/stratégie)

[GPU 7] [12/140]  814000000001  (4_outdoor)
  Strategy               |     λ | CLIP-W | CLIP-I |  PSNR |  SSIM |  LPIPS |    MSE |     SD
  -----------------------+--------+--------+--------+--------+--------+--------+--------+--------+-
  Baseline               |  13.5 |  25.90 |  0.849 | 21.64 | 81.99 |  237.6 |   68.5 |  285.6
  Exp_Forward_Gate       |  12.7 |  26.52 |  0.840 | 22.47 | 85.37 |  213.7 |   56.6 |  270.4
  Exp_Forward            |  14.2 |  26.23 |  0.844 | 21.96 | 83.15 |  245.4 |   63.7 |  290.5
  Exp_Reverse_Gate       |  15.6 |  26.21 |  0.838 | 20.42 | 78.88 |  270.0 |   90.7 |  297.4
  Exp_Boost              |  12.9 |  26.68 |  0.845 | 23.22 | 85.63 |  224.8 |   47.7 |  275.4
  TwoPhase               |  13.0 |  27.37 |  0.848 | 22.77 | 85.10 |  221.8 |   52.8 |  271.5
  Entropy                |  12.8 |  26.43 |  0.847 | 22.41 | 84.32 |  223.6 |   57.4 |  276.6
  Locality               |  12.8 |  26.92 |  0.846 | 22.58 | 84.78 |  219.4 |   55.2 |  275.1
  Dual                   |   3.2 |  24.95 |  0.976 | 31.74 | 96.57 |   53.7 |    6.7 |  143.2
  Quantile               |  12.1 |  24.34 |  0.949 | 24.51 | 88.36 |  200.6 |   35.4 |  268.4
  Budget_Matched         |  13.0 |  26.01 |  0.835 | 21.78 | 82.83 |  240.1 |   66.4 |  284.6
  → 163s (15s/stratégie)

[GPU 7] [13/140]  814000000002  (4_outdoor)
  Strategy               |     λ | CLIP-W | CLIP-I |  PSNR |  SSIM |  LPIPS |    MSE |     SD
  -----------------------+--------+--------+--------+--------+--------+--------+--------+--------+-
  Baseline               |  13.5 |  25.09 |  0.931 | 30.65 | 96.98 |   87.8 |    8.6 |  404.4
  Exp_Forward_Gate       |  13.5 |  23.73 |  0.931 | 31.09 | 97.12 |   89.9 |    7.8 |  424.7
  Exp_Forward            |  14.1 |  23.56 |  0.920 | 30.22 | 96.63 |   98.9 |    9.5 |  404.7
  Exp_Reverse_Gate       |  14.1 |  23.97 |  0.929 | 29.64 | 96.49 |   94.6 |   10.9 |  382.8
  Exp_Boost              |  13.6 |  23.54 |  0.915 | 30.88 | 96.94 |   98.7 |    8.2 |  452.2
  TwoPhase               |  13.6 |  23.69 |  0.921 | 31.16 | 97.15 |   87.4 |    7.7 |  419.2
  Entropy                |  13.5 |  24.39 |  0.934 | 31.55 | 97.22 |   82.8 |    7.0 |  424.5
  Locality               |  13.4 |  23.50 |  0.926 | 31.04 | 97.01 |   87.5 |    7.9 |  419.5
  Dual                   |   3.3 |  23.34 |  0.957 | 39.55 | 99.18 |   30.7 |    1.1 |  340.0
  Quantile               |  13.7 |  22.83 |  0.913 | 31.82 | 96.71 |  134.1 |    6.6 |  526.0
  Budget_Matched         |  13.4 |  24.88 |  0.936 | 30.48 | 96.72 |   97.8 |    9.0 |  411.4
  → 162s (15s/stratégie)

[GPU 7] [14/140]  814000000003  (4_outdoor)
  Strategy               |     λ | CLIP-W | CLIP-I |  PSNR |  SSIM |  LPIPS |    MSE |     SD
  -----------------------+--------+--------+--------+--------+--------+--------+--------+--------+-
  Baseline               |  13.5 |  27.08 |  0.807 | 22.52 | 86.70 |  175.7 |   55.9 |  336.6
  Exp_Forward_Gate       |  12.5 |  26.07 |  0.817 | 23.85 | 89.27 |  149.5 |   41.2 |  339.0
  Exp_Forward            |  13.9 |  26.84 |  0.819 | 23.52 | 88.62 |  160.9 |   44.4 |  340.2
  Exp_Reverse_Gate       |  16.7 |  22.37 |  0.713 | 20.20 | 80.29 |  238.2 |   95.6 |  385.4
  Exp_Boost              |  12.2 |  25.25 |  0.851 | 24.30 | 91.53 |  126.6 |   37.1 |  320.1
  TwoPhase               |  12.6 |  27.03 |  0.837 | 23.81 | 89.87 |  139.5 |   41.5 |  328.6
  Entropy                |  12.4 |  26.34 |  0.839 | 24.07 | 90.15 |  139.1 |   39.2 |  323.7
  Locality               |  12.5 |  25.46 |  0.827 | 24.19 | 90.36 |  138.5 |   38.1 |  322.3
  Dual                   |   3.2 |  21.50 |  0.994 | 33.01 | 98.53 |   34.1 |    5.0 |  224.7
  Quantile               |  12.4 |  21.20 |  0.866 | 24.02 | 90.19 |  163.1 |   39.7 |  374.5
  Budget_Matched         |  12.8 |  26.64 |  0.825 | 23.44 | 88.84 |  151.1 |   45.3 |  331.8
  → 163s (15s/stratégie)

[GPU 7] [15/140]  814000000004  (4_outdoor)
  Strategy               |     λ | CLIP-W | CLIP-I |  PSNR |  SSIM |  LPIPS |    MSE |     SD
  -----------------------+--------+--------+--------+--------+--------+--------+--------+--------+-
  Baseline               |  13.5 |  34.55 |  0.756 | 21.65 | 85.40 |  264.3 |   68.3 |  236.5
  Exp_Forward_Gate       |  12.8 |  32.52 |  0.787 | 24.29 | 89.70 |  218.4 |   37.3 |  207.4
  Exp_Forward            |  14.1 |  34.44 |  0.720 | 22.79 | 87.16 |  247.6 |   52.6 |  227.0
  Exp_Reverse_Gate       |  15.2 |  35.58 |  0.696 | 22.41 | 86.30 |  258.5 |   57.4 |  233.3
  Exp_Boost              |  12.5 |  29.37 |  0.771 | 23.40 | 88.26 |  231.1 |   45.7 |  214.7
  TwoPhase               |  13.0 |  34.74 |  0.756 | 24.27 | 90.47 |  207.4 |   37.4 |  202.4
  Entropy                |  12.8 |  32.68 |  0.705 | 24.50 | 89.93 |  218.0 |   35.5 |  207.1
  Locality               |  12.8 |  30.22 |  0.749 | 23.66 | 89.48 |  216.1 |   43.1 |  202.4
  Dual                   |   3.1 |  21.14 |  0.981 | 33.56 | 98.24 |   53.4 |    4.4 |   84.0
  Quantile               |  12.8 |  30.20 |  0.846 | 24.51 | 89.35 |  214.6 |   35.4 |  218.6
  Budget_Matched         |  13.0 |  30.34 |  0.790 | 24.42 | 89.45 |  209.1 |   36.2 |  208.8
  → 163s (15s/stratégie)

[GPU 7] [16/140]  814000000005  (4_outdoor)
  Strategy               |     λ | CLIP-W | CLIP-I |  PSNR |  SSIM |  LPIPS |    MSE |     SD
  -----------------------+--------+--------+--------+--------+--------+--------+--------+--------+-
  Baseline               |  13.5 |  27.26 |  0.958 | 19.17 | 75.45 |  276.5 |  121.1 |  320.4
  Exp_Forward_Gate       |  12.4 |  27.13 |  0.963 | 20.87 | 81.29 |  242.4 |   81.8 |  295.6
  Exp_Forward            |  14.2 |  27.21 |  0.953 | 19.84 | 76.65 |  278.3 |  103.8 |  319.5
  Exp_Reverse_Gate       |  17.2 |  27.10 |  0.947 | 17.08 | 66.86 |  339.6 |  195.7 |  353.3
  Exp_Boost              |  12.4 |  26.68 |  0.964 | 21.33 | 82.08 |  234.6 |   73.6 |  295.4
  TwoPhase               |  12.7 |  27.24 |  0.961 | 20.69 | 80.26 |  244.0 |   85.3 |  302.6
  Entropy                |  12.4 |  26.87 |  0.964 | 20.31 | 78.67 |  254.1 |   93.2 |  306.4
  Locality               |  12.4 |  27.14 |  0.959 | 21.01 | 81.26 |  243.2 |   79.2 |  295.5
  Dual                   |   3.4 |  25.28 |  0.988 | 28.13 | 94.30 |   77.1 |   15.4 |  178.7
  Quantile               |  13.3 |  26.80 |  0.968 | 19.37 | 77.89 |  264.7 |  115.6 |  321.4
  Budget_Matched         |  12.7 |  27.21 |  0.961 | 19.86 | 78.35 |  261.5 |  103.2 |  307.8
  → 163s (15s/stratégie)

[GPU 7] [17/140]  814000000006  (4_outdoor)
  Strategy               |     λ | CLIP-W | CLIP-I |  PSNR |  SSIM |  LPIPS |    MSE |     SD
  -----------------------+--------+--------+--------+--------+--------+--------+--------+--------+-
  Baseline               |  13.5 |  26.63 |  0.958 | 14.93 | 76.11 |  278.4 |  321.4 |  459.2
  Exp_Forward_Gate       |  12.5 |  26.75 |  0.931 | 17.08 | 83.63 |  213.0 |  195.8 |  448.3
  Exp_Forward            |  14.6 |  26.25 |  0.921 | 15.67 | 77.82 |  264.8 |  271.1 |  470.5
  Exp_Reverse_Gate       |  18.5 |  26.66 |  0.947 | 12.98 | 66.03 |  350.4 |  503.6 |  505.9
  Exp_Boost              |  12.6 |  26.11 |  0.939 | 17.85 | 85.46 |  217.0 |  164.1 |  472.4
  TwoPhase               |  12.8 |  26.19 |  0.929 | 16.76 | 82.24 |  236.7 |  210.7 |  466.3
  Entropy                |  12.5 |  26.34 |  0.930 | 17.27 | 84.41 |  212.4 |  187.6 |  439.8
  Locality               |  12.5 |  27.15 |  0.928 | 17.30 | 84.41 |  212.3 |  186.3 |  438.4
  Dual                   |   3.4 |  27.24 |  0.976 | 26.55 | 97.59 |   47.2 |   22.1 |  209.5
  Quantile               |  12.3 |  26.93 |  0.912 | 18.74 | 88.13 |  198.4 |  133.7 |  462.5
  Budget_Matched         |  12.7 |  26.20 |  0.950 | 16.31 | 80.75 |  234.7 |  233.7 |  435.5
  → 162s (15s/stratégie)

[GPU 7] [18/140]  814000000007  (4_outdoor)
  Strategy               |     λ | CLIP-W | CLIP-I |  PSNR |  SSIM |  LPIPS |    MSE |     SD
  -----------------------+--------+--------+--------+--------+--------+--------+--------+--------+-
  Baseline               |  13.5 |  28.31 |  0.871 | 24.83 | 90.60 |  179.4 |   32.9 |  325.5
  Exp_Forward_Gate       |  12.5 |  28.93 |  0.921 | 25.71 | 91.46 |  168.0 |   26.8 |  325.9
  Exp_Forward            |  13.9 |  28.05 |  0.888 | 26.59 | 92.52 |  163.7 |   21.9 |  323.7
  Exp_Reverse_Gate       |  15.4 |  28.39 |  0.863 | 24.09 | 88.76 |  194.5 |   39.0 |  333.6
  Exp_Boost              |  12.5 |  28.88 |  0.909 | 26.65 | 92.47 |  162.8 |   21.6 |  327.6
  TwoPhase               |  12.7 |  27.85 |  0.929 | 25.95 | 91.83 |  157.8 |   25.4 |  324.8
  Entropy                |  12.6 |  28.20 |  0.927 | 25.87 | 91.42 |  167.2 |   25.9 |  324.6
  Locality               |  12.8 |  28.00 |  0.926 | 26.95 | 93.42 |  152.3 |   20.2 |  314.2
  Dual                   |   3.1 |  19.66 |  0.995 | 36.84 | 98.63 |   33.1 |    2.1 |  204.0
  Quantile               |  13.8 |  25.10 |  0.900 | 26.41 | 90.91 |  208.8 |   22.9 |  367.3
  Budget_Matched         |  12.9 |  28.40 |  0.855 | 25.84 | 91.27 |  172.6 |   26.1 |  325.6
  → 162s (15s/stratégie)

[GPU 7] [19/140]  814000000008  (4_outdoor)
  Strategy               |     λ | CLIP-W | CLIP-I |  PSNR |  SSIM |  LPIPS |    MSE |     SD
  -----------------------+--------+--------+--------+--------+--------+--------+--------+--------+-
  Baseline               |  13.5 |  33.13 |  0.852 | 24.22 | 88.46 |  171.6 |   37.9 |  299.0
  Exp_Forward_Gate       |  12.5 |  28.73 |  0.921 | 24.28 | 89.56 |  148.0 |   37.4 |  280.5
  Exp_Forward            |  14.0 |  30.83 |  0.912 | 24.80 | 88.94 |  168.4 |   33.1 |  296.8
  Exp_Reverse_Gate       |  15.4 |  30.36 |  0.926 | 23.63 | 88.38 |  159.5 |   43.4 |  281.2
  Exp_Boost              |  12.5 |  27.91 |  0.950 | 25.90 | 91.40 |  127.4 |   25.7 |  285.3
  TwoPhase               |  12.8 |  29.48 |  0.906 | 24.89 | 88.51 |  176.5 |   32.5 |  314.1
  Entropy                |  12.6 |  30.55 |  0.916 | 25.22 | 90.18 |  145.1 |   30.1 |  285.9
  Locality               |  12.5 |  31.61 |  0.879 | 24.39 | 89.26 |  158.7 |   36.4 |  300.8
  Dual                   |   3.3 |  25.09 |  0.955 | 30.55 | 95.49 |   42.5 |    8.8 |  244.0
  Quantile               |  13.4 |  24.50 |  0.917 | 25.12 | 88.62 |  162.4 |   30.8 |  341.3
  Budget_Matched         |  12.9 |  32.53 |  0.866 | 23.93 | 88.14 |  177.7 |   40.4 |  285.2
  → 162s (15s/stratégie)

[GPU 7] [20/140]  814000000009  (4_outdoor)
  Strategy               |     λ | CLIP-W | CLIP-I |  PSNR |  SSIM |  LPIPS |    MSE |     SD
  -----------------------+--------+--------+--------+--------+--------+--------+--------+--------+-
  Baseline               |  13.5 |  28.72 |  0.842 | 22.19 | 84.20 |  246.2 |   60.4 |  281.2
  Exp_Forward_Gate       |  12.5 |  29.12 |  0.868 | 23.53 | 88.02 |  203.1 |   44.3 |  265.7
  Exp_Forward            |  14.0 |  29.08 |  0.833 | 22.20 | 85.04 |  249.7 |   60.3 |  291.5
  Exp_Reverse_Gate       |  16.2 |  28.82 |  0.834 | 20.96 | 79.76 |  289.9 |   80.1 |  314.2
  Exp_Boost              |  12.5 |  28.72 |  0.880 | 24.08 | 88.42 |  205.0 |   39.1 |  268.2
  TwoPhase               |  12.6 |  29.41 |  0.859 | 23.37 | 87.53 |  204.7 |   46.0 |  270.4
  Entropy                |  12.5 |  29.15 |  0.844 | 23.58 | 87.02 |  214.8 |   43.8 |  266.8
  Locality               |  12.5 |  28.04 |  0.855 | 23.12 | 87.48 |  220.8 |   48.8 |  269.9
  Dual                   |   3.2 |  22.63 |  0.985 | 34.93 | 97.35 |   50.2 |    3.2 |  151.0
  Quantile               |  12.2 |  27.11 |  0.914 | 25.33 | 89.17 |  228.0 |   29.3 |  289.0
  Budget_Matched         |  12.8 |  29.49 |  0.844 | 23.20 | 86.56 |  217.4 |   47.8 |  268.6
  → 162s (15s/stratégie)

[GPU 7] [21/140]  821000000000  (1_animal)
  Strategy               |     λ | CLIP-W | CLIP-I |  PSNR |  SSIM |  LPIPS |    MSE |     SD
  -----------------------+--------+--------+--------+--------+--------+--------+--------+--------+-
  Baseline               |  13.5 |  26.53 |  0.940 | 18.70 | 78.24 |  326.1 |  134.8 |  309.0
  Exp_Forward_Gate       |  12.6 |  26.00 |  0.951 | 20.04 | 82.85 |  282.3 |   99.1 |  279.9
  Exp_Forward            |  14.3 |  26.26 |  0.948 | 19.17 | 79.52 |  319.0 |  121.2 |  301.1
  Exp_Reverse_Gate       |  17.2 |  26.42 |  0.922 | 16.75 | 71.07 |  385.1 |  211.3 |  342.6
  Exp_Boost              |  12.7 |  26.44 |  0.948 | 20.84 | 83.54 |  287.7 |   82.5 |  283.0
  TwoPhase               |  12.8 |  26.76 |  0.955 | 19.91 | 82.23 |  293.0 |  102.1 |  286.0
  Entropy                |  12.6 |  26.92 |  0.950 | 20.38 | 83.16 |  285.4 |   91.6 |  280.0
  Locality               |  12.6 |  26.86 |  0.948 | 20.07 | 83.26 |  277.9 |   98.5 |  278.4
  Dual                   |   3.5 |  25.37 |  0.989 | 27.01 | 94.91 |  124.3 |   19.9 |  179.8
  Quantile               |  12.8 |  28.15 |  0.954 | 20.93 | 85.51 |  293.6 |   80.7 |  282.2
  Budget_Matched         |  12.8 |  26.87 |  0.944 | 19.59 | 81.00 |  298.9 |  110.0 |  292.1
  → 163s (15s/stratégie)

[GPU 7] [22/140]  821000000001  (1_animal)
  Strategy               |     λ | CLIP-W | CLIP-I |  PSNR |  SSIM |  LPIPS |    MSE |     SD
  -----------------------+--------+--------+--------+--------+--------+--------+--------+--------+-
  Baseline               |  13.5 |  24.64 |  0.912 | 21.07 | 88.65 |  171.0 |   78.1 |  283.6
  Exp_Forward_Gate       |  12.6 |  25.30 |  0.939 | 21.94 | 90.25 |  166.6 |   64.0 |  283.3
  Exp_Forward            |  14.0 |  24.65 |  0.923 | 21.35 | 88.86 |  182.3 |   73.3 |  291.7
  Exp_Reverse_Gate       |  15.7 |  23.93 |  0.896 | 20.01 | 86.77 |  186.3 |   99.8 |  297.6
  Exp_Boost              |  12.6 |  24.71 |  0.933 | 22.09 | 90.30 |  180.0 |   61.8 |  298.1
  TwoPhase               |  12.9 |  24.51 |  0.941 | 22.27 | 90.48 |  162.5 |   59.2 |  284.4
  Entropy                |  12.7 |  24.76 |  0.938 | 22.00 | 89.79 |  169.6 |   63.1 |  290.4
  Locality               |  12.7 |  24.21 |  0.927 | 21.77 | 89.96 |  170.8 |   66.6 |  291.2
  Dual                   |   3.4 |  23.20 |  0.975 | 27.05 | 96.72 |   83.9 |   19.7 |  211.5
  Quantile               |  12.0 |  25.51 |  0.936 | 24.10 | 91.22 |  216.0 |   38.9 |  336.4
  Budget_Matched         |  12.9 |  25.09 |  0.941 | 21.57 | 89.48 |  168.4 |   69.6 |  277.1
  → 163s (15s/stratégie)

[GPU 7] [23/140]  821000000002  (1_animal)
  Strategy               |     λ | CLIP-W | CLIP-I |  PSNR |  SSIM |  LPIPS |    MSE |     SD
  -----------------------+--------+--------+--------+--------+--------+--------+--------+--------+-
  Baseline               |  13.5 |  24.34 |  0.915 | 22.44 | 88.96 |  220.7 |   57.1 |  308.0
  Exp_Forward_Gate       |  12.7 |  25.00 |  0.910 | 23.34 | 90.25 |  220.5 |   46.4 |  303.9
  Exp_Forward            |  14.0 |  25.39 |  0.910 | 22.85 | 89.30 |  224.3 |   51.9 |  309.7
  Exp_Reverse_Gate       |  15.7 |  27.07 |  0.875 | 21.02 | 84.96 |  280.8 |   79.1 |  335.6
  Exp_Boost              |  12.5 |  24.94 |  0.920 | 24.04 | 91.32 |  201.8 |   39.5 |  290.9
  TwoPhase               |  12.9 |  24.02 |  0.913 | 24.25 | 91.26 |  203.1 |   37.6 |  298.3
  Entropy                |  12.8 |  23.86 |  0.937 | 24.17 | 91.04 |  203.1 |   38.3 |  295.8
  Locality               |  12.7 |  24.24 |  0.933 | 24.05 | 91.18 |  201.4 |   39.4 |  296.2
  Dual                   |   3.1 |  23.89 |  0.987 | 34.56 | 98.66 |   59.3 |    3.5 |  174.1
  Quantile               |  12.1 |  25.89 |  0.950 | 27.44 | 93.92 |  214.4 |   18.0 |  301.5
  Budget_Matched         |  13.0 |  24.38 |  0.907 | 23.14 | 89.64 |  222.9 |   48.6 |  308.6
  → 163s (15s/stratégie)

[GPU 7] [24/140]  821000000003  (1_animal)
  Strategy               |     λ | CLIP-W | CLIP-I |  PSNR |  SSIM |  LPIPS |    MSE |     SD
  -----------------------+--------+--------+--------+--------+--------+--------+--------+--------+-
  Baseline               |  13.5 |  24.44 |  0.973 | 21.63 | 82.40 |  235.2 |   68.8 |  263.4
  Exp_Forward_Gate       |  12.5 |  24.46 |  0.986 | 22.87 | 85.64 |  204.5 |   51.6 |  240.7
  Exp_Forward            |  14.1 |  24.43 |  0.976 | 21.77 | 83.52 |  232.4 |   66.5 |  255.0
  Exp_Reverse_Gate       |  16.4 |  25.10 |  0.968 | 19.43 | 73.48 |  315.8 |  113.9 |  322.5
  Exp_Boost              |  12.5 |  24.50 |  0.983 | 22.93 | 85.43 |  223.9 |   51.0 |  250.3
  TwoPhase               |  12.8 |  23.78 |  0.984 | 23.16 | 86.79 |  198.9 |   48.4 |  235.3
  Entropy                |  12.7 |  24.17 |  0.979 | 23.34 | 87.61 |  192.4 |   46.4 |  228.7
  Locality               |  12.5 |  23.88 |  0.982 | 22.79 | 85.72 |  208.5 |   52.6 |  238.1
  Dual                   |   3.2 |  22.59 |  0.983 | 31.23 | 97.29 |   56.8 |    7.5 |  122.5
  Quantile               |  12.0 |  24.49 |  0.974 | 24.73 | 89.25 |  204.0 |   33.7 |  231.2
  Budget_Matched         |  12.8 |  23.96 |  0.985 | 21.90 | 84.27 |  216.6 |   64.5 |  251.0
  → 163s (15s/stratégie)

[GPU 7] [25/140]  821000000004  (1_animal)
  Strategy               |     λ | CLIP-W | CLIP-I |  PSNR |  SSIM |  LPIPS |    MSE |     SD
  -----------------------+--------+--------+--------+--------+--------+--------+--------+--------+-
  Baseline               |  13.5 |  28.21 |  0.953 | 17.44 | 77.81 |  314.8 |  180.1 |  250.4
  Exp_Forward_Gate       |  12.5 |  28.69 |  0.965 | 18.77 | 82.30 |  272.8 |  132.7 |  230.7
  Exp_Forward            |  14.3 |  29.08 |  0.948 | 18.57 | 80.02 |  298.2 |  138.9 |  245.9
  Exp_Reverse_Gate       |  16.9 |  28.33 |  0.940 | 16.38 | 72.91 |  353.6 |  230.3 |  278.4
  Exp_Boost              |  12.4 |  29.94 |  0.951 | 19.38 | 83.56 |  259.5 |  115.4 |  226.1
  TwoPhase               |  12.7 |  28.51 |  0.954 | 18.63 | 81.99 |  264.5 |  137.0 |  231.1
  Entropy                |  12.6 |  28.98 |  0.958 | 19.09 | 82.67 |  264.4 |  123.3 |  228.9
  Locality               |  12.6 |  29.39 |  0.956 | 19.05 | 82.34 |  272.2 |  124.4 |  229.5
  Dual                   |   3.3 |  27.57 |  0.973 | 28.56 | 96.84 |   76.9 |   13.9 |  114.7
  Quantile               |  11.8 |  29.99 |  0.950 | 22.70 | 88.83 |  235.3 |   53.7 |  208.1
  Budget_Matched         |  12.8 |  28.68 |  0.955 | 18.29 | 80.42 |  275.2 |  148.4 |  234.9
  → 163s (15s/stratégie)

[GPU 7] [26/140]  821000000005  (1_animal)
  Strategy               |     λ | CLIP-W | CLIP-I |  PSNR |  SSIM |  LPIPS |    MSE |     SD
  -----------------------+--------+--------+--------+--------+--------+--------+--------+--------+-
  Baseline               |  13.5 |  26.15 |  0.870 | 18.60 | 76.89 |  310.3 |  138.0 |  286.0
  Exp_Forward_Gate       |  12.4 |  25.29 |  0.849 | 20.29 | 82.47 |  265.5 |   93.6 |  254.2
  Exp_Forward            |  14.1 |  28.12 |  0.878 | 19.41 | 78.40 |  308.1 |  114.6 |  281.7
  Exp_Reverse_Gate       |  16.8 |  29.84 |  0.801 | 17.63 | 72.38 |  358.1 |  172.6 |  313.2
  Exp_Boost              |  12.3 |  25.79 |  0.935 | 20.47 | 83.03 |  263.1 |   89.8 |  249.5
  TwoPhase               |  12.6 |  26.70 |  0.890 | 20.14 | 81.56 |  270.5 |   96.8 |  260.4
  Entropy                |  12.4 |  26.02 |  0.902 | 20.21 | 82.08 |  263.3 |   95.2 |  254.7
  Locality               |  12.4 |  25.24 |  0.887 | 20.07 | 82.09 |  266.2 |   98.5 |  251.9
  Dual                   |   3.4 |  23.99 |  0.977 | 26.27 | 95.08 |  112.7 |   23.6 |  145.3
  Quantile               |  11.5 |  24.86 |  0.956 | 23.05 | 89.36 |  225.5 |   49.6 |  223.4
  Budget_Matched         |  12.7 |  26.33 |  0.836 | 18.92 | 78.77 |  299.3 |  128.2 |  275.1
  → 163s (15s/stratégie)

[GPU 7] [27/140]  821000000006  (1_animal)
  Strategy               |     λ | CLIP-W | CLIP-I |  PSNR |  SSIM |  LPIPS |    MSE |     SD
  -----------------------+--------+--------+--------+--------+--------+--------+--------+--------+-
  Baseline               |  13.5 |  24.29 |  0.927 | 20.73 | 83.71 |  246.4 |   84.5 |  267.7
  Exp_Forward_Gate       |  12.6 |  24.10 |  0.931 | 22.03 | 86.81 |  216.1 |   62.7 |  261.6
  Exp_Forward            |  14.2 |  25.20 |  0.934 | 21.05 | 83.90 |  241.7 |   78.5 |  271.1
  Exp_Reverse_Gate       |  16.3 |  25.39 |  0.926 | 19.08 | 78.07 |  305.9 |  123.6 |  299.6
  Exp_Boost              |  12.7 |  24.36 |  0.925 | 22.64 | 88.22 |  213.6 |   54.4 |  262.2
  TwoPhase               |  12.8 |  24.35 |  0.937 | 22.42 | 87.30 |  215.2 |   57.3 |  260.2
  Entropy                |  12.6 |  24.06 |  0.931 | 22.03 | 86.98 |  215.9 |   62.6 |  262.0
  Locality               |  12.6 |  23.02 |  0.937 | 22.20 | 85.88 |  225.2 |   60.3 |  269.1
  Dual                   |   3.3 |  24.69 |  0.973 | 29.81 | 96.43 |   82.2 |   10.4 |  172.5
  Quantile               |  12.2 |  25.32 |  0.940 | 23.63 | 89.87 |  210.8 |   43.3 |  275.3
  Budget_Matched         |  12.9 |  24.45 |  0.927 | 21.23 | 84.69 |  223.7 |   75.4 |  263.7
  → 162s (15s/stratégie)

[GPU 7] [28/140]  821000000007  (1_animal)
  Strategy               |     λ | CLIP-W | CLIP-I |  PSNR |  SSIM |  LPIPS |    MSE |     SD
  -----------------------+--------+--------+--------+--------+--------+--------+--------+--------+-
  Baseline               |  13.5 |  27.74 |  0.944 | 19.76 | 83.01 |  218.7 |  105.8 |  280.9
  Exp_Forward_Gate       |  12.7 |  27.58 |  0.944 | 21.43 | 87.13 |  186.6 |   71.9 |  304.8
  Exp_Forward            |  14.2 |  27.37 |  0.948 | 20.89 | 85.80 |  203.1 |   81.5 |  320.9
  Exp_Reverse_Gate       |  16.0 |  27.77 |  0.924 | 18.68 | 79.08 |  258.2 |  135.5 |  300.1
  Exp_Boost              |  12.7 |  28.14 |  0.957 | 21.83 | 88.04 |  181.3 |   65.6 |  299.5
  TwoPhase               |  12.9 |  27.21 |  0.954 | 21.29 | 86.64 |  185.5 |   74.3 |  300.0
  Entropy                |  12.7 |  27.35 |  0.951 | 21.62 | 87.87 |  182.5 |   68.9 |  296.5
  Locality               |  12.7 |  27.43 |  0.950 | 21.62 | 87.31 |  185.7 |   68.8 |  312.5
  Dual                   |   3.4 |  24.64 |  0.958 | 29.53 | 97.02 |   66.3 |   11.2 |  206.2
  Quantile               |  12.5 |  26.44 |  0.964 | 21.46 | 87.23 |  216.6 |   71.5 |  339.9
  Budget_Matched         |  12.9 |  27.66 |  0.952 | 21.12 | 86.28 |  186.8 |   77.2 |  281.9
  → 163s (15s/stratégie)

[GPU 7] [29/140]  821000000008  (1_animal)
  Strategy               |     λ | CLIP-W | CLIP-I |  PSNR |  SSIM |  LPIPS |    MSE |     SD
  -----------------------+--------+--------+--------+--------+--------+--------+--------+--------+-
  Baseline               |  13.5 |  29.30 |  0.884 | 20.06 | 76.86 |  347.9 |   98.7 |  287.8
  Exp_Forward_Gate       |  12.5 |  28.38 |  0.887 | 21.30 | 82.08 |  296.3 |   74.1 |  258.7
  Exp_Forward            |  14.1 |  28.62 |  0.879 | 20.86 | 79.84 |  307.3 |   82.0 |  273.0
  Exp_Reverse_Gate       |  16.4 |  28.59 |  0.887 | 18.89 | 72.98 |  376.8 |  129.0 |  312.1
  Exp_Boost              |  12.5 |  27.19 |  0.895 | 22.75 | 84.17 |  268.6 |   53.1 |  243.8
  TwoPhase               |  12.7 |  27.93 |  0.885 | 21.51 | 82.08 |  296.4 |   70.6 |  263.9
  Entropy                |  12.5 |  26.78 |  0.901 | 22.35 | 83.33 |  290.0 |   58.2 |  257.4
  Locality               |  12.5 |  27.45 |  0.898 | 21.67 | 81.41 |  299.5 |   68.1 |  273.4
  Dual                   |   3.2 |  24.08 |  0.990 | 31.09 | 96.89 |   74.5 |    7.8 |  121.6
  Quantile               |  12.9 |  30.37 |  0.868 | 24.51 | 86.34 |  262.1 |   35.4 |  233.1
  Budget_Matched         |  12.8 |  29.38 |  0.886 | 20.96 | 80.31 |  317.3 |   80.3 |  274.6
  → 163s (15s/stratégie)

[GPU 7] [30/140]  821000000009  (1_animal)
  Strategy               |     λ | CLIP-W | CLIP-I |  PSNR |  SSIM |  LPIPS |    MSE |     SD
  -----------------------+--------+--------+--------+--------+--------+--------+--------+--------+-
  Baseline               |  13.5 |  25.44 |  0.901 | 21.07 | 80.12 |  256.7 |   78.1 |  223.9
  Exp_Forward_Gate       |  12.7 |  25.55 |  0.919 | 22.05 | 81.88 |  248.8 |   62.3 |  213.0
  Exp_Forward            |  14.0 |  24.83 |  0.904 | 21.64 | 80.02 |  260.5 |   68.6 |  224.1
  Exp_Reverse_Gate       |  15.8 |  26.54 |  0.897 | 19.37 | 73.77 |  313.6 |  115.6 |  256.1
  Exp_Boost              |  12.8 |  26.64 |  0.915 | 23.21 | 83.61 |  242.0 |   47.7 |  213.3
  TwoPhase               |  13.0 |  25.54 |  0.931 | 22.42 | 81.69 |  251.6 |   57.3 |  224.6
  Entropy                |  12.6 |  27.10 |  0.910 | 21.99 | 82.53 |  241.8 |   63.2 |  210.2
  Locality               |  12.8 |  25.96 |  0.926 | 22.80 | 83.37 |  231.1 |   52.5 |  207.7
  Dual                   |   3.3 |  24.78 |  0.988 | 30.84 | 95.25 |   86.3 |    8.2 |  104.3
  Quantile               |  12.9 |  26.96 |  0.934 | 22.58 | 81.33 |  278.7 |   55.3 |  228.2
  Budget_Matched         |  12.9 |  25.05 |  0.918 | 21.90 | 82.68 |  239.1 |   64.6 |  210.4
  → 163s (15s/stratégie)

[GPU 7] [31/140]  822000000000  (2_human)
  Strategy               |     λ | CLIP-W | CLIP-I |  PSNR |  SSIM |  LPIPS |    MSE |     SD
  -----------------------+--------+--------+--------+--------+--------+--------+--------+--------+-
  Baseline               |  13.5 |  19.67 |  0.853 | 30.59 | 96.00 |   89.9 |    8.7 |  126.1
  Exp_Forward_Gate       |  13.4 |  19.20 |  0.913 | 30.80 | 95.71 |  110.9 |    8.3 |  136.3
  Exp_Forward            |  13.9 |  19.47 |  0.844 | 29.69 | 95.13 |  110.0 |   10.7 |  137.4
  Exp_Reverse_Gate       |  14.1 |  20.84 |  0.825 | 29.58 | 95.24 |  101.1 |   11.0 |  135.3
  Exp_Boost              |  13.4 |  18.84 |  0.904 | 30.98 | 95.81 |   97.3 |    8.0 |  134.1
  TwoPhase               |  13.4 |  19.66 |  0.882 | 30.48 | 95.54 |  103.9 |    8.9 |  136.5
  Entropy                |  13.4 |  19.62 |  0.887 | 30.51 | 95.47 |  105.7 |    8.9 |  138.7
  Locality               |  13.4 |  19.51 |  0.862 | 30.27 | 95.30 |  105.4 |    9.4 |  140.8
  Dual                   |   3.0 |  18.36 |  0.992 | 39.08 | 98.65 |   34.6 |    1.2 |   75.0
  Quantile               |  12.2 |  17.21 |  0.946 | 31.83 | 94.46 |  165.3 |    6.6 |  180.4
  Budget_Matched         |  13.4 |  19.84 |  0.858 | 30.88 | 96.02 |   88.4 |    8.2 |  126.2
  → 163s (15s/stratégie)

[GPU 7] [32/140]  822000000001  (2_human)
  Strategy               |     λ | CLIP-W | CLIP-I |  PSNR |  SSIM |  LPIPS |    MSE |     SD
  -----------------------+--------+--------+--------+--------+--------+--------+--------+--------+-
  Baseline               |  13.5 |  30.10 |  0.922 | 22.32 | 85.03 |  216.2 |   58.6 |  238.0
  Exp_Forward_Gate       |  12.4 |  30.12 |  0.947 | 23.63 | 88.24 |  194.0 |   43.3 |  216.2
  Exp_Forward            |  13.9 |  29.95 |  0.927 | 23.04 | 86.39 |  206.0 |   49.6 |  227.7
  Exp_Reverse_Gate       |  16.1 |  29.79 |  0.903 | 21.03 | 80.73 |  250.0 |   78.8 |  262.9
  Exp_Boost              |  12.1 |  32.79 |  0.928 | 23.49 | 87.52 |  211.5 |   44.8 |  226.3
  TwoPhase               |  12.6 |  30.16 |  0.946 | 23.78 | 88.51 |  188.4 |   41.9 |  213.6
  Entropy                |  12.4 |  30.39 |  0.942 | 23.46 | 87.24 |  195.7 |   45.1 |  223.0
  Locality               |  12.4 |  29.71 |  0.948 | 23.40 | 87.37 |  193.9 |   45.7 |  220.9
  Dual                   |   3.2 |  27.10 |  0.995 | 34.74 | 97.61 |   56.2 |    3.4 |  101.4
  Quantile               |  12.4 |  28.85 |  0.959 | 24.75 | 89.61 |  215.2 |   33.5 |  221.9
  Budget_Matched         |  12.8 |  29.83 |  0.924 | 22.54 | 86.27 |  211.5 |   55.7 |  228.2
  → 163s (15s/stratégie)

[GPU 7] [33/140]  822000000002  (2_human)
  Strategy               |     λ | CLIP-W | CLIP-I |  PSNR |  SSIM |  LPIPS |    MSE |     SD
  -----------------------+--------+--------+--------+--------+--------+--------+--------+--------+-
  Baseline               |  13.5 |  23.98 |  0.973 | 28.01 | 94.12 |  149.1 |   15.8 |  206.1
  Exp_Forward_Gate       |  13.0 |  21.01 |  0.986 | 30.18 | 95.81 |  108.3 |    9.6 |  181.5
  Exp_Forward            |  13.9 |  25.67 |  0.921 | 27.70 | 93.77 |  143.5 |   17.0 |  201.4
  Exp_Reverse_Gate       |  14.4 |  22.67 |  0.975 | 27.64 | 94.05 |  139.1 |   17.2 |  197.4
  Exp_Boost              |  13.2 |  22.71 |  0.977 | 29.76 | 94.57 |  149.4 |   10.6 |  211.6
  TwoPhase               |  13.2 |  23.86 |  0.971 | 28.32 | 94.12 |  146.4 |   14.7 |  208.0
  Entropy                |  13.1 |  22.54 |  0.981 | 28.79 | 94.16 |  152.7 |   13.2 |  208.1
  Locality               |  13.0 |  22.69 |  0.975 | 28.77 | 94.96 |  125.3 |   13.3 |  189.3
  Dual                   |   3.1 |  20.30 |  0.998 | 36.59 | 98.53 |   59.9 |    2.2 |  135.8
  Quantile               |  13.0 |  20.05 |  0.981 | 27.71 | 92.16 |  205.1 |   16.9 |  253.0
  Budget_Matched         |  13.2 |  21.41 |  0.990 | 29.69 | 95.60 |  113.3 |   10.7 |  183.0
  → 163s (15s/stratégie)

[GPU 7] [34/140]  822000000003  (2_human)
  Strategy               |     λ | CLIP-W | CLIP-I |  PSNR |  SSIM |  LPIPS |    MSE |     SD
  -----------------------+--------+--------+--------+--------+--------+--------+--------+--------+-
  Baseline               |  13.5 |  21.76 |  0.796 | 21.70 | 80.17 |  312.6 |   67.6 |  240.7
  Exp_Forward_Gate       |  12.3 |  20.84 |  0.783 | 22.64 | 82.01 |  303.4 |   54.4 |  231.8
  Exp_Forward            |  14.0 |  24.33 |  0.765 | 22.25 | 80.30 |  317.4 |   59.6 |  241.1
  Exp_Reverse_Gate       |  16.2 |  21.76 |  0.771 | 21.10 | 78.28 |  333.1 |   77.7 |  244.6
  Exp_Boost              |  12.0 |  22.50 |  0.778 | 22.81 | 82.31 |  306.5 |   52.4 |  229.4
  TwoPhase               |  12.5 |  22.16 |  0.796 | 22.37 | 80.98 |  312.7 |   58.0 |  234.9
  Entropy                |  12.3 |  22.16 |  0.802 | 22.93 | 82.96 |  296.6 |   51.0 |  225.4
  Locality               |  12.3 |  23.36 |  0.814 | 22.95 | 82.61 |  298.5 |   50.6 |  230.6
  Dual                   |   3.3 |  20.72 |  0.963 | 32.40 | 97.19 |   67.0 |    5.8 |   96.3
  Quantile               |  10.8 |  22.94 |  0.811 | 22.82 | 83.13 |  297.7 |   52.2 |  222.9
  Budget_Matched         |  12.7 |  21.65 |  0.776 | 22.35 | 81.48 |  306.8 |   58.2 |  232.7
  → 163s (15s/stratégie)

[GPU 7] [35/140]  822000000004  (2_human)
  Strategy               |     λ | CLIP-W | CLIP-I |  PSNR |  SSIM |  LPIPS |    MSE |     SD
  -----------------------+--------+--------+--------+--------+--------+--------+--------+--------+-
  Baseline               |  13.5 |  27.50 |  0.825 | 22.87 | 88.44 |  231.2 |   51.6 |  233.6
  Exp_Forward_Gate       |  12.6 |  27.01 |  0.829 | 23.92 | 90.55 |  199.4 |   40.5 |  212.8
  Exp_Forward            |  14.1 |  28.99 |  0.820 | 22.65 | 88.10 |  237.8 |   54.3 |  234.5
  Exp_Reverse_Gate       |  16.0 |  29.56 |  0.794 | 21.50 | 84.23 |  281.7 |   70.8 |  269.0
  Exp_Boost              |  12.6 |  23.60 |  0.835 | 24.58 | 91.68 |  191.9 |   34.8 |  201.9
  TwoPhase               |  12.8 |  24.37 |  0.826 | 23.89 | 90.66 |  198.6 |   40.9 |  209.5
  Entropy                |  12.6 |  25.68 |  0.849 | 24.07 | 91.04 |  192.3 |   39.2 |  208.4
  Locality               |  12.6 |  26.49 |  0.847 | 23.88 | 90.52 |  207.4 |   40.9 |  211.3
  Dual                   |   3.2 |  25.86 |  0.965 | 34.03 | 98.71 |   51.5 |    4.0 |   90.4
  Quantile               |  11.7 |  22.56 |  0.828 | 25.23 | 91.82 |  210.6 |   30.0 |  208.0
  Budget_Matched         |  12.8 |  27.00 |  0.805 | 22.90 | 87.80 |  240.6 |   51.3 |  248.3
  → 162s (15s/stratégie)

[GPU 7] [36/140]  822000000005  (2_human)
  Strategy               |     λ | CLIP-W | CLIP-I |  PSNR |  SSIM |  LPIPS |    MSE |     SD
  -----------------------+--------+--------+--------+--------+--------+--------+--------+--------+-
  Baseline               |  13.5 |  23.88 |  0.867 | 26.43 | 94.67 |  156.0 |   22.7 |  214.6
  Exp_Forward_Gate       |  12.8 |  24.61 |  0.903 | 26.88 | 95.13 |  152.5 |   20.5 |  205.8
  Exp_Forward            |  13.8 |  24.68 |  0.875 | 26.05 | 94.48 |  163.2 |   24.8 |  217.9
  Exp_Reverse_Gate       |  14.8 |  24.94 |  0.855 | 24.76 | 93.41 |  173.5 |   33.4 |  226.4
  Exp_Boost              |  12.6 |  24.12 |  0.863 | 27.13 | 95.15 |  152.6 |   19.3 |  210.6
  TwoPhase               |  12.9 |  24.17 |  0.916 | 27.35 | 95.56 |  149.0 |   18.4 |  204.0
  Entropy                |  12.7 |  25.08 |  0.913 | 26.61 | 94.94 |  151.5 |   21.8 |  206.3
  Locality               |  12.8 |  23.83 |  0.857 | 27.05 | 95.23 |  152.1 |   19.7 |  206.6
  Dual                   |   3.2 |  22.46 |  0.977 | 34.34 | 98.74 |   68.1 |    3.7 |  129.1
  Quantile               |  12.4 |  23.74 |  0.888 | 27.06 | 94.43 |  191.5 |   19.7 |  240.8
  Budget_Matched         |  13.0 |  22.47 |  0.833 | 26.18 | 94.66 |  156.4 |   24.1 |  203.7
  → 162s (15s/stratégie)

[GPU 7] [37/140]  822000000006  (2_human)
  Strategy               |     λ | CLIP-W | CLIP-I |  PSNR |  SSIM |  LPIPS |    MSE |     SD
  -----------------------+--------+--------+--------+--------+--------+--------+--------+--------+-
  Baseline               |  13.5 |  26.05 |  0.793 | 21.22 | 81.73 |  245.4 |   75.5 |  267.2
  Exp_Forward_Gate       |  12.5 |  26.98 |  0.834 | 22.85 | 86.86 |  199.4 |   51.9 |  235.6
  Exp_Forward            |  13.9 |  25.94 |  0.846 | 22.45 | 84.91 |  219.3 |   56.9 |  249.0
  Exp_Reverse_Gate       |  15.8 |  25.90 |  0.783 | 21.18 | 80.42 |  258.5 |   76.3 |  277.6
  Exp_Boost              |  12.3 |  23.60 |  0.883 | 23.33 | 87.85 |  186.3 |   46.5 |  226.6
  TwoPhase               |  12.7 |  23.64 |  0.900 | 23.21 | 86.86 |  194.7 |   47.7 |  232.3
  Entropy                |  12.4 |  25.79 |  0.857 | 22.39 | 83.94 |  223.8 |   57.7 |  254.1
  Locality               |  12.5 |  24.15 |  0.881 | 23.16 | 86.96 |  189.5 |   48.3 |  229.3
  Dual                   |   3.3 |  18.95 |  0.996 | 34.25 | 98.44 |   53.3 |    3.8 |  111.6
  Quantile               |  12.5 |  21.24 |  0.907 | 24.87 | 90.74 |  180.5 |   32.6 |  219.1
  Budget_Matched         |  12.9 |  25.71 |  0.873 | 22.66 | 85.06 |  210.2 |   54.2 |  244.3
  → 163s (15s/stratégie)

[GPU 7] [38/140]  822000000007  (2_human)
  Strategy               |     λ | CLIP-W | CLIP-I |  PSNR |  SSIM |  LPIPS |    MSE |     SD
  -----------------------+--------+--------+--------+--------+--------+--------+--------+--------+-
  Baseline               |  13.5 |  24.55 |  0.893 | 23.38 | 92.06 |  283.6 |   45.9 |  402.1
  Exp_Forward_Gate       |  12.7 |  24.16 |  0.891 | 24.05 | 92.90 |  266.2 |   39.4 |  402.6
  Exp_Forward            |  14.1 |  25.96 |  0.845 | 23.21 | 91.52 |  287.0 |   47.8 |  417.3
  Exp_Reverse_Gate       |  15.6 |  26.27 |  0.841 | 21.72 | 88.70 |  312.5 |   67.2 |  440.6
  Exp_Boost              |  12.8 |  24.74 |  0.936 | 24.77 | 93.96 |  275.0 |   33.4 |  399.5
  TwoPhase               |  12.9 |  27.16 |  0.873 | 23.41 | 92.49 |  265.0 |   45.6 |  406.4
  Entropy                |  12.7 |  25.50 |  0.902 | 24.33 | 92.81 |  247.8 |   36.9 |  405.9
  Locality               |  12.7 |  26.62 |  0.880 | 23.95 | 92.96 |  256.5 |   40.3 |  395.1
  Dual                   |   3.3 |  23.64 |  0.967 | 32.68 | 98.44 |   69.0 |    5.4 |  268.3
  Quantile               |  12.8 |  23.27 |  0.909 | 24.01 | 92.54 |  289.1 |   39.7 |  422.1
  Budget_Matched         |  13.0 |  27.18 |  0.889 | 23.76 | 92.11 |  256.2 |   42.1 |  403.2
  → 163s (15s/stratégie)

[GPU 7] [39/140]  822000000008  (2_human)
  Strategy               |     λ | CLIP-W | CLIP-I |  PSNR |  SSIM |  LPIPS |    MSE |     SD
  -----------------------+--------+--------+--------+--------+--------+--------+--------+--------+-
  Baseline               |  13.5 |  19.82 |  0.822 | 24.56 | 90.02 |  200.8 |   35.0 |  204.4
  Exp_Forward_Gate       |  12.6 |  18.68 |  0.872 | 25.60 | 91.65 |  175.6 |   27.5 |  190.5
  Exp_Forward            |  13.9 |  21.20 |  0.853 | 24.59 | 90.49 |  190.5 |   34.7 |  200.8
  Exp_Reverse_Gate       |  15.7 |  20.59 |  0.769 | 23.10 | 87.11 |  229.8 |   49.0 |  220.9
  Exp_Boost              |  12.3 |  18.80 |  0.887 | 25.51 | 92.01 |  168.0 |   28.1 |  188.7
  TwoPhase               |  12.8 |  20.50 |  0.829 | 25.58 | 91.65 |  173.5 |   27.7 |  191.4
  Entropy                |  12.5 |  19.33 |  0.867 | 25.09 | 91.35 |  173.7 |   31.0 |  191.1
  Locality               |  12.6 |  19.45 |  0.875 | 25.10 | 91.10 |  180.3 |   30.9 |  193.6
  Dual                   |   3.1 |  12.33 |  0.977 | 33.75 | 98.19 |   48.0 |    4.2 |   98.4
  Quantile               |  12.9 |  17.04 |  0.909 | 25.73 | 91.01 |  195.4 |   26.7 |  208.9
  Budget_Matched         |  12.9 |  19.42 |  0.829 | 24.88 | 90.53 |  187.8 |   32.5 |  199.0
  → 163s (15s/stratégie)

[GPU 7] [40/140]  822000000009  (2_human)
  Strategy               |     λ | CLIP-W | CLIP-I |  PSNR |  SSIM |  LPIPS |    MSE |     SD
  -----------------------+--------+--------+--------+--------+--------+--------+--------+--------+-
  Baseline               |  13.5 |  24.26 |  0.758 | 22.22 | 88.81 |  194.4 |   60.0 |  184.6
  Exp_Forward_Gate       |  12.6 |  23.03 |  0.756 | 22.67 | 90.14 |  177.7 |   54.0 |  171.3
  Exp_Forward            |  14.0 |  23.66 |  0.708 | 21.92 | 88.58 |  204.1 |   64.2 |  182.8
  Exp_Reverse_Gate       |  15.4 |  24.64 |  0.741 | 21.18 | 85.94 |  228.7 |   76.2 |  208.3
  Exp_Boost              |  12.5 |  23.59 |  0.782 | 23.39 | 91.64 |  157.5 |   45.8 |  159.8
  TwoPhase               |  12.9 |  23.74 |  0.761 | 22.77 | 90.18 |  176.4 |   52.8 |  172.0
  Entropy                |  12.7 |  24.00 |  0.778 | 23.13 | 90.68 |  170.2 |   48.6 |  169.1
  Locality               |  12.7 |  23.20 |  0.773 | 23.46 | 91.43 |  160.4 |   45.1 |  163.9
  Dual                   |   3.1 |  21.69 |  0.963 | 32.82 | 98.70 |   43.5 |    5.2 |   72.9
  Quantile               |  11.8 |  23.30 |  0.855 | 25.02 | 92.40 |  174.4 |   31.5 |  170.1
  Budget_Matched         |  12.9 |  22.04 |  0.729 | 22.35 | 89.21 |  191.4 |   58.2 |  178.9
  → 163s (15s/stratégie)

[GPU 7] [41/140]  823000000000  (3_indoor)
  Strategy               |     λ | CLIP-W | CLIP-I |  PSNR |  SSIM |  LPIPS |    MSE |     SD
  -----------------------+--------+--------+--------+--------+--------+--------+--------+--------+-
  Baseline               |  13.5 |  29.11 |  0.873 | 21.94 | 86.25 |  195.4 |   64.0 |  265.7
  Exp_Forward_Gate       |  12.6 |  28.58 |  0.833 | 23.15 | 88.53 |  176.1 |   48.4 |  261.3
  Exp_Forward            |  14.0 |  29.57 |  0.829 | 21.62 | 86.26 |  203.2 |   68.9 |  272.7
  Exp_Reverse_Gate       |  16.0 |  28.64 |  0.827 | 20.86 | 84.01 |  210.5 |   82.0 |  265.1
  Exp_Boost              |  12.6 |  29.87 |  0.866 | 24.36 | 91.08 |  164.8 |   36.7 |  249.3
  TwoPhase               |  12.7 |  31.41 |  0.850 | 22.82 | 88.35 |  183.0 |   52.2 |  259.1
  Entropy                |  12.6 |  29.22 |  0.840 | 23.43 | 88.95 |  174.5 |   45.4 |  256.0
  Locality               |  12.5 |  31.00 |  0.859 | 22.74 | 88.37 |  187.0 |   53.2 |  258.3
  Dual                   |   3.3 |  27.05 |  0.980 | 30.78 | 96.48 |   72.5 |    8.4 |  177.5
  Quantile               |  12.7 |  27.09 |  0.926 | 23.14 | 88.39 |  218.6 |   48.6 |  295.0
  Budget_Matched         |  12.8 |  29.91 |  0.824 | 22.13 | 86.12 |  195.9 |   61.3 |  264.0
  → 163s (15s/stratégie)

[GPU 7] [42/140]  823000000001  (3_indoor)
  Strategy               |     λ | CLIP-W | CLIP-I |  PSNR |  SSIM |  LPIPS |    MSE |     SD
  -----------------------+--------+--------+--------+--------+--------+--------+--------+--------+-
  Baseline               |  13.5 |  23.42 |  0.985 | 22.36 | 83.24 |  199.6 |   58.0 |  215.0
  Exp_Forward_Gate       |  12.6 |  23.04 |  0.990 | 23.27 | 86.05 |  174.4 |   47.1 |  195.6
  Exp_Forward            |  13.9 |  23.27 |  0.980 | 22.55 | 83.37 |  196.9 |   55.6 |  213.7
  Exp_Reverse_Gate       |  15.9 |  22.17 |  0.973 | 20.28 | 76.18 |  249.9 |   93.7 |  253.2
  Exp_Boost              |  12.4 |  22.72 |  0.990 | 23.60 | 87.28 |  170.0 |   43.7 |  187.0
  TwoPhase               |  12.7 |  22.45 |  0.987 | 23.26 | 85.83 |  170.1 |   47.3 |  197.7
  Entropy                |  12.7 |  23.19 |  0.984 | 23.33 | 85.32 |  178.5 |   46.5 |  202.9
  Locality               |  12.7 |  22.42 |  0.989 | 24.03 | 87.68 |  154.3 |   39.6 |  183.9
  Dual                   |   3.1 |  22.61 |  0.993 | 31.03 | 96.23 |   62.3 |    7.9 |   92.8
  Quantile               |  13.1 |  22.80 |  0.984 | 21.71 | 83.93 |  217.5 |   67.4 |  206.9
  Budget_Matched         |  13.0 |  22.64 |  0.990 | 23.39 | 85.80 |  172.5 |   45.8 |  200.4
  → 163s (15s/stratégie)

[GPU 7] [43/140]  823000000002  (3_indoor)
  Strategy               |     λ | CLIP-W | CLIP-I |  PSNR |  SSIM |  LPIPS |    MSE |     SD
  -----------------------+--------+--------+--------+--------+--------+--------+--------+--------+-
  Baseline               |  13.5 |  26.24 |  0.958 | 22.35 | 83.67 |  266.3 |   58.2 |  289.5
  Exp_Forward_Gate       |  12.7 |  27.24 |  0.959 | 23.17 | 84.70 |  258.0 |   48.2 |  284.8
  Exp_Forward            |  14.0 |  24.39 |  0.935 | 21.92 | 82.37 |  283.8 |   64.3 |  302.3
  Exp_Reverse_Gate       |  16.0 |  25.94 |  0.949 | 20.25 | 79.19 |  304.9 |   94.5 |  317.6
  Exp_Boost              |  12.7 |  26.71 |  0.956 | 23.49 | 84.82 |  263.3 |   44.7 |  289.8
  TwoPhase               |  12.9 |  26.35 |  0.957 | 22.75 | 83.93 |  263.1 |   53.1 |  292.8
  Entropy                |  12.7 |  26.88 |  0.957 | 23.30 | 84.54 |  253.1 |   46.8 |  284.6
  Locality               |  12.7 |  25.78 |  0.953 | 23.01 | 83.73 |  269.9 |   50.0 |  292.7
  Dual                   |   3.3 |  26.52 |  0.978 | 30.78 | 92.89 |  107.9 |    8.4 |  191.9
  Quantile               |  12.6 |  24.30 |  0.938 | 22.62 | 82.30 |  337.3 |   54.8 |  327.5
  Budget_Matched         |  12.9 |  23.77 |  0.924 | 22.34 | 84.22 |  258.6 |   58.3 |  287.5
  → 162s (15s/stratégie)

[GPU 7] [44/140]  823000000003  (3_indoor)
  Strategy               |     λ | CLIP-W | CLIP-I |  PSNR |  SSIM |  LPIPS |    MSE |     SD
  -----------------------+--------+--------+--------+--------+--------+--------+--------+--------+-
  Baseline               |  13.5 |  26.09 |  0.930 | 22.89 | 82.96 |  298.9 |   51.4 |  299.6
  Exp_Forward_Gate       |  12.7 |  26.82 |  0.930 | 23.54 | 86.40 |  270.9 |   44.2 |  276.9
  Exp_Forward            |  14.2 |  26.53 |  0.920 | 22.50 | 81.95 |  322.7 |   56.2 |  303.0
  Exp_Reverse_Gate       |  15.6 |  26.78 |  0.925 | 21.58 | 81.59 |  328.9 |   69.5 |  305.2
  Exp_Boost              |  12.7 |  26.81 |  0.928 | 23.51 | 85.32 |  285.1 |   44.6 |  288.3
  TwoPhase               |  12.9 |  25.24 |  0.936 | 23.43 | 86.09 |  276.9 |   45.4 |  279.5
  Entropy                |  12.6 |  23.51 |  0.939 | 22.73 | 85.13 |  283.6 |   53.4 |  280.3
  Locality               |  12.8 |  24.98 |  0.938 | 23.71 | 86.18 |  279.4 |   42.6 |  279.4
  Dual                   |   3.2 |  19.56 |  0.981 | 34.59 | 98.00 |   77.5 |    3.5 |  131.0
  Quantile               |  12.3 |  26.18 |  0.885 | 23.23 | 87.04 |  281.0 |   47.5 |  291.4
  Budget_Matched         |  12.9 |  25.40 |  0.927 | 22.73 | 84.47 |  287.9 |   53.3 |  284.1
  → 163s (15s/stratégie)

[GPU 7] [45/140]  823000000004  (3_indoor)
  Strategy               |     λ | CLIP-W | CLIP-I |  PSNR |  SSIM |  LPIPS |    MSE |     SD
  -----------------------+--------+--------+--------+--------+--------+--------+--------+--------+-
  Baseline               |  13.5 |  21.81 |  0.959 | 21.62 | 83.58 |  230.2 |   68.9 |  258.5
  Exp_Forward_Gate       |  12.5 |  21.58 |  0.969 | 23.59 | 87.21 |  206.5 |   43.8 |  241.8
  Exp_Forward            |  13.9 |  22.17 |  0.959 | 21.84 | 84.27 |  225.5 |   65.4 |  259.8
  Exp_Reverse_Gate       |  15.9 |  22.34 |  0.952 | 20.35 | 80.29 |  257.9 |   92.2 |  281.7
  Exp_Boost              |  12.4 |  21.32 |  0.966 | 23.85 | 87.65 |  194.7 |   41.2 |  232.2
  TwoPhase               |  12.7 |  21.23 |  0.968 | 23.19 | 86.82 |  202.8 |   48.0 |  239.9
  Entropy                |  12.5 |  21.66 |  0.967 | 23.20 | 86.68 |  203.5 |   47.8 |  246.0
  Locality               |  12.5 |  21.53 |  0.966 | 23.10 | 86.89 |  202.1 |   49.0 |  238.7
  Dual                   |   3.3 |  21.40 |  0.983 | 30.02 | 96.55 |   81.7 |   10.0 |  140.1
  Quantile               |  11.6 |  20.50 |  0.961 | 23.59 | 88.69 |  215.8 |   43.7 |  237.7
  Budget_Matched         |  12.9 |  22.25 |  0.970 | 23.25 | 87.30 |  201.2 |   47.3 |  234.6
  → 162s (15s/stratégie)

[GPU 7] [46/140]  823000000005  (3_indoor)
  Strategy               |     λ | CLIP-W | CLIP-I |  PSNR |  SSIM |  LPIPS |    MSE |     SD
  -----------------------+--------+--------+--------+--------+--------+--------+--------+--------+-
  Baseline               |  13.5 |  23.66 |  0.971 | 19.87 | 81.32 |  253.6 |  103.1 |  228.2
  Exp_Forward_Gate       |  12.5 |  22.62 |  0.979 | 20.85 | 83.61 |  231.4 |   82.3 |  216.6
  Exp_Forward            |  14.1 |  23.20 |  0.974 | 19.70 | 80.32 |  260.3 |  107.1 |  228.5
  Exp_Reverse_Gate       |  16.1 |  23.07 |  0.974 | 17.95 | 74.05 |  311.6 |  160.3 |  269.5
  Exp_Boost              |  12.5 |  22.98 |  0.977 | 21.28 | 83.88 |  238.0 |   74.4 |  215.2
  TwoPhase               |  12.7 |  23.28 |  0.971 | 20.88 | 84.06 |  231.1 |   81.7 |  209.3
  Entropy                |  12.5 |  23.52 |  0.980 | 20.81 | 82.95 |  241.2 |   82.9 |  219.9
  Locality               |  12.6 |  23.30 |  0.976 | 20.65 | 83.13 |  233.1 |   86.1 |  212.3
  Dual                   |   3.2 |  20.71 |  0.987 | 29.07 | 95.62 |   87.7 |   12.4 |  118.3
  Quantile               |  12.9 |  22.55 |  0.983 | 20.80 | 83.17 |  236.3 |   83.1 |  224.6
  Budget_Matched         |  12.8 |  23.54 |  0.970 | 19.99 | 82.57 |  250.9 |  100.3 |  217.2
  → 163s (15s/stratégie)

[GPU 7] [47/140]  823000000006  (3_indoor)
  Strategy               |     λ | CLIP-W | CLIP-I |  PSNR |  SSIM |  LPIPS |    MSE |     SD
  -----------------------+--------+--------+--------+--------+--------+--------+--------+--------+-
  Baseline               |  13.5 |  27.43 |  0.918 | 23.63 | 87.51 |  204.8 |   43.4 |  302.2
  Exp_Forward_Gate       |  12.7 |  27.87 |  0.917 | 24.00 | 89.14 |  193.6 |   39.9 |  285.3
  Exp_Forward            |  14.0 |  28.82 |  0.906 | 23.56 | 88.30 |  199.0 |   44.0 |  287.6
  Exp_Reverse_Gate       |  15.5 |  28.63 |  0.917 | 22.35 | 85.50 |  230.7 |   58.2 |  312.5
  Exp_Boost              |  12.6 |  28.11 |  0.899 | 24.27 | 89.02 |  213.2 |   37.4 |  291.4
  TwoPhase               |  12.7 |  27.83 |  0.908 | 23.77 | 87.94 |  207.9 |   41.9 |  290.8
  Entropy                |  12.7 |  27.55 |  0.914 | 24.15 | 89.52 |  180.1 |   38.4 |  274.5
  Locality               |  12.7 |  28.20 |  0.908 | 23.86 | 89.50 |  184.8 |   41.1 |  275.7
  Dual                   |   3.2 |  25.62 |  0.957 | 30.90 | 96.93 |   74.6 |    8.1 |  190.1
  Quantile               |  12.8 |  26.45 |  0.891 | 23.52 | 91.17 |  207.2 |   44.4 |  288.2
  Budget_Matched         |  13.0 |  26.97 |  0.926 | 23.87 | 89.01 |  186.4 |   41.0 |  277.5
  → 163s (15s/stratégie)

[GPU 7] [48/140]  823000000007  (3_indoor)
  Strategy               |     λ | CLIP-W | CLIP-I |  PSNR |  SSIM |  LPIPS |    MSE |     SD
  -----------------------+--------+--------+--------+--------+--------+--------+--------+--------+-
  Baseline               |  13.5 |  20.41 |  0.955 | 24.70 | 89.82 |  167.0 |   33.8 |  225.1
  Exp_Forward_Gate       |  12.6 |  20.84 |  0.980 | 26.85 | 93.22 |  148.7 |   20.7 |  209.8
  Exp_Forward            |  13.8 |  23.66 |  0.964 | 26.60 | 92.41 |  155.9 |   21.9 |  216.7
  Exp_Reverse_Gate       |  15.5 |  24.03 |  0.976 | 23.69 | 87.68 |  197.9 |   42.8 |  240.3
  Exp_Boost              |  12.2 |  20.56 |  0.963 | 25.32 | 90.75 |  183.0 |   29.4 |  228.1
  TwoPhase               |  12.8 |  23.00 |  0.978 | 27.02 | 93.22 |  151.1 |   19.8 |  206.4
  Entropy                |  12.6 |  20.90 |  0.977 | 26.62 | 92.63 |  147.8 |   21.8 |  208.8
  Locality               |  12.7 |  22.49 |  0.984 | 27.39 | 94.10 |  132.2 |   18.2 |  197.5
  Dual                   |   3.0 |  20.11 |  0.993 | 36.10 | 98.42 |   55.6 |    2.5 |  142.9
  Quantile               |  14.1 |  23.02 |  0.964 | 26.20 | 92.54 |  230.0 |   24.0 |  247.0
  Budget_Matched         |  13.0 |  21.59 |  0.976 | 27.38 | 93.54 |  145.7 |   18.3 |  210.2
  → 163s (15s/stratégie)

[GPU 7] [49/140]  823000000008  (3_indoor)
  Strategy               |     λ | CLIP-W | CLIP-I |  PSNR |  SSIM |  LPIPS |    MSE |     SD
  -----------------------+--------+--------+--------+--------+--------+--------+--------+--------+-
  Baseline               |  13.5 |  26.26 |  0.846 | 25.19 | 90.21 |  240.5 |   30.2 |  242.8
  Exp_Forward_Gate       |  12.6 |  27.34 |  0.871 | 25.56 | 90.49 |  245.6 |   27.8 |  246.1
  Exp_Forward            |  13.8 |  27.83 |  0.856 | 25.19 | 90.06 |  241.1 |   30.3 |  242.6
  Exp_Reverse_Gate       |  15.2 |  27.32 |  0.865 | 24.32 | 88.79 |  247.8 |   37.0 |  250.3
  Exp_Boost              |  12.5 |  28.58 |  0.858 | 25.27 | 90.12 |  247.2 |   29.7 |  248.3
  TwoPhase               |  12.8 |  26.20 |  0.847 | 26.05 | 91.40 |  234.7 |   24.8 |  238.4
  Entropy                |  12.6 |  27.94 |  0.837 | 25.64 | 90.61 |  243.0 |   27.3 |  245.6
  Locality               |  12.6 |  26.36 |  0.862 | 25.60 | 90.18 |  254.3 |   27.5 |  254.1
  Dual                   |   3.0 |  18.54 |  0.997 | 35.14 | 98.28 |   53.4 |    3.1 |  113.8
  Quantile               |  13.1 |  26.94 |  0.838 | 26.29 | 90.58 |  241.9 |   23.5 |  251.9
  Budget_Matched         |  13.0 |  27.55 |  0.865 | 25.59 | 90.47 |  241.2 |   27.6 |  238.0
  → 163s (15s/stratégie)

[GPU 7] [50/140]  823000000009  (3_indoor)
  Strategy               |     λ | CLIP-W | CLIP-I |  PSNR |  SSIM |  LPIPS |    MSE |     SD
  -----------------------+--------+--------+--------+--------+--------+--------+--------+--------+-
  Baseline               |  13.5 |  26.61 |  0.960 | 27.94 | 92.60 |  182.6 |   16.1 |  313.9
  Exp_Forward_Gate       |  13.0 |  26.71 |  0.941 | 27.31 | 91.73 |  194.5 |   18.6 |  325.9
  Exp_Forward            |  14.0 |  26.46 |  0.939 | 27.10 | 91.67 |  193.7 |   19.5 |  327.6
  Exp_Reverse_Gate       |  14.5 |  25.80 |  0.938 | 26.53 | 90.57 |  188.4 |   22.3 |  309.2
  Exp_Boost              |  13.0 |  26.37 |  0.945 | 28.51 | 93.45 |  170.0 |   14.1 |  311.1
  TwoPhase               |  13.2 |  26.42 |  0.960 | 27.90 | 92.75 |  174.1 |   16.2 |  313.3
  Entropy                |  13.1 |  26.29 |  0.953 | 27.91 | 93.02 |  167.4 |   16.2 |  310.7
  Locality               |  13.0 |  26.92 |  0.957 | 27.23 | 92.45 |  177.7 |   18.9 |  322.2
  Dual                   |   3.2 |  26.18 |  0.996 | 36.44 | 98.10 |   74.7 |    2.3 |  200.9
  Quantile               |  13.1 |  26.30 |  0.873 | 28.38 | 93.11 |  214.4 |   14.5 |  348.2
  Budget_Matched         |  13.2 |  26.94 |  0.958 | 27.76 | 92.88 |  171.8 |   16.7 |  310.5
  → 163s (15s/stratégie)

[GPU 7] [51/140]  824000000000  (4_outdoor)
  Strategy               |     λ | CLIP-W | CLIP-I |  PSNR |  SSIM |  LPIPS |    MSE |     SD
  -----------------------+--------+--------+--------+--------+--------+--------+--------+--------+-
  Baseline               |  13.5 |  28.20 |  0.715 | 22.66 | 88.17 |  202.7 |   54.2 |  246.0
  Exp_Forward_Gate       |  12.7 |  26.38 |  0.694 | 24.51 | 90.75 |  183.0 |   35.4 |  233.0
  Exp_Forward            |  14.0 |  30.16 |  0.708 | 23.65 | 89.96 |  195.5 |   43.2 |  247.2
