[GPU 5] Chunk 4/7 — 100 images (400→499)
[GPU 5] Chargement SD3-medium (visible=5) …
Loading pipeline components...:   0%|          | 0/9 [00:00<?, ?it/s]Loading pipeline components...:  22%|██▏       | 2/9 [00:00<00:00, 10.94it/s]You set `add_prefix_space`. The tokenizer needs to be converted from the slow tokenizers
`torch_dtype` is deprecated! Use `dtype` instead!
Loading pipeline components...:  44%|████▍     | 4/9 [00:00<00:00,  7.80it/s]Loading pipeline components...:  56%|█████▌    | 5/9 [00:00<00:00,  4.59it/s]
Loading checkpoint shards:   0%|          | 0/2 [00:00<?, ?it/s][A
Loading checkpoint shards:  50%|█████     | 1/2 [00:00<00:00,  8.49it/s][ALoading checkpoint shards: 100%|██████████| 2/2 [00:00<00:00,  9.66it/s]
Loading pipeline components...:  67%|██████▋   | 6/9 [00:01<00:00,  4.50it/s]Loading pipeline components...: 100%|██████████| 9/9 [00:01<00:00,  7.19it/s]
Traceback (most recent call last):
  File "/shared/ssd_14T/home/ahmadou/FlowEdit/benchmark_parallel.py", line 527, in <module>
    main()
  File "/shared/ssd_14T/home/ahmadou/FlowEdit/benchmark_parallel.py", line 426, in main
    pipe      = Pipeline()
  File "/shared/ssd_14T/home/ahmadou/FlowEdit/benchmark_parallel.py", line 320, in __init__
    ).to("cuda:0")
  File "/shared/ssd_14T/home/ahmadou/miniconda3/envs/pytorch_env/lib/python3.10/site-packages/diffusers/pipelines/pipeline_utils.py", line 541, in to
    module.to(device, dtype)
  File "/shared/ssd_14T/home/ahmadou/miniconda3/envs/pytorch_env/lib/python3.10/site-packages/transformers/modeling_utils.py", line 4343, in to
    return super().to(*args, **kwargs)
  File "/shared/ssd_14T/home/ahmadou/miniconda3/envs/pytorch_env/lib/python3.10/site-packages/torch/nn/modules/module.py", line 1343, in to
    return self._apply(convert)
  File "/shared/ssd_14T/home/ahmadou/miniconda3/envs/pytorch_env/lib/python3.10/site-packages/torch/nn/modules/module.py", line 903, in _apply
    module._apply(fn)
  File "/shared/ssd_14T/home/ahmadou/miniconda3/envs/pytorch_env/lib/python3.10/site-packages/torch/nn/modules/module.py", line 903, in _apply
    module._apply(fn)
  File "/shared/ssd_14T/home/ahmadou/miniconda3/envs/pytorch_env/lib/python3.10/site-packages/torch/nn/modules/module.py", line 903, in _apply
    module._apply(fn)
  [Previous line repeated 3 more times]
  File "/shared/ssd_14T/home/ahmadou/miniconda3/envs/pytorch_env/lib/python3.10/site-packages/torch/nn/modules/module.py", line 930, in _apply
    param_applied = fn(param)
  File "/shared/ssd_14T/home/ahmadou/miniconda3/envs/pytorch_env/lib/python3.10/site-packages/torch/nn/modules/module.py", line 1329, in convert
    return t.to(
torch.OutOfMemoryError: CUDA out of memory. Tried to allocate 14.00 MiB. GPU 0 has a total capacity of 47.37 GiB of which 16.62 MiB is free. Process 3394108 has 45.54 GiB memory in use. Including non-PyTorch memory, this process has 1.79 GiB memory in use. Of the allocated memory 1.36 GiB is allocated by PyTorch, and 6.96 MiB is reserved by PyTorch but unallocated. If reserved but unallocated memory is large try setting PYTORCH_CUDA_ALLOC_CONF=expandable_segments:True to avoid fragmentation.  See documentation for Memory Management  (https://pytorch.org/docs/stable/notes/cuda.html#environment-variables)
