[GPU 4] TEST MODE — 2 images seulement
[GPU 4] Chunk 3/7 — 2 images (300→399)
[GPU 4] Chargement SD3-medium sur cuda:0 (visible=4) …
Loading pipeline components...:   0%|          | 0/9 [00:00<?, ?it/s]`torch_dtype` is deprecated! Use `dtype` instead!

Loading checkpoint shards:   0%|          | 0/2 [00:00<?, ?it/s][A
Loading checkpoint shards:  50%|█████     | 1/2 [00:00<00:00,  3.23it/s][A
Loading checkpoint shards: 100%|██████████| 2/2 [00:00<00:00,  2.78it/s][ALoading checkpoint shards: 100%|██████████| 2/2 [00:00<00:00,  2.84it/s]
Loading pipeline components...:  11%|█         | 1/9 [00:00<00:07,  1.12it/s]Loading pipeline components...:  44%|████▍     | 4/9 [00:01<00:01,  4.90it/s]You set `add_prefix_space`. The tokenizer needs to be converted from the slow tokenizers
Loading pipeline components...:  67%|██████▋   | 6/9 [00:01<00:00,  3.93it/s]Loading pipeline components...:  89%|████████▉ | 8/9 [00:01<00:00,  5.28it/s]Loading pipeline components...: 100%|██████████| 9/9 [00:01<00:00,  4.85it/s]
/shared/ssd_14T/home/ahmadou/miniconda3/envs/pytorch_env/lib/python3.10/site-packages/torchvision/models/_utils.py:208: UserWarning: The parameter 'pretrained' is deprecated since 0.13 and may be removed in the future, please use 'weights' instead.
  warnings.warn(
/shared/ssd_14T/home/ahmadou/miniconda3/envs/pytorch_env/lib/python3.10/site-packages/torchvision/models/_utils.py:223: UserWarning: Arguments other than a weight enum or `None` for 'weights' are deprecated since 0.13 and may be removed in the future. The current behavior is equivalent to passing `weights=VGG16_Weights.IMAGENET1K_V1`. You can also use `weights=VGG16_Weights.DEFAULT` to get the most up-to-date weights.
  warnings.warn(msg)
Setting up [LPIPS] perceptual loss: trunk [vgg], v[0.1], spatial [off]
Loading model from: /shared/ssd_14T/home/ahmadou/miniconda3/envs/pytorch_env/lib/python3.10/site-packages/lpips/weights/v0.1/vgg.pth

[GPU 4] [1/2]  311000000000  (1_animal)
  Strategy               |     λ | CLIP-W | CLIP-I |  PSNR |  SSIM |  LPIPS |    MSE |     SD
  -----------------------+--------+--------+--------+--------+--------+--------+--------+--------+-
  Baseline               |  13.5 |  22.43 |  0.850 | 21.00 | 85.37 |  209.6 |   79.5 |  509.2
  Exp_Forward_Gate       |  12.5 |  20.85 |  0.892 | 22.38 | 87.87 |  188.8 |   57.8 |  511.1
  Exp_Forward            |  14.3 |  21.13 |  0.867 | 21.42 | 86.39 |  205.3 |   72.1 |  457.2
  Exp_Reverse_Gate       |  17.6 |  21.20 |  0.881 | 19.25 | 82.59 |  225.3 |  118.8 |  415.2
  Exp_Boost              |  12.4 |  21.27 |  0.890 | 22.19 | 87.50 |  196.7 |   60.4 |  527.5
  TwoPhase               |  12.7 |  20.97 |  0.882 | 22.41 | 87.68 |  186.4 |   57.4 |  428.7
  Entropy                |  12.4 |  20.13 |  0.878 | 22.08 | 87.48 |  194.9 |   61.9 |  503.9
  Locality               |  12.4 |  20.26 |  0.874 | 22.50 | 87.67 |  195.4 |   56.2 |  513.8
  Dual                   |   3.5 |  20.59 |  0.979 | 34.61 | 98.45 |   25.8 |    3.5 |  315.9
  Quantile               |  11.8 |  19.87 |  0.905 | 23.12 | 90.07 |  175.5 |   48.8 |  602.7
  Budget_Matched         |  12.6 |  21.24 |  0.882 | 21.59 | 86.19 |  199.9 |   69.3 |  463.4
  → image traitée en 154s (14s/stratégie)

[GPU 4] [2/2]  311000000001  (1_animal)
  Strategy               |     λ | CLIP-W | CLIP-I |  PSNR |  SSIM |  LPIPS |    MSE |     SD
  -----------------------+--------+--------+--------+--------+--------+--------+--------+--------+-
  Baseline               |  13.5 |  26.88 |  0.810 | 22.92 | 92.76 |  127.9 |   51.1 |  219.6
  Exp_Forward_Gate       |  12.6 |  23.76 |  0.930 | 23.40 | 93.62 |  121.4 |   45.7 |  214.9
  Exp_Forward            |  13.7 |  27.56 |  0.790 | 22.06 | 92.16 |  127.7 |   62.2 |  227.8
  Exp_Reverse_Gate       |  15.7 |  28.17 |  0.861 | 20.96 | 91.51 |  125.7 |   80.3 |  227.1
  Exp_Boost              |  12.1 |  22.69 |  0.908 | 23.42 | 93.34 |  131.5 |   45.5 |  233.0
  TwoPhase               |  12.5 |  26.58 |  0.820 | 22.37 | 92.39 |  139.0 |   58.0 |  227.4
  Entropy                |  12.3 |  25.61 |  0.858 | 22.98 | 92.87 |  123.4 |   50.4 |  227.3
  Locality               |  12.3 |  23.02 |  0.909 | 23.13 | 93.29 |  123.4 |   48.6 |  233.3
  Dual                   |   3.2 |  22.68 |  0.965 | 31.44 | 98.42 |   38.7 |    7.2 |  136.1
  Quantile               |  11.6 |  23.58 |  0.886 | 22.36 | 92.49 |  139.7 |   58.1 |  236.0
  Budget_Matched         |  12.8 |  26.36 |  0.897 | 22.90 | 93.32 |  101.1 |   51.3 |  197.7
  → image traitée en 163s (15s/stratégie)

[GPU 4] Terminé — résultats dans outputs/PIE_BENCH_PARALLEL/results_gpu4_chunk3.csv
