[GPU 6] TEST MODE — 2 images seulement
[GPU 6] Chunk 5/7 — 2 images (500→599)
[GPU 6] Chargement SD3-medium sur cuda:0 (visible=6) …
Loading pipeline components...:   0%|          | 0/9 [00:00<?, ?it/s]Loading pipeline components...:  11%|█         | 1/9 [00:00<00:01,  5.98it/s]`torch_dtype` is deprecated! Use `dtype` instead!
Loading pipeline components...:  56%|█████▌    | 5/9 [00:00<00:00, 18.62it/s]
Loading checkpoint shards:   0%|          | 0/2 [00:00<?, ?it/s][A
Loading checkpoint shards: 100%|██████████| 2/2 [00:00<00:00, 11.44it/s][ALoading checkpoint shards: 100%|██████████| 2/2 [00:00<00:00, 11.41it/s]
You set `add_prefix_space`. The tokenizer needs to be converted from the slow tokenizers
Loading pipeline components...:  78%|███████▊  | 7/9 [00:00<00:00,  9.80it/s]Loading pipeline components...: 100%|██████████| 9/9 [00:00<00:00,  8.04it/s]Loading pipeline components...: 100%|██████████| 9/9 [00:00<00:00,  9.02it/s]
/shared/ssd_14T/home/ahmadou/miniconda3/envs/pytorch_env/lib/python3.10/site-packages/torchvision/models/_utils.py:208: UserWarning: The parameter 'pretrained' is deprecated since 0.13 and may be removed in the future, please use 'weights' instead.
  warnings.warn(
/shared/ssd_14T/home/ahmadou/miniconda3/envs/pytorch_env/lib/python3.10/site-packages/torchvision/models/_utils.py:223: UserWarning: Arguments other than a weight enum or `None` for 'weights' are deprecated since 0.13 and may be removed in the future. The current behavior is equivalent to passing `weights=VGG16_Weights.IMAGENET1K_V1`. You can also use `weights=VGG16_Weights.DEFAULT` to get the most up-to-date weights.
  warnings.warn(msg)
Setting up [LPIPS] perceptual loss: trunk [vgg], v[0.1], spatial [off]
Loading model from: /shared/ssd_14T/home/ahmadou/miniconda3/envs/pytorch_env/lib/python3.10/site-packages/lpips/weights/v0.1/vgg.pth

[GPU 6] [1/2]  711000000000  (1_animal)
  Strategy               |     λ | CLIP-W | CLIP-I |  PSNR |  SSIM |  LPIPS |    MSE |     SD
  -----------------------+--------+--------+--------+--------+--------+--------+--------+--------+-
  Baseline               |  13.5 |  28.79 |  0.820 | 19.13 | 82.90 |  175.6 |  122.3 |  452.7
  Exp_Forward_Gate       |  12.6 |  28.95 |  0.860 | 20.20 | 86.86 |  150.4 |   95.5 |  382.4
  Exp_Forward            |  14.3 |  28.15 |  0.828 | 19.96 | 85.19 |  161.3 |  100.8 |  426.2
  Exp_Reverse_Gate       |  16.8 |  30.81 |  0.790 | 17.85 | 80.00 |  189.2 |  164.2 |  246.6
  Exp_Boost              |  12.8 |  30.52 |  0.853 | 20.27 | 86.18 |  161.1 |   94.0 |  480.2
  TwoPhase               |  12.8 |  30.13 |  0.851 | 20.07 | 85.62 |  160.2 |   98.3 |  389.4
  Entropy                |  12.6 |  28.85 |  0.836 | 19.86 | 85.58 |  160.2 |  103.2 |  387.2
  Locality               |  12.6 |  29.01 |  0.856 | 20.43 | 86.28 |  158.9 |   90.6 |  424.9
  Dual                   |   3.5 |  23.31 |  0.971 | 30.46 | 98.00 |   39.8 |    9.0 |  195.5
  Quantile               |  11.4 |  27.36 |  0.926 | 22.23 | 89.94 |  172.9 |   59.8 |  565.0
  Budget_Matched         |  12.8 |  29.81 |  0.794 | 19.61 | 84.95 |  161.2 |  109.4 |  341.3
  → image traitée en 162s (15s/stratégie)

[GPU 6] [2/2]  711000000001  (1_animal)
  Strategy               |     λ | CLIP-W | CLIP-I |  PSNR |  SSIM |  LPIPS |    MSE |     SD
  -----------------------+--------+--------+--------+--------+--------+--------+--------+--------+-
  Baseline               |  13.5 |  26.25 |  0.965 | 21.44 | 82.68 |  208.7 |   71.8 |  292.5
  Exp_Forward_Gate       |  12.6 |  25.46 |  0.970 | 23.10 | 86.31 |  182.3 |   48.9 |  275.5
  Exp_Forward            |  14.0 |  25.46 |  0.966 | 22.35 | 84.48 |  198.8 |   58.2 |  293.5
  Exp_Reverse_Gate       |  16.2 |  26.35 |  0.963 | 19.72 | 78.99 |  250.6 |  106.6 |  314.7
  Exp_Boost              |  12.5 |  24.84 |  0.968 | 23.84 | 87.08 |  183.6 |   41.3 |  282.6
  TwoPhase               |  12.7 |  25.20 |  0.969 | 22.84 | 85.85 |  192.3 |   52.0 |  285.2
  Entropy                |  12.5 |  25.80 |  0.970 | 22.90 | 85.72 |  189.3 |   51.3 |  288.4
  Locality               |  12.5 |  25.20 |  0.975 | 22.84 | 85.99 |  191.6 |   52.1 |  280.5
  Dual                   |   3.3 |  23.75 |  0.992 | 30.75 | 94.70 |   79.8 |    8.4 |  185.3
  Quantile               |  12.7 |  25.29 |  0.949 | 22.67 | 85.35 |  254.8 |   54.0 |  336.7
  Budget_Matched         |  12.8 |  25.49 |  0.971 | 21.96 | 84.69 |  187.3 |   63.7 |  279.1
  → image traitée en 173s (16s/stratégie)

[GPU 6] Terminé — résultats dans outputs/PIE_BENCH_PARALLEL/results_gpu6_chunk5.csv
