[GPU 7] TEST MODE — 2 images seulement
[GPU 7] Chunk 7/8 — 2 images (616→699)
[GPU 7] Chargement SD3-medium sur cuda:0 (visible=7) …
Loading pipeline components...:   0%|          | 0/9 [00:00<?, ?it/s]Loading pipeline components...:  11%|█         | 1/9 [00:00<00:04,  1.98it/s]`torch_dtype` is deprecated! Use `dtype` instead!
You set `add_prefix_space`. The tokenizer needs to be converted from the slow tokenizers
Loading pipeline components...:  44%|████▍     | 4/9 [00:00<00:00,  6.13it/s]
Loading checkpoint shards:   0%|          | 0/2 [00:00<?, ?it/s][A
Loading checkpoint shards: 100%|██████████| 2/2 [00:00<00:00, 11.54it/s][ALoading checkpoint shards: 100%|██████████| 2/2 [00:00<00:00, 11.52it/s]
Loading pipeline components...:  89%|████████▉ | 8/9 [00:01<00:00,  9.71it/s]Loading pipeline components...: 100%|██████████| 9/9 [00:01<00:00,  7.88it/s]
/shared/ssd_14T/home/ahmadou/miniconda3/envs/pytorch_env/lib/python3.10/site-packages/torchvision/models/_utils.py:208: UserWarning: The parameter 'pretrained' is deprecated since 0.13 and may be removed in the future, please use 'weights' instead.
  warnings.warn(
/shared/ssd_14T/home/ahmadou/miniconda3/envs/pytorch_env/lib/python3.10/site-packages/torchvision/models/_utils.py:223: UserWarning: Arguments other than a weight enum or `None` for 'weights' are deprecated since 0.13 and may be removed in the future. The current behavior is equivalent to passing `weights=VGG16_Weights.IMAGENET1K_V1`. You can also use `weights=VGG16_Weights.DEFAULT` to get the most up-to-date weights.
  warnings.warn(msg)
Setting up [LPIPS] perceptual loss: trunk [vgg], v[0.1], spatial [off]
Loading model from: /shared/ssd_14T/home/ahmadou/miniconda3/envs/pytorch_env/lib/python3.10/site-packages/lpips/weights/v0.1/vgg.pth

[GPU 7] [1/2]  824000000006  (4_outdoor)
  Strategy               |     λ | CLIP-W | CLIP-I |  PSNR |  SSIM |  LPIPS |    MSE |     SD
  -----------------------+--------+--------+--------+--------+--------+--------+--------+--------+-
  Baseline               |  13.5 |  24.22 |  0.962 | 28.22 | 95.82 |  120.4 |   15.1 |  177.7
  Exp_Forward_Gate       |  13.1 |  23.80 |  0.972 | 29.00 | 96.09 |  122.5 |   12.6 |  178.2
  Exp_Forward            |  13.8 |  24.12 |  0.960 | 27.97 | 95.58 |  128.9 |   16.0 |  181.1
  Exp_Reverse_Gate       |  14.3 |  23.99 |  0.966 | 27.63 | 95.09 |  127.2 |   17.3 |  186.8
  Exp_Boost              |  12.8 |  23.98 |  0.963 | 28.27 | 95.59 |  122.3 |   14.9 |  189.6
  TwoPhase               |  13.2 |  24.02 |  0.962 | 28.67 | 96.11 |  120.5 |   13.6 |  172.1
  Entropy                |  13.0 |  24.49 |  0.961 | 28.84 | 96.05 |  122.7 |   13.1 |  182.3
  Locality               |  13.1 |  24.43 |  0.955 | 28.49 | 95.97 |  123.5 |   14.2 |  178.1
  Dual                   |   3.3 |  23.12 |  0.989 | 36.79 | 98.69 |   60.0 |    2.1 |  120.7
  Quantile               |  13.6 |  24.98 |  0.935 | 27.39 | 93.42 |  181.9 |   18.2 |  215.4
  Budget_Matched         |  13.2 |  23.38 |  0.969 | 28.22 | 95.51 |  119.8 |   15.1 |  184.8
  → image traitée en 149s (14s/stratégie)

[GPU 7] [2/2]  824000000007  (4_outdoor)
  Strategy               |     λ | CLIP-W | CLIP-I |  PSNR |  SSIM |  LPIPS |    MSE |     SD
  -----------------------+--------+--------+--------+--------+--------+--------+--------+--------+-
  Baseline               |  13.5 |  17.90 |  0.947 | 25.99 | 93.82 |  120.0 |   25.2 |  121.2
  Exp_Forward_Gate       |  13.0 |  18.89 |  0.968 | 27.60 | 95.07 |   98.2 |   17.4 |  111.3
  Exp_Forward            |  13.8 |  20.83 |  0.894 | 24.57 | 91.71 |  156.5 |   34.9 |  137.9
  Exp_Reverse_Gate       |  14.6 |  19.46 |  0.952 | 25.74 | 93.73 |  114.6 |   26.7 |  120.4
  Exp_Boost              |  12.6 |  18.64 |  0.941 | 25.73 | 93.72 |  118.1 |   26.7 |  120.3
  TwoPhase               |  12.6 |  19.60 |  0.893 | 24.60 | 91.87 |  152.4 |   34.7 |  135.8
  Entropy                |  12.9 |  18.32 |  0.960 | 27.08 | 94.28 |  111.3 |   19.6 |  121.4
  Locality               |  12.9 |  18.27 |  0.968 | 26.58 | 94.07 |  112.8 |   22.0 |  121.8
  Dual                   |   3.3 |  16.58 |  0.978 | 30.02 | 96.33 |   84.2 |   10.0 |   98.8
  Quantile               |  14.2 |  17.27 |  0.971 | 26.24 | 91.97 |  158.7 |   23.8 |  149.7
  Budget_Matched         |  13.1 |  18.72 |  0.957 | 26.82 | 94.61 |  106.3 |   20.8 |  113.6
  → image traitée en 155s (14s/stratégie)

[GPU 7] Terminé — résultats dans outputs/PIE_BENCH_PARALLEL/results_gpu7_chunk7.csv
